                              1 ;--------------------------------------------------------
                              2 ; File Created by SDCC : free open source ANSI-C Compiler
                              3 ; Version 3.0.1 #6227 (Oct  2 2015) (Linux)
                              4 ; This file was generated Fri Oct  2 17:15:32 2015
                              5 ;--------------------------------------------------------
                              6 	.module _autobaud
                              7 	.optsdcc -mmcs51 --model-small
                              8 	
                              9 ;--------------------------------------------------------
                             10 ; Public variables in this module
                             11 ;--------------------------------------------------------
                             12 	.globl _autobaud
                             13 	.globl _CY
                             14 	.globl _AC
                             15 	.globl _F0
                             16 	.globl _RS1
                             17 	.globl _RS0
                             18 	.globl _OV
                             19 	.globl _F1
                             20 	.globl _P
                             21 	.globl _PS
                             22 	.globl _PT1
                             23 	.globl _PX1
                             24 	.globl _PT0
                             25 	.globl _PX0
                             26 	.globl _RD
                             27 	.globl _WR
                             28 	.globl _T1
                             29 	.globl _T0
                             30 	.globl _INT1
                             31 	.globl _INT0
                             32 	.globl _TXD
                             33 	.globl _RXD
                             34 	.globl _P3_7
                             35 	.globl _P3_6
                             36 	.globl _P3_5
                             37 	.globl _P3_4
                             38 	.globl _P3_3
                             39 	.globl _P3_2
                             40 	.globl _P3_1
                             41 	.globl _P3_0
                             42 	.globl _EA
                             43 	.globl _ES
                             44 	.globl _ET1
                             45 	.globl _EX1
                             46 	.globl _ET0
                             47 	.globl _EX0
                             48 	.globl _P2_7
                             49 	.globl _P2_6
                             50 	.globl _P2_5
                             51 	.globl _P2_4
                             52 	.globl _P2_3
                             53 	.globl _P2_2
                             54 	.globl _P2_1
                             55 	.globl _P2_0
                             56 	.globl _SM0
                             57 	.globl _SM1
                             58 	.globl _SM2
                             59 	.globl _REN
                             60 	.globl _TB8
                             61 	.globl _RB8
                             62 	.globl _TI
                             63 	.globl _RI
                             64 	.globl _P1_7
                             65 	.globl _P1_6
                             66 	.globl _P1_5
                             67 	.globl _P1_4
                             68 	.globl _P1_3
                             69 	.globl _P1_2
                             70 	.globl _P1_1
                             71 	.globl _P1_0
                             72 	.globl _TF1
                             73 	.globl _TR1
                             74 	.globl _TF0
                             75 	.globl _TR0
                             76 	.globl _IE1
                             77 	.globl _IT1
                             78 	.globl _IE0
                             79 	.globl _IT0
                             80 	.globl _P0_7
                             81 	.globl _P0_6
                             82 	.globl _P0_5
                             83 	.globl _P0_4
                             84 	.globl _P0_3
                             85 	.globl _P0_2
                             86 	.globl _P0_1
                             87 	.globl _P0_0
                             88 	.globl _B
                             89 	.globl _ACC
                             90 	.globl _PSW
                             91 	.globl _IP
                             92 	.globl _P3
                             93 	.globl _IE
                             94 	.globl _P2
                             95 	.globl _SBUF
                             96 	.globl _SCON
                             97 	.globl _P1
                             98 	.globl _TH1
                             99 	.globl _TH0
                            100 	.globl _TL1
                            101 	.globl _TL0
                            102 	.globl _TMOD
                            103 	.globl _TCON
                            104 	.globl _PCON
                            105 	.globl _DPH
                            106 	.globl _DPL
                            107 	.globl _SP
                            108 	.globl _P0
                            109 ;--------------------------------------------------------
                            110 ; special function registers
                            111 ;--------------------------------------------------------
                            112 	.area RSEG    (ABS,DATA)
   0000                     113 	.org 0x0000
                    0080    114 _P0	=	0x0080
                    0081    115 _SP	=	0x0081
                    0082    116 _DPL	=	0x0082
                    0083    117 _DPH	=	0x0083
                    0087    118 _PCON	=	0x0087
                    0088    119 _TCON	=	0x0088
                    0089    120 _TMOD	=	0x0089
                    008A    121 _TL0	=	0x008a
                    008B    122 _TL1	=	0x008b
                    008C    123 _TH0	=	0x008c
                    008D    124 _TH1	=	0x008d
                    0090    125 _P1	=	0x0090
                    0098    126 _SCON	=	0x0098
                    0099    127 _SBUF	=	0x0099
                    00A0    128 _P2	=	0x00a0
                    00A8    129 _IE	=	0x00a8
                    00B0    130 _P3	=	0x00b0
                    00B8    131 _IP	=	0x00b8
                    00D0    132 _PSW	=	0x00d0
                    00E0    133 _ACC	=	0x00e0
                    00F0    134 _B	=	0x00f0
                            135 ;--------------------------------------------------------
                            136 ; special function bits
                            137 ;--------------------------------------------------------
                            138 	.area RSEG    (ABS,DATA)
   0000                     139 	.org 0x0000
                    0080    140 _P0_0	=	0x0080
                    0081    141 _P0_1	=	0x0081
                    0082    142 _P0_2	=	0x0082
                    0083    143 _P0_3	=	0x0083
                    0084    144 _P0_4	=	0x0084
                    0085    145 _P0_5	=	0x0085
                    0086    146 _P0_6	=	0x0086
                    0087    147 _P0_7	=	0x0087
                    0088    148 _IT0	=	0x0088
                    0089    149 _IE0	=	0x0089
                    008A    150 _IT1	=	0x008a
                    008B    151 _IE1	=	0x008b
                    008C    152 _TR0	=	0x008c
                    008D    153 _TF0	=	0x008d
                    008E    154 _TR1	=	0x008e
                    008F    155 _TF1	=	0x008f
                    0090    156 _P1_0	=	0x0090
                    0091    157 _P1_1	=	0x0091
                    0092    158 _P1_2	=	0x0092
                    0093    159 _P1_3	=	0x0093
                    0094    160 _P1_4	=	0x0094
                    0095    161 _P1_5	=	0x0095
                    0096    162 _P1_6	=	0x0096
                    0097    163 _P1_7	=	0x0097
                    0098    164 _RI	=	0x0098
                    0099    165 _TI	=	0x0099
                    009A    166 _RB8	=	0x009a
                    009B    167 _TB8	=	0x009b
                    009C    168 _REN	=	0x009c
                    009D    169 _SM2	=	0x009d
                    009E    170 _SM1	=	0x009e
                    009F    171 _SM0	=	0x009f
                    00A0    172 _P2_0	=	0x00a0
                    00A1    173 _P2_1	=	0x00a1
                    00A2    174 _P2_2	=	0x00a2
                    00A3    175 _P2_3	=	0x00a3
                    00A4    176 _P2_4	=	0x00a4
                    00A5    177 _P2_5	=	0x00a5
                    00A6    178 _P2_6	=	0x00a6
                    00A7    179 _P2_7	=	0x00a7
                    00A8    180 _EX0	=	0x00a8
                    00A9    181 _ET0	=	0x00a9
                    00AA    182 _EX1	=	0x00aa
                    00AB    183 _ET1	=	0x00ab
                    00AC    184 _ES	=	0x00ac
                    00AF    185 _EA	=	0x00af
                    00B0    186 _P3_0	=	0x00b0
                    00B1    187 _P3_1	=	0x00b1
                    00B2    188 _P3_2	=	0x00b2
                    00B3    189 _P3_3	=	0x00b3
                    00B4    190 _P3_4	=	0x00b4
                    00B5    191 _P3_5	=	0x00b5
                    00B6    192 _P3_6	=	0x00b6
                    00B7    193 _P3_7	=	0x00b7
                    00B0    194 _RXD	=	0x00b0
                    00B1    195 _TXD	=	0x00b1
                    00B2    196 _INT0	=	0x00b2
                    00B3    197 _INT1	=	0x00b3
                    00B4    198 _T0	=	0x00b4
                    00B5    199 _T1	=	0x00b5
                    00B6    200 _WR	=	0x00b6
                    00B7    201 _RD	=	0x00b7
                    00B8    202 _PX0	=	0x00b8
                    00B9    203 _PT0	=	0x00b9
                    00BA    204 _PX1	=	0x00ba
                    00BB    205 _PT1	=	0x00bb
                    00BC    206 _PS	=	0x00bc
                    00D0    207 _P	=	0x00d0
                    00D1    208 _F1	=	0x00d1
                    00D2    209 _OV	=	0x00d2
                    00D3    210 _RS0	=	0x00d3
                    00D4    211 _RS1	=	0x00d4
                    00D5    212 _F0	=	0x00d5
                    00D6    213 _AC	=	0x00d6
                    00D7    214 _CY	=	0x00d7
                            215 ;--------------------------------------------------------
                            216 ; overlayable register banks
                            217 ;--------------------------------------------------------
                            218 	.area REG_BANK_0	(REL,OVR,DATA)
   0000                     219 	.ds 8
                            220 ;--------------------------------------------------------
                            221 ; internal ram data
                            222 ;--------------------------------------------------------
                            223 	.area DSEG    (DATA)
                            224 ;--------------------------------------------------------
                            225 ; overlayable items in internal ram 
                            226 ;--------------------------------------------------------
                            227 	.area OSEG    (OVR,DATA)
                            228 ;--------------------------------------------------------
                            229 ; indirectly addressable internal ram data
                            230 ;--------------------------------------------------------
                            231 	.area ISEG    (DATA)
                            232 ;--------------------------------------------------------
                            233 ; absolute internal ram data
                            234 ;--------------------------------------------------------
                            235 	.area IABS    (ABS,DATA)
                            236 	.area IABS    (ABS,DATA)
                            237 ;--------------------------------------------------------
                            238 ; bit data
                            239 ;--------------------------------------------------------
                            240 	.area BSEG    (BIT)
                            241 ;--------------------------------------------------------
                            242 ; paged external ram data
                            243 ;--------------------------------------------------------
                            244 	.area PSEG    (PAG,XDATA)
                            245 ;--------------------------------------------------------
                            246 ; external ram data
                            247 ;--------------------------------------------------------
                            248 	.area XSEG    (XDATA)
                            249 ;--------------------------------------------------------
                            250 ; absolute external ram data
                            251 ;--------------------------------------------------------
                            252 	.area XABS    (ABS,XDATA)
                            253 ;--------------------------------------------------------
                            254 ; external initialized ram data
                            255 ;--------------------------------------------------------
                            256 	.area XISEG   (XDATA)
                            257 	.area HOME    (CODE)
                            258 	.area GSINIT0 (CODE)
                            259 	.area GSINIT1 (CODE)
                            260 	.area GSINIT2 (CODE)
                            261 	.area GSINIT3 (CODE)
                            262 	.area GSINIT4 (CODE)
                            263 	.area GSINIT5 (CODE)
                            264 	.area GSINIT  (CODE)
                            265 	.area GSFINAL (CODE)
                            266 	.area CSEG    (CODE)
                            267 ;--------------------------------------------------------
                            268 ; global & static initialisations
                            269 ;--------------------------------------------------------
                            270 	.area HOME    (CODE)
                            271 	.area GSINIT  (CODE)
                            272 	.area GSFINAL (CODE)
                            273 	.area GSINIT  (CODE)
                            274 ;--------------------------------------------------------
                            275 ; Home
                            276 ;--------------------------------------------------------
                            277 	.area HOME    (CODE)
                            278 	.area HOME    (CODE)
                            279 ;--------------------------------------------------------
                            280 ; code
                            281 ;--------------------------------------------------------
                            282 	.area CSEG    (CODE)
                            283 ;------------------------------------------------------------
                            284 ;Allocation info for local variables in function 'autobaud'
                            285 ;------------------------------------------------------------
                            286 ;------------------------------------------------------------
                            287 ;	_autobaud.c:57: void autobaud ()
                            288 ;	-----------------------------------------
                            289 ;	 function autobaud
                            290 ;	-----------------------------------------
   0000                     291 _autobaud:
                    0002    292 	ar2 = 0x02
                    0003    293 	ar3 = 0x03
                    0004    294 	ar4 = 0x04
                    0005    295 	ar5 = 0x05
                    0006    296 	ar6 = 0x06
                    0007    297 	ar7 = 0x07
                    0000    298 	ar0 = 0x00
                    0001    299 	ar1 = 0x01
                            300 ;	_autobaud.c:61: TMOD=0x11;
   0000 75 89 11            301 	mov	_TMOD,#0x11
                            302 ;	_autobaud.c:62: TCON = 0;
   0003 75 88 00            303 	mov	_TCON,#0x00
                            304 ;	_autobaud.c:63: TH1 = TL1 = 0;
   0006 75 8B 00            305 	mov	_TL1,#0x00
   0009 75 8D 00            306 	mov	_TH1,#0x00
                            307 ;	_autobaud.c:67: while(RXD) ; 
   000C                     308 00102$:
   000C 20 B0 FD            309 	jb	_RXD,00102$
                            310 ;	_autobaud.c:71: if (RXD) goto autobaud2;
   000F 20 B0 FA            311 	jb	_RXD,00102$
                            312 ;	_autobaud.c:72: if (RXD) goto autobaud2;
   0012 20 B0 F7            313 	jb	_RXD,00102$
                            314 ;	_autobaud.c:73: if (RXD) goto autobaud2;
   0015 20 B0 F4            315 	jb	_RXD,00102$
                            316 ;	_autobaud.c:74: if (RXD) goto autobaud2;
   0018 20 B0 F1            317 	jb	_RXD,00102$
                            318 ;	_autobaud.c:77: while (!RXD);
   001B                     319 00113$:
   001B 30 B0 FD            320 	jnb	_RXD,00113$
                            321 ;	_autobaud.c:78: TR1 = 1; /* start the timer */
   001E D2 8E               322 	setb	_TR1
                            323 ;	_autobaud.c:79: while (RXD);             // wait for bit #1 to begin
   0020                     324 00116$:
   0020 20 B0 FD            325 	jb	_RXD,00116$
                            326 ;	_autobaud.c:80: while(!RXD);             // wait for bit #2 to begin
   0023                     327 00119$:
   0023 30 B0 FD            328 	jnb	_RXD,00119$
                            329 ;	_autobaud.c:81: while(RXD);              // wait for bit #4 to begin
   0026                     330 00122$:
   0026 20 B0 FD            331 	jb	_RXD,00122$
                            332 ;	_autobaud.c:82: while (!RXD);            // wait for stop bit to begin
   0029                     333 00125$:
   0029 30 B0 FD            334 	jnb	_RXD,00125$
                            335 ;	_autobaud.c:83: TR1 = 0;                 // stop timing
   002C C2 8E               336 	clr	_TR1
                            337 ;	_autobaud.c:86: TH1 = (TH1 << 1) | (TL1 >> 7);
   002E E5 8D               338 	mov	a,_TH1
   0030 25 E0               339 	add	a,acc
   0032 FA                  340 	mov	r2,a
   0033 E5 8B               341 	mov	a,_TL1
   0035 23                  342 	rl	a
   0036 54 01               343 	anl	a,#0x01
   0038 4A                  344 	orl	a,r2
   0039 F5 8D               345 	mov	_TH1,a
                            346 ;	_autobaud.c:89: TH1 = (TH1 << 1) | ((TL1 >> 6) & 0x01);
   003B E5 8D               347 	mov	a,_TH1
   003D 25 E0               348 	add	a,acc
   003F FA                  349 	mov	r2,a
   0040 E5 8B               350 	mov	a,_TL1
   0042 23                  351 	rl	a
   0043 23                  352 	rl	a
   0044 54 01               353 	anl	a,#0x01
   0046 4A                  354 	orl	a,r2
   0047 F5 8D               355 	mov	_TH1,a
                            356 ;	_autobaud.c:92: TH1 = ~TH1;
   0049 E5 8D               357 	mov	a,_TH1
   004B F4                  358 	cpl	a
   004C F5 8D               359 	mov	_TH1,a
                            360 ;	_autobaud.c:95: TH1++ ;
   004E 05 8D               361 	inc	_TH1
                            362 ;	_autobaud.c:97: TL1 = TH1;
   0050 85 8D 8B            363 	mov	_TL1,_TH1
                            364 ;	_autobaud.c:98: TMOD =  0x21     ;      // set timer #1 for 8 bit auto-reload
   0053 75 89 21            365 	mov	_TMOD,#0x21
                            366 ;	_autobaud.c:99: PCON =  0x80     ;      // configure built-in uart
   0056 75 87 80            367 	mov	_PCON,#0x80
                            368 ;	_autobaud.c:100: SCON =  0x52     ;
   0059 75 98 52            369 	mov	_SCON,#0x52
   005C 22                  370 	ret
                            371 	.area CSEG    (CODE)
                            372 	.area CONST   (CODE)
                            373 	.area XINIT   (CODE)
                            374 	.area CABS    (ABS,CODE)
