                              1 ;--------------------------------------------------------
                              2 ; File Created by SDCC : free open source ANSI-C Compiler
                              3 ; Version 3.0.1 #6227 (Oct  2 2015) (Linux)
                              4 ; This file was generated Fri Oct  2 17:15:31 2015
                              5 ;--------------------------------------------------------
                              6 	.module _isgraph
                              7 	.optsdcc -mmcs51 --model-small
                              8 	
                              9 ;--------------------------------------------------------
                             10 ; Public variables in this module
                             11 ;--------------------------------------------------------
                             12 	.globl _isgraph
                             13 ;--------------------------------------------------------
                             14 ; special function registers
                             15 ;--------------------------------------------------------
                             16 	.area RSEG    (ABS,DATA)
   0000                      17 	.org 0x0000
                             18 ;--------------------------------------------------------
                             19 ; special function bits
                             20 ;--------------------------------------------------------
                             21 	.area RSEG    (ABS,DATA)
   0000                      22 	.org 0x0000
                             23 ;--------------------------------------------------------
                             24 ; overlayable register banks
                             25 ;--------------------------------------------------------
                             26 	.area REG_BANK_0	(REL,OVR,DATA)
   0000                      27 	.ds 8
                             28 ;--------------------------------------------------------
                             29 ; internal ram data
                             30 ;--------------------------------------------------------
                             31 	.area DSEG    (DATA)
                             32 ;--------------------------------------------------------
                             33 ; overlayable items in internal ram 
                             34 ;--------------------------------------------------------
                             35 	.area OSEG    (OVR,DATA)
                             36 ;--------------------------------------------------------
                             37 ; indirectly addressable internal ram data
                             38 ;--------------------------------------------------------
                             39 	.area ISEG    (DATA)
                             40 ;--------------------------------------------------------
                             41 ; absolute internal ram data
                             42 ;--------------------------------------------------------
                             43 	.area IABS    (ABS,DATA)
                             44 	.area IABS    (ABS,DATA)
                             45 ;--------------------------------------------------------
                             46 ; bit data
                             47 ;--------------------------------------------------------
                             48 	.area BSEG    (BIT)
                             49 ;--------------------------------------------------------
                             50 ; paged external ram data
                             51 ;--------------------------------------------------------
                             52 	.area PSEG    (PAG,XDATA)
                             53 ;--------------------------------------------------------
                             54 ; external ram data
                             55 ;--------------------------------------------------------
                             56 	.area XSEG    (XDATA)
                             57 ;--------------------------------------------------------
                             58 ; absolute external ram data
                             59 ;--------------------------------------------------------
                             60 	.area XABS    (ABS,XDATA)
                             61 ;--------------------------------------------------------
                             62 ; external initialized ram data
                             63 ;--------------------------------------------------------
                             64 	.area XISEG   (XDATA)
                             65 	.area HOME    (CODE)
                             66 	.area GSINIT0 (CODE)
                             67 	.area GSINIT1 (CODE)
                             68 	.area GSINIT2 (CODE)
                             69 	.area GSINIT3 (CODE)
                             70 	.area GSINIT4 (CODE)
                             71 	.area GSINIT5 (CODE)
                             72 	.area GSINIT  (CODE)
                             73 	.area GSFINAL (CODE)
                             74 	.area CSEG    (CODE)
                             75 ;--------------------------------------------------------
                             76 ; global & static initialisations
                             77 ;--------------------------------------------------------
                             78 	.area HOME    (CODE)
                             79 	.area GSINIT  (CODE)
                             80 	.area GSFINAL (CODE)
                             81 	.area GSINIT  (CODE)
                             82 ;--------------------------------------------------------
                             83 ; Home
                             84 ;--------------------------------------------------------
                             85 	.area HOME    (CODE)
                             86 	.area HOME    (CODE)
                             87 ;--------------------------------------------------------
                             88 ; code
                             89 ;--------------------------------------------------------
                             90 	.area CSEG    (CODE)
                             91 ;------------------------------------------------------------
                             92 ;Allocation info for local variables in function 'isgraph'
                             93 ;------------------------------------------------------------
                             94 ;c                         Allocated to registers r2 
                             95 ;------------------------------------------------------------
                             96 ;	_isgraph.c:31: char isgraph (unsigned char c)
                             97 ;	-----------------------------------------
                             98 ;	 function isgraph
                             99 ;	-----------------------------------------
   0000                     100 _isgraph:
                    0002    101 	ar2 = 0x02
                    0003    102 	ar3 = 0x03
                    0004    103 	ar4 = 0x04
                    0005    104 	ar5 = 0x05
                    0006    105 	ar6 = 0x06
                    0007    106 	ar7 = 0x07
                    0000    107 	ar0 = 0x00
                    0001    108 	ar1 = 0x01
   0000 AA 82               109 	mov	r2,dpl
                            110 ;	_isgraph.c:33: if ( c >= 0x21 && c <= 0x7e )
   0002 BA 21 00            111 	cjne	r2,#0x21,00108$
   0005                     112 00108$:
   0005 40 0B               113 	jc	00102$
   0007 74 7E               114 	mov	a,#0x7E
   0009 B5 02 00            115 	cjne	a,ar2,00110$
   000C                     116 00110$:
   000C 40 04               117 	jc	00102$
                            118 ;	_isgraph.c:34: return 1;
   000E 75 82 01            119 	mov	dpl,#0x01
                            120 ;	_isgraph.c:35: return 0;
   0011 22                  121 	ret
   0012                     122 00102$:
   0012 75 82 00            123 	mov	dpl,#0x00
   0015 22                  124 	ret
                            125 	.area CSEG    (CODE)
                            126 	.area CONST   (CODE)
                            127 	.area XINIT   (CODE)
                            128 	.area CABS    (ABS,CODE)
