                              1 ;--------------------------------------------------------
                              2 ; File Created by SDCC : free open source ANSI-C Compiler
                              3 ; Version 3.0.1 #6227 (Oct  2 2015) (Linux)
                              4 ; This file was generated Fri Oct  2 17:15:31 2015
                              5 ;--------------------------------------------------------
                              6 	.module _isspace
                              7 	.optsdcc -mmcs51 --model-small
                              8 	
                              9 ;--------------------------------------------------------
                             10 ; Public variables in this module
                             11 ;--------------------------------------------------------
                             12 	.globl _isspace
                             13 ;--------------------------------------------------------
                             14 ; special function registers
                             15 ;--------------------------------------------------------
                             16 	.area RSEG    (ABS,DATA)
   0000                      17 	.org 0x0000
                             18 ;--------------------------------------------------------
                             19 ; special function bits
                             20 ;--------------------------------------------------------
                             21 	.area RSEG    (ABS,DATA)
   0000                      22 	.org 0x0000
                             23 ;--------------------------------------------------------
                             24 ; overlayable register banks
                             25 ;--------------------------------------------------------
                             26 	.area REG_BANK_0	(REL,OVR,DATA)
   0000                      27 	.ds 8
                             28 ;--------------------------------------------------------
                             29 ; internal ram data
                             30 ;--------------------------------------------------------
                             31 	.area DSEG    (DATA)
                             32 ;--------------------------------------------------------
                             33 ; overlayable items in internal ram 
                             34 ;--------------------------------------------------------
                             35 	.area OSEG    (OVR,DATA)
                             36 ;--------------------------------------------------------
                             37 ; indirectly addressable internal ram data
                             38 ;--------------------------------------------------------
                             39 	.area ISEG    (DATA)
                             40 ;--------------------------------------------------------
                             41 ; absolute internal ram data
                             42 ;--------------------------------------------------------
                             43 	.area IABS    (ABS,DATA)
                             44 	.area IABS    (ABS,DATA)
                             45 ;--------------------------------------------------------
                             46 ; bit data
                             47 ;--------------------------------------------------------
                             48 	.area BSEG    (BIT)
                             49 ;--------------------------------------------------------
                             50 ; paged external ram data
                             51 ;--------------------------------------------------------
                             52 	.area PSEG    (PAG,XDATA)
                             53 ;--------------------------------------------------------
                             54 ; external ram data
                             55 ;--------------------------------------------------------
                             56 	.area XSEG    (XDATA)
                             57 ;--------------------------------------------------------
                             58 ; absolute external ram data
                             59 ;--------------------------------------------------------
                             60 	.area XABS    (ABS,XDATA)
                             61 ;--------------------------------------------------------
                             62 ; external initialized ram data
                             63 ;--------------------------------------------------------
                             64 	.area XISEG   (XDATA)
                             65 	.area HOME    (CODE)
                             66 	.area GSINIT0 (CODE)
                             67 	.area GSINIT1 (CODE)
                             68 	.area GSINIT2 (CODE)
                             69 	.area GSINIT3 (CODE)
                             70 	.area GSINIT4 (CODE)
                             71 	.area GSINIT5 (CODE)
                             72 	.area GSINIT  (CODE)
                             73 	.area GSFINAL (CODE)
                             74 	.area CSEG    (CODE)
                             75 ;--------------------------------------------------------
                             76 ; global & static initialisations
                             77 ;--------------------------------------------------------
                             78 	.area HOME    (CODE)
                             79 	.area GSINIT  (CODE)
                             80 	.area GSFINAL (CODE)
                             81 	.area GSINIT  (CODE)
                             82 ;--------------------------------------------------------
                             83 ; Home
                             84 ;--------------------------------------------------------
                             85 	.area HOME    (CODE)
                             86 	.area HOME    (CODE)
                             87 ;--------------------------------------------------------
                             88 ; code
                             89 ;--------------------------------------------------------
                             90 	.area CSEG    (CODE)
                             91 ;------------------------------------------------------------
                             92 ;Allocation info for local variables in function 'isspace'
                             93 ;------------------------------------------------------------
                             94 ;c                         Allocated to registers r2 
                             95 ;------------------------------------------------------------
                             96 ;	_isspace.c:33: char isspace (unsigned char c)
                             97 ;	-----------------------------------------
                             98 ;	 function isspace
                             99 ;	-----------------------------------------
   0000                     100 _isspace:
                    0002    101 	ar2 = 0x02
                    0003    102 	ar3 = 0x03
                    0004    103 	ar4 = 0x04
                    0005    104 	ar5 = 0x05
                    0006    105 	ar6 = 0x06
                    0007    106 	ar7 = 0x07
                    0000    107 	ar0 = 0x00
                    0001    108 	ar1 = 0x01
   0000 AA 82               109 	mov	r2,dpl
                            110 ;	_isspace.c:35: if ( c == UC(' ')  ||
   0002 BA 20 02            111 	cjne	r2,#0x20,00115$
   0005 80 17               112 	sjmp	00101$
   0007                     113 00115$:
                            114 ;	_isspace.c:36: c == UC('\f') ||
   0007 BA 0C 02            115 	cjne	r2,#0x0C,00116$
   000A 80 12               116 	sjmp	00101$
   000C                     117 00116$:
                            118 ;	_isspace.c:37: c == UC('\n') ||
   000C BA 0A 02            119 	cjne	r2,#0x0A,00117$
   000F 80 0D               120 	sjmp	00101$
   0011                     121 00117$:
                            122 ;	_isspace.c:38: c == UC('\r') ||
   0011 BA 0D 02            123 	cjne	r2,#0x0D,00118$
   0014 80 08               124 	sjmp	00101$
   0016                     125 00118$:
                            126 ;	_isspace.c:39: c == UC('\t') ||
   0016 BA 09 02            127 	cjne	r2,#0x09,00119$
   0019 80 03               128 	sjmp	00101$
   001B                     129 00119$:
                            130 ;	_isspace.c:40: c == UC('\v') )
   001B BA 0B 04            131 	cjne	r2,#0x0B,00102$
   001E                     132 00101$:
                            133 ;	_isspace.c:41: return 1;
   001E 75 82 01            134 	mov	dpl,#0x01
                            135 ;	_isspace.c:42: return 0;
   0021 22                  136 	ret
   0022                     137 00102$:
   0022 75 82 00            138 	mov	dpl,#0x00
   0025 22                  139 	ret
                            140 	.area CSEG    (CODE)
                            141 	.area CONST   (CODE)
                            142 	.area XINIT   (CODE)
                            143 	.area CABS    (ABS,CODE)
