                              1 ;--------------------------------------------------------
                              2 ; File Created by SDCC : free open source ANSI-C Compiler
                              3 ; Version 3.0.1 #6227 (Oct  2 2015) (Linux)
                              4 ; This file was generated Fri Oct  2 17:15:31 2015
                              5 ;--------------------------------------------------------
                              6 	.module _mulint
                              7 	.optsdcc -mmcs51 --model-small
                              8 	
                              9 ;--------------------------------------------------------
                             10 ; Public variables in this module
                             11 ;--------------------------------------------------------
                             12 	.globl __mulint_dummy
                             13 ;--------------------------------------------------------
                             14 ; special function registers
                             15 ;--------------------------------------------------------
                             16 	.area RSEG    (ABS,DATA)
   0000                      17 	.org 0x0000
                             18 ;--------------------------------------------------------
                             19 ; special function bits
                             20 ;--------------------------------------------------------
                             21 	.area RSEG    (ABS,DATA)
   0000                      22 	.org 0x0000
                             23 ;--------------------------------------------------------
                             24 ; overlayable register banks
                             25 ;--------------------------------------------------------
                             26 	.area REG_BANK_0	(REL,OVR,DATA)
   0000                      27 	.ds 8
                             28 ;--------------------------------------------------------
                             29 ; internal ram data
                             30 ;--------------------------------------------------------
                             31 	.area DSEG    (DATA)
                             32 ;--------------------------------------------------------
                             33 ; overlayable items in internal ram 
                             34 ;--------------------------------------------------------
                             35 	.area OSEG    (OVR,DATA)
                             36 ;--------------------------------------------------------
                             37 ; indirectly addressable internal ram data
                             38 ;--------------------------------------------------------
                             39 	.area ISEG    (DATA)
                             40 ;--------------------------------------------------------
                             41 ; absolute internal ram data
                             42 ;--------------------------------------------------------
                             43 	.area IABS    (ABS,DATA)
                             44 	.area IABS    (ABS,DATA)
                             45 ;--------------------------------------------------------
                             46 ; bit data
                             47 ;--------------------------------------------------------
                             48 	.area BSEG    (BIT)
                             49 ;--------------------------------------------------------
                             50 ; paged external ram data
                             51 ;--------------------------------------------------------
                             52 	.area PSEG    (PAG,XDATA)
                             53 ;--------------------------------------------------------
                             54 ; external ram data
                             55 ;--------------------------------------------------------
                             56 	.area XSEG    (XDATA)
                             57 ;--------------------------------------------------------
                             58 ; absolute external ram data
                             59 ;--------------------------------------------------------
                             60 	.area XABS    (ABS,XDATA)
                             61 ;--------------------------------------------------------
                             62 ; external initialized ram data
                             63 ;--------------------------------------------------------
                             64 	.area XISEG   (XDATA)
                             65 	.area HOME    (CODE)
                             66 	.area GSINIT0 (CODE)
                             67 	.area GSINIT1 (CODE)
                             68 	.area GSINIT2 (CODE)
                             69 	.area GSINIT3 (CODE)
                             70 	.area GSINIT4 (CODE)
                             71 	.area GSINIT5 (CODE)
                             72 	.area GSINIT  (CODE)
                             73 	.area GSFINAL (CODE)
                             74 	.area CSEG    (CODE)
                             75 ;--------------------------------------------------------
                             76 ; global & static initialisations
                             77 ;--------------------------------------------------------
                             78 	.area HOME    (CODE)
                             79 	.area GSINIT  (CODE)
                             80 	.area GSFINAL (CODE)
                             81 	.area GSINIT  (CODE)
                             82 ;--------------------------------------------------------
                             83 ; Home
                             84 ;--------------------------------------------------------
                             85 	.area HOME    (CODE)
                             86 	.area HOME    (CODE)
                             87 ;--------------------------------------------------------
                             88 ; code
                             89 ;--------------------------------------------------------
                             90 	.area CSEG    (CODE)
                             91 ;------------------------------------------------------------
                             92 ;Allocation info for local variables in function '_mulint_dummy'
                             93 ;------------------------------------------------------------
                             94 ;------------------------------------------------------------
                             95 ;	_mulint.c:121: _mulint_dummy (void) __naked
                             96 ;	-----------------------------------------
                             97 ;	 function _mulint_dummy
                             98 ;	-----------------------------------------
   0000                      99 __mulint_dummy:
                            100 ;	naked function: no prologue.
                            101 ;	_mulint.c:160: mul	ab			;  4  al * bh
                            102 	
                            103 	
   0000                     104 	__mulint:
                            105 	
                            106 	 .globl __mulint
                            107 ;	# 174 "_mulint.c"
                            108  ; globbered registers r0
                            109 	
   0000 74 FE               110 	 mov a,#-2 ; 1 return address 2 bytes
   0002 25 81               111 	 add a,sp ; 1
   0004 F8                  112 	 mov r0,a ; 1 r0 points to bh
                            113 	
   0005 E6                  114 	 mov a,@r0 ; 1 bh
   0006 85 82 F0            115 	 mov b,dpl ; 2 al
   0009 A4                  116 	 mul ab ; 4 al * bh
   000A C0 E0               117 	 push acc ; 2
                            118 	
   000C 85 82 F0            119 	 mov b,dpl ; 2 al
   000F 18                  120 	 dec r0 ; 1
   0010 E6                  121 	 mov a,@r0 ; 1 bl
   0011 A4                  122 	 mul ab ; 4 al * bl
                            123 	
   0012 F5 82               124 	 mov dpl,a ; 1 low-byte of return-value
                            125 	
   0014 D0 E0               126 	 pop acc ; 2
   0016 25 F0               127 	 add a,b ; 1
   0018 C5 83               128 	 xch a,dph ; 1 ah -> acc
                            129 	
   001A 86 F0               130 	 mov b,@r0 ; 2 bl
   001C A4                  131 	 mul ab ; 4 ah * bl
   001D 25 83               132 	 add a,dph ; 1
   001F F5 83               133 	 mov dph,a ; 1
                            134 	
   0021 22                  135 	 ret
                            136 	
                            137 	
                            138 	
                            139 	 
                            140 ;	naked function: no epilogue.
                            141 	.area CSEG    (CODE)
                            142 	.area CONST   (CODE)
                            143 	.area XINIT   (CODE)
                            144 	.area CABS    (ABS,CODE)
