                              1 ;--------------------------------------------------------
                              2 ; File Created by SDCC : free open source ANSI-C Compiler
                              3 ; Version 3.0.1 #6227 (Oct  2 2015) (Linux)
                              4 ; This file was generated Fri Oct  2 17:15:32 2015
                              5 ;--------------------------------------------------------
                              6 	.module _setjmp
                              7 	.optsdcc -mmcs51 --model-small
                              8 	
                              9 ;--------------------------------------------------------
                             10 ; Public variables in this module
                             11 ;--------------------------------------------------------
                             12 	.globl _CY
                             13 	.globl _AC
                             14 	.globl _F0
                             15 	.globl _RS1
                             16 	.globl _RS0
                             17 	.globl _OV
                             18 	.globl _F1
                             19 	.globl _P
                             20 	.globl _PS
                             21 	.globl _PT1
                             22 	.globl _PX1
                             23 	.globl _PT0
                             24 	.globl _PX0
                             25 	.globl _RD
                             26 	.globl _WR
                             27 	.globl _T1
                             28 	.globl _T0
                             29 	.globl _INT1
                             30 	.globl _INT0
                             31 	.globl _TXD
                             32 	.globl _RXD
                             33 	.globl _P3_7
                             34 	.globl _P3_6
                             35 	.globl _P3_5
                             36 	.globl _P3_4
                             37 	.globl _P3_3
                             38 	.globl _P3_2
                             39 	.globl _P3_1
                             40 	.globl _P3_0
                             41 	.globl _EA
                             42 	.globl _ES
                             43 	.globl _ET1
                             44 	.globl _EX1
                             45 	.globl _ET0
                             46 	.globl _EX0
                             47 	.globl _P2_7
                             48 	.globl _P2_6
                             49 	.globl _P2_5
                             50 	.globl _P2_4
                             51 	.globl _P2_3
                             52 	.globl _P2_2
                             53 	.globl _P2_1
                             54 	.globl _P2_0
                             55 	.globl _SM0
                             56 	.globl _SM1
                             57 	.globl _SM2
                             58 	.globl _REN
                             59 	.globl _TB8
                             60 	.globl _RB8
                             61 	.globl _TI
                             62 	.globl _RI
                             63 	.globl _P1_7
                             64 	.globl _P1_6
                             65 	.globl _P1_5
                             66 	.globl _P1_4
                             67 	.globl _P1_3
                             68 	.globl _P1_2
                             69 	.globl _P1_1
                             70 	.globl _P1_0
                             71 	.globl _TF1
                             72 	.globl _TR1
                             73 	.globl _TF0
                             74 	.globl _TR0
                             75 	.globl _IE1
                             76 	.globl _IT1
                             77 	.globl _IE0
                             78 	.globl _IT0
                             79 	.globl _P0_7
                             80 	.globl _P0_6
                             81 	.globl _P0_5
                             82 	.globl _P0_4
                             83 	.globl _P0_3
                             84 	.globl _P0_2
                             85 	.globl _P0_1
                             86 	.globl _P0_0
                             87 	.globl _B
                             88 	.globl _ACC
                             89 	.globl _PSW
                             90 	.globl _IP
                             91 	.globl _P3
                             92 	.globl _IE
                             93 	.globl _P2
                             94 	.globl _SBUF
                             95 	.globl _SCON
                             96 	.globl _P1
                             97 	.globl _TH1
                             98 	.globl _TH0
                             99 	.globl _TL1
                            100 	.globl _TL0
                            101 	.globl _TMOD
                            102 	.globl _TCON
                            103 	.globl _PCON
                            104 	.globl _DPH
                            105 	.globl _DPL
                            106 	.globl _SP
                            107 	.globl _P0
                            108 ;--------------------------------------------------------
                            109 ; special function registers
                            110 ;--------------------------------------------------------
                            111 	.area RSEG    (ABS,DATA)
   0000                     112 	.org 0x0000
                    0080    113 _P0	=	0x0080
                    0081    114 _SP	=	0x0081
                    0082    115 _DPL	=	0x0082
                    0083    116 _DPH	=	0x0083
                    0087    117 _PCON	=	0x0087
                    0088    118 _TCON	=	0x0088
                    0089    119 _TMOD	=	0x0089
                    008A    120 _TL0	=	0x008a
                    008B    121 _TL1	=	0x008b
                    008C    122 _TH0	=	0x008c
                    008D    123 _TH1	=	0x008d
                    0090    124 _P1	=	0x0090
                    0098    125 _SCON	=	0x0098
                    0099    126 _SBUF	=	0x0099
                    00A0    127 _P2	=	0x00a0
                    00A8    128 _IE	=	0x00a8
                    00B0    129 _P3	=	0x00b0
                    00B8    130 _IP	=	0x00b8
                    00D0    131 _PSW	=	0x00d0
                    00E0    132 _ACC	=	0x00e0
                    00F0    133 _B	=	0x00f0
                            134 ;--------------------------------------------------------
                            135 ; special function bits
                            136 ;--------------------------------------------------------
                            137 	.area RSEG    (ABS,DATA)
   0000                     138 	.org 0x0000
                    0080    139 _P0_0	=	0x0080
                    0081    140 _P0_1	=	0x0081
                    0082    141 _P0_2	=	0x0082
                    0083    142 _P0_3	=	0x0083
                    0084    143 _P0_4	=	0x0084
                    0085    144 _P0_5	=	0x0085
                    0086    145 _P0_6	=	0x0086
                    0087    146 _P0_7	=	0x0087
                    0088    147 _IT0	=	0x0088
                    0089    148 _IE0	=	0x0089
                    008A    149 _IT1	=	0x008a
                    008B    150 _IE1	=	0x008b
                    008C    151 _TR0	=	0x008c
                    008D    152 _TF0	=	0x008d
                    008E    153 _TR1	=	0x008e
                    008F    154 _TF1	=	0x008f
                    0090    155 _P1_0	=	0x0090
                    0091    156 _P1_1	=	0x0091
                    0092    157 _P1_2	=	0x0092
                    0093    158 _P1_3	=	0x0093
                    0094    159 _P1_4	=	0x0094
                    0095    160 _P1_5	=	0x0095
                    0096    161 _P1_6	=	0x0096
                    0097    162 _P1_7	=	0x0097
                    0098    163 _RI	=	0x0098
                    0099    164 _TI	=	0x0099
                    009A    165 _RB8	=	0x009a
                    009B    166 _TB8	=	0x009b
                    009C    167 _REN	=	0x009c
                    009D    168 _SM2	=	0x009d
                    009E    169 _SM1	=	0x009e
                    009F    170 _SM0	=	0x009f
                    00A0    171 _P2_0	=	0x00a0
                    00A1    172 _P2_1	=	0x00a1
                    00A2    173 _P2_2	=	0x00a2
                    00A3    174 _P2_3	=	0x00a3
                    00A4    175 _P2_4	=	0x00a4
                    00A5    176 _P2_5	=	0x00a5
                    00A6    177 _P2_6	=	0x00a6
                    00A7    178 _P2_7	=	0x00a7
                    00A8    179 _EX0	=	0x00a8
                    00A9    180 _ET0	=	0x00a9
                    00AA    181 _EX1	=	0x00aa
                    00AB    182 _ET1	=	0x00ab
                    00AC    183 _ES	=	0x00ac
                    00AF    184 _EA	=	0x00af
                    00B0    185 _P3_0	=	0x00b0
                    00B1    186 _P3_1	=	0x00b1
                    00B2    187 _P3_2	=	0x00b2
                    00B3    188 _P3_3	=	0x00b3
                    00B4    189 _P3_4	=	0x00b4
                    00B5    190 _P3_5	=	0x00b5
                    00B6    191 _P3_6	=	0x00b6
                    00B7    192 _P3_7	=	0x00b7
                    00B0    193 _RXD	=	0x00b0
                    00B1    194 _TXD	=	0x00b1
                    00B2    195 _INT0	=	0x00b2
                    00B3    196 _INT1	=	0x00b3
                    00B4    197 _T0	=	0x00b4
                    00B5    198 _T1	=	0x00b5
                    00B6    199 _WR	=	0x00b6
                    00B7    200 _RD	=	0x00b7
                    00B8    201 _PX0	=	0x00b8
                    00B9    202 _PT0	=	0x00b9
                    00BA    203 _PX1	=	0x00ba
                    00BB    204 _PT1	=	0x00bb
                    00BC    205 _PS	=	0x00bc
                    00D0    206 _P	=	0x00d0
                    00D1    207 _F1	=	0x00d1
                    00D2    208 _OV	=	0x00d2
                    00D3    209 _RS0	=	0x00d3
                    00D4    210 _RS1	=	0x00d4
                    00D5    211 _F0	=	0x00d5
                    00D6    212 _AC	=	0x00d6
                    00D7    213 _CY	=	0x00d7
                            214 ;--------------------------------------------------------
                            215 ; overlayable register banks
                            216 ;--------------------------------------------------------
                            217 	.area REG_BANK_0	(REL,OVR,DATA)
   0000                     218 	.ds 8
                            219 ;--------------------------------------------------------
                            220 ; internal ram data
                            221 ;--------------------------------------------------------
                            222 	.area DSEG    (DATA)
                            223 ;--------------------------------------------------------
                            224 ; overlayable items in internal ram 
                            225 ;--------------------------------------------------------
                            226 	.area OSEG    (OVR,DATA)
                            227 ;--------------------------------------------------------
                            228 ; indirectly addressable internal ram data
                            229 ;--------------------------------------------------------
                            230 	.area ISEG    (DATA)
                            231 ;--------------------------------------------------------
                            232 ; absolute internal ram data
                            233 ;--------------------------------------------------------
                            234 	.area IABS    (ABS,DATA)
                            235 	.area IABS    (ABS,DATA)
                            236 ;--------------------------------------------------------
                            237 ; bit data
                            238 ;--------------------------------------------------------
                            239 	.area BSEG    (BIT)
                            240 ;--------------------------------------------------------
                            241 ; paged external ram data
                            242 ;--------------------------------------------------------
                            243 	.area PSEG    (PAG,XDATA)
                            244 ;--------------------------------------------------------
                            245 ; external ram data
                            246 ;--------------------------------------------------------
                            247 	.area XSEG    (XDATA)
                            248 ;--------------------------------------------------------
                            249 ; absolute external ram data
                            250 ;--------------------------------------------------------
                            251 	.area XABS    (ABS,XDATA)
                            252 ;--------------------------------------------------------
                            253 ; external initialized ram data
                            254 ;--------------------------------------------------------
                            255 	.area XISEG   (XDATA)
                            256 	.area HOME    (CODE)
                            257 	.area GSINIT0 (CODE)
                            258 	.area GSINIT1 (CODE)
                            259 	.area GSINIT2 (CODE)
                            260 	.area GSINIT3 (CODE)
                            261 	.area GSINIT4 (CODE)
                            262 	.area GSINIT5 (CODE)
                            263 	.area GSINIT  (CODE)
                            264 	.area GSFINAL (CODE)
                            265 	.area CSEG    (CODE)
                            266 ;--------------------------------------------------------
                            267 ; global & static initialisations
                            268 ;--------------------------------------------------------
                            269 	.area HOME    (CODE)
                            270 	.area GSINIT  (CODE)
                            271 	.area GSFINAL (CODE)
                            272 	.area GSINIT  (CODE)
                            273 ;--------------------------------------------------------
                            274 ; Home
                            275 ;--------------------------------------------------------
                            276 	.area HOME    (CODE)
                            277 	.area HOME    (CODE)
                            278 ;--------------------------------------------------------
                            279 ; code
                            280 ;--------------------------------------------------------
                            281 	.area CSEG    (CODE)
                            282 ;------------------------------------------------------------
                            283 ;Allocation info for local variables in function 'dummy'
                            284 ;------------------------------------------------------------
                            285 ;------------------------------------------------------------
                            286 ;	_setjmp.c:218: static void dummy (void) __naked
                            287 ;	-----------------------------------------
                            288 ;	 function dummy
                            289 ;	-----------------------------------------
   0000                     290 _dummy:
                            291 ;	naked function: no prologue.
                            292 ;	_setjmp.c:357: ;     genPointerSet
                            293 	
                            294 	
                            295 ;------------------------------------------------------------
                            296 ;Allocation info for local variables in function 'setjmp'
                            297 ;------------------------------------------------------------
                            298 ;buf Allocated to registers dptr b
                            299 ;------------------------------------------------------------
                            300 ;../../device/lib/_setjmp.c:122:int setjmp (unsigned char *buf)
                            301 ; -----------------------------------------
                            302 ; function setjmp
                            303 ; -----------------------------------------
                            304 	 .globl _setjmp
   0000                     305 	_setjmp:
                    0002    306 	 ar2 = 0x02
                    0003    307 	 ar3 = 0x03
                    0004    308 	 ar4 = 0x04
                    0005    309 	 ar5 = 0x05
                    0006    310 	 ar6 = 0x06
                    0007    311 	 ar7 = 0x07
                    0000    312 	 ar0 = 0x00
                    0001    313 	 ar1 = 0x01
                            314 ; genReceive
                            315 ;../../device/lib/_setjmp.c:125:*buf = BP;
                            316 ; genPointerSet
                            317 ; genGenPointerSet
   0000 E5*00               318 	 mov a,_bp
   0002 12s00r00            319 	 lcall __gptrput
   0005 A3                  320 	 inc dptr
                            321 ;../../device/lib/_setjmp.c:126:*buf = SP;
                            322 ; genPointerSet
                            323 ; genGenPointerSet
   0006 E5 81               324 	 mov a,sp
   0008 12s00r00            325 	 lcall __gptrput
   000B A3                  326 	 inc dptr
                            327 ;../../device/lib/_setjmp.c:127:*buf++ = *((unsigned char __data *) SP );
                            328 ; genCast
   000C A8 81               329 	 mov r0,sp
                            330 ; genPointerGet
                            331 ; genNearPointerGet
   000E E6                  332 	 mov a,@r0
                            333 ; genPointerSet
                            334 ; genGenPointerSet
   000F 12s00r00            335 	 lcall __gptrput
   0012 A3                  336 	 inc dptr
                            337 ;../../device/lib/_setjmp.c:128:*buf++ = *((unsigned char __data *)SP - 1);
                            338 ; genCast
                            339 ; genMinus
                            340 ; genMinusDec
   0013 18                  341 	 dec r0
                            342 ; genPointerGet
                            343 ; genNearPointerGet
   0014 E6                  344 	 mov a,@r0
                            345 ; genPointerSet
                            346 ; genGenPointerSet
   0015 12s00r00            347 	 lcall __gptrput
                            348 ;	# 289 "_setjmp.c"
                            349 ;../../device/lib/_setjmp.c:130:return 0;
                            350 ; genRet
   0018 90 00 00            351 	 mov dptr,#0x0000
   001B 22                  352 	 ret
                            353 	
                            354 ;------------------------------------------------------------
                            355 ;Allocation info for local variables in function 'longjmp'
                            356 ;------------------------------------------------------------
                            357 ;rv Allocated to stack - offset -3
                            358 ;buf Allocated to registers dptr b
                            359 ;lsp Allocated to registers r5
                            360 ;------------------------------------------------------------
                            361 ;../../device/lib/_setjmp.c:28:int longjmp (jmp_buf buf, int rv)
                            362 ; -----------------------------------------
                            363 ; function longjmp
                            364 ; -----------------------------------------
                            365 	 .globl _longjmp
   001C                     366 	_longjmp:
                    0002    367 	 ar2 = 0x02
                    0003    368 	 ar3 = 0x03
                    0004    369 	 ar4 = 0x04
                    0005    370 	 ar5 = 0x05
                    0006    371 	 ar6 = 0x06
                    0007    372 	 ar7 = 0x07
                    0000    373 	 ar0 = 0x00
                    0001    374 	 ar1 = 0x01
                            375 ; genReceive
   001C A8 81               376 	 mov r0,sp
   001E 18                  377 	 dec r0
   001F 18                  378 	 dec r0
                            379 	
                            380 	
                            381 	
   0020 86 02               382 	 mov ar2,@r0
   0022 18                  383 	 dec r0
   0023 86 03               384 	 mov ar3,@r0
                            385 ;../../device/lib/_setjmp.c:30:bp = *buf++;
                            386 ; genPointerGet
                            387 ; genGenPointerGet
   0025 12s00r00            388 	 lcall __gptrget
   0028 A3                  389 	 inc dptr
                            390 ; genAssign
   0029 F5*00               391 	 mov _bp,a
                            392 ;../../device/lib/_setjmp.c:31:lsp = *buf++;
                            393 ; genPointerGet
                            394 ; genGenPointerGet
   002B 12s00r00            395 	 lcall __gptrget
   002E A3                  396 	 inc dptr
                            397 ; genAssign
   002F FD                  398 	 mov r5,a
                            399 ;../../device/lib/_setjmp.c:32:*((unsigned char __data *) lsp) = *buf++;
                            400 ; genCast
   0030 F8                  401 	 mov r0,a
                            402 ; genPointerGet
                            403 ; genGenPointerGet
   0031 12s00r00            404 	 lcall __gptrget
   0034 A3                  405 	 inc dptr
                            406 ; genPointerSet
                            407 ; genNearPointerSet
   0035 F6                  408 	 mov @r0,a
                            409 ;../../device/lib/_setjmp.c:33:*((unsigned char __data *) lsp - 1) = *buf;
                            410 ; genCast
                            411 ; genMinus
                            412 ; genMinusDec
   0036 18                  413 	 dec r0
                            414 ; genPointerGet
                            415 ; genGenPointerGet
   0037 12s00r00            416 	 lcall __gptrget
                            417 ; genPointerSet
                            418 ; genNearPointerSet
   003A F6                  419 	 mov @r0,a
                            420 ;	# 374 "_setjmp.c"
                            421 ;../../device/lib/_setjmp.c:35:SP = lsp;
                            422 ; genAssign
   003B 8D 81               423 	 mov sp,r5
                            424 ;../../device/lib/_setjmp.c:36:return rv;
                            425 ; genRet
   003D 8A 83               426 	 mov dph,r2
   003F 8B 82               427 	 mov dpl,r3
   0041 22                  428 	 ret
                            429 	
                            430 	 
                            431 ;	naked function: no epilogue.
                            432 	.area CSEG    (CODE)
                            433 	.area CONST   (CODE)
                            434 	.area XINIT   (CODE)
                            435 	.area CABS    (ABS,CODE)
