                              1 ;--------------------------------------------------------
                              2 ; File Created by SDCC : free open source ANSI-C Compiler
                              3 ; Version 3.0.1 #6227 (Oct  2 2015) (Linux)
                              4 ; This file was generated Fri Oct  2 17:15:30 2015
                              5 ;--------------------------------------------------------
                              6 	.module _slong2fs
                              7 	.optsdcc -mmcs51 --model-small
                              8 	
                              9 ;--------------------------------------------------------
                             10 ; Public variables in this module
                             11 ;--------------------------------------------------------
                             12 ;--------------------------------------------------------
                             13 ; special function registers
                             14 ;--------------------------------------------------------
                             15 	.area RSEG    (ABS,DATA)
   0000                      16 	.org 0x0000
                             17 ;--------------------------------------------------------
                             18 ; special function bits
                             19 ;--------------------------------------------------------
                             20 	.area RSEG    (ABS,DATA)
   0000                      21 	.org 0x0000
                             22 ;--------------------------------------------------------
                             23 ; overlayable register banks
                             24 ;--------------------------------------------------------
                             25 	.area REG_BANK_0	(REL,OVR,DATA)
   0000                      26 	.ds 8
                             27 ;--------------------------------------------------------
                             28 ; internal ram data
                             29 ;--------------------------------------------------------
                             30 	.area DSEG    (DATA)
                             31 ;--------------------------------------------------------
                             32 ; overlayable items in internal ram 
                             33 ;--------------------------------------------------------
                             34 	.area OSEG    (OVR,DATA)
                             35 ;--------------------------------------------------------
                             36 ; indirectly addressable internal ram data
                             37 ;--------------------------------------------------------
                             38 	.area ISEG    (DATA)
                             39 ;--------------------------------------------------------
                             40 ; absolute internal ram data
                             41 ;--------------------------------------------------------
                             42 	.area IABS    (ABS,DATA)
                             43 	.area IABS    (ABS,DATA)
                             44 ;--------------------------------------------------------
                             45 ; bit data
                             46 ;--------------------------------------------------------
                             47 	.area BSEG    (BIT)
                             48 ;--------------------------------------------------------
                             49 ; paged external ram data
                             50 ;--------------------------------------------------------
                             51 	.area PSEG    (PAG,XDATA)
                             52 ;--------------------------------------------------------
                             53 ; external ram data
                             54 ;--------------------------------------------------------
                             55 	.area XSEG    (XDATA)
                             56 ;--------------------------------------------------------
                             57 ; absolute external ram data
                             58 ;--------------------------------------------------------
                             59 	.area XABS    (ABS,XDATA)
                             60 ;--------------------------------------------------------
                             61 ; external initialized ram data
                             62 ;--------------------------------------------------------
                             63 	.area XISEG   (XDATA)
                             64 	.area HOME    (CODE)
                             65 	.area GSINIT0 (CODE)
                             66 	.area GSINIT1 (CODE)
                             67 	.area GSINIT2 (CODE)
                             68 	.area GSINIT3 (CODE)
                             69 	.area GSINIT4 (CODE)
                             70 	.area GSINIT5 (CODE)
                             71 	.area GSINIT  (CODE)
                             72 	.area GSFINAL (CODE)
                             73 	.area CSEG    (CODE)
                             74 ;--------------------------------------------------------
                             75 ; global & static initialisations
                             76 ;--------------------------------------------------------
                             77 	.area HOME    (CODE)
                             78 	.area GSINIT  (CODE)
                             79 	.area GSFINAL (CODE)
                             80 	.area GSINIT  (CODE)
                             81 ;--------------------------------------------------------
                             82 ; Home
                             83 ;--------------------------------------------------------
                             84 	.area HOME    (CODE)
                             85 	.area HOME    (CODE)
                             86 ;--------------------------------------------------------
                             87 ; code
                             88 ;--------------------------------------------------------
                             89 	.area CSEG    (CODE)
                             90 ;------------------------------------------------------------
                             91 ;Allocation info for local variables in function 'dummy'
                             92 ;------------------------------------------------------------
                             93 ;------------------------------------------------------------
                             94 ;	_slong2fs.c:37: static void dummy(void) __naked
                             95 ;	-----------------------------------------
                             96 ;	 function dummy
                             97 ;	-----------------------------------------
   0000                      98 _dummy:
                             99 ;	naked function: no prologue.
                            100 ;	_slong2fs.c:73: __endasm;
                            101 	
                            102 	 .globl ___slong2fs
   0000                     103 	___slong2fs:
   0000 FC                  104 	 mov r4, a
   0001 AB F0               105 	 mov r3, b
   0003 AA 83               106 	 mov r2, dph
   0005 A9 82               107 	 mov r1, dpl
   0007 74 9E               108 	 mov a, #158
                            109 	 .globl slong2fs_doit
   0009                     110 	slong2fs_doit:
   0009 F5 82               111 	 mov dpl, a
   000B C2 D1               112 	 clr psw.1
   000D EC                  113 	 mov a, r4
   000E 30 E7 16            114 	 jnb acc.7, slong2fs_positive
   0011 D2 D1               115 	 setb psw.1
   0013 E9                  116 	 mov a, r1
   0014 F4                  117 	 cpl a
   0015 24 01               118 	 add a, #1
   0017 F9                  119 	 mov r1, a
   0018 EA                  120 	 mov a, r2
   0019 F4                  121 	 cpl a
   001A 34 00               122 	 addc a, #0
   001C FA                  123 	 mov r2, a
   001D EB                  124 	 mov a, r3
   001E F4                  125 	 cpl a
   001F 34 00               126 	 addc a, #0
   0021 FB                  127 	 mov r3, a
   0022 EC                  128 	 mov a, r4
   0023 F4                  129 	 cpl a
   0024 34 00               130 	 addc a, #0
   0026 FC                  131 	 mov r4, a
   0027                     132 	slong2fs_positive:
   0027 12s00r00            133 	 lcall fs_normalize_a
   002A 02s00r00            134 	 ljmp fs_round_and_return
                            135 	 
                            136 ;	naked function: no epilogue.
                            137 	.area CSEG    (CODE)
                            138 	.area CONST   (CODE)
                            139 	.area XINIT   (CODE)
                            140 	.area CABS    (ABS,CODE)
