                              1 ;--------------------------------------------------------
                              2 ; File Created by SDCC : free open source ANSI-C Compiler
                              3 ; Version 3.0.1 #6227 (Oct  2 2015) (Linux)
                              4 ; This file was generated Fri Oct  2 17:15:31 2015
                              5 ;--------------------------------------------------------
                              6 	.module _strcspn
                              7 	.optsdcc -mmcs51 --model-small
                              8 	
                              9 ;--------------------------------------------------------
                             10 ; Public variables in this module
                             11 ;--------------------------------------------------------
                             12 	.globl _strcspn
                             13 ;--------------------------------------------------------
                             14 ; special function registers
                             15 ;--------------------------------------------------------
                             16 	.area RSEG    (ABS,DATA)
   0000                      17 	.org 0x0000
                             18 ;--------------------------------------------------------
                             19 ; special function bits
                             20 ;--------------------------------------------------------
                             21 	.area RSEG    (ABS,DATA)
   0000                      22 	.org 0x0000
                             23 ;--------------------------------------------------------
                             24 ; overlayable register banks
                             25 ;--------------------------------------------------------
                             26 	.area REG_BANK_0	(REL,OVR,DATA)
   0000                      27 	.ds 8
                             28 ;--------------------------------------------------------
                             29 ; internal ram data
                             30 ;--------------------------------------------------------
                             31 	.area DSEG    (DATA)
                             32 ;--------------------------------------------------------
                             33 ; overlayable items in internal ram 
                             34 ;--------------------------------------------------------
                             35 	.area OSEG    (OVR,DATA)
                             36 ;--------------------------------------------------------
                             37 ; indirectly addressable internal ram data
                             38 ;--------------------------------------------------------
                             39 	.area ISEG    (DATA)
                             40 ;--------------------------------------------------------
                             41 ; absolute internal ram data
                             42 ;--------------------------------------------------------
                             43 	.area IABS    (ABS,DATA)
                             44 	.area IABS    (ABS,DATA)
                             45 ;--------------------------------------------------------
                             46 ; bit data
                             47 ;--------------------------------------------------------
                             48 	.area BSEG    (BIT)
                             49 ;--------------------------------------------------------
                             50 ; paged external ram data
                             51 ;--------------------------------------------------------
                             52 	.area PSEG    (PAG,XDATA)
                             53 ;--------------------------------------------------------
                             54 ; external ram data
                             55 ;--------------------------------------------------------
                             56 	.area XSEG    (XDATA)
                             57 ;--------------------------------------------------------
                             58 ; absolute external ram data
                             59 ;--------------------------------------------------------
                             60 	.area XABS    (ABS,XDATA)
                             61 ;--------------------------------------------------------
                             62 ; external initialized ram data
                             63 ;--------------------------------------------------------
                             64 	.area XISEG   (XDATA)
                             65 	.area HOME    (CODE)
                             66 	.area GSINIT0 (CODE)
                             67 	.area GSINIT1 (CODE)
                             68 	.area GSINIT2 (CODE)
                             69 	.area GSINIT3 (CODE)
                             70 	.area GSINIT4 (CODE)
                             71 	.area GSINIT5 (CODE)
                             72 	.area GSINIT  (CODE)
                             73 	.area GSFINAL (CODE)
                             74 	.area CSEG    (CODE)
                             75 ;--------------------------------------------------------
                             76 ; global & static initialisations
                             77 ;--------------------------------------------------------
                             78 	.area HOME    (CODE)
                             79 	.area GSINIT  (CODE)
                             80 	.area GSFINAL (CODE)
                             81 	.area GSINIT  (CODE)
                             82 ;--------------------------------------------------------
                             83 ; Home
                             84 ;--------------------------------------------------------
                             85 	.area HOME    (CODE)
                             86 	.area HOME    (CODE)
                             87 ;--------------------------------------------------------
                             88 ; code
                             89 ;--------------------------------------------------------
                             90 	.area CSEG    (CODE)
                             91 ;------------------------------------------------------------
                             92 ;Allocation info for local variables in function 'strcspn'
                             93 ;------------------------------------------------------------
                             94 ;control                   Allocated to stack - offset -5
                             95 ;string                    Allocated to registers r2 r3 r4 
                             96 ;count                     Allocated to stack - offset 1
                             97 ;ch                        Allocated to registers 
                             98 ;------------------------------------------------------------
                             99 ;	_strcspn.c:31: size_t strcspn ( 
                            100 ;	-----------------------------------------
                            101 ;	 function strcspn
                            102 ;	-----------------------------------------
   0000                     103 _strcspn:
                    0002    104 	ar2 = 0x02
                    0003    105 	ar3 = 0x03
                    0004    106 	ar4 = 0x04
                    0005    107 	ar5 = 0x05
                    0006    108 	ar6 = 0x06
                    0007    109 	ar7 = 0x07
                    0000    110 	ar0 = 0x00
                    0001    111 	ar1 = 0x01
   0000 C0*00               112 	push	_bp
   0002 85 81*00            113 	mov	_bp,sp
   0005 05 81               114 	inc	sp
   0007 05 81               115 	inc	sp
   0009 AA 82               116 	mov	r2,dpl
   000B AB 83               117 	mov	r3,dph
   000D AC F0               118 	mov	r4,b
                            119 ;	_strcspn.c:39: while (ch = *string) {
   000F A8*00               120 	mov	r0,_bp
   0011 08                  121 	inc	r0
   0012 E4                  122 	clr	a
   0013 F6                  123 	mov	@r0,a
   0014 08                  124 	inc	r0
   0015 F6                  125 	mov	@r0,a
   0016                     126 00104$:
   0016 8A 82               127 	mov	dpl,r2
   0018 8B 83               128 	mov	dph,r3
   001A 8C F0               129 	mov	b,r4
   001C 12s00r00            130 	lcall	__gptrget
   001F FF                  131 	mov	r7,a
   0020 60 3B               132 	jz	00106$
                            133 ;	_strcspn.c:40: if (strchr(control,ch))
   0022 C0 02               134 	push	ar2
   0024 C0 03               135 	push	ar3
   0026 C0 04               136 	push	ar4
   0028 C0 07               137 	push	ar7
   002A E5*00               138 	mov	a,_bp
   002C 24 FB               139 	add	a,#0xfb
   002E F8                  140 	mov	r0,a
   002F 86 82               141 	mov	dpl,@r0
   0031 08                  142 	inc	r0
   0032 86 83               143 	mov	dph,@r0
   0034 08                  144 	inc	r0
   0035 86 F0               145 	mov	b,@r0
   0037 12s00r00            146 	lcall	_strchr
   003A AF 82               147 	mov	r7,dpl
   003C AD 83               148 	mov	r5,dph
   003E AE F0               149 	mov	r6,b
   0040 15 81               150 	dec	sp
   0042 D0 04               151 	pop	ar4
   0044 D0 03               152 	pop	ar3
   0046 D0 02               153 	pop	ar2
   0048 EF                  154 	mov	a,r7
   0049 4D                  155 	orl	a,r5
   004A 4E                  156 	orl	a,r6
   004B 70 10               157 	jnz	00106$
                            158 ;	_strcspn.c:43: count++ ;
   004D A8*00               159 	mov	r0,_bp
   004F 08                  160 	inc	r0
   0050 06                  161 	inc	@r0
   0051 B6 00 02            162 	cjne	@r0,#0x00,00115$
   0054 08                  163 	inc	r0
   0055 06                  164 	inc	@r0
   0056                     165 00115$:
                            166 ;	_strcspn.c:44: string++ ;
   0056 0A                  167 	inc	r2
   0057 BA 00 BC            168 	cjne	r2,#0x00,00104$
   005A 0B                  169 	inc	r3
   005B 80 B9               170 	sjmp	00104$
   005D                     171 00106$:
                            172 ;	_strcspn.c:47: return count ;
   005D A8*00               173 	mov	r0,_bp
   005F 08                  174 	inc	r0
   0060 86 82               175 	mov	dpl,@r0
   0062 08                  176 	inc	r0
   0063 86 83               177 	mov	dph,@r0
   0065 85*00 81            178 	mov	sp,_bp
   0068 D0*00               179 	pop	_bp
   006A 22                  180 	ret
                            181 	.area CSEG    (CODE)
                            182 	.area CONST   (CODE)
                            183 	.area XINIT   (CODE)
                            184 	.area CABS    (ABS,CODE)
