                              1 ;--------------------------------------------------------
                              2 ; File Created by SDCC : free open source ANSI-C Compiler
                              3 ; Version 3.0.1 #6227 (Oct  2 2015) (Linux)
                              4 ; This file was generated Fri Oct  2 17:15:30 2015
                              5 ;--------------------------------------------------------
                              6 	.module log10f
                              7 	.optsdcc -mmcs51 --model-small
                              8 	
                              9 ;--------------------------------------------------------
                             10 ; Public variables in this module
                             11 ;--------------------------------------------------------
                             12 	.globl _log10f
                             13 ;--------------------------------------------------------
                             14 ; special function registers
                             15 ;--------------------------------------------------------
                             16 	.area RSEG    (ABS,DATA)
   0000                      17 	.org 0x0000
                             18 ;--------------------------------------------------------
                             19 ; special function bits
                             20 ;--------------------------------------------------------
                             21 	.area RSEG    (ABS,DATA)
   0000                      22 	.org 0x0000
                             23 ;--------------------------------------------------------
                             24 ; overlayable register banks
                             25 ;--------------------------------------------------------
                             26 	.area REG_BANK_0	(REL,OVR,DATA)
   0000                      27 	.ds 8
                             28 ;--------------------------------------------------------
                             29 ; internal ram data
                             30 ;--------------------------------------------------------
                             31 	.area DSEG    (DATA)
                             32 ;--------------------------------------------------------
                             33 ; overlayable items in internal ram 
                             34 ;--------------------------------------------------------
                             35 	.area OSEG    (OVR,DATA)
                             36 ;--------------------------------------------------------
                             37 ; indirectly addressable internal ram data
                             38 ;--------------------------------------------------------
                             39 	.area ISEG    (DATA)
                             40 ;--------------------------------------------------------
                             41 ; absolute internal ram data
                             42 ;--------------------------------------------------------
                             43 	.area IABS    (ABS,DATA)
                             44 	.area IABS    (ABS,DATA)
                             45 ;--------------------------------------------------------
                             46 ; bit data
                             47 ;--------------------------------------------------------
                             48 	.area BSEG    (BIT)
                             49 ;--------------------------------------------------------
                             50 ; paged external ram data
                             51 ;--------------------------------------------------------
                             52 	.area PSEG    (PAG,XDATA)
                             53 ;--------------------------------------------------------
                             54 ; external ram data
                             55 ;--------------------------------------------------------
                             56 	.area XSEG    (XDATA)
                             57 ;--------------------------------------------------------
                             58 ; absolute external ram data
                             59 ;--------------------------------------------------------
                             60 	.area XABS    (ABS,XDATA)
                             61 ;--------------------------------------------------------
                             62 ; external initialized ram data
                             63 ;--------------------------------------------------------
                             64 	.area XISEG   (XDATA)
                             65 	.area HOME    (CODE)
                             66 	.area GSINIT0 (CODE)
                             67 	.area GSINIT1 (CODE)
                             68 	.area GSINIT2 (CODE)
                             69 	.area GSINIT3 (CODE)
                             70 	.area GSINIT4 (CODE)
                             71 	.area GSINIT5 (CODE)
                             72 	.area GSINIT  (CODE)
                             73 	.area GSFINAL (CODE)
                             74 	.area CSEG    (CODE)
                             75 ;--------------------------------------------------------
                             76 ; global & static initialisations
                             77 ;--------------------------------------------------------
                             78 	.area HOME    (CODE)
                             79 	.area GSINIT  (CODE)
                             80 	.area GSFINAL (CODE)
                             81 	.area GSINIT  (CODE)
                             82 ;--------------------------------------------------------
                             83 ; Home
                             84 ;--------------------------------------------------------
                             85 	.area HOME    (CODE)
                             86 	.area HOME    (CODE)
                             87 ;--------------------------------------------------------
                             88 ; code
                             89 ;--------------------------------------------------------
                             90 	.area CSEG    (CODE)
                             91 ;------------------------------------------------------------
                             92 ;Allocation info for local variables in function 'log10f'
                             93 ;------------------------------------------------------------
                             94 ;x                         Allocated to registers r2 r3 r4 r5 
                             95 ;------------------------------------------------------------
                             96 ;	log10f.c:34: float log10f(const float x) _FLOAT_FUNC_REENTRANT
                             97 ;	-----------------------------------------
                             98 ;	 function log10f
                             99 ;	-----------------------------------------
   0000                     100 _log10f:
                    0002    101 	ar2 = 0x02
                    0003    102 	ar3 = 0x03
                    0004    103 	ar4 = 0x04
                    0005    104 	ar5 = 0x05
                    0006    105 	ar6 = 0x06
                    0007    106 	ar7 = 0x07
                    0000    107 	ar0 = 0x00
                    0001    108 	ar1 = 0x01
                            109 ;	log10f.c:36: return logf(x)*0.4342944819;
   0000 12s00r00            110 	lcall	_logf
   0003 AA 82               111 	mov	r2,dpl
   0005 AB 83               112 	mov	r3,dph
   0007 AC F0               113 	mov	r4,b
   0009 FD                  114 	mov	r5,a
   000A C0 02               115 	push	ar2
   000C C0 03               116 	push	ar3
   000E C0 04               117 	push	ar4
   0010 C0 05               118 	push	ar5
   0012 90 5B D9            119 	mov	dptr,#0x5BD9
   0015 75 F0 DE            120 	mov	b,#0xDE
   0018 74 3E               121 	mov	a,#0x3E
   001A 12s00r00            122 	lcall	___fsmul
   001D AA 82               123 	mov	r2,dpl
   001F AB 83               124 	mov	r3,dph
   0021 AC F0               125 	mov	r4,b
   0023 FD                  126 	mov	r5,a
   0024 E5 81               127 	mov	a,sp
   0026 24 FC               128 	add	a,#0xfc
   0028 F5 81               129 	mov	sp,a
   002A 8A 82               130 	mov	dpl,r2
   002C 8B 83               131 	mov	dph,r3
   002E 8C F0               132 	mov	b,r4
   0030 ED                  133 	mov	a,r5
   0031 22                  134 	ret
                            135 	.area CSEG    (CODE)
                            136 	.area CONST   (CODE)
                            137 	.area XINIT   (CODE)
                            138 	.area CABS    (ABS,CODE)
