                              1 ;--------------------------------------------------------
                              2 ; File Created by SDCC : free open source ANSI-C Compiler
                              3 ; Version 3.0.1 #6227 (Oct  2 2015) (Linux)
                              4 ; This file was generated Fri Oct  2 17:15:31 2015
                              5 ;--------------------------------------------------------
                              6 	.module sincoshf
                              7 	.optsdcc -mmcs51 --model-small
                              8 	
                              9 ;--------------------------------------------------------
                             10 ; Public variables in this module
                             11 ;--------------------------------------------------------
                             12 	.globl _sincoshf
                             13 ;--------------------------------------------------------
                             14 ; special function registers
                             15 ;--------------------------------------------------------
                             16 	.area RSEG    (ABS,DATA)
   0000                      17 	.org 0x0000
                             18 ;--------------------------------------------------------
                             19 ; special function bits
                             20 ;--------------------------------------------------------
                             21 	.area RSEG    (ABS,DATA)
   0000                      22 	.org 0x0000
                             23 ;--------------------------------------------------------
                             24 ; overlayable register banks
                             25 ;--------------------------------------------------------
                             26 	.area REG_BANK_0	(REL,OVR,DATA)
   0000                      27 	.ds 8
                             28 ;--------------------------------------------------------
                             29 ; overlayable bit register bank
                             30 ;--------------------------------------------------------
                             31 	.area BIT_BANK	(REL,OVR,DATA)
   0000                      32 bits:
   0000                      33 	.ds 1
                    8000     34 	b0 = bits[0]
                    8100     35 	b1 = bits[1]
                    8200     36 	b2 = bits[2]
                    8300     37 	b3 = bits[3]
                    8400     38 	b4 = bits[4]
                    8500     39 	b5 = bits[5]
                    8600     40 	b6 = bits[6]
                    8700     41 	b7 = bits[7]
                             42 ;--------------------------------------------------------
                             43 ; internal ram data
                             44 ;--------------------------------------------------------
                             45 	.area DSEG    (DATA)
                             46 ;--------------------------------------------------------
                             47 ; overlayable items in internal ram 
                             48 ;--------------------------------------------------------
                             49 	.area OSEG    (OVR,DATA)
                             50 ;--------------------------------------------------------
                             51 ; indirectly addressable internal ram data
                             52 ;--------------------------------------------------------
                             53 	.area ISEG    (DATA)
                             54 ;--------------------------------------------------------
                             55 ; absolute internal ram data
                             56 ;--------------------------------------------------------
                             57 	.area IABS    (ABS,DATA)
                             58 	.area IABS    (ABS,DATA)
                             59 ;--------------------------------------------------------
                             60 ; bit data
                             61 ;--------------------------------------------------------
                             62 	.area BSEG    (BIT)
                             63 ;--------------------------------------------------------
                             64 ; paged external ram data
                             65 ;--------------------------------------------------------
                             66 	.area PSEG    (PAG,XDATA)
                             67 ;--------------------------------------------------------
                             68 ; external ram data
                             69 ;--------------------------------------------------------
                             70 	.area XSEG    (XDATA)
                             71 ;--------------------------------------------------------
                             72 ; absolute external ram data
                             73 ;--------------------------------------------------------
                             74 	.area XABS    (ABS,XDATA)
                             75 ;--------------------------------------------------------
                             76 ; external initialized ram data
                             77 ;--------------------------------------------------------
                             78 	.area XISEG   (XDATA)
                             79 	.area HOME    (CODE)
                             80 	.area GSINIT0 (CODE)
                             81 	.area GSINIT1 (CODE)
                             82 	.area GSINIT2 (CODE)
                             83 	.area GSINIT3 (CODE)
                             84 	.area GSINIT4 (CODE)
                             85 	.area GSINIT5 (CODE)
                             86 	.area GSINIT  (CODE)
                             87 	.area GSFINAL (CODE)
                             88 	.area CSEG    (CODE)
                             89 ;--------------------------------------------------------
                             90 ; global & static initialisations
                             91 ;--------------------------------------------------------
                             92 	.area HOME    (CODE)
                             93 	.area GSINIT  (CODE)
                             94 	.area GSFINAL (CODE)
                             95 	.area GSINIT  (CODE)
                             96 ;--------------------------------------------------------
                             97 ; Home
                             98 ;--------------------------------------------------------
                             99 	.area HOME    (CODE)
                            100 	.area HOME    (CODE)
                            101 ;--------------------------------------------------------
                            102 ; code
                            103 ;--------------------------------------------------------
                            104 	.area CSEG    (CODE)
                            105 ;------------------------------------------------------------
                            106 ;Allocation info for local variables in function 'sincoshf'
                            107 ;------------------------------------------------------------
                            108 ;iscosh                    Allocated to stack - offset -4
                            109 ;x                         Allocated to stack - offset 1
                            110 ;y                         Allocated to registers r2 r3 r4 r5 
                            111 ;w                         Allocated to registers r2 r3 r4 r5 
                            112 ;z                         Allocated to stack - offset 5
                            113 ;sign                      Allocated to registers b0 
                            114 ;sloc0                     Allocated to stack - offset 9
                            115 ;------------------------------------------------------------
                            116 ;	sincoshf.c:53: float sincoshf(const float x, const int iscosh)
                            117 ;	-----------------------------------------
                            118 ;	 function sincoshf
                            119 ;	-----------------------------------------
   0000                     120 _sincoshf:
                    0002    121 	ar2 = 0x02
                    0003    122 	ar3 = 0x03
                    0004    123 	ar4 = 0x04
                    0005    124 	ar5 = 0x05
                    0006    125 	ar6 = 0x06
                    0007    126 	ar7 = 0x07
                    0000    127 	ar0 = 0x00
                    0001    128 	ar1 = 0x01
   0000 C0*00               129 	push	_bp
   0002 85 81*00            130 	mov	_bp,sp
   0005 C0 82               131 	push	dpl
   0007 C0 83               132 	push	dph
   0009 C0 F0               133 	push	b
   000B C0 E0               134 	push	acc
   000D E5 81               135 	mov	a,sp
   000F 24 0C               136 	add	a,#0x0c
   0011 F5 81               137 	mov	sp,a
                            138 ;	sincoshf.c:58: if (x<0.0) { y=-x; sign=1; }
   0013 E4                  139 	clr	a
   0014 C0 E0               140 	push	acc
   0016 C0 E0               141 	push	acc
   0018 C0 E0               142 	push	acc
   001A C0 E0               143 	push	acc
   001C A8*00               144 	mov	r0,_bp
   001E 08                  145 	inc	r0
   001F 86 82               146 	mov	dpl,@r0
   0021 08                  147 	inc	r0
   0022 86 83               148 	mov	dph,@r0
   0024 08                  149 	inc	r0
   0025 86 F0               150 	mov	b,@r0
   0027 08                  151 	inc	r0
   0028 E6                  152 	mov	a,@r0
   0029 12s00r00            153 	lcall	___fslt
   002C AE 82               154 	mov	r6,dpl
   002E E5 81               155 	mov	a,sp
   0030 24 FC               156 	add	a,#0xfc
   0032 F5 81               157 	mov	sp,a
   0034 EE                  158 	mov	a,r6
   0035 60 14               159 	jz	00102$
   0037 A8*00               160 	mov	r0,_bp
   0039 08                  161 	inc	r0
   003A 86 02               162 	mov	ar2,@r0
   003C 08                  163 	inc	r0
   003D 86 03               164 	mov	ar3,@r0
   003F 08                  165 	inc	r0
   0040 86 04               166 	mov	ar4,@r0
   0042 08                  167 	inc	r0
   0043 E6                  168 	mov	a,@r0
   0044 B2 E7               169 	cpl	acc.7
   0046 FD                  170 	mov	r5,a
   0047 D2*00               171 	setb	b0
   0049 80 10               172 	sjmp	00103$
   004B                     173 00102$:
                            174 ;	sincoshf.c:59: else { y=x;  sign=0; }
   004B A8*00               175 	mov	r0,_bp
   004D 08                  176 	inc	r0
   004E 86 02               177 	mov	ar2,@r0
   0050 08                  178 	inc	r0
   0051 86 03               179 	mov	ar3,@r0
   0053 08                  180 	inc	r0
   0054 86 04               181 	mov	ar4,@r0
   0056 08                  182 	inc	r0
   0057 86 05               183 	mov	ar5,@r0
   0059 C2*00               184 	clr	b0
   005B                     185 00103$:
                            186 ;	sincoshf.c:61: if ((y>1.0) || iscosh)
   005B C0 02               187 	push	ar2
   005D C0 03               188 	push	ar3
   005F C0 04               189 	push	ar4
   0061 C0 05               190 	push	ar5
   0063 C0*00               191 	push	bits
   0065 E4                  192 	clr	a
   0066 C0 E0               193 	push	acc
   0068 C0 E0               194 	push	acc
   006A 74 80               195 	mov	a,#0x80
   006C C0 E0               196 	push	acc
   006E 74 3F               197 	mov	a,#0x3F
   0070 C0 E0               198 	push	acc
   0072 8A 82               199 	mov	dpl,r2
   0074 8B 83               200 	mov	dph,r3
   0076 8C F0               201 	mov	b,r4
   0078 ED                  202 	mov	a,r5
   0079 12s00r00            203 	lcall	___fsgt
   007C AE 82               204 	mov	r6,dpl
   007E E5 81               205 	mov	a,sp
   0080 24 FC               206 	add	a,#0xfc
   0082 F5 81               207 	mov	sp,a
   0084 D0*00               208 	pop	bits
   0086 D0 05               209 	pop	ar5
   0088 D0 04               210 	pop	ar4
   008A D0 03               211 	pop	ar3
   008C D0 02               212 	pop	ar2
   008E EE                  213 	mov	a,r6
   008F 70 0D               214 	jnz	00117$
   0091 E5*00               215 	mov	a,_bp
   0093 24 FC               216 	add	a,#0xfc
   0095 F8                  217 	mov	r0,a
   0096 E6                  218 	mov	a,@r0
   0097 08                  219 	inc	r0
   0098 46                  220 	orl	a,@r0
   0099 70 03               221 	jnz	00132$
   009B 02s02rDC            222 	ljmp	00118$
   009E                     223 00132$:
   009E                     224 00117$:
                            225 ;	sincoshf.c:63: if(y>YBAR)
   009E C0 02               226 	push	ar2
   00A0 C0 03               227 	push	ar3
   00A2 C0 04               228 	push	ar4
   00A4 C0 05               229 	push	ar5
   00A6 C0*00               230 	push	bits
   00A8 E4                  231 	clr	a
   00A9 C0 E0               232 	push	acc
   00AB C0 E0               233 	push	acc
   00AD 74 10               234 	mov	a,#0x10
   00AF C0 E0               235 	push	acc
   00B1 74 41               236 	mov	a,#0x41
   00B3 C0 E0               237 	push	acc
   00B5 8A 82               238 	mov	dpl,r2
   00B7 8B 83               239 	mov	dph,r3
   00B9 8C F0               240 	mov	b,r4
   00BB ED                  241 	mov	a,r5
   00BC 12s00r00            242 	lcall	___fsgt
   00BF AE 82               243 	mov	r6,dpl
   00C1 E5 81               244 	mov	a,sp
   00C3 24 FC               245 	add	a,#0xfc
   00C5 F5 81               246 	mov	sp,a
   00C7 D0*00               247 	pop	bits
   00C9 D0 05               248 	pop	ar5
   00CB D0 04               249 	pop	ar4
   00CD D0 03               250 	pop	ar3
   00CF D0 02               251 	pop	ar2
   00D1 EE                  252 	mov	a,r6
   00D2 70 03               253 	jnz	00133$
   00D4 02s01rE6            254 	ljmp	00110$
   00D7                     255 00133$:
                            256 ;	sincoshf.c:65: w=y-K1;
   00D7 C0*00               257 	push	bits
   00D9 E4                  258 	clr	a
   00DA C0 E0               259 	push	acc
   00DC 74 73               260 	mov	a,#0x73
   00DE C0 E0               261 	push	acc
   00E0 74 31               262 	mov	a,#0x31
   00E2 C0 E0               263 	push	acc
   00E4 74 3F               264 	mov	a,#0x3F
   00E6 C0 E0               265 	push	acc
   00E8 8A 82               266 	mov	dpl,r2
   00EA 8B 83               267 	mov	dph,r3
   00EC 8C F0               268 	mov	b,r4
   00EE ED                  269 	mov	a,r5
   00EF 12s00r00            270 	lcall	___fssub
   00F2 AA 82               271 	mov	r2,dpl
   00F4 AB 83               272 	mov	r3,dph
   00F6 AC F0               273 	mov	r4,b
   00F8 FD                  274 	mov	r5,a
   00F9 E5 81               275 	mov	a,sp
   00FB 24 FC               276 	add	a,#0xfc
   00FD F5 81               277 	mov	sp,a
   00FF D0*00               278 	pop	bits
                            279 ;	sincoshf.c:66: if (w>WMAX)
   0101 C0 02               280 	push	ar2
   0103 C0 03               281 	push	ar3
   0105 C0 04               282 	push	ar4
   0107 C0 05               283 	push	ar5
   0109 C0*00               284 	push	bits
   010B 74 CF               285 	mov	a,#0xCF
   010D C0 E0               286 	push	acc
   010F 74 BD               287 	mov	a,#0xBD
   0111 C0 E0               288 	push	acc
   0113 74 33               289 	mov	a,#0x33
   0115 C0 E0               290 	push	acc
   0117 74 42               291 	mov	a,#0x42
   0119 C0 E0               292 	push	acc
   011B 8A 82               293 	mov	dpl,r2
   011D 8B 83               294 	mov	dph,r3
   011F 8C F0               295 	mov	b,r4
   0121 ED                  296 	mov	a,r5
   0122 12s00r00            297 	lcall	___fsgt
   0125 AE 82               298 	mov	r6,dpl
   0127 E5 81               299 	mov	a,sp
   0129 24 FC               300 	add	a,#0xfc
   012B F5 81               301 	mov	sp,a
   012D D0*00               302 	pop	bits
   012F D0 05               303 	pop	ar5
   0131 D0 04               304 	pop	ar4
   0133 D0 03               305 	pop	ar3
   0135 D0 02               306 	pop	ar2
   0137 EE                  307 	mov	a,r6
   0138 60 19               308 	jz	00105$
                            309 ;	sincoshf.c:68: errno=ERANGE;
   013A 75*00 22            310 	mov	_errno,#0x22
   013D 75*01 00            311 	mov	(_errno + 1),#0x00
                            312 ;	sincoshf.c:69: z=HUGE_VALF;
   0140 E5*00               313 	mov	a,_bp
   0142 24 05               314 	add	a,#0x05
   0144 F8                  315 	mov	r0,a
   0145 76 FF               316 	mov	@r0,#0xFF
   0147 08                  317 	inc	r0
   0148 76 FF               318 	mov	@r0,#0xFF
   014A 08                  319 	inc	r0
   014B 76 7F               320 	mov	@r0,#0x7F
   014D 08                  321 	inc	r0
   014E 76 7F               322 	mov	@r0,#0x7F
   0150 02s02rC1            323 	ljmp	00111$
   0153                     324 00105$:
                            325 ;	sincoshf.c:73: z=expf(w);
   0153 8A 82               326 	mov	dpl,r2
   0155 8B 83               327 	mov	dph,r3
   0157 8C F0               328 	mov	b,r4
   0159 ED                  329 	mov	a,r5
   015A C0*00               330 	push	bits
   015C 12s00r00            331 	lcall	_expf
   015F AA 82               332 	mov	r2,dpl
   0161 AB 83               333 	mov	r3,dph
   0163 AC F0               334 	mov	r4,b
   0165 FD                  335 	mov	r5,a
   0166 D0*00               336 	pop	bits
   0168 E5*00               337 	mov	a,_bp
   016A 24 05               338 	add	a,#0x05
   016C F8                  339 	mov	r0,a
   016D A6 02               340 	mov	@r0,ar2
   016F 08                  341 	inc	r0
   0170 A6 03               342 	mov	@r0,ar3
   0172 08                  343 	inc	r0
   0173 A6 04               344 	mov	@r0,ar4
   0175 08                  345 	inc	r0
   0176 A6 05               346 	mov	@r0,ar5
                            347 ;	sincoshf.c:74: z+=K3*z;
   0178 C0*00               348 	push	bits
   017A E5*00               349 	mov	a,_bp
   017C 24 05               350 	add	a,#0x05
   017E F8                  351 	mov	r0,a
   017F E6                  352 	mov	a,@r0
   0180 C0 E0               353 	push	acc
   0182 08                  354 	inc	r0
   0183 E6                  355 	mov	a,@r0
   0184 C0 E0               356 	push	acc
   0186 08                  357 	inc	r0
   0187 E6                  358 	mov	a,@r0
   0188 C0 E0               359 	push	acc
   018A 08                  360 	inc	r0
   018B E6                  361 	mov	a,@r0
   018C C0 E0               362 	push	acc
   018E 90 08 97            363 	mov	dptr,#0x0897
   0191 75 F0 68            364 	mov	b,#0x68
   0194 74 37               365 	mov	a,#0x37
   0196 12s00r00            366 	lcall	___fsmul
   0199 AA 82               367 	mov	r2,dpl
   019B AB 83               368 	mov	r3,dph
   019D AC F0               369 	mov	r4,b
   019F FD                  370 	mov	r5,a
   01A0 E5 81               371 	mov	a,sp
   01A2 24 FC               372 	add	a,#0xfc
   01A4 F5 81               373 	mov	sp,a
   01A6 D0*00               374 	pop	bits
   01A8 C0*00               375 	push	bits
   01AA C0 02               376 	push	ar2
   01AC C0 03               377 	push	ar3
   01AE C0 04               378 	push	ar4
   01B0 C0 05               379 	push	ar5
   01B2 E5*00               380 	mov	a,_bp
   01B4 24 05               381 	add	a,#0x05
   01B6 F8                  382 	mov	r0,a
   01B7 86 82               383 	mov	dpl,@r0
   01B9 08                  384 	inc	r0
   01BA 86 83               385 	mov	dph,@r0
   01BC 08                  386 	inc	r0
   01BD 86 F0               387 	mov	b,@r0
   01BF 08                  388 	inc	r0
   01C0 E6                  389 	mov	a,@r0
   01C1 12s00r00            390 	lcall	___fsadd
   01C4 AA 82               391 	mov	r2,dpl
   01C6 AB 83               392 	mov	r3,dph
   01C8 AC F0               393 	mov	r4,b
   01CA FD                  394 	mov	r5,a
   01CB E5 81               395 	mov	a,sp
   01CD 24 FC               396 	add	a,#0xfc
   01CF F5 81               397 	mov	sp,a
   01D1 D0*00               398 	pop	bits
   01D3 E5*00               399 	mov	a,_bp
   01D5 24 05               400 	add	a,#0x05
   01D7 F8                  401 	mov	r0,a
   01D8 A6 02               402 	mov	@r0,ar2
   01DA 08                  403 	inc	r0
   01DB A6 03               404 	mov	@r0,ar3
   01DD 08                  405 	inc	r0
   01DE A6 04               406 	mov	@r0,ar4
   01E0 08                  407 	inc	r0
   01E1 A6 05               408 	mov	@r0,ar5
   01E3 02s02rC1            409 	ljmp	00111$
   01E6                     410 00110$:
                            411 ;	sincoshf.c:79: z=expf(y);
   01E6 8A 82               412 	mov	dpl,r2
   01E8 8B 83               413 	mov	dph,r3
   01EA 8C F0               414 	mov	b,r4
   01EC ED                  415 	mov	a,r5
   01ED C0*00               416 	push	bits
   01EF 12s00r00            417 	lcall	_expf
   01F2 AA 82               418 	mov	r2,dpl
   01F4 AB 83               419 	mov	r3,dph
   01F6 AC F0               420 	mov	r4,b
   01F8 FD                  421 	mov	r5,a
   01F9 D0*00               422 	pop	bits
   01FB E5*00               423 	mov	a,_bp
   01FD 24 05               424 	add	a,#0x05
   01FF F8                  425 	mov	r0,a
   0200 A6 02               426 	mov	@r0,ar2
   0202 08                  427 	inc	r0
   0203 A6 03               428 	mov	@r0,ar3
   0205 08                  429 	inc	r0
   0206 A6 04               430 	mov	@r0,ar4
   0208 08                  431 	inc	r0
   0209 A6 05               432 	mov	@r0,ar5
                            433 ;	sincoshf.c:80: w=1.0/z;
   020B C0*00               434 	push	bits
   020D E5*00               435 	mov	a,_bp
   020F 24 05               436 	add	a,#0x05
   0211 F8                  437 	mov	r0,a
   0212 E6                  438 	mov	a,@r0
   0213 C0 E0               439 	push	acc
   0215 08                  440 	inc	r0
   0216 E6                  441 	mov	a,@r0
   0217 C0 E0               442 	push	acc
   0219 08                  443 	inc	r0
   021A E6                  444 	mov	a,@r0
   021B C0 E0               445 	push	acc
   021D 08                  446 	inc	r0
   021E E6                  447 	mov	a,@r0
   021F C0 E0               448 	push	acc
   0221 90 00 00            449 	mov	dptr,#0x0000
   0224 75 F0 80            450 	mov	b,#0x80
   0227 74 3F               451 	mov	a,#0x3F
   0229 12s00r00            452 	lcall	___fsdiv
   022C C8                  453 	xch	a,r0
   022D E5*00               454 	mov	a,_bp
   022F 24 09               455 	add	a,#0x09
   0231 C8                  456 	xch	a,r0
   0232 A6 82               457 	mov	@r0,dpl
   0234 08                  458 	inc	r0
   0235 A6 83               459 	mov	@r0,dph
   0237 08                  460 	inc	r0
   0238 A6 F0               461 	mov	@r0,b
   023A 08                  462 	inc	r0
   023B F6                  463 	mov	@r0,a
   023C E5 81               464 	mov	a,sp
   023E 24 FC               465 	add	a,#0xfc
   0240 F5 81               466 	mov	sp,a
   0242 D0*00               467 	pop	bits
   0244 E5*00               468 	mov	a,_bp
   0246 24 09               469 	add	a,#0x09
   0248 F8                  470 	mov	r0,a
   0249 86 02               471 	mov	ar2,@r0
   024B 08                  472 	inc	r0
   024C 86 03               473 	mov	ar3,@r0
   024E 08                  474 	inc	r0
   024F 86 04               475 	mov	ar4,@r0
   0251 08                  476 	inc	r0
   0252 86 05               477 	mov	ar5,@r0
                            478 ;	sincoshf.c:81: if(!iscosh) w=-w;
   0254 E5*00               479 	mov	a,_bp
   0256 24 FC               480 	add	a,#0xfc
   0258 F8                  481 	mov	r0,a
   0259 E6                  482 	mov	a,@r0
   025A 08                  483 	inc	r0
   025B 46                  484 	orl	a,@r0
   025C 70 04               485 	jnz	00108$
   025E ED                  486 	mov	a,r5
   025F B2 E7               487 	cpl	acc.7
   0261 FD                  488 	mov	r5,a
   0262                     489 00108$:
                            490 ;	sincoshf.c:82: z=(z+w)*0.5;
   0262 C0*00               491 	push	bits
   0264 C0 02               492 	push	ar2
   0266 C0 03               493 	push	ar3
   0268 C0 04               494 	push	ar4
   026A C0 05               495 	push	ar5
   026C E5*00               496 	mov	a,_bp
   026E 24 05               497 	add	a,#0x05
   0270 F8                  498 	mov	r0,a
   0271 86 82               499 	mov	dpl,@r0
   0273 08                  500 	inc	r0
   0274 86 83               501 	mov	dph,@r0
   0276 08                  502 	inc	r0
   0277 86 F0               503 	mov	b,@r0
   0279 08                  504 	inc	r0
   027A E6                  505 	mov	a,@r0
   027B 12s00r00            506 	lcall	___fsadd
   027E AA 82               507 	mov	r2,dpl
   0280 AB 83               508 	mov	r3,dph
   0282 AC F0               509 	mov	r4,b
   0284 FD                  510 	mov	r5,a
   0285 E5 81               511 	mov	a,sp
   0287 24 FC               512 	add	a,#0xfc
   0289 F5 81               513 	mov	sp,a
   028B D0*00               514 	pop	bits
   028D C0*00               515 	push	bits
   028F C0 02               516 	push	ar2
   0291 C0 03               517 	push	ar3
   0293 C0 04               518 	push	ar4
   0295 C0 05               519 	push	ar5
   0297 90 00 00            520 	mov	dptr,#(0x00&0x00ff)
   029A E4                  521 	clr	a
   029B F5 F0               522 	mov	b,a
   029D 74 3F               523 	mov	a,#0x3F
   029F 12s00r00            524 	lcall	___fsmul
   02A2 AA 82               525 	mov	r2,dpl
   02A4 AB 83               526 	mov	r3,dph
   02A6 AC F0               527 	mov	r4,b
   02A8 FD                  528 	mov	r5,a
   02A9 E5 81               529 	mov	a,sp
   02AB 24 FC               530 	add	a,#0xfc
   02AD F5 81               531 	mov	sp,a
   02AF D0*00               532 	pop	bits
   02B1 E5*00               533 	mov	a,_bp
   02B3 24 05               534 	add	a,#0x05
   02B5 F8                  535 	mov	r0,a
   02B6 A6 02               536 	mov	@r0,ar2
   02B8 08                  537 	inc	r0
   02B9 A6 03               538 	mov	@r0,ar3
   02BB 08                  539 	inc	r0
   02BC A6 04               540 	mov	@r0,ar4
   02BE 08                  541 	inc	r0
   02BF A6 05               542 	mov	@r0,ar5
   02C1                     543 00111$:
                            544 ;	sincoshf.c:84: if(sign) z=-z;
   02C1 20*00 03            545 	jb	b0,00136$
   02C4 02s04r9E            546 	ljmp	00119$
   02C7                     547 00136$:
   02C7 E5*00               548 	mov	a,_bp
   02C9 24 05               549 	add	a,#0x05
   02CB F8                  550 	mov	r0,a
   02CC E6                  551 	mov	a,@r0
   02CD F6                  552 	mov	@r0,a
   02CE 08                  553 	inc	r0
   02CF E6                  554 	mov	a,@r0
   02D0 F6                  555 	mov	@r0,a
   02D1 08                  556 	inc	r0
   02D2 E6                  557 	mov	a,@r0
   02D3 F6                  558 	mov	@r0,a
   02D4 08                  559 	inc	r0
   02D5 E6                  560 	mov	a,@r0
   02D6 B2 E7               561 	cpl	acc.7
   02D8 F6                  562 	mov	@r0,a
   02D9 02s04r9E            563 	ljmp	00119$
   02DC                     564 00118$:
                            565 ;	sincoshf.c:88: if (y<EPS)
   02DC E4                  566 	clr	a
   02DD C0 E0               567 	push	acc
   02DF C0 E0               568 	push	acc
   02E1 74 80               569 	mov	a,#0x80
   02E3 C0 E0               570 	push	acc
   02E5 74 39               571 	mov	a,#0x39
   02E7 C0 E0               572 	push	acc
   02E9 8A 82               573 	mov	dpl,r2
   02EB 8B 83               574 	mov	dph,r3
   02ED 8C F0               575 	mov	b,r4
   02EF ED                  576 	mov	a,r5
   02F0 12s00r00            577 	lcall	___fslt
   02F3 AE 82               578 	mov	r6,dpl
   02F5 E5 81               579 	mov	a,sp
   02F7 24 FC               580 	add	a,#0xfc
   02F9 F5 81               581 	mov	sp,a
   02FB EE                  582 	mov	a,r6
   02FC 60 19               583 	jz	00115$
                            584 ;	sincoshf.c:89: z=x;
   02FE A8*00               585 	mov	r0,_bp
   0300 08                  586 	inc	r0
   0301 E5*00               587 	mov	a,_bp
   0303 24 05               588 	add	a,#0x05
   0305 F9                  589 	mov	r1,a
   0306 E6                  590 	mov	a,@r0
   0307 F7                  591 	mov	@r1,a
   0308 08                  592 	inc	r0
   0309 09                  593 	inc	r1
   030A E6                  594 	mov	a,@r0
   030B F7                  595 	mov	@r1,a
   030C 08                  596 	inc	r0
   030D 09                  597 	inc	r1
   030E E6                  598 	mov	a,@r0
   030F F7                  599 	mov	@r1,a
   0310 08                  600 	inc	r0
   0311 09                  601 	inc	r1
   0312 E6                  602 	mov	a,@r0
   0313 F7                  603 	mov	@r1,a
   0314 02s04r9E            604 	ljmp	00119$
   0317                     605 00115$:
                            606 ;	sincoshf.c:92: z=x*x;
   0317 A8*00               607 	mov	r0,_bp
   0319 08                  608 	inc	r0
   031A E6                  609 	mov	a,@r0
   031B C0 E0               610 	push	acc
   031D 08                  611 	inc	r0
   031E E6                  612 	mov	a,@r0
   031F C0 E0               613 	push	acc
   0321 08                  614 	inc	r0
   0322 E6                  615 	mov	a,@r0
   0323 C0 E0               616 	push	acc
   0325 08                  617 	inc	r0
   0326 E6                  618 	mov	a,@r0
   0327 C0 E0               619 	push	acc
   0329 A8*00               620 	mov	r0,_bp
   032B 08                  621 	inc	r0
   032C 86 82               622 	mov	dpl,@r0
   032E 08                  623 	inc	r0
   032F 86 83               624 	mov	dph,@r0
   0331 08                  625 	inc	r0
   0332 86 F0               626 	mov	b,@r0
   0334 08                  627 	inc	r0
   0335 E6                  628 	mov	a,@r0
   0336 12s00r00            629 	lcall	___fsmul
   0339 AE 82               630 	mov	r6,dpl
   033B AF 83               631 	mov	r7,dph
   033D AA F0               632 	mov	r2,b
   033F FB                  633 	mov	r3,a
   0340 E5 81               634 	mov	a,sp
   0342 24 FC               635 	add	a,#0xfc
   0344 F5 81               636 	mov	sp,a
   0346 E5*00               637 	mov	a,_bp
   0348 24 05               638 	add	a,#0x05
   034A F8                  639 	mov	r0,a
   034B A6 06               640 	mov	@r0,ar6
   034D 08                  641 	inc	r0
   034E A6 07               642 	mov	@r0,ar7
   0350 08                  643 	inc	r0
   0351 A6 02               644 	mov	@r0,ar2
   0353 08                  645 	inc	r0
   0354 A6 03               646 	mov	@r0,ar3
                            647 ;	sincoshf.c:93: z=x+x*z*P(z)/Q(z);
   0356 E5*00               648 	mov	a,_bp
   0358 24 05               649 	add	a,#0x05
   035A F8                  650 	mov	r0,a
   035B E6                  651 	mov	a,@r0
   035C C0 E0               652 	push	acc
   035E 08                  653 	inc	r0
   035F E6                  654 	mov	a,@r0
   0360 C0 E0               655 	push	acc
   0362 08                  656 	inc	r0
   0363 E6                  657 	mov	a,@r0
   0364 C0 E0               658 	push	acc
   0366 08                  659 	inc	r0
   0367 E6                  660 	mov	a,@r0
   0368 C0 E0               661 	push	acc
   036A A8*00               662 	mov	r0,_bp
   036C 08                  663 	inc	r0
   036D 86 82               664 	mov	dpl,@r0
   036F 08                  665 	inc	r0
   0370 86 83               666 	mov	dph,@r0
   0372 08                  667 	inc	r0
   0373 86 F0               668 	mov	b,@r0
   0375 08                  669 	inc	r0
   0376 E6                  670 	mov	a,@r0
   0377 12s00r00            671 	lcall	___fsmul
   037A C8                  672 	xch	a,r0
   037B E5*00               673 	mov	a,_bp
   037D 24 09               674 	add	a,#0x09
   037F C8                  675 	xch	a,r0
   0380 A6 82               676 	mov	@r0,dpl
   0382 08                  677 	inc	r0
   0383 A6 83               678 	mov	@r0,dph
   0385 08                  679 	inc	r0
   0386 A6 F0               680 	mov	@r0,b
   0388 08                  681 	inc	r0
   0389 F6                  682 	mov	@r0,a
   038A E5 81               683 	mov	a,sp
   038C 24 FC               684 	add	a,#0xfc
   038E F5 81               685 	mov	sp,a
   0390 E5*00               686 	mov	a,_bp
   0392 24 05               687 	add	a,#0x05
   0394 F8                  688 	mov	r0,a
   0395 E6                  689 	mov	a,@r0
   0396 C0 E0               690 	push	acc
   0398 08                  691 	inc	r0
   0399 E6                  692 	mov	a,@r0
   039A C0 E0               693 	push	acc
   039C 08                  694 	inc	r0
   039D E6                  695 	mov	a,@r0
   039E C0 E0               696 	push	acc
   03A0 08                  697 	inc	r0
   03A1 E6                  698 	mov	a,@r0
   03A2 C0 E0               699 	push	acc
   03A4 90 E6 EA            700 	mov	dptr,#0xE6EA
   03A7 75 F0 42            701 	mov	b,#0x42
   03AA 74 BE               702 	mov	a,#0xBE
   03AC 12s00r00            703 	lcall	___fsmul
   03AF AE 82               704 	mov	r6,dpl
   03B1 AF 83               705 	mov	r7,dph
   03B3 AA F0               706 	mov	r2,b
   03B5 FB                  707 	mov	r3,a
   03B6 E5 81               708 	mov	a,sp
   03B8 24 FC               709 	add	a,#0xfc
   03BA F5 81               710 	mov	sp,a
   03BC 74 F0               711 	mov	a,#0xF0
   03BE C0 E0               712 	push	acc
   03C0 74 69               713 	mov	a,#0x69
   03C2 C0 E0               714 	push	acc
   03C4 74 E4               715 	mov	a,#0xE4
   03C6 C0 E0               716 	push	acc
   03C8 74 C0               717 	mov	a,#0xC0
   03CA C0 E0               718 	push	acc
   03CC 8E 82               719 	mov	dpl,r6
   03CE 8F 83               720 	mov	dph,r7
   03D0 8A F0               721 	mov	b,r2
   03D2 EB                  722 	mov	a,r3
   03D3 12s00r00            723 	lcall	___fsadd
   03D6 AA 82               724 	mov	r2,dpl
   03D8 AB 83               725 	mov	r3,dph
   03DA AC F0               726 	mov	r4,b
   03DC FD                  727 	mov	r5,a
   03DD E5 81               728 	mov	a,sp
   03DF 24 FC               729 	add	a,#0xfc
   03E1 F5 81               730 	mov	sp,a
   03E3 C0 02               731 	push	ar2
   03E5 C0 03               732 	push	ar3
   03E7 C0 04               733 	push	ar4
   03E9 C0 05               734 	push	ar5
   03EB E5*00               735 	mov	a,_bp
   03ED 24 09               736 	add	a,#0x09
   03EF F8                  737 	mov	r0,a
   03F0 86 82               738 	mov	dpl,@r0
   03F2 08                  739 	inc	r0
   03F3 86 83               740 	mov	dph,@r0
   03F5 08                  741 	inc	r0
   03F6 86 F0               742 	mov	b,@r0
   03F8 08                  743 	inc	r0
   03F9 E6                  744 	mov	a,@r0
   03FA 12s00r00            745 	lcall	___fsmul
   03FD C8                  746 	xch	a,r0
   03FE E5*00               747 	mov	a,_bp
   0400 24 09               748 	add	a,#0x09
   0402 C8                  749 	xch	a,r0
   0403 A6 82               750 	mov	@r0,dpl
   0405 08                  751 	inc	r0
   0406 A6 83               752 	mov	@r0,dph
   0408 08                  753 	inc	r0
   0409 A6 F0               754 	mov	@r0,b
   040B 08                  755 	inc	r0
   040C F6                  756 	mov	@r0,a
   040D E5 81               757 	mov	a,sp
   040F 24 FC               758 	add	a,#0xfc
   0411 F5 81               759 	mov	sp,a
   0413 74 93               760 	mov	a,#0x93
   0415 C0 E0               761 	push	acc
   0417 74 4F               762 	mov	a,#0x4F
   0419 C0 E0               763 	push	acc
   041B 74 2B               764 	mov	a,#0x2B
   041D C0 E0               765 	push	acc
   041F 74 C2               766 	mov	a,#0xC2
   0421 C0 E0               767 	push	acc
   0423 E5*00               768 	mov	a,_bp
   0425 24 05               769 	add	a,#0x05
   0427 F8                  770 	mov	r0,a
   0428 86 82               771 	mov	dpl,@r0
   042A 08                  772 	inc	r0
   042B 86 83               773 	mov	dph,@r0
   042D 08                  774 	inc	r0
   042E 86 F0               775 	mov	b,@r0
   0430 08                  776 	inc	r0
   0431 E6                  777 	mov	a,@r0
   0432 12s00r00            778 	lcall	___fsadd
   0435 AE 82               779 	mov	r6,dpl
   0437 AF 83               780 	mov	r7,dph
   0439 AA F0               781 	mov	r2,b
   043B FB                  782 	mov	r3,a
   043C E5 81               783 	mov	a,sp
   043E 24 FC               784 	add	a,#0xfc
   0440 F5 81               785 	mov	sp,a
   0442 C0 06               786 	push	ar6
   0444 C0 07               787 	push	ar7
   0446 C0 02               788 	push	ar2
   0448 C0 03               789 	push	ar3
   044A E5*00               790 	mov	a,_bp
   044C 24 09               791 	add	a,#0x09
   044E F8                  792 	mov	r0,a
   044F 86 82               793 	mov	dpl,@r0
   0451 08                  794 	inc	r0
   0452 86 83               795 	mov	dph,@r0
   0454 08                  796 	inc	r0
   0455 86 F0               797 	mov	b,@r0
   0457 08                  798 	inc	r0
   0458 E6                  799 	mov	a,@r0
   0459 12s00r00            800 	lcall	___fsdiv
   045C AA 82               801 	mov	r2,dpl
   045E AB 83               802 	mov	r3,dph
   0460 AC F0               803 	mov	r4,b
   0462 FD                  804 	mov	r5,a
   0463 E5 81               805 	mov	a,sp
   0465 24 FC               806 	add	a,#0xfc
   0467 F5 81               807 	mov	sp,a
   0469 C0 02               808 	push	ar2
   046B C0 03               809 	push	ar3
   046D C0 04               810 	push	ar4
   046F C0 05               811 	push	ar5
   0471 A8*00               812 	mov	r0,_bp
   0473 08                  813 	inc	r0
   0474 86 82               814 	mov	dpl,@r0
   0476 08                  815 	inc	r0
   0477 86 83               816 	mov	dph,@r0
   0479 08                  817 	inc	r0
   047A 86 F0               818 	mov	b,@r0
   047C 08                  819 	inc	r0
   047D E6                  820 	mov	a,@r0
   047E 12s00r00            821 	lcall	___fsadd
   0481 AA 82               822 	mov	r2,dpl
   0483 AB 83               823 	mov	r3,dph
   0485 AC F0               824 	mov	r4,b
   0487 FD                  825 	mov	r5,a
   0488 E5 81               826 	mov	a,sp
   048A 24 FC               827 	add	a,#0xfc
   048C F5 81               828 	mov	sp,a
   048E E5*00               829 	mov	a,_bp
   0490 24 05               830 	add	a,#0x05
   0492 F8                  831 	mov	r0,a
   0493 A6 02               832 	mov	@r0,ar2
   0495 08                  833 	inc	r0
   0496 A6 03               834 	mov	@r0,ar3
   0498 08                  835 	inc	r0
   0499 A6 04               836 	mov	@r0,ar4
   049B 08                  837 	inc	r0
   049C A6 05               838 	mov	@r0,ar5
   049E                     839 00119$:
                            840 ;	sincoshf.c:96: return z;
   049E E5*00               841 	mov	a,_bp
   04A0 24 05               842 	add	a,#0x05
   04A2 F8                  843 	mov	r0,a
   04A3 86 82               844 	mov	dpl,@r0
   04A5 08                  845 	inc	r0
   04A6 86 83               846 	mov	dph,@r0
   04A8 08                  847 	inc	r0
   04A9 86 F0               848 	mov	b,@r0
   04AB 08                  849 	inc	r0
   04AC E6                  850 	mov	a,@r0
   04AD 85*00 81            851 	mov	sp,_bp
   04B0 D0*00               852 	pop	_bp
   04B2 22                  853 	ret
                            854 	.area CSEG    (CODE)
                            855 	.area CONST   (CODE)
                            856 	.area XINIT   (CODE)
                            857 	.area CABS    (ABS,CODE)
