                              1 ;--------------------------------------------------------
                              2 ; File Created by SDCC : free open source ANSI-C Compiler
                              3 ; Version 3.0.1 #6227 (Oct  2 2015) (Linux)
                              4 ; This file was generated Fri Oct  2 17:15:26 2015
                              5 ;--------------------------------------------------------
                              6 	.module _bp
                              7 	.optsdcc -mmcs51 --model-medium
                              8 	
                              9 ;--------------------------------------------------------
                             10 ; Public variables in this module
                             11 ;--------------------------------------------------------
                             12 	.globl _bp
                             13 ;--------------------------------------------------------
                             14 ; special function registers
                             15 ;--------------------------------------------------------
                             16 	.area RSEG    (ABS,DATA)
   0000                      17 	.org 0x0000
                             18 ;--------------------------------------------------------
                             19 ; special function bits
                             20 ;--------------------------------------------------------
                             21 	.area RSEG    (ABS,DATA)
   0000                      22 	.org 0x0000
                             23 ;--------------------------------------------------------
                             24 ; overlayable register banks
                             25 ;--------------------------------------------------------
                             26 	.area REG_BANK_0	(REL,OVR,DATA)
   0000                      27 	.ds 8
                             28 ;--------------------------------------------------------
                             29 ; internal ram data
                             30 ;--------------------------------------------------------
                             31 	.area DSEG    (DATA)
   0000                      32 _bp::
   0000                      33 	.ds 1
                             34 ;--------------------------------------------------------
                             35 ; overlayable items in internal ram 
                             36 ;--------------------------------------------------------
                             37 	.area OSEG    (OVR,DATA)
                             38 ;--------------------------------------------------------
                             39 ; indirectly addressable internal ram data
                             40 ;--------------------------------------------------------
                             41 	.area ISEG    (DATA)
                             42 ;--------------------------------------------------------
                             43 ; absolute internal ram data
                             44 ;--------------------------------------------------------
                             45 	.area IABS    (ABS,DATA)
                             46 	.area IABS    (ABS,DATA)
                             47 ;--------------------------------------------------------
                             48 ; bit data
                             49 ;--------------------------------------------------------
                             50 	.area BSEG    (BIT)
                             51 ;--------------------------------------------------------
                             52 ; paged external ram data
                             53 ;--------------------------------------------------------
                             54 	.area PSEG    (PAG,XDATA)
                             55 ;--------------------------------------------------------
                             56 ; external ram data
                             57 ;--------------------------------------------------------
                             58 	.area XSEG    (XDATA)
                             59 ;--------------------------------------------------------
                             60 ; absolute external ram data
                             61 ;--------------------------------------------------------
                             62 	.area XABS    (ABS,XDATA)
                             63 ;--------------------------------------------------------
                             64 ; external initialized ram data
                             65 ;--------------------------------------------------------
                             66 	.area XISEG   (XDATA)
                             67 	.area HOME    (CODE)
                             68 	.area GSINIT0 (CODE)
                             69 	.area GSINIT1 (CODE)
                             70 	.area GSINIT2 (CODE)
                             71 	.area GSINIT3 (CODE)
                             72 	.area GSINIT4 (CODE)
                             73 	.area GSINIT5 (CODE)
                             74 	.area GSINIT  (CODE)
                             75 	.area GSFINAL (CODE)
                             76 	.area CSEG    (CODE)
                             77 ;--------------------------------------------------------
                             78 ; global & static initialisations
                             79 ;--------------------------------------------------------
                             80 	.area HOME    (CODE)
                             81 	.area GSINIT  (CODE)
                             82 	.area GSFINAL (CODE)
                             83 	.area GSINIT  (CODE)
                             84 ;--------------------------------------------------------
                             85 ; Home
                             86 ;--------------------------------------------------------
                             87 	.area HOME    (CODE)
                             88 	.area HOME    (CODE)
                             89 ;--------------------------------------------------------
                             90 ; code
                             91 ;--------------------------------------------------------
                             92 	.area CSEG    (CODE)
                             93 	.area CSEG    (CODE)
                             94 	.area CONST   (CODE)
                             95 	.area XINIT   (CODE)
                             96 	.area CABS    (ABS,CODE)
