                              1 ;--------------------------------------------------------
                              2 ; File Created by SDCC : free open source ANSI-C Compiler
                              3 ; Version 3.0.1 #6227 (Oct  2 2015) (Linux)
                              4 ; This file was generated Fri Oct  2 17:15:25 2015
                              5 ;--------------------------------------------------------
                              6 	.module _fsnormalize
                              7 	.optsdcc -mmcs51 --model-medium
                              8 	
                              9 ;--------------------------------------------------------
                             10 ; Public variables in this module
                             11 ;--------------------------------------------------------
                             12 ;--------------------------------------------------------
                             13 ; special function registers
                             14 ;--------------------------------------------------------
                             15 	.area RSEG    (ABS,DATA)
   0000                      16 	.org 0x0000
                             17 ;--------------------------------------------------------
                             18 ; special function bits
                             19 ;--------------------------------------------------------
                             20 	.area RSEG    (ABS,DATA)
   0000                      21 	.org 0x0000
                             22 ;--------------------------------------------------------
                             23 ; overlayable register banks
                             24 ;--------------------------------------------------------
                             25 	.area REG_BANK_0	(REL,OVR,DATA)
   0000                      26 	.ds 8
                             27 ;--------------------------------------------------------
                             28 ; internal ram data
                             29 ;--------------------------------------------------------
                             30 	.area DSEG    (DATA)
                             31 ;--------------------------------------------------------
                             32 ; overlayable items in internal ram 
                             33 ;--------------------------------------------------------
                             34 	.area OSEG    (OVR,DATA)
                             35 ;--------------------------------------------------------
                             36 ; indirectly addressable internal ram data
                             37 ;--------------------------------------------------------
                             38 	.area ISEG    (DATA)
                             39 ;--------------------------------------------------------
                             40 ; absolute internal ram data
                             41 ;--------------------------------------------------------
                             42 	.area IABS    (ABS,DATA)
                             43 	.area IABS    (ABS,DATA)
                             44 ;--------------------------------------------------------
                             45 ; bit data
                             46 ;--------------------------------------------------------
                             47 	.area BSEG    (BIT)
                             48 ;--------------------------------------------------------
                             49 ; paged external ram data
                             50 ;--------------------------------------------------------
                             51 	.area PSEG    (PAG,XDATA)
                             52 ;--------------------------------------------------------
                             53 ; external ram data
                             54 ;--------------------------------------------------------
                             55 	.area XSEG    (XDATA)
                             56 ;--------------------------------------------------------
                             57 ; absolute external ram data
                             58 ;--------------------------------------------------------
                             59 	.area XABS    (ABS,XDATA)
                             60 ;--------------------------------------------------------
                             61 ; external initialized ram data
                             62 ;--------------------------------------------------------
                             63 	.area XISEG   (XDATA)
                             64 	.area HOME    (CODE)
                             65 	.area GSINIT0 (CODE)
                             66 	.area GSINIT1 (CODE)
                             67 	.area GSINIT2 (CODE)
                             68 	.area GSINIT3 (CODE)
                             69 	.area GSINIT4 (CODE)
                             70 	.area GSINIT5 (CODE)
                             71 	.area GSINIT  (CODE)
                             72 	.area GSFINAL (CODE)
                             73 	.area CSEG    (CODE)
                             74 ;--------------------------------------------------------
                             75 ; global & static initialisations
                             76 ;--------------------------------------------------------
                             77 	.area HOME    (CODE)
                             78 	.area GSINIT  (CODE)
                             79 	.area GSFINAL (CODE)
                             80 	.area GSINIT  (CODE)
                             81 ;--------------------------------------------------------
                             82 ; Home
                             83 ;--------------------------------------------------------
                             84 	.area HOME    (CODE)
                             85 	.area HOME    (CODE)
                             86 ;--------------------------------------------------------
                             87 ; code
                             88 ;--------------------------------------------------------
                             89 	.area CSEG    (CODE)
                             90 ;------------------------------------------------------------
                             91 ;Allocation info for local variables in function 'dummy'
                             92 ;------------------------------------------------------------
                             93 ;------------------------------------------------------------
                             94 ;	_fsnormalize.c:37: static void dummy(void) __naked
                             95 ;	-----------------------------------------
                             96 ;	 function dummy
                             97 ;	-----------------------------------------
   0000                      98 _dummy:
                             99 ;	naked function: no prologue.
                            100 ;	_fsnormalize.c:84: __endasm;
                            101 	
                            102 	 .globl fs_normalize_a
   0000                     103 	fs_normalize_a:
                            104 	
   0000 78 04               105 	 mov r0, #4
   0002                     106 	00001$:
   0002 EC                  107 	 mov a, r4
   0003 70 0D               108 	 jnz 00003$
   0005 C9                  109 	 xch a, r1
   0006 CA                  110 	 xch a, r2
   0007 CB                  111 	 xch a, r3
   0008 FC                  112 	 mov r4, a
                            113 	
                            114 	
                            115 	
                            116 	
   0009 E5 82               117 	 mov a, dpl
   000B 24 F8               118 	 add a, #248
   000D F5 82               119 	 mov dpl, a
   000F D8 F1               120 	 djnz r0, 00001$
   0011 22                  121 	 ret
                            122 	
                            123 	
                            124 	
   0012                     125 	00003$:
   0012 78 20               126 	 mov r0, #32
   0014                     127 	00005$:
   0014 20 E7 11            128 	 jb acc.7, 00006$
   0017 15 82               129 	 dec dpl
   0019 C3                  130 	 clr c
   001A E9                  131 	 mov a, r1
   001B 33                  132 	 rlc a
   001C F9                  133 	 mov r1, a
   001D EA                  134 	 mov a, r2
   001E 33                  135 	 rlc a
   001F FA                  136 	 mov r2, a
   0020 EB                  137 	 mov a, r3
   0021 33                  138 	 rlc a
   0022 FB                  139 	 mov r3, a
   0023 EC                  140 	 mov a, r4
   0024 33                  141 	 rlc a
   0025 FC                  142 	 mov r4, a
   0026 D8 EC               143 	 djnz r0, 00005$
   0028                     144 	00006$:
   0028 22                  145 	 ret
                            146 	 
                            147 ;	naked function: no epilogue.
                            148 	.area CSEG    (CODE)
                            149 	.area CONST   (CODE)
                            150 	.area XINIT   (CODE)
                            151 	.area CABS    (ABS,CODE)
