                              1 ;--------------------------------------------------------
                              2 ; File Created by SDCC : free open source ANSI-C Compiler
                              3 ; Version 3.0.1 #6227 (Oct  2 2015) (Linux)
                              4 ; This file was generated Fri Oct  2 17:15:25 2015
                              5 ;--------------------------------------------------------
                              6 	.module _fsrshift
                              7 	.optsdcc -mmcs51 --model-medium
                              8 	
                              9 ;--------------------------------------------------------
                             10 ; Public variables in this module
                             11 ;--------------------------------------------------------
                             12 ;--------------------------------------------------------
                             13 ; special function registers
                             14 ;--------------------------------------------------------
                             15 	.area RSEG    (ABS,DATA)
   0000                      16 	.org 0x0000
                             17 ;--------------------------------------------------------
                             18 ; special function bits
                             19 ;--------------------------------------------------------
                             20 	.area RSEG    (ABS,DATA)
   0000                      21 	.org 0x0000
                             22 ;--------------------------------------------------------
                             23 ; overlayable register banks
                             24 ;--------------------------------------------------------
                             25 	.area REG_BANK_0	(REL,OVR,DATA)
   0000                      26 	.ds 8
                             27 ;--------------------------------------------------------
                             28 ; internal ram data
                             29 ;--------------------------------------------------------
                             30 	.area DSEG    (DATA)
                             31 ;--------------------------------------------------------
                             32 ; overlayable items in internal ram 
                             33 ;--------------------------------------------------------
                             34 	.area OSEG    (OVR,DATA)
                             35 ;--------------------------------------------------------
                             36 ; indirectly addressable internal ram data
                             37 ;--------------------------------------------------------
                             38 	.area ISEG    (DATA)
                             39 ;--------------------------------------------------------
                             40 ; absolute internal ram data
                             41 ;--------------------------------------------------------
                             42 	.area IABS    (ABS,DATA)
                             43 	.area IABS    (ABS,DATA)
                             44 ;--------------------------------------------------------
                             45 ; bit data
                             46 ;--------------------------------------------------------
                             47 	.area BSEG    (BIT)
                             48 ;--------------------------------------------------------
                             49 ; paged external ram data
                             50 ;--------------------------------------------------------
                             51 	.area PSEG    (PAG,XDATA)
                             52 ;--------------------------------------------------------
                             53 ; external ram data
                             54 ;--------------------------------------------------------
                             55 	.area XSEG    (XDATA)
                             56 ;--------------------------------------------------------
                             57 ; absolute external ram data
                             58 ;--------------------------------------------------------
                             59 	.area XABS    (ABS,XDATA)
                             60 ;--------------------------------------------------------
                             61 ; external initialized ram data
                             62 ;--------------------------------------------------------
                             63 	.area XISEG   (XDATA)
                             64 	.area HOME    (CODE)
                             65 	.area GSINIT0 (CODE)
                             66 	.area GSINIT1 (CODE)
                             67 	.area GSINIT2 (CODE)
                             68 	.area GSINIT3 (CODE)
                             69 	.area GSINIT4 (CODE)
                             70 	.area GSINIT5 (CODE)
                             71 	.area GSINIT  (CODE)
                             72 	.area GSFINAL (CODE)
                             73 	.area CSEG    (CODE)
                             74 ;--------------------------------------------------------
                             75 ; global & static initialisations
                             76 ;--------------------------------------------------------
                             77 	.area HOME    (CODE)
                             78 	.area GSINIT  (CODE)
                             79 	.area GSFINAL (CODE)
                             80 	.area GSINIT  (CODE)
                             81 ;--------------------------------------------------------
                             82 ; Home
                             83 ;--------------------------------------------------------
                             84 	.area HOME    (CODE)
                             85 	.area HOME    (CODE)
                             86 ;--------------------------------------------------------
                             87 ; code
                             88 ;--------------------------------------------------------
                             89 	.area CSEG    (CODE)
                             90 ;------------------------------------------------------------
                             91 ;Allocation info for local variables in function 'dummy'
                             92 ;------------------------------------------------------------
                             93 ;------------------------------------------------------------
                             94 ;	_fsrshift.c:37: static void dummy(void) __naked
                             95 ;	-----------------------------------------
                             96 ;	 function dummy
                             97 ;	-----------------------------------------
   0000                      98 _dummy:
                             99 ;	naked function: no prologue.
                            100 ;	_fsrshift.c:107: __endasm;
                            101 	
                            102 	 .globl fs_rshift_a
   0000                     103 	fs_rshift_a:
   0000 60 40               104 	 jz 00020$
   0002 F8                  105 	 mov r0, a
   0003 25 82               106 	 add a, dpl
   0005 50 02               107 	 jnc 00001$
   0007 74 FF               108 	 mov a, #255
   0009                     109 	00001$:
   0009 F5 82               110 	 mov dpl, a
                            111 	
   000B E8                  112 	 mov a, r0
   000C 24 F8               113 	 add a, #248
   000E 50 1E               114 	 jnc 00003$
   0010 CC                  115 	 xch a, r4
   0011 CB                  116 	 xch a, r3
   0012 CA                  117 	 xch a, r2
   0013 F9                  118 	 mov r1, a
   0014 E4                  119 	 clr a
   0015 CC                  120 	 xch a, r4
                            121 	
                            122 	
                            123 	
                            124 	
   0016 24 F8               125 	 add a, #248
   0018 50 14               126 	 jnc 00003$
   001A CB                  127 	 xch a, r3
   001B CA                  128 	 xch a, r2
   001C F9                  129 	 mov r1, a
   001D E4                  130 	 clr a
   001E CB                  131 	 xch a, r3
                            132 	
                            133 	
                            134 	
   001F 24 F8               135 	 add a, #248
   0021 50 0B               136 	 jnc 00003$
   0023 CA                  137 	 xch a, r2
   0024 F9                  138 	 mov r1, a
   0025 E4                  139 	 clr a
   0026 CA                  140 	 xch a, r2
                            141 	
                            142 	
   0027 24 F8               143 	 add a, #248
   0029 50 03               144 	 jnc 00003$
   002B 79 00               145 	 mov r1, #0
   002D 22                  146 	 ret
   002E                     147 	00003$:
   002E 24 08               148 	 add a, #8
   0030 60 10               149 	 jz 00020$
   0032 F8                  150 	 mov r0, a
                            151 	
   0033                     152 	00005$:
   0033 C3                  153 	 clr c
   0034 EC                  154 	 mov a, r4
   0035 13                  155 	 rrc a
   0036 FC                  156 	 mov r4, a
   0037 EB                  157 	 mov a, r3
   0038 13                  158 	 rrc a
   0039 FB                  159 	 mov r3, a
   003A EA                  160 	 mov a, r2
   003B 13                  161 	 rrc a
   003C FA                  162 	 mov r2, a
   003D E9                  163 	 mov a, r1
   003E 13                  164 	 rrc a
   003F F9                  165 	 mov r1, a
   0040 D8 F1               166 	 djnz r0, 00005$
   0042                     167 	00020$:
   0042 22                  168 	 ret
                            169 	 
                            170 ;	naked function: no epilogue.
                            171 	.area CSEG    (CODE)
                            172 	.area CONST   (CODE)
                            173 	.area XINIT   (CODE)
                            174 	.area CABS    (ABS,CODE)
