                              1 ;--------------------------------------------------------
                              2 ; File Created by SDCC : free open source ANSI-C Compiler
                              3 ; Version 3.0.1 #6227 (Oct  2 2015) (Linux)
                              4 ; This file was generated Fri Oct  2 17:15:26 2015
                              5 ;--------------------------------------------------------
                              6 	.module _isxdigit
                              7 	.optsdcc -mmcs51 --model-medium
                              8 	
                              9 ;--------------------------------------------------------
                             10 ; Public variables in this module
                             11 ;--------------------------------------------------------
                             12 	.globl _isxdigit
                             13 ;--------------------------------------------------------
                             14 ; special function registers
                             15 ;--------------------------------------------------------
                             16 	.area RSEG    (ABS,DATA)
   0000                      17 	.org 0x0000
                             18 ;--------------------------------------------------------
                             19 ; special function bits
                             20 ;--------------------------------------------------------
                             21 	.area RSEG    (ABS,DATA)
   0000                      22 	.org 0x0000
                             23 ;--------------------------------------------------------
                             24 ; overlayable register banks
                             25 ;--------------------------------------------------------
                             26 	.area REG_BANK_0	(REL,OVR,DATA)
   0000                      27 	.ds 8
                             28 ;--------------------------------------------------------
                             29 ; internal ram data
                             30 ;--------------------------------------------------------
                             31 	.area DSEG    (DATA)
                             32 ;--------------------------------------------------------
                             33 ; overlayable items in internal ram 
                             34 ;--------------------------------------------------------
                             35 	.area OSEG    (OVR,DATA)
                             36 ;--------------------------------------------------------
                             37 ; indirectly addressable internal ram data
                             38 ;--------------------------------------------------------
                             39 	.area ISEG    (DATA)
                             40 ;--------------------------------------------------------
                             41 ; absolute internal ram data
                             42 ;--------------------------------------------------------
                             43 	.area IABS    (ABS,DATA)
                             44 	.area IABS    (ABS,DATA)
                             45 ;--------------------------------------------------------
                             46 ; bit data
                             47 ;--------------------------------------------------------
                             48 	.area BSEG    (BIT)
                             49 ;--------------------------------------------------------
                             50 ; paged external ram data
                             51 ;--------------------------------------------------------
                             52 	.area PSEG    (PAG,XDATA)
                             53 ;--------------------------------------------------------
                             54 ; external ram data
                             55 ;--------------------------------------------------------
                             56 	.area XSEG    (XDATA)
                             57 ;--------------------------------------------------------
                             58 ; absolute external ram data
                             59 ;--------------------------------------------------------
                             60 	.area XABS    (ABS,XDATA)
                             61 ;--------------------------------------------------------
                             62 ; external initialized ram data
                             63 ;--------------------------------------------------------
                             64 	.area XISEG   (XDATA)
                             65 	.area HOME    (CODE)
                             66 	.area GSINIT0 (CODE)
                             67 	.area GSINIT1 (CODE)
                             68 	.area GSINIT2 (CODE)
                             69 	.area GSINIT3 (CODE)
                             70 	.area GSINIT4 (CODE)
                             71 	.area GSINIT5 (CODE)
                             72 	.area GSINIT  (CODE)
                             73 	.area GSFINAL (CODE)
                             74 	.area CSEG    (CODE)
                             75 ;--------------------------------------------------------
                             76 ; global & static initialisations
                             77 ;--------------------------------------------------------
                             78 	.area HOME    (CODE)
                             79 	.area GSINIT  (CODE)
                             80 	.area GSFINAL (CODE)
                             81 	.area GSINIT  (CODE)
                             82 ;--------------------------------------------------------
                             83 ; Home
                             84 ;--------------------------------------------------------
                             85 	.area HOME    (CODE)
                             86 	.area HOME    (CODE)
                             87 ;--------------------------------------------------------
                             88 ; code
                             89 ;--------------------------------------------------------
                             90 	.area CSEG    (CODE)
                             91 ;------------------------------------------------------------
                             92 ;Allocation info for local variables in function 'isxdigit'
                             93 ;------------------------------------------------------------
                             94 ;------------------------------------------------------------
                             95 ;	_isxdigit.c:33: char isxdigit (unsigned char c)
                             96 ;	-----------------------------------------
                             97 ;	 function isxdigit
                             98 ;	-----------------------------------------
   0000                      99 _isxdigit:
                    0002    100 	ar2 = 0x02
                    0003    101 	ar3 = 0x03
                    0004    102 	ar4 = 0x04
                    0005    103 	ar5 = 0x05
                    0006    104 	ar6 = 0x06
                    0007    105 	ar7 = 0x07
                    0000    106 	ar0 = 0x00
                    0001    107 	ar1 = 0x01
   0000 AA 82               108 	mov	r2,dpl
                            109 ;	_isxdigit.c:35: if ( ( c >= UC('0') && c <= UC('9')) ||
   0002 BA 30 00            110 	cjne	r2,#0x30,00113$
   0005                     111 00113$:
   0005 40 07               112 	jc	00105$
   0007 74 39               113 	mov	a,#0x39
   0009 B5 02 00            114 	cjne	a,ar2,00115$
   000C                     115 00115$:
   000C 50 18               116 	jnc	00101$
   000E                     117 00105$:
                            118 ;	_isxdigit.c:36: ( c >= UC('a') && c <= UC('f')) ||
   000E BA 61 00            119 	cjne	r2,#0x61,00117$
   0011                     120 00117$:
   0011 40 07               121 	jc	00107$
   0013 74 66               122 	mov	a,#0x66
   0015 B5 02 00            123 	cjne	a,ar2,00119$
   0018                     124 00119$:
   0018 50 0C               125 	jnc	00101$
   001A                     126 00107$:
                            127 ;	_isxdigit.c:37: ( c >= UC('A') && c <= UC('F')) )
   001A BA 41 00            128 	cjne	r2,#0x41,00121$
   001D                     129 00121$:
   001D 40 0B               130 	jc	00102$
   001F 74 46               131 	mov	a,#0x46
   0021 B5 02 00            132 	cjne	a,ar2,00123$
   0024                     133 00123$:
   0024 40 04               134 	jc	00102$
   0026                     135 00101$:
                            136 ;	_isxdigit.c:38: return 1;
   0026 75 82 01            137 	mov	dpl,#0x01
                            138 ;	_isxdigit.c:39: return 0;
   0029 22                  139 	ret
   002A                     140 00102$:
   002A 75 82 00            141 	mov	dpl,#0x00
   002D 22                  142 	ret
                            143 	.area CSEG    (CODE)
                            144 	.area CONST   (CODE)
                            145 	.area XINIT   (CODE)
                            146 	.area CABS    (ABS,CODE)
