                              1 ;--------------------------------------------------------
                              2 ; File Created by SDCC : free open source ANSI-C Compiler
                              3 ; Version 3.0.1 #6227 (Oct  2 2015) (Linux)
                              4 ; This file was generated Fri Oct  2 17:15:25 2015
                              5 ;--------------------------------------------------------
                              6 	.module ldexpf
                              7 	.optsdcc -mmcs51 --model-medium
                              8 	
                              9 ;--------------------------------------------------------
                             10 ; Public variables in this module
                             11 ;--------------------------------------------------------
                             12 	.globl _ldexpf_PARM_2
                             13 	.globl _ldexpf
                             14 ;--------------------------------------------------------
                             15 ; special function registers
                             16 ;--------------------------------------------------------
                             17 	.area RSEG    (ABS,DATA)
   0000                      18 	.org 0x0000
                             19 ;--------------------------------------------------------
                             20 ; special function bits
                             21 ;--------------------------------------------------------
                             22 	.area RSEG    (ABS,DATA)
   0000                      23 	.org 0x0000
                             24 ;--------------------------------------------------------
                             25 ; overlayable register banks
                             26 ;--------------------------------------------------------
                             27 	.area REG_BANK_0	(REL,OVR,DATA)
   0000                      28 	.ds 8
                             29 ;--------------------------------------------------------
                             30 ; internal ram data
                             31 ;--------------------------------------------------------
                             32 	.area DSEG    (DATA)
                             33 ;--------------------------------------------------------
                             34 ; overlayable items in internal ram 
                             35 ;--------------------------------------------------------
                             36 	.area	OSEG    (OVR,DATA)
   0000                      37 _ldexpf_sloc0_1_0::
   0000                      38 	.ds 4
   0004                      39 _ldexpf_sloc1_1_0::
   0004                      40 	.ds 4
                             41 ;--------------------------------------------------------
                             42 ; indirectly addressable internal ram data
                             43 ;--------------------------------------------------------
                             44 	.area ISEG    (DATA)
                             45 ;--------------------------------------------------------
                             46 ; absolute internal ram data
                             47 ;--------------------------------------------------------
                             48 	.area IABS    (ABS,DATA)
                             49 	.area IABS    (ABS,DATA)
                             50 ;--------------------------------------------------------
                             51 ; bit data
                             52 ;--------------------------------------------------------
                             53 	.area BSEG    (BIT)
                             54 ;--------------------------------------------------------
                             55 ; paged external ram data
                             56 ;--------------------------------------------------------
                             57 	.area PSEG    (PAG,XDATA)
   0000                      58 _ldexpf_PARM_2:
   0000                      59 	.ds 2
   0002                      60 _ldexpf_fl_1_1:
   0002                      61 	.ds 4
   0006                      62 _ldexpf_e_1_1:
   0006                      63 	.ds 4
                             64 ;--------------------------------------------------------
                             65 ; external ram data
                             66 ;--------------------------------------------------------
                             67 	.area XSEG    (XDATA)
                             68 ;--------------------------------------------------------
                             69 ; absolute external ram data
                             70 ;--------------------------------------------------------
                             71 	.area XABS    (ABS,XDATA)
                             72 ;--------------------------------------------------------
                             73 ; external initialized ram data
                             74 ;--------------------------------------------------------
                             75 	.area XISEG   (XDATA)
                             76 	.area HOME    (CODE)
                             77 	.area GSINIT0 (CODE)
                             78 	.area GSINIT1 (CODE)
                             79 	.area GSINIT2 (CODE)
                             80 	.area GSINIT3 (CODE)
                             81 	.area GSINIT4 (CODE)
                             82 	.area GSINIT5 (CODE)
                             83 	.area GSINIT  (CODE)
                             84 	.area GSFINAL (CODE)
                             85 	.area CSEG    (CODE)
                             86 ;--------------------------------------------------------
                             87 ; global & static initialisations
                             88 ;--------------------------------------------------------
                             89 	.area HOME    (CODE)
                             90 	.area GSINIT  (CODE)
                             91 	.area GSFINAL (CODE)
                             92 	.area GSINIT  (CODE)
                             93 ;--------------------------------------------------------
                             94 ; Home
                             95 ;--------------------------------------------------------
                             96 	.area HOME    (CODE)
                             97 	.area HOME    (CODE)
                             98 ;--------------------------------------------------------
                             99 ; code
                            100 ;--------------------------------------------------------
                            101 	.area CSEG    (CODE)
                            102 ;------------------------------------------------------------
                            103 ;Allocation info for local variables in function 'ldexpf'
                            104 ;------------------------------------------------------------
                            105 ;sloc0                     Allocated with name '_ldexpf_sloc0_1_0'
                            106 ;sloc1                     Allocated with name '_ldexpf_sloc1_1_0'
                            107 ;------------------------------------------------------------
                            108 ;	ldexpf.c:34: float ldexpf(const float x, const int pw2)
                            109 ;	-----------------------------------------
                            110 ;	 function ldexpf
                            111 ;	-----------------------------------------
   0000                     112 _ldexpf:
                    0002    113 	ar2 = 0x02
                    0003    114 	ar3 = 0x03
                    0004    115 	ar4 = 0x04
                    0005    116 	ar5 = 0x05
                    0006    117 	ar6 = 0x06
                    0007    118 	ar7 = 0x07
                    0000    119 	ar0 = 0x00
                    0001    120 	ar1 = 0x01
   0000 AA 82               121 	mov	r2,dpl
   0002 AB 83               122 	mov	r3,dph
   0004 AC F0               123 	mov	r4,b
   0006 FD                  124 	mov	r5,a
                            125 ;	ldexpf.c:39: fl.f = x;
   0007 78r02               126 	mov	r0,#_ldexpf_fl_1_1
   0009 EA                  127 	mov	a,r2
   000A F2                  128 	movx	@r0,a
   000B 08                  129 	inc	r0
   000C EB                  130 	mov	a,r3
   000D F2                  131 	movx	@r0,a
   000E 08                  132 	inc	r0
   000F EC                  133 	mov	a,r4
   0010 F2                  134 	movx	@r0,a
   0011 08                  135 	inc	r0
   0012 ED                  136 	mov	a,r5
   0013 F2                  137 	movx	@r0,a
                            138 ;	ldexpf.c:41: e=(fl.l >> 23) & 0x000000ff;
   0014 78r02               139 	mov	r0,#_ldexpf_fl_1_1
   0016 E2                  140 	movx	a,@r0
   0017 F5*00               141 	mov	_ldexpf_sloc0_1_0,a
   0019 08                  142 	inc	r0
   001A E2                  143 	movx	a,@r0
   001B F5*01               144 	mov	(_ldexpf_sloc0_1_0 + 1),a
   001D 08                  145 	inc	r0
   001E E2                  146 	movx	a,@r0
   001F F5*02               147 	mov	(_ldexpf_sloc0_1_0 + 2),a
   0021 08                  148 	inc	r0
   0022 E2                  149 	movx	a,@r0
   0023 F5*03               150 	mov	(_ldexpf_sloc0_1_0 + 3),a
   0025 AE*02               151 	mov	r6,(_ldexpf_sloc0_1_0 + 2)
   0027 A2 E7               152 	mov	c,acc.7
   0029 CE                  153 	xch	a,r6
   002A 33                  154 	rlc	a
   002B CE                  155 	xch	a,r6
   002C 33                  156 	rlc	a
   002D CE                  157 	xch	a,r6
   002E 54 01               158 	anl	a,#0x01
   0030 30 E0 02            159 	jnb	acc.0,00103$
   0033 44 FE               160 	orl	a,#0xfe
   0035                     161 00103$:
   0035 33                  162 	rlc	a
   0036 95 E0               163 	subb	a,acc
   0038 78r06               164 	mov	r0,#_ldexpf_e_1_1
   003A EE                  165 	mov	a,r6
   003B F2                  166 	movx	@r0,a
   003C 08                  167 	inc	r0
   003D E4                  168 	clr	a
   003E F2                  169 	movx	@r0,a
   003F 08                  170 	inc	r0
   0040 F2                  171 	movx	@r0,a
   0041 08                  172 	inc	r0
   0042 F2                  173 	movx	@r0,a
                            174 ;	ldexpf.c:42: e+=pw2;
   0043 78r00               175 	mov	r0,#_ldexpf_PARM_2
   0045 E2                  176 	movx	a,@r0
   0046 FC                  177 	mov	r4,a
   0047 08                  178 	inc	r0
   0048 E2                  179 	movx	a,@r0
   0049 FD                  180 	mov	r5,a
   004A E2                  181 	movx	a,@r0
   004B 33                  182 	rlc	a
   004C 95 E0               183 	subb	a,acc
   004E FA                  184 	mov	r2,a
   004F FB                  185 	mov	r3,a
   0050 78r06               186 	mov	r0,#_ldexpf_e_1_1
   0052 E2                  187 	movx	a,@r0
   0053 2C                  188 	add	a,r4
   0054 F2                  189 	movx	@r0,a
   0055 08                  190 	inc	r0
   0056 E2                  191 	movx	a,@r0
   0057 3D                  192 	addc	a,r5
   0058 F2                  193 	movx	@r0,a
   0059 08                  194 	inc	r0
   005A E2                  195 	movx	a,@r0
   005B 3A                  196 	addc	a,r2
   005C F2                  197 	movx	@r0,a
   005D 08                  198 	inc	r0
   005E E2                  199 	movx	a,@r0
   005F 3B                  200 	addc	a,r3
   0060 F2                  201 	movx	@r0,a
                            202 ;	ldexpf.c:43: fl.l= ((e & 0xff) << 23) | (fl.l & 0x807fffff);
   0061 78r06               203 	mov	r0,#_ldexpf_e_1_1
   0063 E2                  204 	movx	a,@r0
   0064 54 FF               205 	anl	a,#0xFF
   0066 FA                  206 	mov	r2,a
   0067 08                  207 	inc	r0
   0068 E2                  208 	movx	a,@r0
   0069 54 00               209 	anl	a,#0x00
   006B FB                  210 	mov	r3,a
   006C 08                  211 	inc	r0
   006D E2                  212 	movx	a,@r0
   006E 54 00               213 	anl	a,#0x00
   0070 08                  214 	inc	r0
   0071 E2                  215 	movx	a,@r0
   0072 54 00               216 	anl	a,#0x00
   0074 8A*06               217 	mov	(_ldexpf_sloc1_1_0 + 2),r2
   0076 EB                  218 	mov	a,r3
   0077 54 01               219 	anl	a,#0x01
   0079 A2 E0               220 	mov	c,acc.0
   007B C5*06               221 	xch	a,(_ldexpf_sloc1_1_0 + 2)
   007D 13                  222 	rrc	a
   007E C5*06               223 	xch	a,(_ldexpf_sloc1_1_0 + 2)
   0080 13                  224 	rrc	a
   0081 C5*06               225 	xch	a,(_ldexpf_sloc1_1_0 + 2)
   0083 F5*07               226 	mov	(_ldexpf_sloc1_1_0 + 3),a
   0085 75*05 00            227 	mov	(_ldexpf_sloc1_1_0 + 1),#0x00
   0088 75*04 00            228 	mov	_ldexpf_sloc1_1_0,#0x00
   008B AE*00               229 	mov	r6,_ldexpf_sloc0_1_0
   008D AF*01               230 	mov	r7,(_ldexpf_sloc0_1_0 + 1)
   008F 74 7F               231 	mov	a,#0x7F
   0091 55*02               232 	anl	a,(_ldexpf_sloc0_1_0 + 2)
   0093 FA                  233 	mov	r2,a
   0094 74 80               234 	mov	a,#0x80
   0096 55*03               235 	anl	a,(_ldexpf_sloc0_1_0 + 3)
   0098 FB                  236 	mov	r3,a
   0099 E5*04               237 	mov	a,_ldexpf_sloc1_1_0
   009B 42 06               238 	orl	ar6,a
   009D E5*05               239 	mov	a,(_ldexpf_sloc1_1_0 + 1)
   009F 42 07               240 	orl	ar7,a
   00A1 E5*06               241 	mov	a,(_ldexpf_sloc1_1_0 + 2)
   00A3 42 02               242 	orl	ar2,a
   00A5 E5*07               243 	mov	a,(_ldexpf_sloc1_1_0 + 3)
   00A7 42 03               244 	orl	ar3,a
   00A9 78r02               245 	mov	r0,#_ldexpf_fl_1_1
   00AB EE                  246 	mov	a,r6
   00AC F2                  247 	movx	@r0,a
   00AD 08                  248 	inc	r0
   00AE EF                  249 	mov	a,r7
   00AF F2                  250 	movx	@r0,a
   00B0 08                  251 	inc	r0
   00B1 EA                  252 	mov	a,r2
   00B2 F2                  253 	movx	@r0,a
   00B3 08                  254 	inc	r0
   00B4 EB                  255 	mov	a,r3
   00B5 F2                  256 	movx	@r0,a
                            257 ;	ldexpf.c:45: return(fl.f);
   00B6 78r02               258 	mov	r0,#_ldexpf_fl_1_1
   00B8 E2                  259 	movx	a,@r0
   00B9 FA                  260 	mov	r2,a
   00BA 08                  261 	inc	r0
   00BB E2                  262 	movx	a,@r0
   00BC FB                  263 	mov	r3,a
   00BD 08                  264 	inc	r0
   00BE E2                  265 	movx	a,@r0
   00BF FC                  266 	mov	r4,a
   00C0 08                  267 	inc	r0
   00C1 E2                  268 	movx	a,@r0
   00C2 8A 82               269 	mov	dpl,r2
   00C4 8B 83               270 	mov	dph,r3
   00C6 8C F0               271 	mov	b,r4
   00C8 22                  272 	ret
                            273 	.area CSEG    (CODE)
                            274 	.area CONST   (CODE)
                            275 	.area XINIT   (CODE)
                            276 	.area CABS    (ABS,CODE)
