                              1 ;--------------------------------------------------------
                              2 ; File Created by SDCC : free open source ANSI-C Compiler
                              3 ; Version 3.0.1 #6227 (Oct  2 2015) (Linux)
                              4 ; This file was generated Fri Oct  2 17:15:15 2015
                              5 ;--------------------------------------------------------
                              6 	.module _fs2schar
                              7 	.optsdcc -mds390 --model-flat24
                              8 	
                              9 ;--------------------------------------------------------
                             10 ; CPU specific extensions
                             11 ;--------------------------------------------------------
                             12 .flat24 on		; 24 bit flat addressing
                    0084     13 dpl1	=	0x84
                    0085     14 dph1	=	0x85
                    0086     15 dps	=	0x86
                    0093     16 dpx	=	0x93
                    0095     17 dpx1	=	0x95
                    009B     18 esp	=	0x9B
                    009C     19 ap	=	0x9C
                    009C     20 _ap	=	0x9C
                    00D1     21 mcnt0	=	0xD1
                    00D2     22 mcnt1	=	0xD2
                    00D3     23 ma	=	0xD3
                    00D4     24 mb	=	0xD4
                    00D5     25 mc	=	0xD5
                    00D1     26 F1	=	0xD1	; user flag
                             27 ;--------------------------------------------------------
                             28 ; Public variables in this module
                             29 ;--------------------------------------------------------
                             30 	.globl ___fs2schar
                             31 ;--------------------------------------------------------
                             32 ; special function registers
                             33 ;--------------------------------------------------------
                             34 ;--------------------------------------------------------
                             35 ; special function bits
                             36 ;--------------------------------------------------------
                             37 ;--------------------------------------------------------
                             38 ; overlayable register banks
                             39 ;--------------------------------------------------------
                             40 	.area REG_BANK_0	(REL,OVR,DATA)
   0000                      41 	.ds 8
                             42 ;--------------------------------------------------------
                             43 ; internal ram data
                             44 ;--------------------------------------------------------
                             45 	.area DSEG    (DATA)
                             46 ;--------------------------------------------------------
                             47 ; overlayable items in internal ram 
                             48 ;--------------------------------------------------------
                             49 	.area OSEG    (OVR,DATA)
                             50 ;--------------------------------------------------------
                             51 ; indirectly addressable internal ram data
                             52 ;--------------------------------------------------------
                             53 	.area ISEG    (DATA)
                             54 ;--------------------------------------------------------
                             55 ; absolute internal ram data
                             56 ;--------------------------------------------------------
                             57 	.area IABS    (ABS,DATA)
                             58 	.area IABS    (ABS,DATA)
                             59 ;--------------------------------------------------------
                             60 ; bit data
                             61 ;--------------------------------------------------------
                             62 	.area BSEG    (BIT)
                             63 ;--------------------------------------------------------
                             64 ; paged external ram data
                             65 ;--------------------------------------------------------
                             66 	.area PSEG    (PAG,XDATA)
                             67 ;--------------------------------------------------------
                             68 ; external ram data
                             69 ;--------------------------------------------------------
                             70 	.area XSEG    (XDATA)
                             71 ;--------------------------------------------------------
                             72 ; absolute external ram data
                             73 ;--------------------------------------------------------
                             74 	.area XABS    (ABS,XDATA)
                             75 ;--------------------------------------------------------
                             76 ; external initialized ram data
                             77 ;--------------------------------------------------------
                             78 	.area XISEG   (XDATA)
                             79 ;--------------------------------------------------------
                             80 ; global & static initialisations
                             81 ;--------------------------------------------------------
                             82 	.area HOME    (CODE)
                             83 	.area GSINIT  (CODE)
                             84 	.area GSFINAL (CODE)
                             85 	.area GSINIT  (CODE)
                             86 ;--------------------------------------------------------
                             87 ; Home
                             88 ;--------------------------------------------------------
                             89 	.area HOME    (CODE)
                             90 	.area HOME    (CODE)
                             91 ;--------------------------------------------------------
                             92 ; code
                             93 ;--------------------------------------------------------
                             94 	.area CSEG    (CODE)
                             95 ;------------------------------------------------------------
                             96 ;Allocation info for local variables in function '__fs2schar'
                             97 ;------------------------------------------------------------
                             98 ;f                         Allocated to registers r2 r3 r4 r5 
                             99 ;sl                        Allocated to registers r2 r3 r4 r5 
                            100 ;------------------------------------------------------------
                            101 ;	_fs2schar.c:87: signed char __fs2schar (float f)
                            102 ;	-----------------------------------------
                            103 ;	 function __fs2schar
                            104 ;	-----------------------------------------
   0000                     105 ___fs2schar:
                    0002    106 	ar2 = 0x02
                    0003    107 	ar3 = 0x03
                    0004    108 	ar4 = 0x04
                    0005    109 	ar5 = 0x05
                    0006    110 	ar6 = 0x06
                    0007    111 	ar7 = 0x07
                    0000    112 	ar0 = 0x00
                    0001    113 	ar1 = 0x01
                            114 ;	_fs2schar.c:89: signed long sl=__fs2slong(f);
   0000 AA 82               115 	mov     r2,dpl
   0002 AB 83               116 	mov     r3,dph
   0004 AC 93               117 	mov     r4,dpx
   0006 AD F0               118 	mov     r5,b
   0008 8D F0               119 	mov	b,r5
   000A 12s00r00r00         120 	lcall	___fs2slong
   000E AA 82               121 	mov	r2,dpl
   0010 AB 83               122 	mov	r3,dph
   0012 AC 93               123 	mov	r4,dpx
   0014 AD F0               124 	mov	r5,b
                            125 ;	genAssign: resultIsFar = TRUE
                            126 ;	_fs2schar.c:90: if (sl>=SCHAR_MAX)
   0016 C3                  127 	clr	c
   0017 EA                  128 	mov	a,r2
   0018 94 7F               129 	subb	a,#0x7F
   001A EB                  130 	mov	a,r3
   001B 94 00               131 	subb	a,#0x00
   001D EC                  132 	mov	a,r4
   001E 94 00               133 	subb	a,#0x00
   0020 ED                  134 	mov	a,r5
   0021 64 80               135 	xrl	a,#0x80
   0023 94 80               136 	subb	a,#0x80
   0025 40 05               137 	jc   00102$
   0027                     138 00109$:
                            139 ;	_fs2schar.c:91: return SCHAR_MAX;
   0027 75 82 7F            140 	mov	dpl,#0x7F
   002A 80 1B               141 	sjmp 00105$
   002C                     142 00102$:
                            143 ;	_fs2schar.c:92: if (sl<=SCHAR_MIN)
   002C C3                  144 	clr	c
   002D 74 80               145 	mov	a,#0x80
   002F 9A                  146 	subb	a,r2
   0030 74 FF               147 	mov	a,#0xFF
   0032 9B                  148 	subb	a,r3
   0033 74 FF               149 	mov	a,#0xFF
   0035 9C                  150 	subb	a,r4
   0036 74 7F               151 	mov  a,#(0xFF ^ 0x80)
   0038 8D F0               152 	mov	b,r5
   003A 63 F0 80            153 	xrl	b,#0x80
   003D 95 F0               154 	subb	a,b
   003F 40 04               155 	jc   00104$
   0041                     156 00110$:
                            157 ;	_fs2schar.c:93: return -SCHAR_MIN;
   0041 75 82 80            158 	mov	dpl,#0x80
                            159 ;	_fs2schar.c:94: return sl;
   0044 22                  160 	ret
   0045                     161 00104$:
   0045 8A 82               162 	mov     dpl,r2
   0047                     163 00105$:
   0047 22                  164 	ret
                            165 	.area CSEG    (CODE)
                            166 	.area CONST   (CODE)
                            167 	.area XINIT   (CODE)
                            168 	.area CABS    (ABS,CODE)
