                              1 ;--------------------------------------------------------
                              2 ; File Created by SDCC : free open source ANSI-C Compiler
                              3 ; Version 3.0.1 #6227 (Oct  2 2015) (Linux)
                              4 ; This file was generated Fri Oct  2 17:15:15 2015
                              5 ;--------------------------------------------------------
                              6 	.module _fs2uint
                              7 	.optsdcc -mds390 --model-flat24
                              8 	
                              9 ;--------------------------------------------------------
                             10 ; CPU specific extensions
                             11 ;--------------------------------------------------------
                             12 .flat24 on		; 24 bit flat addressing
                    0084     13 dpl1	=	0x84
                    0085     14 dph1	=	0x85
                    0086     15 dps	=	0x86
                    0093     16 dpx	=	0x93
                    0095     17 dpx1	=	0x95
                    009B     18 esp	=	0x9B
                    009C     19 ap	=	0x9C
                    009C     20 _ap	=	0x9C
                    00D1     21 mcnt0	=	0xD1
                    00D2     22 mcnt1	=	0xD2
                    00D3     23 ma	=	0xD3
                    00D4     24 mb	=	0xD4
                    00D5     25 mc	=	0xD5
                    00D1     26 F1	=	0xD1	; user flag
                             27 ;--------------------------------------------------------
                             28 ; Public variables in this module
                             29 ;--------------------------------------------------------
                             30 	.globl ___fs2uint
                             31 ;--------------------------------------------------------
                             32 ; special function registers
                             33 ;--------------------------------------------------------
                             34 ;--------------------------------------------------------
                             35 ; special function bits
                             36 ;--------------------------------------------------------
                             37 ;--------------------------------------------------------
                             38 ; overlayable register banks
                             39 ;--------------------------------------------------------
                             40 	.area REG_BANK_0	(REL,OVR,DATA)
   0000                      41 	.ds 8
                             42 ;--------------------------------------------------------
                             43 ; internal ram data
                             44 ;--------------------------------------------------------
                             45 	.area DSEG    (DATA)
                             46 ;--------------------------------------------------------
                             47 ; overlayable items in internal ram 
                             48 ;--------------------------------------------------------
                             49 	.area OSEG    (OVR,DATA)
                             50 ;--------------------------------------------------------
                             51 ; indirectly addressable internal ram data
                             52 ;--------------------------------------------------------
                             53 	.area ISEG    (DATA)
                             54 ;--------------------------------------------------------
                             55 ; absolute internal ram data
                             56 ;--------------------------------------------------------
                             57 	.area IABS    (ABS,DATA)
                             58 	.area IABS    (ABS,DATA)
                             59 ;--------------------------------------------------------
                             60 ; bit data
                             61 ;--------------------------------------------------------
                             62 	.area BSEG    (BIT)
                             63 ;--------------------------------------------------------
                             64 ; paged external ram data
                             65 ;--------------------------------------------------------
                             66 	.area PSEG    (PAG,XDATA)
                             67 ;--------------------------------------------------------
                             68 ; external ram data
                             69 ;--------------------------------------------------------
                             70 	.area XSEG    (XDATA)
                             71 ;--------------------------------------------------------
                             72 ; absolute external ram data
                             73 ;--------------------------------------------------------
                             74 	.area XABS    (ABS,XDATA)
                             75 ;--------------------------------------------------------
                             76 ; external initialized ram data
                             77 ;--------------------------------------------------------
                             78 	.area XISEG   (XDATA)
                             79 ;--------------------------------------------------------
                             80 ; global & static initialisations
                             81 ;--------------------------------------------------------
                             82 	.area HOME    (CODE)
                             83 	.area GSINIT  (CODE)
                             84 	.area GSFINAL (CODE)
                             85 	.area GSINIT  (CODE)
                             86 ;--------------------------------------------------------
                             87 ; Home
                             88 ;--------------------------------------------------------
                             89 	.area HOME    (CODE)
                             90 	.area HOME    (CODE)
                             91 ;--------------------------------------------------------
                             92 ; code
                             93 ;--------------------------------------------------------
                             94 	.area CSEG    (CODE)
                             95 ;------------------------------------------------------------
                             96 ;Allocation info for local variables in function '__fs2uint'
                             97 ;------------------------------------------------------------
                             98 ;f                         Allocated to registers r2 r3 r4 r5 
                             99 ;ul                        Allocated to registers r2 r3 r4 r5 
                            100 ;------------------------------------------------------------
                            101 ;	_fs2uint.c:54: unsigned int __fs2uint (float f)
                            102 ;	-----------------------------------------
                            103 ;	 function __fs2uint
                            104 ;	-----------------------------------------
   0000                     105 ___fs2uint:
                    0002    106 	ar2 = 0x02
                    0003    107 	ar3 = 0x03
                    0004    108 	ar4 = 0x04
                    0005    109 	ar5 = 0x05
                    0006    110 	ar6 = 0x06
                    0007    111 	ar7 = 0x07
                    0000    112 	ar0 = 0x00
                    0001    113 	ar1 = 0x01
                            114 ;	_fs2uint.c:56: unsigned long ul=__fs2ulong(f);
   0000 AA 82               115 	mov     r2,dpl
   0002 AB 83               116 	mov     r3,dph
   0004 AC 93               117 	mov     r4,dpx
   0006 AD F0               118 	mov     r5,b
   0008 8D F0               119 	mov	b,r5
   000A 12s00r00r00         120 	lcall	___fs2ulong
   000E AA 82               121 	mov	r2,dpl
   0010 AB 83               122 	mov	r3,dph
   0012 AC 93               123 	mov	r4,dpx
   0014 AD F0               124 	mov	r5,b
                            125 ;	genAssign: resultIsFar = TRUE
                            126 ;	_fs2uint.c:57: if (ul>=UINT_MAX) return UINT_MAX;
   0016 C3                  127 	clr	c
   0017 EA                  128 	mov	a,r2
   0018 94 FF               129 	subb	a,#0xFF
   001A EB                  130 	mov	a,r3
   001B 94 FF               131 	subb	a,#0xFF
   001D EC                  132 	mov	a,r4
   001E 94 00               133 	subb	a,#0x00
   0020 ED                  134 	mov	a,r5
   0021 94 00               135 	subb	a,#0x00
   0023 40 06               136 	jc   00102$
   0025                     137 00106$:
   0025 90 00 FF FF         138 	mov  dptr,#0xFFFF
   0029 80 04               139 	sjmp 00103$
   002B                     140 00102$:
                            141 ;	_fs2uint.c:58: return ul;
   002B 8A 82               142 	mov	dpl,r2
   002D 8B 83               143 	mov	dph,r3
   002F                     144 00103$:
   002F 22                  145 	ret
                            146 	.area CSEG    (CODE)
                            147 	.area CONST   (CODE)
                            148 	.area XINIT   (CODE)
                            149 	.area CABS    (ABS,CODE)
