                              1 ;--------------------------------------------------------
                              2 ; File Created by SDCC : free open source ANSI-C Compiler
                              3 ; Version 3.0.1 #6227 (Oct  2 2015) (Linux)
                              4 ; This file was generated Fri Oct  2 17:15:16 2015
                              5 ;--------------------------------------------------------
                              6 	.module _fsmul
                              7 	.optsdcc -mds390 --model-flat24
                              8 	
                              9 ;--------------------------------------------------------
                             10 ; CPU specific extensions
                             11 ;--------------------------------------------------------
                             12 .flat24 on		; 24 bit flat addressing
                    0084     13 dpl1	=	0x84
                    0085     14 dph1	=	0x85
                    0086     15 dps	=	0x86
                    0093     16 dpx	=	0x93
                    0095     17 dpx1	=	0x95
                    009B     18 esp	=	0x9B
                    009C     19 ap	=	0x9C
                    009C     20 _ap	=	0x9C
                    00D1     21 mcnt0	=	0xD1
                    00D2     22 mcnt1	=	0xD2
                    00D3     23 ma	=	0xD3
                    00D4     24 mb	=	0xD4
                    00D5     25 mc	=	0xD5
                    00D1     26 F1	=	0xD1	; user flag
                             27 ;--------------------------------------------------------
                             28 ; Public variables in this module
                             29 ;--------------------------------------------------------
                             30 	.globl ___fsmul_PARM_2
                             31 	.globl ___fsmul
                             32 ;--------------------------------------------------------
                             33 ; special function registers
                             34 ;--------------------------------------------------------
                             35 ;--------------------------------------------------------
                             36 ; special function bits
                             37 ;--------------------------------------------------------
                             38 ;--------------------------------------------------------
                             39 ; overlayable register banks
                             40 ;--------------------------------------------------------
                             41 	.area REG_BANK_0	(REL,OVR,DATA)
   0000                      42 	.ds 8
                             43 ;--------------------------------------------------------
                             44 ; internal ram data
                             45 ;--------------------------------------------------------
                             46 	.area DSEG    (DATA)
                             47 ;--------------------------------------------------------
                             48 ; overlayable items in internal ram 
                             49 ;--------------------------------------------------------
                             50 	.area OSEG    (OVR,DATA)
                             51 ;--------------------------------------------------------
                             52 ; indirectly addressable internal ram data
                             53 ;--------------------------------------------------------
                             54 	.area ISEG    (DATA)
                             55 ;--------------------------------------------------------
                             56 ; absolute internal ram data
                             57 ;--------------------------------------------------------
                             58 	.area IABS    (ABS,DATA)
                             59 	.area IABS    (ABS,DATA)
                             60 ;--------------------------------------------------------
                             61 ; bit data
                             62 ;--------------------------------------------------------
                             63 	.area BSEG    (BIT)
                             64 ;--------------------------------------------------------
                             65 ; paged external ram data
                             66 ;--------------------------------------------------------
                             67 	.area PSEG    (PAG,XDATA)
                             68 ;--------------------------------------------------------
                             69 ; external ram data
                             70 ;--------------------------------------------------------
                             71 	.area XSEG    (XDATA)
   0000                      72 ___fsmul_PARM_2:
   0000                      73 	.ds 4
   0004                      74 ___fsmul_fl1_1_1:
   0004                      75 	.ds 4
   0008                      76 ___fsmul_fl2_1_1:
   0008                      77 	.ds 4
   000C                      78 ___fsmul_result_1_1:
   000C                      79 	.ds 4
   0010                      80 ___fsmul_exp_1_1:
   0010                      81 	.ds 2
   0012                      82 ___fsmul_sign_1_1:
   0012                      83 	.ds 1
                             84 ;--------------------------------------------------------
                             85 ; absolute external ram data
                             86 ;--------------------------------------------------------
                             87 	.area XABS    (ABS,XDATA)
                             88 ;--------------------------------------------------------
                             89 ; external initialized ram data
                             90 ;--------------------------------------------------------
                             91 	.area XISEG   (XDATA)
                             92 ;--------------------------------------------------------
                             93 ; global & static initialisations
                             94 ;--------------------------------------------------------
                             95 	.area HOME    (CODE)
                             96 	.area GSINIT  (CODE)
                             97 	.area GSFINAL (CODE)
                             98 	.area GSINIT  (CODE)
                             99 ;--------------------------------------------------------
                            100 ; Home
                            101 ;--------------------------------------------------------
                            102 	.area HOME    (CODE)
                            103 	.area HOME    (CODE)
                            104 ;--------------------------------------------------------
                            105 ; code
                            106 ;--------------------------------------------------------
                            107 	.area CSEG    (CODE)
                            108 ;------------------------------------------------------------
                            109 ;Allocation info for local variables in function '__fsmul'
                            110 ;------------------------------------------------------------
                            111 ;a2                        Allocated with name '___fsmul_PARM_2'
                            112 ;a1                        Allocated to registers r2 r3 r4 r5 
                            113 ;fl1                       Allocated with name '___fsmul_fl1_1_1'
                            114 ;fl2                       Allocated with name '___fsmul_fl2_1_1'
                            115 ;result                    Allocated with name '___fsmul_result_1_1'
                            116 ;exp                       Allocated with name '___fsmul_exp_1_1'
                            117 ;sign                      Allocated with name '___fsmul_sign_1_1'
                            118 ;------------------------------------------------------------
                            119 ;	_fsmul.c:241: float __fsmul (float a1, float a2) {
                            120 ;	-----------------------------------------
                            121 ;	 function __fsmul
                            122 ;	-----------------------------------------
   0000                     123 ___fsmul:
                    0002    124 	ar2 = 0x02
                    0003    125 	ar3 = 0x03
                    0004    126 	ar4 = 0x04
                    0005    127 	ar5 = 0x05
                    0006    128 	ar6 = 0x06
                    0007    129 	ar7 = 0x07
                    0000    130 	ar0 = 0x00
                    0001    131 	ar1 = 0x01
   0000 AA 82               132 	mov	r2,dpl
   0002 AB 83               133 	mov	r3,dph
   0004 AC 93               134 	mov	r4,dpx
   0006 AD F0               135 	mov	r5,b
                            136 ;	_fsmul.c:247: fl1.f = a1;
   0008 90s00r00r04         137 	mov	dptr,#___fsmul_fl1_1_1
   000C EA                  138 	mov	a,r2
   000D F0                  139 	movx	@dptr,a
   000E A3                  140 	inc	dptr
   000F EB                  141 	mov	a,r3
   0010 F0                  142 	movx	@dptr,a
   0011 A3                  143 	inc	dptr
   0012 EC                  144 	mov	a,r4
   0013 F0                  145 	movx	@dptr,a
   0014 A3                  146 	inc	dptr
   0015 ED                  147 	mov	a,r5
   0016 F0                  148 	movx	@dptr,a
                            149 ;	_fsmul.c:248: fl2.f = a2;
   0017 90s00r00r08         150 	mov	dptr,#___fsmul_fl2_1_1
   001B 75 86 01            151 	mov     dps, #1
   001E 90s00r00r00         152 	mov     dptr, #___fsmul_PARM_2
   0022 E0                  153 	movx	a,@dptr
   0023 15 86               154 	dec	dps
   0025 F0                  155 	movx	@dptr,a
   0026 A3                  156 	inc	dptr
   0027 05 86               157 	inc	dps
   0029 A3                  158 	inc	dptr
   002A E0                  159 	movx	a,@dptr
   002B 15 86               160 	dec	dps
   002D F0                  161 	movx	@dptr,a
   002E A3                  162 	inc	dptr
   002F 05 86               163 	inc	dps
   0031 A3                  164 	inc	dptr
   0032 E0                  165 	movx	a,@dptr
   0033 15 86               166 	dec	dps
   0035 F0                  167 	movx	@dptr,a
   0036 A3                  168 	inc	dptr
   0037 05 86               169 	inc	dps
   0039 A3                  170 	inc	dptr
   003A E0                  171 	movx	a,@dptr
   003B 15 86               172 	dec	dps
   003D F0                  173 	movx	@dptr,a
                            174 ;	_fsmul.c:250: if (!fl1.l || !fl2.l)
   003E 90s00r00r04         175 	mov	dptr,#___fsmul_fl1_1_1
   0042 E0                  176 	movx	a,@dptr
   0043 A3                  177 	inc	dptr
   0044 FA                  178 	mov	r2,a
   0045 E0                  179 	movx	a,@dptr
   0046 A3                  180 	inc	dptr
   0047 FB                  181 	mov	r3,a
   0048 E0                  182 	movx	a,@dptr
   0049 A3                  183 	inc	dptr
   004A FC                  184 	mov	r4,a
   004B E0                  185 	movx	a,@dptr
   004C FD                  186 	mov	r5,a
   004D EA                  187 	mov	a,r2
   004E 4B                  188 	orl	a,r3
   004F 4C                  189 	orl	a,r4
   0050 4D                  190 	orl	a,r5
   0051 60 15               191 	jz  00101$
   0053                     192 00125$:
   0053 90s00r00r08         193 	mov	dptr,#___fsmul_fl2_1_1
   0057 E0                  194 	movx	a,@dptr
   0058 A3                  195 	inc	dptr
   0059 FA                  196 	mov	r2,a
   005A E0                  197 	movx	a,@dptr
   005B A3                  198 	inc	dptr
   005C FB                  199 	mov	r3,a
   005D E0                  200 	movx	a,@dptr
   005E A3                  201 	inc	dptr
   005F FC                  202 	mov	r4,a
   0060 E0                  203 	movx	a,@dptr
   0061 FD                  204 	mov	r5,a
   0062 EA                  205 	mov	a,r2
   0063 4B                  206 	orl	a,r3
   0064 4C                  207 	orl	a,r4
   0065 4D                  208 	orl	a,r5
   0066 70 0B               209 	jnz  00102$
   0068                     210 00126$:
   0068                     211 00101$:
                            212 ;	_fsmul.c:251: return (0);
   0068 90 00 00 00         213 	mov  dptr,#0x0000
   006C 75 F0 00            214 	mov	b,#0x00
   006F 02s00r04r3A         215 	ljmp	00113$
   0073                     216 00102$:
                            217 ;	_fsmul.c:254: sign = SIGN (fl1.l) ^ SIGN (fl2.l);
   0073 90s00r00r04         218 	mov	dptr,#___fsmul_fl1_1_1
   0077 E0                  219 	movx	a,@dptr
   0078 A3                  220 	inc	dptr
   0079 FA                  221 	mov	r2,a
   007A E0                  222 	movx	a,@dptr
   007B A3                  223 	inc	dptr
   007C FB                  224 	mov	r3,a
   007D E0                  225 	movx	a,@dptr
   007E A3                  226 	inc	dptr
   007F FC                  227 	mov	r4,a
   0080 E0                  228 	movx	a,@dptr
   0081 FD                  229 	mov  r5,a
   0082 23                  230 	rl	a
   0083 54 01               231 	anl	a,#0x01
   0085 FA                  232 	mov	r2,a
   0086 90s00r00r08         233 	mov	dptr,#___fsmul_fl2_1_1
   008A E0                  234 	movx	a,@dptr
   008B A3                  235 	inc	dptr
   008C FB                  236 	mov	r3,a
   008D E0                  237 	movx	a,@dptr
   008E A3                  238 	inc	dptr
   008F FC                  239 	mov	r4,a
   0090 E0                  240 	movx	a,@dptr
   0091 A3                  241 	inc	dptr
   0092 FD                  242 	mov	r5,a
   0093 E0                  243 	movx	a,@dptr
   0094 FE                  244 	mov  r6,a
   0095 23                  245 	rl	a
   0096 54 01               246 	anl	a,#0x01
   0098 FB                  247 	mov	r3,a
   0099 90s00r00r12         248 	mov	dptr,#___fsmul_sign_1_1
   009D EA                  249 	mov	a,r2
   009E 6B                  250 	xrl	a,r3
   009F F0                  251 	movx	@dptr,a
                            252 ;	_fsmul.c:255: exp = EXP (fl1.l) - EXCESS;
   00A0 90s00r00r04         253 	mov	dptr,#___fsmul_fl1_1_1
   00A4 E0                  254 	movx	a,@dptr
   00A5 A3                  255 	inc	dptr
   00A6 FB                  256 	mov	r3,a
   00A7 E0                  257 	movx	a,@dptr
   00A8 A3                  258 	inc	dptr
   00A9 FC                  259 	mov	r4,a
   00AA E0                  260 	movx	a,@dptr
   00AB A3                  261 	inc	dptr
   00AC FD                  262 	mov	r5,a
   00AD E0                  263 	movx	a,@dptr
   00AE FE                  264 	mov	r6,a
   00AF 8D 03               265 	mov	ar3,r5
   00B1 EE                  266 	mov	a,r6
   00B2 A2 E7               267 	mov	c,acc.7
   00B4 CB                  268 	xch	a,r3
   00B5 33                  269 	rlc	a
   00B6 CB                  270 	xch	a,r3
   00B7 33                  271 	rlc	a
   00B8 CB                  272 	xch	a,r3
   00B9 54 01               273 	anl	a,#0x01
   00BB FC                  274 	mov	r4,a
   00BC 7D 00               275 	mov	r5,#0
   00BE 7E 00               276 	mov	r6,#0
   00C0 7C 00               277 	mov	r4,#0
   00C2 7D 00               278 	mov	r5,#0
   00C4 7E 00               279 	mov	r6,#0
   00C6 EB                  280 	mov	a,r3
   00C7 24 82               281 	add	a,#0x82
   00C9 FB                  282 	mov	r3,a
   00CA EC                  283 	mov	a,r4
   00CB 34 FF               284 	addc	a,#0xFF
   00CD FC                  285 	mov	r4,a
   00CE ED                  286 	mov	a,r5
   00CF 34 FF               287 	addc	a,#0xFF
   00D1 FD                  288 	mov	r5,a
   00D2 EE                  289 	mov	a,r6
   00D3 34 FF               290 	addc	a,#0xFF
   00D5 FE                  291 	mov	r6,a
   00D6 90s00r00r10         292 	mov	dptr,#___fsmul_exp_1_1
   00DA EB                  293 	mov	a,r3
   00DB F0                  294 	movx	@dptr,a
   00DC A3                  295 	inc	dptr
   00DD EC                  296 	mov	a,r4
   00DE F0                  297 	movx	@dptr,a
                            298 ;	_fsmul.c:256: exp += EXP (fl2.l);
   00DF 90s00r00r08         299 	mov	dptr,#___fsmul_fl2_1_1
   00E3 E0                  300 	movx	a,@dptr
   00E4 A3                  301 	inc	dptr
   00E5 FB                  302 	mov	r3,a
   00E6 E0                  303 	movx	a,@dptr
   00E7 A3                  304 	inc	dptr
   00E8 FC                  305 	mov	r4,a
   00E9 E0                  306 	movx	a,@dptr
   00EA A3                  307 	inc	dptr
   00EB FD                  308 	mov	r5,a
   00EC E0                  309 	movx	a,@dptr
   00ED FE                  310 	mov	r6,a
   00EE 8D 03               311 	mov	ar3,r5
   00F0 EE                  312 	mov	a,r6
   00F1 A2 E7               313 	mov	c,acc.7
   00F3 CB                  314 	xch	a,r3
   00F4 33                  315 	rlc	a
   00F5 CB                  316 	xch	a,r3
   00F6 33                  317 	rlc	a
   00F7 CB                  318 	xch	a,r3
   00F8 54 01               319 	anl	a,#0x01
   00FA FC                  320 	mov	r4,a
   00FB 7D 00               321 	mov	r5,#0
   00FD 7E 00               322 	mov	r6,#0
   00FF 7C 00               323 	mov	r4,#0
   0101 7D 00               324 	mov	r5,#0
   0103 7E 00               325 	mov	r6,#0
   0105 90s00r00r10         326 	mov	dptr,#___fsmul_exp_1_1
   0109 E0                  327 	movx	a,@dptr
   010A FF                  328 	mov	r7,a
   010B A3                  329 	inc	dptr
   010C E0                  330 	movx	a,@dptr
   010D F8                  331 	mov	r0,a
   010E E0                  332 	movx	a,@dptr
   010F 33                  333 	rlc	a
   0110 95 E0               334 	subb	a,acc
   0112 F9                  335 	mov	r1,a
   0113 FA                  336 	mov	r2,a
   0114 EB                  337 	mov	a,r3
   0115 2F                  338 	add	a,r7
   0116 FB                  339 	mov	r3,a
   0117 EC                  340 	mov	a,r4
   0118 38                  341 	addc	a,r0
   0119 FC                  342 	mov	r4,a
   011A ED                  343 	mov	a,r5
   011B 39                  344 	addc	a,r1
   011C FD                  345 	mov	r5,a
   011D EE                  346 	mov	a,r6
   011E 3A                  347 	addc	a,r2
   011F FE                  348 	mov	r6,a
   0120 90s00r00r10         349 	mov	dptr,#___fsmul_exp_1_1
   0124 EB                  350 	mov	a,r3
   0125 F0                  351 	movx	@dptr,a
   0126 A3                  352 	inc	dptr
   0127 EC                  353 	mov	a,r4
   0128 F0                  354 	movx	@dptr,a
                            355 ;	_fsmul.c:258: fl1.l = MANT (fl1.l);
   0129 90s00r00r04         356 	mov	dptr,#___fsmul_fl1_1_1
   012D E0                  357 	movx	a,@dptr
   012E A3                  358 	inc	dptr
   012F FA                  359 	mov	r2,a
   0130 E0                  360 	movx	a,@dptr
   0131 A3                  361 	inc	dptr
   0132 FB                  362 	mov	r3,a
   0133 E0                  363 	movx	a,@dptr
   0134 A3                  364 	inc	dptr
   0135 FC                  365 	mov	r4,a
   0136 E0                  366 	movx	a,@dptr
   0137 FD                  367 	mov	r5,a
   0138 53 04 7F            368 	anl	ar4,#0x7F
   013B 7D 00               369 	mov	r5,#0
   013D 43 04 80            370 	orl	ar4,#0x80
   0140 90s00r00r04         371 	mov	dptr,#___fsmul_fl1_1_1
   0144 EA                  372 	mov	a,r2
   0145 F0                  373 	movx	@dptr,a
   0146 A3                  374 	inc	dptr
   0147 EB                  375 	mov	a,r3
   0148 F0                  376 	movx	@dptr,a
   0149 A3                  377 	inc	dptr
   014A EC                  378 	mov	a,r4
   014B F0                  379 	movx	@dptr,a
   014C A3                  380 	inc	dptr
   014D ED                  381 	mov	a,r5
   014E F0                  382 	movx	@dptr,a
                            383 ;	_fsmul.c:259: fl2.l = MANT (fl2.l);
   014F 90s00r00r08         384 	mov	dptr,#___fsmul_fl2_1_1
   0153 E0                  385 	movx	a,@dptr
   0154 A3                  386 	inc	dptr
   0155 FA                  387 	mov	r2,a
   0156 E0                  388 	movx	a,@dptr
   0157 A3                  389 	inc	dptr
   0158 FB                  390 	mov	r3,a
   0159 E0                  391 	movx	a,@dptr
   015A A3                  392 	inc	dptr
   015B FC                  393 	mov	r4,a
   015C E0                  394 	movx	a,@dptr
   015D FD                  395 	mov	r5,a
   015E 53 04 7F            396 	anl	ar4,#0x7F
   0161 7D 00               397 	mov	r5,#0
   0163 43 04 80            398 	orl	ar4,#0x80
   0166 90s00r00r08         399 	mov	dptr,#___fsmul_fl2_1_1
   016A EA                  400 	mov	a,r2
   016B F0                  401 	movx	@dptr,a
   016C A3                  402 	inc	dptr
   016D EB                  403 	mov	a,r3
   016E F0                  404 	movx	@dptr,a
   016F A3                  405 	inc	dptr
   0170 EC                  406 	mov	a,r4
   0171 F0                  407 	movx	@dptr,a
   0172 A3                  408 	inc	dptr
   0173 ED                  409 	mov	a,r5
   0174 F0                  410 	movx	@dptr,a
                            411 ;	_fsmul.c:262: result = (fl1.l >> 8) * (fl2.l >> 8);
   0175 90s00r00r04         412 	mov	dptr,#___fsmul_fl1_1_1
   0179 E0                  413 	movx	a,@dptr
   017A A3                  414 	inc	dptr
   017B FA                  415 	mov	r2,a
   017C E0                  416 	movx	a,@dptr
   017D A3                  417 	inc	dptr
   017E FB                  418 	mov	r3,a
   017F E0                  419 	movx	a,@dptr
   0180 A3                  420 	inc	dptr
   0181 FC                  421 	mov	r4,a
   0182 E0                  422 	movx	a,@dptr
   0183 FD                  423 	mov	r5,a
   0184 8B 02               424 	mov	ar2,r3
   0186 8C 03               425 	mov	ar3,r4
   0188 8D 04               426 	mov	ar4,r5
   018A 7D 00               427 	mov	r5,#0
   018C 90s00r00r08         428 	mov	dptr,#___fsmul_fl2_1_1
   0190 E0                  429 	movx	a,@dptr
   0191 A3                  430 	inc	dptr
   0192 FE                  431 	mov	r6,a
   0193 E0                  432 	movx	a,@dptr
   0194 A3                  433 	inc	dptr
   0195 FF                  434 	mov	r7,a
   0196 E0                  435 	movx	a,@dptr
   0197 A3                  436 	inc	dptr
   0198 F8                  437 	mov	r0,a
   0199 E0                  438 	movx	a,@dptr
   019A F9                  439 	mov	r1,a
   019B 8F 06               440 	mov	ar6,r7
   019D 88 07               441 	mov	ar7,r0
   019F 89 00               442 	mov	ar0,r1
   01A1 79 00               443 	mov	r1,#0
                            444 ;	genAssign: resultIsFar = TRUE
   01A3 90s00r00r00         445 	mov	dptr,#__mullong_PARM_2
   01A7 EE                  446 	mov	a,r6
   01A8 F0                  447 	movx	@dptr,a
   01A9 A3                  448 	inc	dptr
   01AA EF                  449 	mov	a,r7
   01AB F0                  450 	movx	@dptr,a
   01AC A3                  451 	inc	dptr
   01AD E8                  452 	mov	a,r0
   01AE F0                  453 	movx	@dptr,a
   01AF A3                  454 	inc	dptr
   01B0 E9                  455 	mov	a,r1
   01B1 F0                  456 	movx	@dptr,a
   01B2 8A 82               457 	mov	dpl,r2
   01B4 8B 83               458 	mov	dph,r3
   01B6 8C 93               459 	mov	dpx,r4
   01B8 8D F0               460 	mov	b,r5
   01BA 12s00r00r00         461 	lcall	__mullong
   01BE AA 82               462 	mov	r2,dpl
   01C0 AB 83               463 	mov	r3,dph
   01C2 AC 93               464 	mov	r4,dpx
   01C4 AD F0               465 	mov	r5,b
                            466 ;	genAssign: resultIsFar = TRUE
   01C6 90s00r00r0C         467 	mov	dptr,#___fsmul_result_1_1
   01CA EA                  468 	mov	a,r2
   01CB F0                  469 	movx	@dptr,a
   01CC A3                  470 	inc	dptr
   01CD EB                  471 	mov	a,r3
   01CE F0                  472 	movx	@dptr,a
   01CF A3                  473 	inc	dptr
   01D0 EC                  474 	mov	a,r4
   01D1 F0                  475 	movx	@dptr,a
   01D2 A3                  476 	inc	dptr
   01D3 ED                  477 	mov	a,r5
   01D4 F0                  478 	movx	@dptr,a
                            479 ;	_fsmul.c:263: result += ((fl1.l & (unsigned long) 0xFF) * (fl2.l >> 8)) >> 8;
   01D5 90s00r00r04         480 	mov	dptr,#___fsmul_fl1_1_1
   01D9 E0                  481 	movx	a,@dptr
   01DA A3                  482 	inc	dptr
   01DB FA                  483 	mov	r2,a
   01DC E0                  484 	movx	a,@dptr
   01DD A3                  485 	inc	dptr
   01DE FB                  486 	mov	r3,a
   01DF E0                  487 	movx	a,@dptr
   01E0 A3                  488 	inc	dptr
   01E1 FC                  489 	mov	r4,a
   01E2 E0                  490 	movx	a,@dptr
   01E3 FD                  491 	mov	r5,a
   01E4 7B 00               492 	mov	r3,#0
   01E6 7C 00               493 	mov	r4,#0
   01E8 7D 00               494 	mov	r5,#0
   01EA 90s00r00r08         495 	mov	dptr,#___fsmul_fl2_1_1
   01EE E0                  496 	movx	a,@dptr
   01EF A3                  497 	inc	dptr
   01F0 FE                  498 	mov	r6,a
   01F1 E0                  499 	movx	a,@dptr
   01F2 A3                  500 	inc	dptr
   01F3 FF                  501 	mov	r7,a
   01F4 E0                  502 	movx	a,@dptr
   01F5 A3                  503 	inc	dptr
   01F6 F8                  504 	mov	r0,a
   01F7 E0                  505 	movx	a,@dptr
   01F8 F9                  506 	mov	r1,a
   01F9 8F 06               507 	mov	ar6,r7
   01FB 88 07               508 	mov	ar7,r0
   01FD 89 00               509 	mov	ar0,r1
   01FF 79 00               510 	mov	r1,#0
                            511 ;	genAssign: resultIsFar = TRUE
   0201 90s00r00r00         512 	mov	dptr,#__mullong_PARM_2
   0205 EE                  513 	mov	a,r6
   0206 F0                  514 	movx	@dptr,a
   0207 A3                  515 	inc	dptr
   0208 EF                  516 	mov	a,r7
   0209 F0                  517 	movx	@dptr,a
   020A A3                  518 	inc	dptr
   020B E8                  519 	mov	a,r0
   020C F0                  520 	movx	@dptr,a
   020D A3                  521 	inc	dptr
   020E E9                  522 	mov	a,r1
   020F F0                  523 	movx	@dptr,a
   0210 8A 82               524 	mov	dpl,r2
   0212 8B 83               525 	mov	dph,r3
   0214 8C 93               526 	mov	dpx,r4
   0216 8D F0               527 	mov	b,r5
   0218 12s00r00r00         528 	lcall	__mullong
   021C AA 82               529 	mov	r2,dpl
   021E AB 83               530 	mov	r3,dph
   0220 AC 93               531 	mov	r4,dpx
   0222 AD F0               532 	mov	r5,b
   0224 8B 02               533 	mov	ar2,r3
   0226 8C 03               534 	mov	ar3,r4
   0228 8D 04               535 	mov	ar4,r5
   022A 7D 00               536 	mov	r5,#0
   022C 90s00r00r0C         537 	mov	dptr,#___fsmul_result_1_1
   0230 E0                  538 	movx	a,@dptr
   0231 2A                  539 	add	a,r2
   0232 F0                  540 	movx	@dptr,a
   0233 A3                  541 	inc	dptr
   0234 E0                  542 	movx	a,@dptr
   0235 3B                  543 	addc	a,r3
   0236 F0                  544 	movx	@dptr,a
   0237 A3                  545 	inc	dptr
   0238 E0                  546 	movx	a,@dptr
   0239 3C                  547 	addc	a,r4
   023A F0                  548 	movx	@dptr,a
   023B A3                  549 	inc	dptr
   023C E0                  550 	movx	a,@dptr
   023D 3D                  551 	addc	a,r5
   023E F0                  552 	movx	@dptr,a
                            553 ;	_fsmul.c:264: result += ((fl2.l & (unsigned long) 0xFF) * (fl1.l >> 8)) >> 8;
   023F 90s00r00r08         554 	mov	dptr,#___fsmul_fl2_1_1
   0243 E0                  555 	movx	a,@dptr
   0244 A3                  556 	inc	dptr
   0245 FA                  557 	mov	r2,a
   0246 E0                  558 	movx	a,@dptr
   0247 A3                  559 	inc	dptr
   0248 FB                  560 	mov	r3,a
   0249 E0                  561 	movx	a,@dptr
   024A A3                  562 	inc	dptr
   024B FC                  563 	mov	r4,a
   024C E0                  564 	movx	a,@dptr
   024D FD                  565 	mov	r5,a
   024E 7B 00               566 	mov	r3,#0
   0250 7C 00               567 	mov	r4,#0
   0252 7D 00               568 	mov	r5,#0
   0254 90s00r00r04         569 	mov	dptr,#___fsmul_fl1_1_1
   0258 E0                  570 	movx	a,@dptr
   0259 A3                  571 	inc	dptr
   025A FE                  572 	mov	r6,a
   025B E0                  573 	movx	a,@dptr
   025C A3                  574 	inc	dptr
   025D FF                  575 	mov	r7,a
   025E E0                  576 	movx	a,@dptr
   025F A3                  577 	inc	dptr
   0260 F8                  578 	mov	r0,a
   0261 E0                  579 	movx	a,@dptr
   0262 F9                  580 	mov	r1,a
   0263 8F 06               581 	mov	ar6,r7
   0265 88 07               582 	mov	ar7,r0
   0267 89 00               583 	mov	ar0,r1
   0269 79 00               584 	mov	r1,#0
                            585 ;	genAssign: resultIsFar = TRUE
   026B 90s00r00r00         586 	mov	dptr,#__mullong_PARM_2
   026F EE                  587 	mov	a,r6
   0270 F0                  588 	movx	@dptr,a
   0271 A3                  589 	inc	dptr
   0272 EF                  590 	mov	a,r7
   0273 F0                  591 	movx	@dptr,a
   0274 A3                  592 	inc	dptr
   0275 E8                  593 	mov	a,r0
   0276 F0                  594 	movx	@dptr,a
   0277 A3                  595 	inc	dptr
   0278 E9                  596 	mov	a,r1
   0279 F0                  597 	movx	@dptr,a
   027A 8A 82               598 	mov	dpl,r2
   027C 8B 83               599 	mov	dph,r3
   027E 8C 93               600 	mov	dpx,r4
   0280 8D F0               601 	mov	b,r5
   0282 12s00r00r00         602 	lcall	__mullong
   0286 AA 82               603 	mov	r2,dpl
   0288 AB 83               604 	mov	r3,dph
   028A AC 93               605 	mov	r4,dpx
   028C AD F0               606 	mov	r5,b
   028E 8B 02               607 	mov	ar2,r3
   0290 8C 03               608 	mov	ar3,r4
   0292 8D 04               609 	mov	ar4,r5
   0294 7D 00               610 	mov	r5,#0
   0296 90s00r00r0C         611 	mov	dptr,#___fsmul_result_1_1
   029A E0                  612 	movx	a,@dptr
   029B 2A                  613 	add	a,r2
   029C F0                  614 	movx	@dptr,a
   029D A3                  615 	inc	dptr
   029E E0                  616 	movx	a,@dptr
   029F 3B                  617 	addc	a,r3
   02A0 F0                  618 	movx	@dptr,a
   02A1 A3                  619 	inc	dptr
   02A2 E0                  620 	movx	a,@dptr
   02A3 3C                  621 	addc	a,r4
   02A4 F0                  622 	movx	@dptr,a
   02A5 A3                  623 	inc	dptr
   02A6 E0                  624 	movx	a,@dptr
   02A7 3D                  625 	addc	a,r5
   02A8 F0                  626 	movx	@dptr,a
                            627 ;	_fsmul.c:267: result += 0x40;
   02A9 90s00r00r0C         628 	mov	dptr,#___fsmul_result_1_1
   02AD E0                  629 	movx	a,@dptr
   02AE 24 40               630 	add	a,#0x40
   02B0 F0                  631 	movx	@dptr,a
   02B1 A3                  632 	inc	dptr
   02B2 E0                  633 	movx	a,@dptr
   02B3 34 00               634 	addc	a,#0x00
   02B5 F0                  635 	movx	@dptr,a
   02B6 A3                  636 	inc	dptr
   02B7 E0                  637 	movx	a,@dptr
   02B8 34 00               638 	addc	a,#0x00
   02BA F0                  639 	movx	@dptr,a
   02BB A3                  640 	inc	dptr
   02BC E0                  641 	movx	a,@dptr
   02BD 34 00               642 	addc	a,#0x00
   02BF F0                  643 	movx	@dptr,a
                            644 ;	_fsmul.c:269: if (result & SIGNBIT)
   02C0 90s00r00r0C         645 	mov	dptr,#___fsmul_result_1_1
   02C4 A3                  646 	inc	dptr
   02C5 A3                  647 	inc	dptr
   02C6 A3                  648 	inc	dptr
   02C7 E0                  649 	movx	a,@dptr
   02C8 30 E7 37            650 	jnb  acc.7,00105$
   02CB                     651 00127$:
                            652 ;	_fsmul.c:272: result += 0x40;
   02CB 90s00r00r0C         653 	mov	dptr,#___fsmul_result_1_1
   02CF E0                  654 	movx	a,@dptr
   02D0 24 40               655 	add	a,#0x40
   02D2 F0                  656 	movx	@dptr,a
   02D3 A3                  657 	inc	dptr
   02D4 E0                  658 	movx	a,@dptr
   02D5 34 00               659 	addc	a,#0x00
   02D7 F0                  660 	movx	@dptr,a
   02D8 A3                  661 	inc	dptr
   02D9 E0                  662 	movx	a,@dptr
   02DA 34 00               663 	addc	a,#0x00
   02DC F0                  664 	movx	@dptr,a
   02DD A3                  665 	inc	dptr
   02DE E0                  666 	movx	a,@dptr
   02DF 34 00               667 	addc	a,#0x00
   02E1 F0                  668 	movx	@dptr,a
                            669 ;	_fsmul.c:273: result >>= 8;
   02E2 90s00r00r0C         670 	mov	dptr,#___fsmul_result_1_1
   02E6 A3                  671 	inc	dptr
   02E7 E0                  672 	movx	a,@dptr
   02E8 FA                  673 	mov	r2,a
   02E9 A3                  674 	inc	dptr
   02EA E0                  675 	movx	a,@dptr
   02EB FB                  676 	mov	r3,a
   02EC A3                  677 	inc	dptr
   02ED E0                  678 	movx	a,@dptr
   02EE FC                  679 	mov	r4,a
   02EF 7D 00               680 	mov	r5,#0
                            681 ;	genAssign: resultIsFar = TRUE
   02F1 90s00r00r0C         682 	mov	dptr,#___fsmul_result_1_1
   02F5 EA                  683 	mov	a,r2
   02F6 F0                  684 	movx	@dptr,a
   02F7 A3                  685 	inc	dptr
   02F8 EB                  686 	mov	a,r3
   02F9 F0                  687 	movx	@dptr,a
   02FA A3                  688 	inc	dptr
   02FB EC                  689 	mov	a,r4
   02FC F0                  690 	movx	@dptr,a
   02FD A3                  691 	inc	dptr
   02FE ED                  692 	mov	a,r5
   02FF F0                  693 	movx	@dptr,a
   0300 80 4B               694 	sjmp 00106$
   0302                     695 00105$:
                            696 ;	_fsmul.c:277: result >>= 7;
   0302 90s00r00r0C         697 	mov	dptr,#___fsmul_result_1_1
   0306 E0                  698 	movx	a,@dptr
   0307 FA                  699 	mov	r2,a
   0308 A3                  700 	inc	dptr
   0309 E0                  701 	movx	a,@dptr
   030A A2 E7               702 	mov	c,acc.7
   030C CA                  703 	xch	a,r2
   030D 33                  704 	rlc	a
   030E CA                  705 	xch	a,r2
   030F 33                  706 	rlc	a
   0310 CA                  707 	xch	a,r2
   0311 54 01               708 	anl	a,#0x01
   0313 FB                  709 	mov	r3,a
   0314 A3                  710 	inc	dptr
   0315 E0                  711 	movx	a,@dptr
   0316 25 E0               712 	add	a,acc
   0318 4B                  713 	orl	a,r3
   0319 FB                  714 	mov	r3,a
   031A E0                  715 	movx	a,@dptr
   031B FC                  716 	mov	r4,a
   031C A3                  717 	inc	dptr
   031D E0                  718 	movx	a,@dptr
   031E A2 E7               719 	mov	c,acc.7
   0320 CC                  720 	xch	a,r4
   0321 33                  721 	rlc	a
   0322 CC                  722 	xch	a,r4
   0323 33                  723 	rlc	a
   0324 CC                  724 	xch	a,r4
   0325 54 01               725 	anl	a,#0x01
   0327 FD                  726 	mov	r5,a
                            727 ;	genAssign: resultIsFar = TRUE
   0328 90s00r00r0C         728 	mov	dptr,#___fsmul_result_1_1
   032C EA                  729 	mov	a,r2
   032D F0                  730 	movx	@dptr,a
   032E A3                  731 	inc	dptr
   032F EB                  732 	mov	a,r3
   0330 F0                  733 	movx	@dptr,a
   0331 A3                  734 	inc	dptr
   0332 EC                  735 	mov	a,r4
   0333 F0                  736 	movx	@dptr,a
   0334 A3                  737 	inc	dptr
   0335 ED                  738 	mov	a,r5
   0336 F0                  739 	movx	@dptr,a
                            740 ;	_fsmul.c:278: exp--;
   0337 90s00r00r10         741 	mov	dptr,#___fsmul_exp_1_1
   033B E0                  742 	movx	a,@dptr
   033C 24 FF               743 	add	a,#0xFF
   033E FA                  744 	mov	r2,a
   033F A3                  745 	inc	dptr
   0340 E0                  746 	movx	a,@dptr
   0341 34 FF               747 	addc	a,#0xFF
   0343 FB                  748 	mov	r3,a
                            749 ;	genAssign: resultIsFar = TRUE
   0344 90s00r00r10         750 	mov	dptr,#___fsmul_exp_1_1
   0348 EA                  751 	mov	a,r2
   0349 F0                  752 	movx	@dptr,a
   034A A3                  753 	inc	dptr
   034B EB                  754 	mov	a,r3
   034C F0                  755 	movx	@dptr,a
   034D                     756 00106$:
                            757 ;	_fsmul.c:281: result &= ~HIDDEN;
   034D 90s00r00r0C         758 	mov	dptr,#___fsmul_result_1_1
   0351 E0                  759 	movx	a,@dptr
   0352 F0                  760 	movx	@dptr,a
   0353 A3                  761 	inc	dptr
   0354 E0                  762 	movx	a,@dptr
   0355 F0                  763 	movx	@dptr,a
   0356 A3                  764 	inc	dptr
   0357 E0                  765 	movx	a,@dptr
   0358 54 7F               766 	anl	a,#0x7F
   035A F0                  767 	movx	@dptr,a
   035B A3                  768 	inc	dptr
   035C E0                  769 	movx	a,@dptr
   035D F0                  770 	movx	@dptr,a
                            771 ;	_fsmul.c:284: if (exp >= 0x100)
   035E 90s00r00r10         772 	mov	dptr,#___fsmul_exp_1_1
   0362 C3                  773 	clr	c
   0363 E0                  774 	movx	a,@dptr
   0364 94 00               775 	subb	a,#0x00
   0366 A3                  776 	inc	dptr
   0367 E0                  777 	movx	a,@dptr
   0368 64 80               778 	xrl	a,#0x80
   036A 94 81               779 	subb	a,#0x81
   036C 40 32               780 	jc   00111$
   036E                     781 00128$:
                            782 ;	_fsmul.c:285: fl1.l = (sign ? SIGNBIT : 0) | __INFINITY;
   036E 90s00r00r12         783 	mov	dptr,#___fsmul_sign_1_1
   0372 E0                  784 	movx	a,@dptr
   0373 60 0A               785 	jz  00115$
   0375                     786 00129$:
                            787 ;	genAssign: resultIsFar = FALSE
   0375 7A 00               788 	mov	r2,#0x00
   0377 7B 00               789 	mov	r3,#0x00
   0379 7C 00               790 	mov	r4,#0x00
   037B 7D 80               791 	mov	r5,#0x80
   037D 80 08               792 	sjmp 00116$
   037F                     793 00115$:
                            794 ;	genAssign: resultIsFar = FALSE
   037F 7A 00               795 	mov	r2,#0x00
   0381 7B 00               796 	mov	r3,#0x00
   0383 7C 00               797 	mov	r4,#0x00
   0385 7D 00               798 	mov	r5,#0x00
   0387                     799 00116$:
   0387 43 04 80            800 	orl	ar4,#0x80
   038A 43 05 7F            801 	orl	ar5,#0x7F
   038D 90s00r00r04         802 	mov	dptr,#___fsmul_fl1_1_1
   0391 EA                  803 	mov	a,r2
   0392 F0                  804 	movx	@dptr,a
   0393 A3                  805 	inc	dptr
   0394 EB                  806 	mov	a,r3
   0395 F0                  807 	movx	@dptr,a
   0396 A3                  808 	inc	dptr
   0397 EC                  809 	mov	a,r4
   0398 F0                  810 	movx	@dptr,a
   0399 A3                  811 	inc	dptr
   039A ED                  812 	mov	a,r5
   039B F0                  813 	movx	@dptr,a
   039C 02s00r04r23         814 	ljmp	00112$
   03A0                     815 00111$:
                            816 ;	_fsmul.c:286: else if (exp < 0)
   03A0 90s00r00r10         817 	mov	dptr,#___fsmul_exp_1_1
   03A4 A3                  818 	inc	dptr
   03A5 E0                  819 	movx	a,@dptr
   03A6 30 E7 0F            820 	jnb  acc.7,00108$
   03A9                     821 00130$:
                            822 ;	_fsmul.c:287: fl1.l = 0;
   03A9 90s00r00r04         823 	mov	dptr,#___fsmul_fl1_1_1
   03AD E4                  824 	clr  a
   03AE F0                  825 	movx @dptr,a
   03AF A3                  826 	inc  dptr
   03B0 F0                  827 	movx @dptr,a
   03B1 A3                  828 	inc	dptr
   03B2 E4                  829 	clr  a
   03B3 F0                  830 	movx @dptr,a
   03B4 A3                  831 	inc  dptr
   03B5 F0                  832 	movx @dptr,a
   03B6 80 6B               833 	sjmp 00112$
   03B8                     834 00108$:
                            835 ;	_fsmul.c:289: fl1.l = PACK (sign ? SIGNBIT : 0 , exp, result);
   03B8 90s00r00r12         836 	mov	dptr,#___fsmul_sign_1_1
   03BC E0                  837 	movx	a,@dptr
   03BD 60 0A               838 	jz  00117$
   03BF                     839 00131$:
                            840 ;	genAssign: resultIsFar = FALSE
   03BF 7A 00               841 	mov	r2,#0x00
   03C1 7B 00               842 	mov	r3,#0x00
   03C3 7C 00               843 	mov	r4,#0x00
   03C5 7D 80               844 	mov	r5,#0x80
   03C7 80 08               845 	sjmp 00118$
   03C9                     846 00117$:
                            847 ;	genAssign: resultIsFar = FALSE
   03C9 7A 00               848 	mov	r2,#0x00
   03CB 7B 00               849 	mov	r3,#0x00
   03CD 7C 00               850 	mov	r4,#0x00
   03CF 7D 00               851 	mov	r5,#0x00
   03D1                     852 00118$:
   03D1 90s00r00r10         853 	mov	dptr,#___fsmul_exp_1_1
   03D5 E0                  854 	movx	a,@dptr
   03D6 FE                  855 	mov	r6,a
   03D7 A3                  856 	inc	dptr
   03D8 E0                  857 	movx	a,@dptr
   03D9 FF                  858 	mov	r7,a
   03DA E0                  859 	movx	a,@dptr
   03DB 33                  860 	rlc	a
   03DC 95 E0               861 	subb	a,acc
   03DE F8                  862 	mov	r0,a
   03DF F9                  863 	mov	r1,a
   03E0 75 F0 18            864 	mov	b,#0x18
   03E3 80 0D               865 	sjmp	00133$
   03E5                     866 00132$:
   03E5 EE                  867 	mov	a,r6
   03E6 25 E0               868 	add	a,acc
   03E8 FE                  869 	mov	r6,a
   03E9 EF                  870 	mov	a,r7
   03EA 33                  871 	rlc	a
   03EB FF                  872 	mov	r7,a
   03EC E8                  873 	mov	a,r0
   03ED 33                  874 	rlc	a
   03EE F8                  875 	mov	r0,a
   03EF E9                  876 	mov	a,r1
   03F0 33                  877 	rlc	a
   03F1 F9                  878 	mov	r1,a
   03F2                     879 00133$:
   03F2 D5 F0 F0            880 	djnz	b,00132$
   03F5 EE                  881 	mov	a,r6
   03F6 42 02               882 	orl	ar2,a
   03F8 EF                  883 	mov	a,r7
   03F9 42 03               884 	orl	ar3,a
   03FB E8                  885 	mov	a,r0
   03FC 42 04               886 	orl	ar4,a
   03FE E9                  887 	mov	a,r1
   03FF 42 05               888 	orl	ar5,a
   0401 90s00r00r0C         889 	mov	dptr,#___fsmul_result_1_1
   0405 E0                  890 	movx	a,@dptr
   0406 42 02               891 	orl	ar2,a
   0408 A3                  892 	inc	dptr
   0409 E0                  893 	movx	a,@dptr
   040A 42 03               894 	orl	ar3,a
   040C A3                  895 	inc	dptr
   040D E0                  896 	movx	a,@dptr
   040E 42 04               897 	orl	ar4,a
   0410 A3                  898 	inc	dptr
   0411 E0                  899 	movx	a,@dptr
   0412 42 05               900 	orl	ar5,a
   0414 90s00r00r04         901 	mov	dptr,#___fsmul_fl1_1_1
   0418 EA                  902 	mov	a,r2
   0419 F0                  903 	movx	@dptr,a
   041A A3                  904 	inc	dptr
   041B EB                  905 	mov	a,r3
   041C F0                  906 	movx	@dptr,a
   041D A3                  907 	inc	dptr
   041E EC                  908 	mov	a,r4
   041F F0                  909 	movx	@dptr,a
   0420 A3                  910 	inc	dptr
   0421 ED                  911 	mov	a,r5
   0422 F0                  912 	movx	@dptr,a
   0423                     913 00112$:
                            914 ;	_fsmul.c:290: return (fl1.f);
   0423 90s00r00r04         915 	mov	dptr,#___fsmul_fl1_1_1
   0427 E0                  916 	movx	a,@dptr
   0428 A3                  917 	inc	dptr
   0429 FA                  918 	mov	r2,a
   042A E0                  919 	movx	a,@dptr
   042B A3                  920 	inc	dptr
   042C FB                  921 	mov	r3,a
   042D E0                  922 	movx	a,@dptr
   042E A3                  923 	inc	dptr
   042F FC                  924 	mov	r4,a
   0430 E0                  925 	movx	a,@dptr
   0431 FD                  926 	mov	r5,a
   0432 8A 82               927 	mov	dpl,r2
   0434 8B 83               928 	mov	dph,r3
   0436 8C 93               929 	mov	dpx,r4
   0438 8D F0               930 	mov	b,r5
   043A                     931 00113$:
   043A 22                  932 	ret
                            933 	.area CSEG    (CODE)
                            934 	.area CONST   (CODE)
                            935 	.area XINIT   (CODE)
                            936 	.area CABS    (ABS,CODE)
