                              1 ;--------------------------------------------------------
                              2 ; File Created by SDCC : free open source ANSI-C Compiler
                              3 ; Version 3.0.1 #6227 (Oct  2 2015) (Linux)
                              4 ; This file was generated Fri Oct  2 17:15:16 2015
                              5 ;--------------------------------------------------------
                              6 	.module _fsnormalize
                              7 	.optsdcc -mds390 --model-flat24
                              8 	
                              9 ;--------------------------------------------------------
                             10 ; CPU specific extensions
                             11 ;--------------------------------------------------------
                             12 .flat24 on		; 24 bit flat addressing
                    0084     13 dpl1	=	0x84
                    0085     14 dph1	=	0x85
                    0086     15 dps	=	0x86
                    0093     16 dpx	=	0x93
                    0095     17 dpx1	=	0x95
                    009B     18 esp	=	0x9B
                    009C     19 ap	=	0x9C
                    009C     20 _ap	=	0x9C
                    00D1     21 mcnt0	=	0xD1
                    00D2     22 mcnt1	=	0xD2
                    00D3     23 ma	=	0xD3
                    00D4     24 mb	=	0xD4
                    00D5     25 mc	=	0xD5
                    00D1     26 F1	=	0xD1	; user flag
                             27 ;--------------------------------------------------------
                             28 ; Public variables in this module
                             29 ;--------------------------------------------------------
                             30 ;--------------------------------------------------------
                             31 ; special function registers
                             32 ;--------------------------------------------------------
                             33 ;--------------------------------------------------------
                             34 ; special function bits
                             35 ;--------------------------------------------------------
                             36 ;--------------------------------------------------------
                             37 ; overlayable register banks
                             38 ;--------------------------------------------------------
                             39 	.area REG_BANK_0	(REL,OVR,DATA)
   0000                      40 	.ds 8
                             41 ;--------------------------------------------------------
                             42 ; internal ram data
                             43 ;--------------------------------------------------------
                             44 	.area DSEG    (DATA)
                             45 ;--------------------------------------------------------
                             46 ; overlayable items in internal ram 
                             47 ;--------------------------------------------------------
                             48 	.area OSEG    (OVR,DATA)
                             49 ;--------------------------------------------------------
                             50 ; indirectly addressable internal ram data
                             51 ;--------------------------------------------------------
                             52 	.area ISEG    (DATA)
                             53 ;--------------------------------------------------------
                             54 ; absolute internal ram data
                             55 ;--------------------------------------------------------
                             56 	.area IABS    (ABS,DATA)
                             57 	.area IABS    (ABS,DATA)
                             58 ;--------------------------------------------------------
                             59 ; bit data
                             60 ;--------------------------------------------------------
                             61 	.area BSEG    (BIT)
                             62 ;--------------------------------------------------------
                             63 ; paged external ram data
                             64 ;--------------------------------------------------------
                             65 	.area PSEG    (PAG,XDATA)
                             66 ;--------------------------------------------------------
                             67 ; external ram data
                             68 ;--------------------------------------------------------
                             69 	.area XSEG    (XDATA)
                             70 ;--------------------------------------------------------
                             71 ; absolute external ram data
                             72 ;--------------------------------------------------------
                             73 	.area XABS    (ABS,XDATA)
                             74 ;--------------------------------------------------------
                             75 ; external initialized ram data
                             76 ;--------------------------------------------------------
                             77 	.area XISEG   (XDATA)
                             78 ;--------------------------------------------------------
                             79 ; global & static initialisations
                             80 ;--------------------------------------------------------
                             81 	.area HOME    (CODE)
                             82 	.area GSINIT  (CODE)
                             83 	.area GSFINAL (CODE)
                             84 	.area GSINIT  (CODE)
                             85 ;--------------------------------------------------------
                             86 ; Home
                             87 ;--------------------------------------------------------
                             88 	.area HOME    (CODE)
                             89 	.area HOME    (CODE)
                             90 ;--------------------------------------------------------
                             91 ; code
                             92 ;--------------------------------------------------------
                             93 	.area CSEG    (CODE)
                             94 	.area CSEG    (CODE)
                             95 	.area CONST   (CODE)
                             96 	.area XINIT   (CODE)
                             97 	.area CABS    (ABS,CODE)
