                              1 ;--------------------------------------------------------
                              2 ; File Created by SDCC : free open source ANSI-C Compiler
                              3 ; Version 3.0.1 #6227 (Oct  2 2015) (Linux)
                              4 ; This file was generated Fri Oct  2 17:15:16 2015
                              5 ;--------------------------------------------------------
                              6 	.module _modslong
                              7 	.optsdcc -mds390 --model-flat24
                              8 	
                              9 ;--------------------------------------------------------
                             10 ; CPU specific extensions
                             11 ;--------------------------------------------------------
                             12 .flat24 on		; 24 bit flat addressing
                    0084     13 dpl1	=	0x84
                    0085     14 dph1	=	0x85
                    0086     15 dps	=	0x86
                    0093     16 dpx	=	0x93
                    0095     17 dpx1	=	0x95
                    009B     18 esp	=	0x9B
                    009C     19 ap	=	0x9C
                    009C     20 _ap	=	0x9C
                    00D1     21 mcnt0	=	0xD1
                    00D2     22 mcnt1	=	0xD2
                    00D3     23 ma	=	0xD3
                    00D4     24 mb	=	0xD4
                    00D5     25 mc	=	0xD5
                    00D1     26 F1	=	0xD1	; user flag
                             27 ;--------------------------------------------------------
                             28 ; Public variables in this module
                             29 ;--------------------------------------------------------
                             30 	.globl __modslong_PARM_2
                             31 	.globl __modslong
                             32 ;--------------------------------------------------------
                             33 ; special function registers
                             34 ;--------------------------------------------------------
                             35 ;--------------------------------------------------------
                             36 ; special function bits
                             37 ;--------------------------------------------------------
                             38 ;--------------------------------------------------------
                             39 ; overlayable register banks
                             40 ;--------------------------------------------------------
                             41 	.area REG_BANK_0	(REL,OVR,DATA)
   0000                      42 	.ds 8
                             43 ;--------------------------------------------------------
                             44 ; internal ram data
                             45 ;--------------------------------------------------------
                             46 	.area DSEG    (DATA)
                             47 ;--------------------------------------------------------
                             48 ; overlayable items in internal ram 
                             49 ;--------------------------------------------------------
                             50 	.area OSEG    (OVR,DATA)
                             51 ;--------------------------------------------------------
                             52 ; indirectly addressable internal ram data
                             53 ;--------------------------------------------------------
                             54 	.area ISEG    (DATA)
                             55 ;--------------------------------------------------------
                             56 ; absolute internal ram data
                             57 ;--------------------------------------------------------
                             58 	.area IABS    (ABS,DATA)
                             59 	.area IABS    (ABS,DATA)
                             60 ;--------------------------------------------------------
                             61 ; bit data
                             62 ;--------------------------------------------------------
                             63 	.area BSEG    (BIT)
                             64 ;--------------------------------------------------------
                             65 ; paged external ram data
                             66 ;--------------------------------------------------------
                             67 	.area PSEG    (PAG,XDATA)
                             68 ;--------------------------------------------------------
                             69 ; external ram data
                             70 ;--------------------------------------------------------
                             71 	.area XSEG    (XDATA)
   0000                      72 __modslong_PARM_2:
   0000                      73 	.ds 4
   0004                      74 __modslong_sloc0_1_0:
   0004                      75 	.ds 4
                             76 ;--------------------------------------------------------
                             77 ; absolute external ram data
                             78 ;--------------------------------------------------------
                             79 	.area XABS    (ABS,XDATA)
                             80 ;--------------------------------------------------------
                             81 ; external initialized ram data
                             82 ;--------------------------------------------------------
                             83 	.area XISEG   (XDATA)
                             84 ;--------------------------------------------------------
                             85 ; global & static initialisations
                             86 ;--------------------------------------------------------
                             87 	.area HOME    (CODE)
                             88 	.area GSINIT  (CODE)
                             89 	.area GSFINAL (CODE)
                             90 	.area GSINIT  (CODE)
                             91 ;--------------------------------------------------------
                             92 ; Home
                             93 ;--------------------------------------------------------
                             94 	.area HOME    (CODE)
                             95 	.area HOME    (CODE)
                             96 ;--------------------------------------------------------
                             97 ; code
                             98 ;--------------------------------------------------------
                             99 	.area CSEG    (CODE)
                            100 ;------------------------------------------------------------
                            101 ;Allocation info for local variables in function '_modslong'
                            102 ;------------------------------------------------------------
                            103 ;b                         Allocated with name '__modslong_PARM_2'
                            104 ;a                         Allocated to registers r2 r3 r4 r5 
                            105 ;r                         Allocated to registers r2 r3 r4 r5 
                            106 ;sloc0                     Allocated with name '__modslong_sloc0_1_0'
                            107 ;------------------------------------------------------------
                            108 ;	_modslong.c:259: _modslong (long a, long b)
                            109 ;	-----------------------------------------
                            110 ;	 function _modslong
                            111 ;	-----------------------------------------
   0000                     112 __modslong:
                    0002    113 	ar2 = 0x02
                    0003    114 	ar3 = 0x03
                    0004    115 	ar4 = 0x04
                    0005    116 	ar5 = 0x05
                    0006    117 	ar6 = 0x06
                    0007    118 	ar7 = 0x07
                    0000    119 	ar0 = 0x00
                    0001    120 	ar1 = 0x01
   0000 AA 82               121 	mov	r2,dpl
   0002 AB 83               122 	mov	r3,dph
   0004 AC 93               123 	mov	r4,dpx
   0006 AD F0               124 	mov	r5,b
                            125 ;	_modslong.c:263: r = _modulong((a < 0 ? -a : a),
   0008 ED                  126 	mov	a,r5
   0009 33                  127 	rlc	a
   000A E4                  128 	clr	a
   000B 33                  129 	rlc	a
   000C FE                  130 	mov  r6,a
   000D 60 16               131 	jz  00106$
   000F                     132 00113$:
   000F 90s00r00r04         133 	mov	dptr,#__modslong_sloc0_1_0
   0013 C3                  134 	clr	c
   0014 E4                  135 	clr	a
   0015 9A                  136 	subb	a,r2
   0016 F0                  137 	movx	@dptr,a
   0017 E4                  138 	clr	a
   0018 9B                  139 	subb	a,r3
   0019 A3                  140 	inc	dptr
   001A F0                  141 	movx	@dptr,a
   001B E4                  142 	clr	a
   001C 9C                  143 	subb	a,r4
   001D A3                  144 	inc	dptr
   001E F0                  145 	movx	@dptr,a
   001F E4                  146 	clr	a
   0020 9D                  147 	subb	a,r5
   0021 A3                  148 	inc	dptr
   0022 F0                  149 	movx	@dptr,a
   0023 80 0F               150 	sjmp 00107$
   0025                     151 00106$:
                            152 ;	genAssign: resultIsFar = TRUE
   0025 90s00r00r04         153 	mov	dptr,#__modslong_sloc0_1_0
   0029 EA                  154 	mov	a,r2
   002A F0                  155 	movx	@dptr,a
   002B A3                  156 	inc	dptr
   002C EB                  157 	mov	a,r3
   002D F0                  158 	movx	@dptr,a
   002E A3                  159 	inc	dptr
   002F EC                  160 	mov	a,r4
   0030 F0                  161 	movx	@dptr,a
   0031 A3                  162 	inc	dptr
   0032 ED                  163 	mov	a,r5
   0033 F0                  164 	movx	@dptr,a
   0034                     165 00107$:
   0034 90s00r00r04         166 	mov	dptr,#__modslong_sloc0_1_0
                            167 ;	genAssign: resultIsFar = FALSE
   0038 E0                  168 	movx	a,@dptr
   0039 FA                  169 	mov	r2,a
   003A A3                  170 	inc	dptr
   003B E0                  171 	movx	a,@dptr
   003C FB                  172 	mov	r3,a
   003D A3                  173 	inc	dptr
   003E E0                  174 	movx	a,@dptr
   003F FC                  175 	mov	r4,a
   0040 A3                  176 	inc	dptr
   0041 E0                  177 	movx	a,@dptr
   0042 FD                  178 	mov	r5,a
                            179 ;	_modslong.c:264: (b < 0 ? -b : b));
   0043 90s00r00r00         180 	mov	dptr,#__modslong_PARM_2
   0047 A3                  181 	inc	dptr
   0048 A3                  182 	inc	dptr
   0049 A3                  183 	inc	dptr
   004A E0                  184 	movx	a,@dptr
   004B 30 E7 3B            185 	jnb  acc.7,00108$
   004E                     186 00114$:
   004E 90s00r00r00         187 	mov	dptr,#__modslong_PARM_2
   0052 75 86 01            188 	mov	dps, #1
   0055 90s00r00r04         189 	mov	dptr, #__modslong_sloc0_1_0
   0059 15 86               190 	dec	dps
   005B E0                  191 	movx	a,@dptr
   005C D3                  192 	setb	c
   005D F4                  193 	cpl	a
   005E 34 00               194 	addc	a,#0x00
   0060 05 86               195 	inc	dps
   0062 F0                  196 	movx	@dptr,a
   0063 15 86               197 	dec	dps
   0065 A3                  198 	inc	dptr
   0066 E0                  199 	movx	a,@dptr
   0067 F4                  200 	cpl	a
   0068 34 00               201 	addc	a,#0x00
   006A 05 86               202 	inc	dps
   006C A3                  203 	inc	dptr
   006D F0                  204 	movx	@dptr,a
   006E 15 86               205 	dec	dps
   0070 A3                  206 	inc	dptr
   0071 E0                  207 	movx	a,@dptr
   0072 F4                  208 	cpl	a
   0073 34 00               209 	addc	a,#0x00
   0075 05 86               210 	inc	dps
   0077 A3                  211 	inc	dptr
   0078 F0                  212 	movx	@dptr,a
   0079 15 86               213 	dec	dps
   007B A3                  214 	inc	dptr
   007C E0                  215 	movx	a,@dptr
   007D F4                  216 	cpl	a
   007E 34 00               217 	addc	a,#0x00
   0080 05 86               218 	inc	dps
   0082 A3                  219 	inc	dptr
   0083 F0                  220 	movx	@dptr,a
   0084 75 86 00            221 	mov	dps,#0
   0087 80 1C               222 	sjmp 00109$
   0089                     223 00108$:
   0089 90s00r00r00         224 	mov	dptr,#__modslong_PARM_2
                            225 ;	genAssign: resultIsFar = TRUE
   008D 75 86 21            226 	mov	dps,#0x21
   0090 90s00r00r04         227 	mov	dptr,#__modslong_sloc0_1_0
   0094 E0                  228 	movx	a,@dptr
   0095 F0                  229 	movx	@dptr,a
   0096 A3                  230 	inc	dptr
   0097 A3                  231 	inc	dptr
   0098 E0                  232 	movx	a,@dptr
   0099 F0                  233 	movx	@dptr,a
   009A A3                  234 	inc	dptr
   009B A3                  235 	inc	dptr
   009C E0                  236 	movx	a,@dptr
   009D F0                  237 	movx	@dptr,a
   009E A3                  238 	inc	dptr
   009F A3                  239 	inc	dptr
   00A0 E0                  240 	movx	a,@dptr
   00A1 F0                  241 	movx	@dptr,a
   00A2 75 86 00            242 	mov	dps,#0
   00A5                     243 00109$:
   00A5 90s00r00r04         244 	mov	dptr,#__modslong_sloc0_1_0
                            245 ;	genAssign: resultIsFar = TRUE
   00A9 75 86 21            246 	mov	dps,#0x21
   00AC 90s00r00r00         247 	mov	dptr,#__modulong_PARM_2
   00B0 E0                  248 	movx	a,@dptr
   00B1 F0                  249 	movx	@dptr,a
   00B2 A3                  250 	inc	dptr
   00B3 A3                  251 	inc	dptr
   00B4 E0                  252 	movx	a,@dptr
   00B5 F0                  253 	movx	@dptr,a
   00B6 A3                  254 	inc	dptr
   00B7 A3                  255 	inc	dptr
   00B8 E0                  256 	movx	a,@dptr
   00B9 F0                  257 	movx	@dptr,a
   00BA A3                  258 	inc	dptr
   00BB A3                  259 	inc	dptr
   00BC E0                  260 	movx	a,@dptr
   00BD F0                  261 	movx	@dptr,a
   00BE 75 86 00            262 	mov	dps,#0
   00C1 C0 06               263 	push	ar6
   00C3 8A 82               264 	mov	dpl,r2
   00C5 8B 83               265 	mov	dph,r3
   00C7 8C 93               266 	mov	dpx,r4
   00C9 8D F0               267 	mov	b,r5
   00CB 12s00r00r00         268 	lcall	__modulong
   00CF AA 82               269 	mov	r2,dpl
   00D1 AB 83               270 	mov	r3,dph
   00D3 AC 93               271 	mov	r4,dpx
   00D5 AD F0               272 	mov	r5,b
   00D7 D0 06               273 	pop	ar6
                            274 ;	genAssign: resultIsFar = TRUE
                            275 ;	_modslong.c:265: if (a < 0)
   00D9 EE                  276 	mov	a,r6
   00DA 60 17               277 	jz  00102$
   00DC                     278 00115$:
                            279 ;	_modslong.c:266: return -r;
   00DC C3                  280 	clr	c
   00DD E4                  281 	clr	a
   00DE 9A                  282 	subb	a,r2
   00DF FE                  283 	mov	r6,a
   00E0 E4                  284 	clr	a
   00E1 9B                  285 	subb	a,r3
   00E2 FF                  286 	mov	r7,a
   00E3 E4                  287 	clr	a
   00E4 9C                  288 	subb	a,r4
   00E5 F8                  289 	mov	r0,a
   00E6 E4                  290 	clr	a
   00E7 9D                  291 	subb	a,r5
   00E8 F9                  292 	mov	r1,a
   00E9 8E 82               293 	mov	dpl,r6
   00EB 8F 83               294 	mov	dph,r7
   00ED 88 93               295 	mov	dpx,r0
   00EF 89 F0               296 	mov	b,r1
   00F1 80 08               297 	sjmp 00104$
   00F3                     298 00102$:
                            299 ;	_modslong.c:268: return r;
   00F3 8A 82               300 	mov	dpl,r2
   00F5 8B 83               301 	mov	dph,r3
   00F7 8C 93               302 	mov	dpx,r4
   00F9 8D F0               303 	mov	b,r5
   00FB                     304 00104$:
   00FB 22                  305 	ret
                            306 	.area CSEG    (CODE)
                            307 	.area CONST   (CODE)
                            308 	.area XINIT   (CODE)
                            309 	.area CABS    (ABS,CODE)
