                              1 ;--------------------------------------------------------
                              2 ; File Created by SDCC : free open source ANSI-C Compiler
                              3 ; Version 3.0.1 #6227 (Oct  2 2015) (Linux)
                              4 ; This file was generated Fri Oct  2 17:15:16 2015
                              5 ;--------------------------------------------------------
                              6 	.module atan2f
                              7 	.optsdcc -mds390 --model-flat24
                              8 	
                              9 ;--------------------------------------------------------
                             10 ; CPU specific extensions
                             11 ;--------------------------------------------------------
                             12 .flat24 on		; 24 bit flat addressing
                    0084     13 dpl1	=	0x84
                    0085     14 dph1	=	0x85
                    0086     15 dps	=	0x86
                    0093     16 dpx	=	0x93
                    0095     17 dpx1	=	0x95
                    009B     18 esp	=	0x9B
                    009C     19 ap	=	0x9C
                    009C     20 _ap	=	0x9C
                    00D1     21 mcnt0	=	0xD1
                    00D2     22 mcnt1	=	0xD2
                    00D3     23 ma	=	0xD3
                    00D4     24 mb	=	0xD4
                    00D5     25 mc	=	0xD5
                    00D1     26 F1	=	0xD1	; user flag
                             27 ;--------------------------------------------------------
                             28 ; Public variables in this module
                             29 ;--------------------------------------------------------
                             30 	.globl _atan2f_PARM_2
                             31 	.globl _atan2f
                             32 ;--------------------------------------------------------
                             33 ; special function registers
                             34 ;--------------------------------------------------------
                             35 ;--------------------------------------------------------
                             36 ; special function bits
                             37 ;--------------------------------------------------------
                             38 ;--------------------------------------------------------
                             39 ; overlayable register banks
                             40 ;--------------------------------------------------------
                             41 	.area REG_BANK_0	(REL,OVR,DATA)
   0000                      42 	.ds 8
                             43 ;--------------------------------------------------------
                             44 ; internal ram data
                             45 ;--------------------------------------------------------
                             46 	.area DSEG    (DATA)
                             47 ;--------------------------------------------------------
                             48 ; overlayable items in internal ram 
                             49 ;--------------------------------------------------------
                             50 	.area OSEG    (OVR,DATA)
                             51 ;--------------------------------------------------------
                             52 ; indirectly addressable internal ram data
                             53 ;--------------------------------------------------------
                             54 	.area ISEG    (DATA)
                             55 ;--------------------------------------------------------
                             56 ; absolute internal ram data
                             57 ;--------------------------------------------------------
                             58 	.area IABS    (ABS,DATA)
                             59 	.area IABS    (ABS,DATA)
                             60 ;--------------------------------------------------------
                             61 ; bit data
                             62 ;--------------------------------------------------------
                             63 	.area BSEG    (BIT)
                             64 ;--------------------------------------------------------
                             65 ; paged external ram data
                             66 ;--------------------------------------------------------
                             67 	.area PSEG    (PAG,XDATA)
                             68 ;--------------------------------------------------------
                             69 ; external ram data
                             70 ;--------------------------------------------------------
                             71 	.area XSEG    (XDATA)
   0000                      72 _atan2f_PARM_2:
   0000                      73 	.ds 4
   0004                      74 _atan2f_x_1_1:
   0004                      75 	.ds 4
                             76 ;--------------------------------------------------------
                             77 ; absolute external ram data
                             78 ;--------------------------------------------------------
                             79 	.area XABS    (ABS,XDATA)
                             80 ;--------------------------------------------------------
                             81 ; external initialized ram data
                             82 ;--------------------------------------------------------
                             83 	.area XISEG   (XDATA)
                             84 ;--------------------------------------------------------
                             85 ; global & static initialisations
                             86 ;--------------------------------------------------------
                             87 	.area HOME    (CODE)
                             88 	.area GSINIT  (CODE)
                             89 	.area GSFINAL (CODE)
                             90 	.area GSINIT  (CODE)
                             91 ;--------------------------------------------------------
                             92 ; Home
                             93 ;--------------------------------------------------------
                             94 	.area HOME    (CODE)
                             95 	.area HOME    (CODE)
                             96 ;--------------------------------------------------------
                             97 ; code
                             98 ;--------------------------------------------------------
                             99 	.area CSEG    (CODE)
                            100 ;------------------------------------------------------------
                            101 ;Allocation info for local variables in function 'atan2f'
                            102 ;------------------------------------------------------------
                            103 ;y                         Allocated with name '_atan2f_PARM_2'
                            104 ;x                         Allocated with name '_atan2f_x_1_1'
                            105 ;r                         Allocated to registers r2 r3 r4 r5 
                            106 ;------------------------------------------------------------
                            107 ;	atan2f.c:34: float atan2f(const float x, const float y)
                            108 ;	-----------------------------------------
                            109 ;	 function atan2f
                            110 ;	-----------------------------------------
   0000                     111 _atan2f:
                    0002    112 	ar2 = 0x02
                    0003    113 	ar3 = 0x03
                    0004    114 	ar4 = 0x04
                    0005    115 	ar5 = 0x05
                    0006    116 	ar6 = 0x06
                    0007    117 	ar7 = 0x07
                    0000    118 	ar0 = 0x00
                    0001    119 	ar1 = 0x01
   0000 75 86 01            120 	mov     dps, #1
   0003 90s00r00r04         121 	mov     dptr, #_atan2f_x_1_1
   0007 E5 82               122 	mov	a,dpl
   0009 F0                  123 	movx	@dptr,a
   000A A3                  124 	inc	dptr
   000B E5 83               125 	mov	a,dph
   000D F0                  126 	movx	@dptr,a
   000E A3                  127 	inc	dptr
   000F E5 93               128 	mov	a,dpx
   0011 F0                  129 	movx	@dptr,a
   0012 A3                  130 	inc	dptr
   0013 E5 F0               131 	mov	a,b
   0015 F0                  132 	movx	@dptr,a
   0016 75 86 00            133 	mov	dps,#0
                            134 ;	atan2f.c:38: if ((x==0.0) && (y==0.0))
   0019 90s00r00r04         135 	mov	dptr,#_atan2f_x_1_1
   001D E0                  136 	movx	a,@dptr
   001E F5 F0               137 	mov	b,a
   0020 A3                  138 	inc	dptr
   0021 E0                  139 	movx	a,@dptr
   0022 42 F0               140 	orl	b,a
   0024 A3                  141 	inc	dptr
   0025 E0                  142 	movx	a,@dptr
   0026 42 F0               143 	orl	b,a
   0028 A3                  144 	inc	dptr
   0029 E0                  145 	movx	a,@dptr
   002A 45 F0               146 	orl	a,b
   002C 70 2A               147 	jnz  00102$
   002E                     148 00121$:
   002E 90s00r00r00         149 	mov	dptr,#_atan2f_PARM_2
   0032 E0                  150 	movx	a,@dptr
   0033 F5 F0               151 	mov	b,a
   0035 A3                  152 	inc	dptr
   0036 E0                  153 	movx	a,@dptr
   0037 42 F0               154 	orl	b,a
   0039 A3                  155 	inc	dptr
   003A E0                  156 	movx	a,@dptr
   003B 42 F0               157 	orl	b,a
   003D A3                  158 	inc	dptr
   003E E0                  159 	movx	a,@dptr
   003F 45 F0               160 	orl	a,b
   0041 70 15               161 	jnz  00102$
   0043                     162 00122$:
                            163 ;	atan2f.c:40: errno=EDOM;
                            164 ;	genAssign: resultIsFar = TRUE
   0043 90s00r00r00         165 	mov	dptr,#_errno
   0047 74 21               166 	mov	a,#0x21
   0049 F0                  167 	movx	@dptr,a
   004A E4                  168 	clr	a
   004B A3                  169 	inc	dptr
   004C F0                  170 	movx	@dptr,a
                            171 ;	atan2f.c:41: return 0.0;
   004D 90 00 00 00         172 	mov  dptr,#0x0000
   0051 75 F0 00            173 	mov	b,#0x00
   0054 02s00r02rA5         174 	ljmp	00109$
   0058                     175 00102$:
                            176 ;	atan2f.c:44: if(fabsf(y)>=fabsf(x))
   0058 05 86               177 	inc	dps
   005A 90s00r00r00         178 	mov	dptr,#_atan2f_PARM_2
   005E E0                  179 	movx	a,@dptr
   005F F5 82               180 	mov	dpl,a
   0061 A3                  181 	inc	dptr
   0062 E0                  182 	movx	a,@dptr
   0063 F5 83               183 	mov	dph,a
   0065 A3                  184 	inc	dptr
   0066 E0                  185 	movx	a,@dptr
   0067 F5 93               186 	mov	dpx,a
   0069 A3                  187 	inc	dptr
   006A E0                  188 	movx	a,@dptr
   006B F5 F0               189 	mov	b,a
   006D 75 86 00            190 	mov	dps,#0
   0070 12s00r00r00         191 	lcall	_fabsf
   0074 AE 82               192 	mov	r6,dpl
   0076 AF 83               193 	mov	r7,dph
   0078 A8 93               194 	mov	r0,dpx
   007A A9 F0               195 	mov	r1,b
   007C C0 06               196 	push	ar6
   007E C0 07               197 	push	ar7
   0080 C0 00               198 	push	ar0
   0082 C0 01               199 	push	ar1
   0084 05 86               200 	inc	dps
   0086 90s00r00r04         201 	mov	dptr,#_atan2f_x_1_1
   008A E0                  202 	movx	a,@dptr
   008B F5 82               203 	mov	dpl,a
   008D A3                  204 	inc	dptr
   008E E0                  205 	movx	a,@dptr
   008F F5 83               206 	mov	dph,a
   0091 A3                  207 	inc	dptr
   0092 E0                  208 	movx	a,@dptr
   0093 F5 93               209 	mov	dpx,a
   0095 A3                  210 	inc	dptr
   0096 E0                  211 	movx	a,@dptr
   0097 F5 F0               212 	mov	b,a
   0099 75 86 00            213 	mov	dps,#0
   009C 12s00r00r00         214 	lcall	_fabsf
   00A0 AA 82               215 	mov	r2,dpl
   00A2 AB 83               216 	mov	r3,dph
   00A4 AC 93               217 	mov	r4,dpx
   00A6 AD F0               218 	mov	r5,b
   00A8 D0 01               219 	pop	ar1
   00AA D0 00               220 	pop	ar0
   00AC D0 07               221 	pop	ar7
   00AE D0 06               222 	pop	ar6
                            223 ;	genAssign: resultIsFar = TRUE
   00B0 90s00r00r00         224 	mov	dptr,#___fslt_PARM_2
   00B4 EA                  225 	mov	a,r2
   00B5 F0                  226 	movx	@dptr,a
   00B6 A3                  227 	inc	dptr
   00B7 EB                  228 	mov	a,r3
   00B8 F0                  229 	movx	@dptr,a
   00B9 A3                  230 	inc	dptr
   00BA EC                  231 	mov	a,r4
   00BB F0                  232 	movx	@dptr,a
   00BC A3                  233 	inc	dptr
   00BD ED                  234 	mov	a,r5
   00BE F0                  235 	movx	@dptr,a
   00BF 8E 82               236 	mov	dpl,r6
   00C1 8F 83               237 	mov	dph,r7
   00C3 88 93               238 	mov	dpx,r0
   00C5 89 F0               239 	mov	b,r1
   00C7 12s00r00r00         240 	lcall	___fslt
   00CB E5 82               241 	mov	a,dpl
   00CD 60 04               242 	jz	00123$
   00CF 02s00r01rD8         243 	ljmp	00107$
   00D3                     244 00123$:
                            245 ;	atan2f.c:46: r=atanf(x/y);
   00D3 90s00r00r00         246 	mov	dptr,#_atan2f_PARM_2
                            247 ;	genAssign: resultIsFar = TRUE
   00D7 75 86 21            248 	mov	dps,#0x21
   00DA 90s00r00r00         249 	mov	dptr,#___fsdiv_PARM_2
   00DE E0                  250 	movx	a,@dptr
   00DF F0                  251 	movx	@dptr,a
   00E0 A3                  252 	inc	dptr
   00E1 A3                  253 	inc	dptr
   00E2 E0                  254 	movx	a,@dptr
   00E3 F0                  255 	movx	@dptr,a
   00E4 A3                  256 	inc	dptr
   00E5 A3                  257 	inc	dptr
   00E6 E0                  258 	movx	a,@dptr
   00E7 F0                  259 	movx	@dptr,a
   00E8 A3                  260 	inc	dptr
   00E9 A3                  261 	inc	dptr
   00EA E0                  262 	movx	a,@dptr
   00EB F0                  263 	movx	@dptr,a
   00EC 75 86 01            264 	mov	dps, #1
   00EF 90s00r00r04         265 	mov	dptr,#_atan2f_x_1_1
   00F3 E0                  266 	movx	a,@dptr
   00F4 F5 82               267 	mov	dpl,a
   00F6 A3                  268 	inc	dptr
   00F7 E0                  269 	movx	a,@dptr
   00F8 F5 83               270 	mov	dph,a
   00FA A3                  271 	inc	dptr
   00FB E0                  272 	movx	a,@dptr
   00FC F5 93               273 	mov	dpx,a
   00FE A3                  274 	inc	dptr
   00FF E0                  275 	movx	a,@dptr
   0100 F5 F0               276 	mov	b,a
   0102 75 86 00            277 	mov	dps,#0
   0105 12s00r00r00         278 	lcall	___fsdiv
   0109 12s00r00r00         279 	lcall	_atanf
   010D AA 82               280 	mov	r2,dpl
   010F AB 83               281 	mov	r3,dph
   0111 AC 93               282 	mov	r4,dpx
   0113 AD F0               283 	mov	r5,b
                            284 ;	genAssign: resultIsFar = TRUE
                            285 ;	atan2f.c:47: if(y<0.0) r+=(x>=0?PI:-PI);
                            286 ;	genAssign: resultIsFar = TRUE
   0115 90s00r00r00         287 	mov	dptr,#___fslt_PARM_2
   0119 E4                  288 	clr	a
   011A F0                  289 	movx	@dptr,a
   011B A3                  290 	inc	dptr
   011C F0                  291 	movx	@dptr,a
   011D A3                  292 	inc	dptr
   011E F0                  293 	movx	@dptr,a
   011F A3                  294 	inc	dptr
   0120 F0                  295 	movx	@dptr,a
   0121 C0 02               296 	push	ar2
   0123 C0 03               297 	push	ar3
   0125 C0 04               298 	push	ar4
   0127 C0 05               299 	push	ar5
   0129 05 86               300 	inc	dps
   012B 90s00r00r00         301 	mov	dptr,#_atan2f_PARM_2
   012F E0                  302 	movx	a,@dptr
   0130 F5 82               303 	mov	dpl,a
   0132 A3                  304 	inc	dptr
   0133 E0                  305 	movx	a,@dptr
   0134 F5 83               306 	mov	dph,a
   0136 A3                  307 	inc	dptr
   0137 E0                  308 	movx	a,@dptr
   0138 F5 93               309 	mov	dpx,a
   013A A3                  310 	inc	dptr
   013B E0                  311 	movx	a,@dptr
   013C F5 F0               312 	mov	b,a
   013E 75 86 00            313 	mov	dps,#0
   0141 12s00r00r00         314 	lcall	___fslt
   0145 D0 05               315 	pop	ar5
   0147 D0 04               316 	pop	ar4
   0149 D0 03               317 	pop	ar3
   014B D0 02               318 	pop	ar2
   014D E5 82               319 	mov	a,dpl
   014F 70 04               320 	jnz	00124$
   0151 02s00r02r9D         321 	ljmp	00108$
   0155                     322 00124$:
                            323 ;	genAssign: resultIsFar = TRUE
   0155 90s00r00r00         324 	mov	dptr,#___fslt_PARM_2
   0159 E4                  325 	clr	a
   015A F0                  326 	movx	@dptr,a
   015B A3                  327 	inc	dptr
   015C F0                  328 	movx	@dptr,a
   015D A3                  329 	inc	dptr
   015E F0                  330 	movx	@dptr,a
   015F A3                  331 	inc	dptr
   0160 F0                  332 	movx	@dptr,a
   0161 C0 02               333 	push	ar2
   0163 C0 03               334 	push	ar3
   0165 C0 04               335 	push	ar4
   0167 C0 05               336 	push	ar5
   0169 05 86               337 	inc	dps
   016B 90s00r00r04         338 	mov	dptr,#_atan2f_x_1_1
   016F E0                  339 	movx	a,@dptr
   0170 F5 82               340 	mov	dpl,a
   0172 A3                  341 	inc	dptr
   0173 E0                  342 	movx	a,@dptr
   0174 F5 83               343 	mov	dph,a
   0176 A3                  344 	inc	dptr
   0177 E0                  345 	movx	a,@dptr
   0178 F5 93               346 	mov	dpx,a
   017A A3                  347 	inc	dptr
   017B E0                  348 	movx	a,@dptr
   017C F5 F0               349 	mov	b,a
   017E 75 86 00            350 	mov	dps,#0
   0181 12s00r00r00         351 	lcall	___fslt
   0185 D0 05               352 	pop	ar5
   0187 D0 04               353 	pop	ar4
   0189 D0 03               354 	pop	ar3
   018B D0 02               355 	pop	ar2
   018D E5 82               356 	mov	a,dpl
   018F B4 01 00            357 	cjne	a,#0x01,00125$
   0192                     358 00125$:
   0192 E4                  359 	clr	a
   0193 33                  360 	rlc	a
   0194 FE                  361 	mov  r6,a
   0195 60 0A               362 	jz  00111$
   0197                     363 00126$:
                            364 ;	genAssign: resultIsFar = FALSE
   0197 7E DB               365 	mov	r6,#0xDB
   0199 7F 0F               366 	mov	r7,#0x0F
   019B 78 49               367 	mov	r0,#0x49
   019D 79 40               368 	mov	r1,#0x40
   019F 80 08               369 	sjmp 00112$
   01A1                     370 00111$:
                            371 ;	genAssign: resultIsFar = FALSE
   01A1 7E DB               372 	mov	r6,#0xDB
   01A3 7F 0F               373 	mov	r7,#0x0F
   01A5 78 49               374 	mov	r0,#0x49
   01A7 79 C0               375 	mov	r1,#0xC0
   01A9                     376 00112$:
                            377 ;	genAssign: resultIsFar = TRUE
   01A9 90s00r00r00         378 	mov	dptr,#___fsadd_PARM_2
   01AD EE                  379 	mov	a,r6
   01AE F0                  380 	movx	@dptr,a
   01AF A3                  381 	inc	dptr
   01B0 EF                  382 	mov	a,r7
   01B1 F0                  383 	movx	@dptr,a
   01B2 A3                  384 	inc	dptr
   01B3 E8                  385 	mov	a,r0
   01B4 F0                  386 	movx	@dptr,a
   01B5 A3                  387 	inc	dptr
   01B6 E9                  388 	mov	a,r1
   01B7 F0                  389 	movx	@dptr,a
   01B8 8A 82               390 	mov	dpl,r2
   01BA 8B 83               391 	mov	dph,r3
   01BC 8C 93               392 	mov	dpx,r4
   01BE 8D F0               393 	mov	b,r5
   01C0 12s00r00r00         394 	lcall	___fsadd
   01C4 AE 82               395 	mov	r6,dpl
   01C6 AF 83               396 	mov	r7,dph
   01C8 A8 93               397 	mov	r0,dpx
   01CA A9 F0               398 	mov	r1,b
                            399 ;	genAssign: resultIsFar = TRUE
   01CC 8E 02               400 	mov	ar2,r6
   01CE 8F 03               401 	mov	ar3,r7
   01D0 88 04               402 	mov	ar4,r0
   01D2 89 05               403 	mov	ar5,r1
   01D4 02s00r02r9D         404 	ljmp	00108$
   01D8                     405 00107$:
                            406 ;	atan2f.c:51: r=-atanf(y/x);
   01D8 90s00r00r04         407 	mov	dptr,#_atan2f_x_1_1
                            408 ;	genAssign: resultIsFar = TRUE
   01DC 75 86 21            409 	mov	dps,#0x21
   01DF 90s00r00r00         410 	mov	dptr,#___fsdiv_PARM_2
   01E3 E0                  411 	movx	a,@dptr
   01E4 F0                  412 	movx	@dptr,a
   01E5 A3                  413 	inc	dptr
   01E6 A3                  414 	inc	dptr
   01E7 E0                  415 	movx	a,@dptr
   01E8 F0                  416 	movx	@dptr,a
   01E9 A3                  417 	inc	dptr
   01EA A3                  418 	inc	dptr
   01EB E0                  419 	movx	a,@dptr
   01EC F0                  420 	movx	@dptr,a
   01ED A3                  421 	inc	dptr
   01EE A3                  422 	inc	dptr
   01EF E0                  423 	movx	a,@dptr
   01F0 F0                  424 	movx	@dptr,a
   01F1 75 86 01            425 	mov	dps, #1
   01F4 90s00r00r00         426 	mov	dptr,#_atan2f_PARM_2
   01F8 E0                  427 	movx	a,@dptr
   01F9 F5 82               428 	mov	dpl,a
   01FB A3                  429 	inc	dptr
   01FC E0                  430 	movx	a,@dptr
   01FD F5 83               431 	mov	dph,a
   01FF A3                  432 	inc	dptr
   0200 E0                  433 	movx	a,@dptr
   0201 F5 93               434 	mov	dpx,a
   0203 A3                  435 	inc	dptr
   0204 E0                  436 	movx	a,@dptr
   0205 F5 F0               437 	mov	b,a
   0207 75 86 00            438 	mov	dps,#0
   020A 12s00r00r00         439 	lcall	___fsdiv
   020E 12s00r00r00         440 	lcall	_atanf
   0212 AE 82               441 	mov	r6,dpl
   0214 AF 83               442 	mov	r7,dph
   0216 A8 93               443 	mov	r0,dpx
   0218 A9 F0               444 	mov	r1,b
   021A 8E 02               445 	mov	ar2,r6
   021C 8F 03               446 	mov	ar3,r7
   021E 88 04               447 	mov	ar4,r0
   0220 E9                  448 	mov	a,r1
   0221 B2 E7               449 	cpl	acc.7
   0223 FD                  450 	mov	r5,a
                            451 ;	atan2f.c:52: r+=(x<0.0?-HALF_PI:HALF_PI);
                            452 ;	genAssign: resultIsFar = TRUE
   0224 90s00r00r00         453 	mov	dptr,#___fslt_PARM_2
   0228 E4                  454 	clr	a
   0229 F0                  455 	movx	@dptr,a
   022A A3                  456 	inc	dptr
   022B F0                  457 	movx	@dptr,a
   022C A3                  458 	inc	dptr
   022D F0                  459 	movx	@dptr,a
   022E A3                  460 	inc	dptr
   022F F0                  461 	movx	@dptr,a
   0230 C0 02               462 	push	ar2
   0232 C0 03               463 	push	ar3
   0234 C0 04               464 	push	ar4
   0236 C0 05               465 	push	ar5
   0238 05 86               466 	inc	dps
   023A 90s00r00r04         467 	mov	dptr,#_atan2f_x_1_1
   023E E0                  468 	movx	a,@dptr
   023F F5 82               469 	mov	dpl,a
   0241 A3                  470 	inc	dptr
   0242 E0                  471 	movx	a,@dptr
   0243 F5 83               472 	mov	dph,a
   0245 A3                  473 	inc	dptr
   0246 E0                  474 	movx	a,@dptr
   0247 F5 93               475 	mov	dpx,a
   0249 A3                  476 	inc	dptr
   024A E0                  477 	movx	a,@dptr
   024B F5 F0               478 	mov	b,a
   024D 75 86 00            479 	mov	dps,#0
   0250 12s00r00r00         480 	lcall	___fslt
   0254 D0 05               481 	pop	ar5
   0256 D0 04               482 	pop	ar4
   0258 D0 03               483 	pop	ar3
   025A D0 02               484 	pop	ar2
   025C E5 82               485 	mov	a,dpl
   025E 60 0A               486 	jz  00113$
   0260                     487 00127$:
                            488 ;	genAssign: resultIsFar = FALSE
   0260 7E DB               489 	mov	r6,#0xDB
   0262 7F 0F               490 	mov	r7,#0x0F
   0264 78 C9               491 	mov	r0,#0xC9
   0266 79 BF               492 	mov	r1,#0xBF
   0268 80 08               493 	sjmp 00114$
   026A                     494 00113$:
                            495 ;	genAssign: resultIsFar = FALSE
   026A 7E DB               496 	mov	r6,#0xDB
   026C 7F 0F               497 	mov	r7,#0x0F
   026E 78 C9               498 	mov	r0,#0xC9
   0270 79 3F               499 	mov	r1,#0x3F
   0272                     500 00114$:
                            501 ;	genAssign: resultIsFar = TRUE
   0272 90s00r00r00         502 	mov	dptr,#___fsadd_PARM_2
   0276 EE                  503 	mov	a,r6
   0277 F0                  504 	movx	@dptr,a
   0278 A3                  505 	inc	dptr
   0279 EF                  506 	mov	a,r7
   027A F0                  507 	movx	@dptr,a
   027B A3                  508 	inc	dptr
   027C E8                  509 	mov	a,r0
   027D F0                  510 	movx	@dptr,a
   027E A3                  511 	inc	dptr
   027F E9                  512 	mov	a,r1
   0280 F0                  513 	movx	@dptr,a
   0281 8A 82               514 	mov	dpl,r2
   0283 8B 83               515 	mov	dph,r3
   0285 8C 93               516 	mov	dpx,r4
   0287 8D F0               517 	mov	b,r5
   0289 12s00r00r00         518 	lcall	___fsadd
   028D AE 82               519 	mov	r6,dpl
   028F AF 83               520 	mov	r7,dph
   0291 A8 93               521 	mov	r0,dpx
   0293 A9 F0               522 	mov	r1,b
                            523 ;	genAssign: resultIsFar = TRUE
   0295 8E 02               524 	mov	ar2,r6
   0297 8F 03               525 	mov	ar3,r7
   0299 88 04               526 	mov	ar4,r0
   029B 89 05               527 	mov	ar5,r1
   029D                     528 00108$:
                            529 ;	atan2f.c:54: return r;
   029D 8A 82               530 	mov	dpl,r2
   029F 8B 83               531 	mov	dph,r3
   02A1 8C 93               532 	mov	dpx,r4
   02A3 8D F0               533 	mov	b,r5
   02A5                     534 00109$:
   02A5 22                  535 	ret
                            536 	.area CSEG    (CODE)
                            537 	.area CONST   (CODE)
                            538 	.area XINIT   (CODE)
                            539 	.area CABS    (ABS,CODE)
