                              1 ;--------------------------------------------------------
                              2 ; File Created by SDCC : free open source ANSI-C Compiler
                              3 ; Version 3.0.1 #6227 (Oct  2 2015) (Linux)
                              4 ; This file was generated Fri Oct  2 17:15:16 2015
                              5 ;--------------------------------------------------------
                              6 	.module errno
                              7 	.optsdcc -mds390 --model-flat24
                              8 	
                              9 ;--------------------------------------------------------
                             10 ; CPU specific extensions
                             11 ;--------------------------------------------------------
                             12 .flat24 on		; 24 bit flat addressing
                    0084     13 dpl1	=	0x84
                    0085     14 dph1	=	0x85
                    0086     15 dps	=	0x86
                    0093     16 dpx	=	0x93
                    0095     17 dpx1	=	0x95
                    009B     18 esp	=	0x9B
                    009C     19 ap	=	0x9C
                    009C     20 _ap	=	0x9C
                    00D1     21 mcnt0	=	0xD1
                    00D2     22 mcnt1	=	0xD2
                    00D3     23 ma	=	0xD3
                    00D4     24 mb	=	0xD4
                    00D5     25 mc	=	0xD5
                    00D1     26 F1	=	0xD1	; user flag
                             27 ;--------------------------------------------------------
                             28 ; Public variables in this module
                             29 ;--------------------------------------------------------
                             30 	.globl _errno
                             31 ;--------------------------------------------------------
                             32 ; special function registers
                             33 ;--------------------------------------------------------
                             34 ;--------------------------------------------------------
                             35 ; special function bits
                             36 ;--------------------------------------------------------
                             37 ;--------------------------------------------------------
                             38 ; overlayable register banks
                             39 ;--------------------------------------------------------
                             40 	.area REG_BANK_0	(REL,OVR,DATA)
   0000                      41 	.ds 8
                             42 ;--------------------------------------------------------
                             43 ; internal ram data
                             44 ;--------------------------------------------------------
                             45 	.area DSEG    (DATA)
                             46 ;--------------------------------------------------------
                             47 ; overlayable items in internal ram 
                             48 ;--------------------------------------------------------
                             49 	.area OSEG    (OVR,DATA)
                             50 ;--------------------------------------------------------
                             51 ; indirectly addressable internal ram data
                             52 ;--------------------------------------------------------
                             53 	.area ISEG    (DATA)
                             54 ;--------------------------------------------------------
                             55 ; absolute internal ram data
                             56 ;--------------------------------------------------------
                             57 	.area IABS    (ABS,DATA)
                             58 	.area IABS    (ABS,DATA)
                             59 ;--------------------------------------------------------
                             60 ; bit data
                             61 ;--------------------------------------------------------
                             62 	.area BSEG    (BIT)
                             63 ;--------------------------------------------------------
                             64 ; paged external ram data
                             65 ;--------------------------------------------------------
                             66 	.area PSEG    (PAG,XDATA)
                             67 ;--------------------------------------------------------
                             68 ; external ram data
                             69 ;--------------------------------------------------------
                             70 	.area XSEG    (XDATA)
   0000                      71 _errno::
   0000                      72 	.ds 2
                             73 ;--------------------------------------------------------
                             74 ; absolute external ram data
                             75 ;--------------------------------------------------------
                             76 	.area XABS    (ABS,XDATA)
                             77 ;--------------------------------------------------------
                             78 ; external initialized ram data
                             79 ;--------------------------------------------------------
                             80 	.area XISEG   (XDATA)
                             81 ;--------------------------------------------------------
                             82 ; global & static initialisations
                             83 ;--------------------------------------------------------
                             84 	.area HOME    (CODE)
                             85 	.area GSINIT  (CODE)
                             86 	.area GSFINAL (CODE)
                             87 	.area GSINIT  (CODE)
                             88 ;--------------------------------------------------------
                             89 ; Home
                             90 ;--------------------------------------------------------
                             91 	.area HOME    (CODE)
                             92 	.area HOME    (CODE)
                             93 ;--------------------------------------------------------
                             94 ; code
                             95 ;--------------------------------------------------------
                             96 	.area CSEG    (CODE)
                             97 	.area CSEG    (CODE)
                             98 	.area CONST   (CODE)
                             99 	.area XINIT   (CODE)
                            100 	.area CABS    (ABS,CODE)
