                              1 ;--------------------------------------------------------
                              2 ; File Created by SDCC : free open source ANSI-C Compiler
                              3 ; Version 3.0.1 #6227 (Oct  2 2015) (Linux)
                              4 ; This file was generated Fri Oct  2 17:15:17 2015
                              5 ;--------------------------------------------------------
                              6 	.module gets
                              7 	.optsdcc -mds390 --model-flat24
                              8 	
                              9 ;--------------------------------------------------------
                             10 ; CPU specific extensions
                             11 ;--------------------------------------------------------
                             12 .flat24 on		; 24 bit flat addressing
                    0084     13 dpl1	=	0x84
                    0085     14 dph1	=	0x85
                    0086     15 dps	=	0x86
                    0093     16 dpx	=	0x93
                    0095     17 dpx1	=	0x95
                    009B     18 esp	=	0x9B
                    009C     19 ap	=	0x9C
                    009C     20 _ap	=	0x9C
                    00D1     21 mcnt0	=	0xD1
                    00D2     22 mcnt1	=	0xD2
                    00D3     23 ma	=	0xD3
                    00D4     24 mb	=	0xD4
                    00D5     25 mc	=	0xD5
                    00D1     26 F1	=	0xD1	; user flag
                             27 ;--------------------------------------------------------
                             28 ; Public variables in this module
                             29 ;--------------------------------------------------------
                             30 	.globl _gets
                             31 ;--------------------------------------------------------
                             32 ; special function registers
                             33 ;--------------------------------------------------------
                    0080     34 _P4	=	0x0080
                    0081     35 _SP	=	0x0081
                    0082     36 _DPL	=	0x0082
                    0083     37 _DPH	=	0x0083
                    0084     38 _DPL1	=	0x0084
                    0085     39 _DPH1	=	0x0085
                    0086     40 _DPS	=	0x0086
                    0087     41 _PCON	=	0x0087
                    0088     42 _TCON	=	0x0088
                    0089     43 _TMOD	=	0x0089
                    008A     44 _TL0	=	0x008a
                    008B     45 _TL1	=	0x008b
                    008C     46 _TH0	=	0x008c
                    008D     47 _TH1	=	0x008d
                    008E     48 _CKCON	=	0x008e
                    0090     49 _P1	=	0x0090
                    0091     50 _EXIF	=	0x0091
                    0092     51 _P4CNT	=	0x0092
                    0093     52 _DPX	=	0x0093
                    0095     53 _DPX1	=	0x0095
                    0098     54 _SCON0	=	0x0098
                    0099     55 _SBUF0	=	0x0099
                    009B     56 _ESP	=	0x009b
                    009C     57 _AP	=	0x009c
                    009D     58 _ACON	=	0x009d
                    00A0     59 _P2	=	0x00a0
                    00A1     60 _P5	=	0x00a1
                    00A2     61 _P5CNT	=	0x00a2
                    00A8     62 _IE	=	0x00a8
                    00B0     63 _P3	=	0x00b0
                    00B8     64 _IP	=	0x00b8
                    00C0     65 _SCON1	=	0x00c0
                    00C1     66 _SBUF1	=	0x00c1
                    00C4     67 _PMR	=	0x00c4
                    00C6     68 _MCON	=	0x00c6
                    00C7     69 _TA	=	0x00c7
                    00C8     70 _T2CON	=	0x00c8
                    00C9     71 _T2MOD	=	0x00c9
                    00CA     72 _RCAP2L	=	0x00ca
                    00CA     73 _RTL2	=	0x00ca
                    00CB     74 _RCAP2H	=	0x00cb
                    00CB     75 _RTH2	=	0x00cb
                    00CC     76 _TL2	=	0x00cc
                    00CD     77 _TH2	=	0x00cd
                    00D0     78 _PSW	=	0x00d0
                    00D1     79 _MCNT0	=	0x00d1
                    00D2     80 _MCNT1	=	0x00d2
                    00D3     81 _MA	=	0x00d3
                    00D4     82 _MB	=	0x00d4
                    00D5     83 _MC	=	0x00d5
                    00D8     84 _WDCON	=	0x00d8
                    00E0     85 _ACC	=	0x00e0
                    00E8     86 _EIE	=	0x00e8
                    00EA     87 _MXAX	=	0x00ea
                    00F0     88 _B	=	0x00f0
                    00F8     89 _EIP	=	0x00f8
                    8C8A     90 _TMR0	=	0x8c8a
                    8D8B     91 _TMR1	=	0x8d8b
                    CDCC     92 _TMR2	=	0xcdcc
                    CBCA     93 _RCAP2	=	0xcbca
                             94 ;--------------------------------------------------------
                             95 ; special function bits
                             96 ;--------------------------------------------------------
                    0088     97 _IT0	=	0x0088
                    0089     98 _IE0	=	0x0089
                    008A     99 _IT1	=	0x008a
                    008B    100 _IE1	=	0x008b
                    008C    101 _TR0	=	0x008c
                    008D    102 _TF0	=	0x008d
                    008E    103 _TR1	=	0x008e
                    008F    104 _TF1	=	0x008f
                    0090    105 _T2	=	0x0090
                    0091    106 _T2EX	=	0x0091
                    0092    107 _RXD1	=	0x0092
                    0093    108 _TXD1	=	0x0093
                    0094    109 _INT2	=	0x0094
                    0095    110 _INT3	=	0x0095
                    0096    111 _INT4	=	0x0096
                    0097    112 _INT5	=	0x0097
                    0098    113 _RI_0	=	0x0098
                    0099    114 _TI_0	=	0x0099
                    009A    115 _RB8_0	=	0x009a
                    009B    116 _TB8_0	=	0x009b
                    009C    117 _REN_0	=	0x009c
                    009D    118 _SM2_0	=	0x009d
                    009E    119 _SM1_0	=	0x009e
                    009F    120 _SM0_0	=	0x009f
                    009F    121 _FE_0	=	0x009f
                    00A8    122 _EX0	=	0x00a8
                    00A9    123 _ET0	=	0x00a9
                    00AA    124 _EX1	=	0x00aa
                    00AB    125 _ET1	=	0x00ab
                    00AC    126 _ES0	=	0x00ac
                    00AD    127 _ET2	=	0x00ad
                    00AE    128 _ES1	=	0x00ae
                    00AF    129 _EA	=	0x00af
                    00B0    130 _RXD0	=	0x00b0
                    00B1    131 _TXD0	=	0x00b1
                    00B2    132 _INT0	=	0x00b2
                    00B3    133 _INT1	=	0x00b3
                    00B4    134 _T0	=	0x00b4
                    00B5    135 _T1	=	0x00b5
                    00B6    136 _WR	=	0x00b6
                    00B7    137 _RD	=	0x00b7
                    00B8    138 _PX0	=	0x00b8
                    00B9    139 _PT0	=	0x00b9
                    00BA    140 _PX1	=	0x00ba
                    00BB    141 _PT1	=	0x00bb
                    00BC    142 _PS0	=	0x00bc
                    00BD    143 _PT2	=	0x00bd
                    00BE    144 _PS1	=	0x00be
                    00C0    145 _RI_1	=	0x00c0
                    00C1    146 _TI_1	=	0x00c1
                    00C2    147 _RB8_1	=	0x00c2
                    00C3    148 _TB8_1	=	0x00c3
                    00C4    149 _REN_1	=	0x00c4
                    00C5    150 _SM2_1	=	0x00c5
                    00C6    151 _SM1_1	=	0x00c6
                    00C7    152 _SM0_1	=	0x00c7
                    00C7    153 _FE_1	=	0x00c7
                    00C8    154 _CP_RL	=	0x00c8
                    00C9    155 _C_T	=	0x00c9
                    00CA    156 _TR2	=	0x00ca
                    00CB    157 _EXEN2	=	0x00cb
                    00CC    158 _TCLK	=	0x00cc
                    00CD    159 _RCLK	=	0x00cd
                    00CE    160 _EXF2	=	0x00ce
                    00CF    161 _TF2	=	0x00cf
                    00D0    162 _P	=	0x00d0
                    00D1    163 _F1	=	0x00d1
                    00D2    164 _OV	=	0x00d2
                    00D3    165 _RS0	=	0x00d3
                    00D4    166 _RS1	=	0x00d4
                    00D5    167 _F0	=	0x00d5
                    00D6    168 _AC	=	0x00d6
                    00D7    169 _CY	=	0x00d7
                    00D8    170 _RWT	=	0x00d8
                    00D9    171 _EWT	=	0x00d9
                    00DA    172 _WDRF	=	0x00da
                    00DB    173 _WDIF	=	0x00db
                    00DC    174 _PFI	=	0x00dc
                    00DD    175 _EPFI	=	0x00dd
                    00DE    176 _POR	=	0x00de
                    00DF    177 _SMOD_1	=	0x00df
                    00E8    178 _EX2	=	0x00e8
                    00E9    179 _EX3	=	0x00e9
                    00EA    180 _EX4	=	0x00ea
                    00EB    181 _EX5	=	0x00eb
                    00EC    182 _EWDI	=	0x00ec
                    00ED    183 _C1IE	=	0x00ed
                    00EE    184 _C0IE	=	0x00ee
                    00EF    185 _CANBIE	=	0x00ef
                    00F8    186 _PX2	=	0x00f8
                    00F9    187 _PX3	=	0x00f9
                    00FA    188 _PX4	=	0x00fa
                    00FB    189 _PX5	=	0x00fb
                    00FC    190 _PWDI	=	0x00fc
                    00FD    191 _C1IP	=	0x00fd
                    00FE    192 _C0IP	=	0x00fe
                    00FF    193 _CANBIP	=	0x00ff
                            194 ;--------------------------------------------------------
                            195 ; overlayable register banks
                            196 ;--------------------------------------------------------
                            197 	.area REG_BANK_0	(REL,OVR,DATA)
   0000                     198 	.ds 8
                            199 ;--------------------------------------------------------
                            200 ; internal ram data
                            201 ;--------------------------------------------------------
                            202 	.area DSEG    (DATA)
                            203 ;--------------------------------------------------------
                            204 ; overlayable items in internal ram 
                            205 ;--------------------------------------------------------
                            206 	.area OSEG    (OVR,DATA)
                            207 ;--------------------------------------------------------
                            208 ; indirectly addressable internal ram data
                            209 ;--------------------------------------------------------
                            210 	.area ISEG    (DATA)
                            211 ;--------------------------------------------------------
                            212 ; absolute internal ram data
                            213 ;--------------------------------------------------------
                            214 	.area IABS    (ABS,DATA)
                            215 	.area IABS    (ABS,DATA)
                            216 ;--------------------------------------------------------
                            217 ; bit data
                            218 ;--------------------------------------------------------
                            219 	.area BSEG    (BIT)
                            220 ;--------------------------------------------------------
                            221 ; paged external ram data
                            222 ;--------------------------------------------------------
                            223 	.area PSEG    (PAG,XDATA)
                            224 ;--------------------------------------------------------
                            225 ; external ram data
                            226 ;--------------------------------------------------------
                            227 	.area XSEG    (XDATA)
   0000                     228 _gets_s_1_1:
   0000                     229 	.ds 4
                            230 ;--------------------------------------------------------
                            231 ; absolute external ram data
                            232 ;--------------------------------------------------------
                            233 	.area XABS    (ABS,XDATA)
                            234 ;--------------------------------------------------------
                            235 ; external initialized ram data
                            236 ;--------------------------------------------------------
                            237 	.area XISEG   (XDATA)
                            238 ;--------------------------------------------------------
                            239 ; global & static initialisations
                            240 ;--------------------------------------------------------
                            241 	.area HOME    (CODE)
                            242 	.area GSINIT  (CODE)
                            243 	.area GSFINAL (CODE)
                            244 	.area GSINIT  (CODE)
                            245 ;--------------------------------------------------------
                            246 ; Home
                            247 ;--------------------------------------------------------
                            248 	.area HOME    (CODE)
                            249 	.area HOME    (CODE)
                            250 ;--------------------------------------------------------
                            251 ; code
                            252 ;--------------------------------------------------------
                            253 	.area CSEG    (CODE)
                            254 ;------------------------------------------------------------
                            255 ;Allocation info for local variables in function 'gets'
                            256 ;------------------------------------------------------------
                            257 ;s                         Allocated with name '_gets_s_1_1'
                            258 ;c                         Allocated to registers r0 
                            259 ;count                     Allocated to registers r4 r5 
                            260 ;------------------------------------------------------------
                            261 ;	gets.c:32: gets (char *s)
                            262 ;	-----------------------------------------
                            263 ;	 function gets
                            264 ;	-----------------------------------------
   0000                     265 _gets:
                    0002    266 	ar2 = 0x02
                    0003    267 	ar3 = 0x03
                    0004    268 	ar4 = 0x04
                    0005    269 	ar5 = 0x05
                    0006    270 	ar6 = 0x06
                    0007    271 	ar7 = 0x07
                    0000    272 	ar0 = 0x00
                    0001    273 	ar1 = 0x01
   0000 75 86 01            274 	mov     dps, #1
   0003 90s00r00r00         275 	mov     dptr, #_gets_s_1_1
   0007 E5 82               276 	mov	a,dpl
   0009 F0                  277 	movx	@dptr,a
   000A A3                  278 	inc	dptr
   000B E5 83               279 	mov	a,dph
   000D F0                  280 	movx	@dptr,a
   000E A3                  281 	inc	dptr
   000F E5 93               282 	mov	a,dpx
   0011 F0                  283 	movx	@dptr,a
   0012 A3                  284 	inc	dptr
   0013 E5 F0               285 	mov	a,b
   0015 F0                  286 	movx	@dptr,a
   0016 75 86 00            287 	mov	dps,#0
                            288 ;	gets.c:35: unsigned int count = 0;
                            289 ;	genAssign: resultIsFar = FALSE
   0019 7C 00               290 	mov	r4,#0x00
   001B 7D 00               291 	mov	r5,#0x00
                            292 ;	gets.c:37: while (1)
   001D                     293 00109$:
                            294 ;	gets.c:39: c = getchar ();
   001D C0 04               295 	push	ar4
   001F C0 05               296 	push	ar5
   0021 12s00r00r00         297 	lcall	_getchar
   0025 A8 82               298 	mov	r0,dpl
   0027 D0 05               299 	pop	ar5
   0029 D0 04               300 	pop	ar4
                            301 ;	genAssign: resultIsFar = TRUE
                            302 ;	gets.c:40: switch(c)
   002B E8                  303 	mov	a,r0
   002C B4 08 02            304 	cjne	a,#0x08,00118$
   002F 80 10               305 	sjmp 00101$
   0031                     306 00118$:
   0031 E8                  307 	mov	a,r0
   0032 B4 0A 02            308 	cjne	a,#0x0A,00119$
   0035 80 6F               309 	sjmp 00105$
   0037                     310 00119$:
   0037 E8                  311 	mov	a,r0
   0038 B4 0D 02            312 	cjne	a,#0x0D,00120$
   003B 80 69               313 	sjmp 00105$
   003D                     314 00120$:
   003D 02s00r00rED         315 	ljmp	00106$
                            316 ;	gets.c:42: case '\b': /* backspace */
   0041                     317 00101$:
                            318 ;	gets.c:43: if (count)
   0041 EC                  319 	mov	a,r4
   0042 4D                  320 	orl	a,r5
   0043 60 D8               321 	jz  00109$
   0045                     322 00121$:
                            323 ;	gets.c:45: putchar ('\b');
   0045 C0 04               324 	push	ar4
   0047 C0 05               325 	push	ar5
   0049 75 82 08            326 	mov	dpl,#0x08
   004C 12s00r00r00         327 	lcall	_putchar
   0050 D0 05               328 	pop	ar5
   0052 D0 04               329 	pop	ar4
                            330 ;	gets.c:46: putchar (' ');
   0054 C0 04               331 	push	ar4
   0056 C0 05               332 	push	ar5
   0058 75 82 20            333 	mov	dpl,#0x20
   005B 12s00r00r00         334 	lcall	_putchar
   005F D0 05               335 	pop	ar5
   0061 D0 04               336 	pop	ar4
                            337 ;	gets.c:47: putchar ('\b');
   0063 C0 04               338 	push	ar4
   0065 C0 05               339 	push	ar5
   0067 75 82 08            340 	mov	dpl,#0x08
   006A 12s00r00r00         341 	lcall	_putchar
   006E D0 05               342 	pop	ar5
   0070 D0 04               343 	pop	ar4
                            344 ;	gets.c:48: --s;
   0072 90s00r00r00         345 	mov	dptr,#_gets_s_1_1
   0076 E0                  346 	movx	a,@dptr
   0077 24 FF               347 	add	a,#0xFF
   0079 F9                  348 	mov	r1,a
   007A A3                  349 	inc	dptr
   007B E0                  350 	movx	a,@dptr
   007C 34 FF               351 	addc	a,#0xFF
   007E FE                  352 	mov	r6,a
   007F A3                  353 	inc	dptr
   0080 E0                  354 	movx	a,@dptr
   0081 34 FF               355 	addc	a,#0xFF
   0083 FF                  356 	mov	r7,a
   0084 A3                  357 	inc	dptr
   0085 E0                  358 	movx	a,@dptr
   0086 FA                  359 	mov	r2,a
                            360 ;	genAssign: resultIsFar = TRUE
   0087 90s00r00r00         361 	mov	dptr,#_gets_s_1_1
   008B E9                  362 	mov	a,r1
   008C F0                  363 	movx	@dptr,a
   008D A3                  364 	inc	dptr
   008E EE                  365 	mov	a,r6
   008F F0                  366 	movx	@dptr,a
   0090 A3                  367 	inc	dptr
   0091 EF                  368 	mov	a,r7
   0092 F0                  369 	movx	@dptr,a
   0093 A3                  370 	inc	dptr
   0094 EA                  371 	mov	a,r2
   0095 F0                  372 	movx	@dptr,a
                            373 ;	gets.c:49: --count;
   0096 EC                  374 	mov	a,r4
   0097 24 FF               375 	add	a,#0xFF
   0099 FA                  376 	mov	r2,a
   009A ED                  377 	mov	a,r5
   009B 34 FF               378 	addc	a,#0xFF
   009D FB                  379 	mov	r3,a
                            380 ;	genAssign: resultIsFar = FALSE
   009E 8A 04               381 	mov	ar4,r2
   00A0 8B 05               382 	mov	ar5,r3
                            383 ;	gets.c:51: break;
   00A2 02s00r00r1D         384 	ljmp	00109$
                            385 ;	gets.c:54: case '\r': /* CR or LF */
   00A6                     386 00105$:
                            387 ;	gets.c:55: putchar ('\r');
   00A6 75 82 0D            388 	mov	dpl,#0x0D
   00A9 12s00r00r00         389 	lcall	_putchar
                            390 ;	gets.c:56: putchar ('\n');
   00AD 75 82 0A            391 	mov	dpl,#0x0A
   00B0 12s00r00r00         392 	lcall	_putchar
                            393 ;	gets.c:57: *s = 0;
   00B4 75 86 01            394 	mov     dps, #1
   00B7 90s00r00r00         395 	mov     dptr, #_gets_s_1_1
   00BB E0                  396 	movx	a,@dptr
   00BC F5 82               397 	mov	dpl,a
   00BE A3                  398 	inc	dptr
   00BF E0                  399 	movx	a,@dptr
   00C0 F5 83               400 	mov	dph,a
   00C2 A3                  401 	inc	dptr
   00C3 E0                  402 	movx	a,@dptr
   00C4 F5 93               403 	mov	dpx,a
   00C6 A3                  404 	inc	dptr
   00C7 E0                  405 	movx	a,@dptr
   00C8 F5 F0               406 	mov	b,a
   00CA 75 86 00            407 	mov	dps,#0
   00CD E4                  408 	clr  a
   00CE 12s00r00r00         409 	lcall	__gptrput
                            410 ;	gets.c:58: return s;
   00D2 75 86 01            411 	mov     dps, #1
   00D5 90s00r00r00         412 	mov     dptr, #_gets_s_1_1
   00D9 E0                  413 	movx	a,@dptr
   00DA F5 82               414 	mov	dpl,a
   00DC A3                  415 	inc	dptr
   00DD E0                  416 	movx	a,@dptr
   00DE F5 83               417 	mov	dph,a
   00E0 A3                  418 	inc	dptr
   00E1 E0                  419 	movx	a,@dptr
   00E2 F5 93               420 	mov	dpx,a
   00E4 A3                  421 	inc	dptr
   00E5 E0                  422 	movx	a,@dptr
   00E6 F5 F0               423 	mov	b,a
   00E8 75 86 00            424 	mov	dps,#0
                            425 ;	gets.c:60: default:
   00EB 80 56               426 	sjmp 00111$
   00ED                     427 00106$:
                            428 ;	gets.c:61: *s++ = c;
   00ED 75 86 01            429 	mov     dps, #1
   00F0 90s00r00r00         430 	mov     dptr, #_gets_s_1_1
   00F4 E0                  431 	movx	a,@dptr
   00F5 F5 82               432 	mov	dpl,a
   00F7 A3                  433 	inc	dptr
   00F8 E0                  434 	movx	a,@dptr
   00F9 F5 83               435 	mov	dph,a
   00FB A3                  436 	inc	dptr
   00FC E0                  437 	movx	a,@dptr
   00FD F5 93               438 	mov	dpx,a
   00FF A3                  439 	inc	dptr
   0100 E0                  440 	movx	a,@dptr
   0101 F5 F0               441 	mov	b,a
   0103 75 86 00            442 	mov	dps,#0
   0106 E8                  443 	mov	a,r0
   0107 12s00r00r00         444 	lcall	__gptrput
   010B A3                  445 	inc	dptr
   010C 05 86               446 	inc	dps
   010E 12s00r00r00         447 	lcall	__decdptr
   0112 12s00r00r00         448 	lcall	__decdptr
   0116 12s00r00r00         449 	lcall	__decdptr
   011A E5 82               450 	mov	a,dpl
   011C F0                  451 	movx	@dptr,a
   011D A3                  452 	inc	dptr
   011E E5 83               453 	mov	a,dph
   0120 F0                  454 	movx	@dptr,a
   0121 A3                  455 	inc	dptr
   0122 E5 93               456 	mov	a,dpx
   0124 F0                  457 	movx	@dptr,a
   0125 A3                  458 	inc	dptr
   0126 E5 F0               459 	mov	a,b
   0128 F0                  460 	movx	@dptr,a
   0129 75 86 00            461 	mov	dps,#0
                            462 ;	gets.c:62: ++count;
   012C 0C                  463 	inc	r4
   012D BC 00 01            464 	cjne	r4,#0,00122$
   0130 0D                  465 	inc	r5
   0131                     466 00122$:
                            467 ;	gets.c:63: putchar (c);
   0131 C0 04               468 	push	ar4
   0133 C0 05               469 	push	ar5
   0135 88 82               470 	mov	dpl,r0
   0137 12s00r00r00         471 	lcall	_putchar
   013B D0 05               472 	pop	ar5
   013D D0 04               473 	pop	ar4
                            474 ;	gets.c:65: }
   013F 02s00r00r1D         475 	ljmp	00109$
   0143                     476 00111$:
   0143 22                  477 	ret
                            478 	.area CSEG    (CODE)
                            479 	.area CONST   (CODE)
                            480 	.area XINIT   (CODE)
                            481 	.area CABS    (ABS,CODE)
