                              1 ;--------------------------------------------------------
                              2 ; File Created by SDCC : free open source ANSI-C Compiler
                              3 ; Version 3.0.1 #6227 (Oct  2 2015) (Linux)
                              4 ; This file was generated Fri Oct  2 17:15:18 2015
                              5 ;--------------------------------------------------------
                              6 	.module printfl
                              7 	.optsdcc -mds390 --model-flat24
                              8 	
                              9 ;--------------------------------------------------------
                             10 ; CPU specific extensions
                             11 ;--------------------------------------------------------
                             12 .flat24 on		; 24 bit flat addressing
                    0084     13 dpl1	=	0x84
                    0085     14 dph1	=	0x85
                    0086     15 dps	=	0x86
                    0093     16 dpx	=	0x93
                    0095     17 dpx1	=	0x95
                    009B     18 esp	=	0x9B
                    009C     19 ap	=	0x9C
                    009C     20 _ap	=	0x9C
                    00D1     21 mcnt0	=	0xD1
                    00D2     22 mcnt1	=	0xD2
                    00D3     23 ma	=	0xD3
                    00D4     24 mb	=	0xD4
                    00D5     25 mc	=	0xD5
                    00D1     26 F1	=	0xD1	; user flag
                             27 ;--------------------------------------------------------
                             28 ; Public variables in this module
                             29 ;--------------------------------------------------------
                             30 	.globl _printf_small
                             31 ;--------------------------------------------------------
                             32 ; special function registers
                             33 ;--------------------------------------------------------
                    0080     34 _P4	=	0x0080
                    0081     35 _SP	=	0x0081
                    0082     36 _DPL	=	0x0082
                    0083     37 _DPH	=	0x0083
                    0084     38 _DPL1	=	0x0084
                    0085     39 _DPH1	=	0x0085
                    0086     40 _DPS	=	0x0086
                    0087     41 _PCON	=	0x0087
                    0088     42 _TCON	=	0x0088
                    0089     43 _TMOD	=	0x0089
                    008A     44 _TL0	=	0x008a
                    008B     45 _TL1	=	0x008b
                    008C     46 _TH0	=	0x008c
                    008D     47 _TH1	=	0x008d
                    008E     48 _CKCON	=	0x008e
                    0090     49 _P1	=	0x0090
                    0091     50 _EXIF	=	0x0091
                    0092     51 _P4CNT	=	0x0092
                    0093     52 _DPX	=	0x0093
                    0095     53 _DPX1	=	0x0095
                    0098     54 _SCON0	=	0x0098
                    0099     55 _SBUF0	=	0x0099
                    009B     56 _ESP	=	0x009b
                    009C     57 _AP	=	0x009c
                    009D     58 _ACON	=	0x009d
                    00A0     59 _P2	=	0x00a0
                    00A1     60 _P5	=	0x00a1
                    00A2     61 _P5CNT	=	0x00a2
                    00A8     62 _IE	=	0x00a8
                    00B0     63 _P3	=	0x00b0
                    00B8     64 _IP	=	0x00b8
                    00C0     65 _SCON1	=	0x00c0
                    00C1     66 _SBUF1	=	0x00c1
                    00C4     67 _PMR	=	0x00c4
                    00C6     68 _MCON	=	0x00c6
                    00C7     69 _TA	=	0x00c7
                    00C8     70 _T2CON	=	0x00c8
                    00C9     71 _T2MOD	=	0x00c9
                    00CA     72 _RCAP2L	=	0x00ca
                    00CA     73 _RTL2	=	0x00ca
                    00CB     74 _RCAP2H	=	0x00cb
                    00CB     75 _RTH2	=	0x00cb
                    00CC     76 _TL2	=	0x00cc
                    00CD     77 _TH2	=	0x00cd
                    00D0     78 _PSW	=	0x00d0
                    00D1     79 _MCNT0	=	0x00d1
                    00D2     80 _MCNT1	=	0x00d2
                    00D3     81 _MA	=	0x00d3
                    00D4     82 _MB	=	0x00d4
                    00D5     83 _MC	=	0x00d5
                    00D8     84 _WDCON	=	0x00d8
                    00E0     85 _ACC	=	0x00e0
                    00E8     86 _EIE	=	0x00e8
                    00EA     87 _MXAX	=	0x00ea
                    00F0     88 _B	=	0x00f0
                    00F8     89 _EIP	=	0x00f8
                    8C8A     90 _TMR0	=	0x8c8a
                    8D8B     91 _TMR1	=	0x8d8b
                    CDCC     92 _TMR2	=	0xcdcc
                    CBCA     93 _RCAP2	=	0xcbca
                             94 ;--------------------------------------------------------
                             95 ; special function bits
                             96 ;--------------------------------------------------------
                    0088     97 _IT0	=	0x0088
                    0089     98 _IE0	=	0x0089
                    008A     99 _IT1	=	0x008a
                    008B    100 _IE1	=	0x008b
                    008C    101 _TR0	=	0x008c
                    008D    102 _TF0	=	0x008d
                    008E    103 _TR1	=	0x008e
                    008F    104 _TF1	=	0x008f
                    0090    105 _T2	=	0x0090
                    0091    106 _T2EX	=	0x0091
                    0092    107 _RXD1	=	0x0092
                    0093    108 _TXD1	=	0x0093
                    0094    109 _INT2	=	0x0094
                    0095    110 _INT3	=	0x0095
                    0096    111 _INT4	=	0x0096
                    0097    112 _INT5	=	0x0097
                    0098    113 _RI_0	=	0x0098
                    0099    114 _TI_0	=	0x0099
                    009A    115 _RB8_0	=	0x009a
                    009B    116 _TB8_0	=	0x009b
                    009C    117 _REN_0	=	0x009c
                    009D    118 _SM2_0	=	0x009d
                    009E    119 _SM1_0	=	0x009e
                    009F    120 _SM0_0	=	0x009f
                    009F    121 _FE_0	=	0x009f
                    00A8    122 _EX0	=	0x00a8
                    00A9    123 _ET0	=	0x00a9
                    00AA    124 _EX1	=	0x00aa
                    00AB    125 _ET1	=	0x00ab
                    00AC    126 _ES0	=	0x00ac
                    00AD    127 _ET2	=	0x00ad
                    00AE    128 _ES1	=	0x00ae
                    00AF    129 _EA	=	0x00af
                    00B0    130 _RXD0	=	0x00b0
                    00B1    131 _TXD0	=	0x00b1
                    00B2    132 _INT0	=	0x00b2
                    00B3    133 _INT1	=	0x00b3
                    00B4    134 _T0	=	0x00b4
                    00B5    135 _T1	=	0x00b5
                    00B6    136 _WR	=	0x00b6
                    00B7    137 _RD	=	0x00b7
                    00B8    138 _PX0	=	0x00b8
                    00B9    139 _PT0	=	0x00b9
                    00BA    140 _PX1	=	0x00ba
                    00BB    141 _PT1	=	0x00bb
                    00BC    142 _PS0	=	0x00bc
                    00BD    143 _PT2	=	0x00bd
                    00BE    144 _PS1	=	0x00be
                    00C0    145 _RI_1	=	0x00c0
                    00C1    146 _TI_1	=	0x00c1
                    00C2    147 _RB8_1	=	0x00c2
                    00C3    148 _TB8_1	=	0x00c3
                    00C4    149 _REN_1	=	0x00c4
                    00C5    150 _SM2_1	=	0x00c5
                    00C6    151 _SM1_1	=	0x00c6
                    00C7    152 _SM0_1	=	0x00c7
                    00C7    153 _FE_1	=	0x00c7
                    00C8    154 _CP_RL	=	0x00c8
                    00C9    155 _C_T	=	0x00c9
                    00CA    156 _TR2	=	0x00ca
                    00CB    157 _EXEN2	=	0x00cb
                    00CC    158 _TCLK	=	0x00cc
                    00CD    159 _RCLK	=	0x00cd
                    00CE    160 _EXF2	=	0x00ce
                    00CF    161 _TF2	=	0x00cf
                    00D0    162 _P	=	0x00d0
                    00D1    163 _F1	=	0x00d1
                    00D2    164 _OV	=	0x00d2
                    00D3    165 _RS0	=	0x00d3
                    00D4    166 _RS1	=	0x00d4
                    00D5    167 _F0	=	0x00d5
                    00D6    168 _AC	=	0x00d6
                    00D7    169 _CY	=	0x00d7
                    00D8    170 _RWT	=	0x00d8
                    00D9    171 _EWT	=	0x00d9
                    00DA    172 _WDRF	=	0x00da
                    00DB    173 _WDIF	=	0x00db
                    00DC    174 _PFI	=	0x00dc
                    00DD    175 _EPFI	=	0x00dd
                    00DE    176 _POR	=	0x00de
                    00DF    177 _SMOD_1	=	0x00df
                    00E8    178 _EX2	=	0x00e8
                    00E9    179 _EX3	=	0x00e9
                    00EA    180 _EX4	=	0x00ea
                    00EB    181 _EX5	=	0x00eb
                    00EC    182 _EWDI	=	0x00ec
                    00ED    183 _C1IE	=	0x00ed
                    00EE    184 _C0IE	=	0x00ee
                    00EF    185 _CANBIE	=	0x00ef
                    00F8    186 _PX2	=	0x00f8
                    00F9    187 _PX3	=	0x00f9
                    00FA    188 _PX4	=	0x00fa
                    00FB    189 _PX5	=	0x00fb
                    00FC    190 _PWDI	=	0x00fc
                    00FD    191 _C1IP	=	0x00fd
                    00FE    192 _C0IP	=	0x00fe
                    00FF    193 _CANBIP	=	0x00ff
                            194 ;--------------------------------------------------------
                            195 ; overlayable register banks
                            196 ;--------------------------------------------------------
                            197 	.area REG_BANK_0	(REL,OVR,DATA)
   0000                     198 	.ds 8
                            199 ;--------------------------------------------------------
                            200 ; internal ram data
                            201 ;--------------------------------------------------------
                            202 	.area DSEG    (DATA)
   0000                     203 _radix:
   0000                     204 	.ds 1
   0001                     205 _str:
   0001                     206 	.ds 4
   0005                     207 _val:
   0005                     208 	.ds 4
                            209 ;--------------------------------------------------------
                            210 ; overlayable items in internal ram 
                            211 ;--------------------------------------------------------
                            212 	.area OSEG    (OVR,DATA)
                            213 ;--------------------------------------------------------
                            214 ; indirectly addressable internal ram data
                            215 ;--------------------------------------------------------
                            216 	.area ISEG    (DATA)
   0000                     217 _printf_small_buffer_4_8:
   0000                     218 	.ds 12
                            219 ;--------------------------------------------------------
                            220 ; absolute internal ram data
                            221 ;--------------------------------------------------------
                            222 	.area IABS    (ABS,DATA)
                            223 	.area IABS    (ABS,DATA)
                            224 ;--------------------------------------------------------
                            225 ; bit data
                            226 ;--------------------------------------------------------
                            227 	.area BSEG    (BIT)
   0000                     228 _long_flag:
   0000                     229 	.ds 1
   0001                     230 _string_flag:
   0001                     231 	.ds 1
   0002                     232 _char_flag:
   0002                     233 	.ds 1
                            234 ;--------------------------------------------------------
                            235 ; paged external ram data
                            236 ;--------------------------------------------------------
                            237 	.area PSEG    (PAG,XDATA)
                            238 ;--------------------------------------------------------
                            239 ; external ram data
                            240 ;--------------------------------------------------------
                            241 	.area XSEG    (XDATA)
                            242 ;--------------------------------------------------------
                            243 ; absolute external ram data
                            244 ;--------------------------------------------------------
                            245 	.area XABS    (ABS,XDATA)
                            246 ;--------------------------------------------------------
                            247 ; external initialized ram data
                            248 ;--------------------------------------------------------
                            249 	.area XISEG   (XDATA)
                            250 ;--------------------------------------------------------
                            251 ; global & static initialisations
                            252 ;--------------------------------------------------------
                            253 	.area HOME    (CODE)
                            254 	.area GSINIT  (CODE)
                            255 	.area GSFINAL (CODE)
                            256 	.area GSINIT  (CODE)
                            257 ;	printfl.c:54: static __bit  long_flag = 0;
                            258 ;	genAssign: resultIsFar = FALSE
   0000 C2*00               259 	clr	_long_flag
                            260 ;	printfl.c:55: static __bit  string_flag =0;
                            261 ;	genAssign: resultIsFar = FALSE
   0002 C2*01               262 	clr	_string_flag
                            263 ;	printfl.c:56: static __bit  char_flag = 0;
                            264 ;	genAssign: resultIsFar = FALSE
   0004 C2*02               265 	clr	_char_flag
                            266 ;--------------------------------------------------------
                            267 ; Home
                            268 ;--------------------------------------------------------
                            269 	.area HOME    (CODE)
                            270 	.area HOME    (CODE)
                            271 ;--------------------------------------------------------
                            272 ; code
                            273 ;--------------------------------------------------------
                            274 	.area CSEG    (CODE)
                            275 ;------------------------------------------------------------
                            276 ;Allocation info for local variables in function 'printf_small'
                            277 ;------------------------------------------------------------
                            278 ;fmt                       Allocated to stack - offset -8
                            279 ;ap                        Allocated to stack - offset 1
                            280 ;stri                      Allocated to registers 
                            281 ;buffer                    Allocated with name '_printf_small_buffer_4_8'
                            282 ;------------------------------------------------------------
                            283 ;	printfl.c:125: void printf_small (char * fmt, ... ) __reentrant
                            284 ;	-----------------------------------------
                            285 ;	 function printf_small
                            286 ;	-----------------------------------------
   0000                     287 _printf_small:
                    0002    288 	ar2 = 0x02
                    0003    289 	ar3 = 0x03
                    0004    290 	ar4 = 0x04
                    0005    291 	ar5 = 0x05
                    0006    292 	ar6 = 0x06
                    0007    293 	ar7 = 0x07
                    0000    294 	ar0 = 0x00
                    0001    295 	ar1 = 0x01
   0000 C0*00               296 	push	_bpx
   0002 C0*01               297 	push	_bpx+1
   0004 85 81*00            298 	mov	_bpx,sp
   0007 85 9B*01            299 	mov	_bpx+1,esp
   000A 53*01 03            300 	anl	_bpx+1,#3
   000D C0 E0               301 	push	acc
   000F C0 E0               302 	push	acc
   0011 C0 E0               303 	push	acc
   0013 C0 E0               304 	push	acc
                            305 ;	printfl.c:129: va_start(ap,fmt);
   0015 E5*00               306 	mov	a,_bpx
   0017 24 F8               307 	add	a,#0xF8
   0019 F5 F0               308 	mov	b,a
   001B E5*01               309 	mov	a,_bpx+1
   001D 34 FF               310 	addc	a,#0xFF
   001F AA F0               311 	mov	r2,b
   0021 FB                  312 	mov	r3,a
   0022 7C 40               313 	mov	r4,#0x40
   0024 75 93 40            314 	mov	dpx,#0x40
   0027 85*01 83            315 	mov	dph,_bpx+1
   002A 85*00 82            316 	mov	dpl,_bpx
   002D A3                  317 	inc	dptr
   002E EA                  318 	mov	a,r2
   002F F0                  319 	movx	@dptr,a
   0030 A3                  320 	inc	dptr
   0031 EB                  321 	mov	a,r3
   0032 F0                  322 	movx	@dptr,a
   0033 A3                  323 	inc	dptr
   0034 EC                  324 	mov	a,r4
   0035 F0                  325 	movx	@dptr,a
   0036 A3                  326 	inc	dptr
   0037 E4                  327 	clr  a
   0038 F0                  328 	movx	@dptr,a
   0039                     329 00130$:
                            330 ;	printfl.c:131: for (; *fmt ; fmt++ ) {
   0039 E5*00               331 	mov	a,_bpx
   003B C3                  332 	clr	c
   003C 94 08               333 	subb	a,#0x08
   003E F5 82               334 	mov	dpl,a
   0040 E5*01               335 	mov	a,_bpx+1
   0042 94 00               336 	subb	a,#0x00
   0044 F5 83               337 	mov	dph,a
   0046 75 93 40            338 	mov	dpx,#0x40
                            339 ;	genAssign: resultIsFar = FALSE
   0049 E0                  340 	movx	a,@dptr
   004A FE                  341 	mov	r6,a
   004B A3                  342 	inc	dptr
   004C E0                  343 	movx	a,@dptr
   004D FF                  344 	mov	r7,a
   004E A3                  345 	inc	dptr
   004F E0                  346 	movx	a,@dptr
   0050 FA                  347 	mov	r2,a
   0051 A3                  348 	inc	dptr
   0052 E0                  349 	movx	a,@dptr
   0053 FB                  350 	mov	r3,a
   0054 8E 82               351 	mov	dpl,r6
   0056 8F 83               352 	mov	dph,r7
   0058 8A 93               353 	mov	dpx,r2
   005A 8B F0               354 	mov	b,r3
   005C 12s00r00r00         355 	lcall	__gptrget
   0060 FC                  356 	mov  r4,a
   0061 70 04               357 	jnz	00155$
   0063 02s00r03r57         358 	ljmp	00134$
   0067                     359 00155$:
                            360 ;	printfl.c:132: if (*fmt == '%') {
   0067 EC                  361 	mov	a,r4
   0068 B4 25 02            362 	cjne	a,#0x25,00156$
   006B 80 04               363 	sjmp	00157$
   006D                     364 00156$:
   006D 02s00r03r2C         365 	ljmp	00128$
   0071                     366 00157$:
                            367 ;	printfl.c:133: long_flag = string_flag = char_flag = 0;
                            368 ;	genAssign: resultIsFar = FALSE
   0071 C2*02               369 	clr	_char_flag
                            370 ;	genAssign: resultIsFar = FALSE
   0073 C2*01               371 	clr	_string_flag
                            372 ;	genAssign: resultIsFar = FALSE
   0075 C2*00               373 	clr	_long_flag
                            374 ;	printfl.c:134: fmt++ ;
   0077 E5*00               375 	mov	a,_bpx
   0079 C3                  376 	clr	c
   007A 94 08               377 	subb	a,#0x08
   007C F5 82               378 	mov	dpl,a
   007E E5*01               379 	mov	a,_bpx+1
   0080 94 00               380 	subb	a,#0x00
   0082 F5 83               381 	mov	dph,a
   0084 75 93 40            382 	mov	dpx,#0x40
   0087 74 01               383 	mov	a,#0x01
   0089 2E                  384 	add	a,r6
   008A F0                  385 	movx	@dptr,a
   008B E4                  386 	clr  a
   008C 3F                  387 	addc	a,r7
   008D A3                  388 	inc	dptr
   008E F0                  389 	movx	@dptr,a
   008F E4                  390 	clr  a
   0090 3A                  391 	addc	a,r2
   0091 A3                  392 	inc	dptr
   0092 F0                  393 	movx	@dptr,a
   0093 A3                  394 	inc	dptr
   0094 EB                  395 	mov	a,r3
   0095 F0                  396 	movx	@dptr,a
                            397 ;	printfl.c:135: switch (*fmt) {
   0096 E5*00               398 	mov	a,_bpx
   0098 C3                  399 	clr	c
   0099 94 08               400 	subb	a,#0x08
   009B F5 82               401 	mov	dpl,a
   009D E5*01               402 	mov	a,_bpx+1
   009F 94 00               403 	subb	a,#0x00
   00A1 F5 83               404 	mov	dph,a
   00A3 75 93 40            405 	mov	dpx,#0x40
                            406 ;	genAssign: resultIsFar = FALSE
   00A6 E0                  407 	movx	a,@dptr
   00A7 FA                  408 	mov	r2,a
   00A8 A3                  409 	inc	dptr
   00A9 E0                  410 	movx	a,@dptr
   00AA FB                  411 	mov	r3,a
   00AB A3                  412 	inc	dptr
   00AC E0                  413 	movx	a,@dptr
   00AD FD                  414 	mov	r5,a
   00AE A3                  415 	inc	dptr
   00AF E0                  416 	movx	a,@dptr
   00B0 FE                  417 	mov	r6,a
   00B1 8A 82               418 	mov	dpl,r2
   00B3 8B 83               419 	mov	dph,r3
   00B5 8D 93               420 	mov	dpx,r5
   00B7 8E F0               421 	mov	b,r6
   00B9 12s00r00r00         422 	lcall	__gptrget
   00BD FF                  423 	mov  r7,a
   00BE B4 68 02            424 	cjne	a,#0x68,00158$
   00C1 80 27               425 	sjmp 00102$
   00C3                     426 00158$:
   00C3 EF                  427 	mov	a,r7
   00C4 B4 6C 44            428 	cjne a,#0x6C,00103$
   00C7                     429 00160$:
                            430 ;	printfl.c:137: long_flag = 1;
                            431 ;	genAssign: resultIsFar = FALSE
   00C7 D2*00               432 	setb	_long_flag
                            433 ;	printfl.c:138: fmt++;
   00C9 E5*00               434 	mov	a,_bpx
   00CB C3                  435 	clr	c
   00CC 94 08               436 	subb	a,#0x08
   00CE F5 82               437 	mov	dpl,a
   00D0 E5*01               438 	mov	a,_bpx+1
   00D2 94 00               439 	subb	a,#0x00
   00D4 F5 83               440 	mov	dph,a
   00D6 75 93 40            441 	mov	dpx,#0x40
   00D9 74 01               442 	mov	a,#0x01
   00DB 2A                  443 	add	a,r2
   00DC F0                  444 	movx	@dptr,a
   00DD E4                  445 	clr  a
   00DE 3B                  446 	addc	a,r3
   00DF A3                  447 	inc	dptr
   00E0 F0                  448 	movx	@dptr,a
   00E1 E4                  449 	clr  a
   00E2 3D                  450 	addc	a,r5
   00E3 A3                  451 	inc	dptr
   00E4 F0                  452 	movx	@dptr,a
   00E5 A3                  453 	inc	dptr
   00E6 EE                  454 	mov	a,r6
   00E7 F0                  455 	movx	@dptr,a
                            456 ;	printfl.c:139: break;
                            457 ;	printfl.c:140: case 'h':
   00E8 80 21               458 	sjmp 00103$
   00EA                     459 00102$:
                            460 ;	printfl.c:141: char_flag = 1;
                            461 ;	genAssign: resultIsFar = FALSE
   00EA D2*02               462 	setb	_char_flag
                            463 ;	printfl.c:142: fmt++;
   00EC E5*00               464 	mov	a,_bpx
   00EE C3                  465 	clr	c
   00EF 94 08               466 	subb	a,#0x08
   00F1 F5 82               467 	mov	dpl,a
   00F3 E5*01               468 	mov	a,_bpx+1
   00F5 94 00               469 	subb	a,#0x00
   00F7 F5 83               470 	mov	dph,a
   00F9 75 93 40            471 	mov	dpx,#0x40
   00FC 74 01               472 	mov	a,#0x01
   00FE 2A                  473 	add	a,r2
   00FF F0                  474 	movx	@dptr,a
   0100 E4                  475 	clr  a
   0101 3B                  476 	addc	a,r3
   0102 A3                  477 	inc	dptr
   0103 F0                  478 	movx	@dptr,a
   0104 E4                  479 	clr  a
   0105 3D                  480 	addc	a,r5
   0106 A3                  481 	inc	dptr
   0107 F0                  482 	movx	@dptr,a
   0108 A3                  483 	inc	dptr
   0109 EE                  484 	mov	a,r6
   010A F0                  485 	movx	@dptr,a
                            486 ;	printfl.c:143: }
   010B                     487 00103$:
                            488 ;	printfl.c:145: switch (*fmt) {
   010B E5*00               489 	mov	a,_bpx
   010D C3                  490 	clr	c
   010E 94 08               491 	subb	a,#0x08
   0110 F5 82               492 	mov	dpl,a
   0112 E5*01               493 	mov	a,_bpx+1
   0114 94 00               494 	subb	a,#0x00
   0116 F5 83               495 	mov	dph,a
   0118 75 93 40            496 	mov	dpx,#0x40
                            497 ;	genAssign: resultIsFar = FALSE
   011B E0                  498 	movx	a,@dptr
   011C FA                  499 	mov	r2,a
   011D A3                  500 	inc	dptr
   011E E0                  501 	movx	a,@dptr
   011F FB                  502 	mov	r3,a
   0120 A3                  503 	inc	dptr
   0121 E0                  504 	movx	a,@dptr
   0122 FD                  505 	mov	r5,a
   0123 A3                  506 	inc	dptr
   0124 E0                  507 	movx	a,@dptr
   0125 FE                  508 	mov	r6,a
   0126 8A 82               509 	mov	dpl,r2
   0128 8B 83               510 	mov	dph,r3
   012A 8D 93               511 	mov	dpx,r5
   012C 8E F0               512 	mov	b,r6
   012E 12s00r00r00         513 	lcall	__gptrget
   0132 FA                  514 	mov  r2,a
   0133 B4 63 02            515 	cjne	a,#0x63,00161$
   0136 80 26               516 	sjmp 00107$
   0138                     517 00161$:
   0138 EA                  518 	mov	a,r2
   0139 B4 64 02            519 	cjne	a,#0x64,00162$
   013C 80 16               520 	sjmp 00105$
   013E                     521 00162$:
   013E EA                  522 	mov	a,r2
   013F B4 6F 02            523 	cjne	a,#0x6F,00163$
   0142 80 1F               524 	sjmp 00108$
   0144                     525 00163$:
   0144 EA                  526 	mov	a,r2
   0145 B4 73 02            527 	cjne	a,#0x73,00164$
   0148 80 06               528 	sjmp 00104$
   014A                     529 00164$:
   014A EA                  530 	mov	a,r2
                            531 ;	printfl.c:146: case 's':
   014B B4 78 18            532 	cjne a,#0x78,00109$
   014E 80 09               533 	sjmp 00106$
   0150                     534 00104$:
                            535 ;	printfl.c:147: string_flag = 1;
                            536 ;	genAssign: resultIsFar = FALSE
   0150 D2*01               537 	setb	_string_flag
                            538 ;	printfl.c:148: break;
                            539 ;	printfl.c:149: case 'd':
   0152 80 12               540 	sjmp 00109$
   0154                     541 00105$:
                            542 ;	printfl.c:150: radix = 10;
                            543 ;	genAssign: resultIsFar = FALSE
   0154 75*00 0A            544 	mov	_radix,#0x0A
                            545 ;	printfl.c:151: break;
                            546 ;	printfl.c:152: case 'x':
   0157 80 0D               547 	sjmp 00109$
   0159                     548 00106$:
                            549 ;	printfl.c:153: radix = 16;
                            550 ;	genAssign: resultIsFar = FALSE
   0159 75*00 10            551 	mov	_radix,#0x10
                            552 ;	printfl.c:154: break;
                            553 ;	printfl.c:155: case 'c':
   015C 80 08               554 	sjmp 00109$
   015E                     555 00107$:
                            556 ;	printfl.c:156: radix = 0;
                            557 ;	genAssign: resultIsFar = FALSE
   015E 75*00 00            558 	mov	_radix,#0x00
                            559 ;	printfl.c:157: break;
                            560 ;	printfl.c:158: case 'o':
   0161 80 03               561 	sjmp 00109$
   0163                     562 00108$:
                            563 ;	printfl.c:159: radix = 8;
                            564 ;	genAssign: resultIsFar = FALSE
   0163 75*00 08            565 	mov	_radix,#0x08
                            566 ;	printfl.c:161: }
   0166                     567 00109$:
                            568 ;	printfl.c:163: if (string_flag) {
   0166 20*01 04            569 	jb	_string_flag,00166$
   0169 02s00r01rF8         570 	ljmp	00114$
   016D                     571 00166$:
                            572 ;	printfl.c:164: str = va_arg(ap, char *);
   016D 75 93 40            573 	mov	dpx,#0x40
   0170 85*01 83            574 	mov	dph,_bpx+1
   0173 85*00 82            575 	mov	dpl,_bpx
   0176 A3                  576 	inc	dptr
   0177 E0                  577 	movx	a,@dptr
   0178 24 FC               578 	add	a,#0xFC
   017A FA                  579 	mov	r2,a
   017B A3                  580 	inc	dptr
   017C E0                  581 	movx	a,@dptr
   017D 34 FF               582 	addc	a,#0xFF
   017F FB                  583 	mov	r3,a
   0180 A3                  584 	inc	dptr
   0181 E0                  585 	movx	a,@dptr
   0182 34 FF               586 	addc	a,#0xFF
   0184 FD                  587 	mov	r5,a
   0185 A3                  588 	inc	dptr
   0186 E0                  589 	movx	a,@dptr
   0187 FE                  590 	mov	r6,a
                            591 ;	genAssign: resultIsFar = TRUE
   0188 75 93 40            592 	mov	dpx,#0x40
   018B 85*01 83            593 	mov	dph,_bpx+1
   018E 85*00 82            594 	mov	dpl,_bpx
   0191 A3                  595 	inc	dptr
   0192 EA                  596 	mov	a,r2
   0193 F0                  597 	movx	@dptr,a
   0194 A3                  598 	inc	dptr
   0195 EB                  599 	mov	a,r3
   0196 F0                  600 	movx	@dptr,a
   0197 A3                  601 	inc	dptr
   0198 ED                  602 	mov	a,r5
   0199 F0                  603 	movx	@dptr,a
   019A A3                  604 	inc	dptr
   019B EE                  605 	mov	a,r6
   019C F0                  606 	movx	@dptr,a
   019D 8A 82               607 	mov	dpl,r2
   019F 8B 83               608 	mov	dph,r3
   01A1 8D 93               609 	mov	dpx,r5
   01A3 8E F0               610 	mov	b,r6
   01A5 12s00r00r00         611 	lcall	__gptrgetWord
   01A9 F5*01               612 	mov	_str,a
   01AB 85 9C*02            613 	mov	(_str + 1),_ap
   01AE A3                  614 	inc	dptr
   01AF 12s00r00r00         615 	lcall	__gptrgetWord
   01B3 F5*03               616 	mov	(_str + 2),a
   01B5 85 9C*04            617 	mov	(_str + 3),_ap
                            618 ;	printfl.c:165: while (*str) putchar(*str++);
   01B8                     619 00110$:
                            620 ;	genAssign: resultIsFar = FALSE
   01B8 85*01 82            621 	mov	dpl,_str
   01BB 85*02 83            622 	mov	dph,(_str + 1)
   01BE 85*03 93            623 	mov	dpx,(_str + 2)
   01C1 85*04 F0            624 	mov	b,(_str + 3)
   01C4 12s00r00r00         625 	lcall	__gptrget
   01C8 FA                  626 	mov  r2,a
   01C9 70 04               627 	jnz	00167$
   01CB 02s00r03r32         628 	ljmp	00132$
   01CF                     629 00167$:
                            630 ;	genAssign: resultIsFar = FALSE
   01CF 85*01 82            631 	mov	dpl,_str
   01D2 85*02 83            632 	mov	dph,(_str + 1)
   01D5 85*03 93            633 	mov	dpx,(_str + 2)
   01D8 85*04 F0            634 	mov	b,(_str + 3)
   01DB 12s00r00r00         635 	lcall	__gptrget
   01DF FA                  636 	mov	r2,a
   01E0 74 01               637 	mov	a,#0x01
   01E2 25*01               638 	add	a,_str
   01E4 F5*01               639 	mov	_str,a
   01E6 E4                  640 	clr  a
   01E7 35*02               641 	addc	a,(_str + 1)
   01E9 F5*02               642 	mov	(_str + 1),a
   01EB E4                  643 	clr  a
   01EC 35*03               644 	addc	a,(_str + 2)
   01EE F5*03               645 	mov	(_str + 2),a
   01F0 8A 82               646 	mov	dpl,r2
   01F2 12s00r00r00         647 	lcall	_putchar
                            648 ;	printfl.c:166: continue ;
   01F6 80 C0               649 	sjmp 00110$
   01F8                     650 00114$:
                            651 ;	printfl.c:169: if (long_flag)
   01F8 30*00 4F            652 	jnb  _long_flag,00119$
   01FB                     653 00168$:
                            654 ;	printfl.c:170: val = va_arg(ap,long);
   01FB 75 93 40            655 	mov	dpx,#0x40
   01FE 85*01 83            656 	mov	dph,_bpx+1
   0201 85*00 82            657 	mov	dpl,_bpx
   0204 A3                  658 	inc	dptr
   0205 E0                  659 	movx	a,@dptr
   0206 24 FC               660 	add	a,#0xFC
   0208 FA                  661 	mov	r2,a
   0209 A3                  662 	inc	dptr
   020A E0                  663 	movx	a,@dptr
   020B 34 FF               664 	addc	a,#0xFF
   020D FB                  665 	mov	r3,a
   020E A3                  666 	inc	dptr
   020F E0                  667 	movx	a,@dptr
   0210 34 FF               668 	addc	a,#0xFF
   0212 FD                  669 	mov	r5,a
   0213 A3                  670 	inc	dptr
   0214 E0                  671 	movx	a,@dptr
   0215 FE                  672 	mov	r6,a
                            673 ;	genAssign: resultIsFar = TRUE
   0216 75 93 40            674 	mov	dpx,#0x40
   0219 85*01 83            675 	mov	dph,_bpx+1
   021C 85*00 82            676 	mov	dpl,_bpx
   021F A3                  677 	inc	dptr
   0220 EA                  678 	mov	a,r2
   0221 F0                  679 	movx	@dptr,a
   0222 A3                  680 	inc	dptr
   0223 EB                  681 	mov	a,r3
   0224 F0                  682 	movx	@dptr,a
   0225 A3                  683 	inc	dptr
   0226 ED                  684 	mov	a,r5
   0227 F0                  685 	movx	@dptr,a
   0228 A3                  686 	inc	dptr
   0229 EE                  687 	mov	a,r6
   022A F0                  688 	movx	@dptr,a
   022B 8A 82               689 	mov	dpl,r2
   022D 8B 83               690 	mov	dph,r3
   022F 8D 93               691 	mov	dpx,r5
   0231 8E F0               692 	mov	b,r6
   0233 12s00r00r00         693 	lcall	__gptrgetWord
   0237 F5*05               694 	mov	_val,a
   0239 85 9C*06            695 	mov	(_val + 1),_ap
   023C A3                  696 	inc	dptr
   023D 12s00r00r00         697 	lcall	__gptrgetWord
   0241 F5*07               698 	mov	(_val + 2),a
   0243 85 9C*08            699 	mov	(_val + 3),_ap
   0246 02s00r02rE2         700 	ljmp	00120$
   024A                     701 00119$:
                            702 ;	printfl.c:172: if (char_flag)
   024A 30*02 4A            703 	jnb  _char_flag,00116$
   024D                     704 00169$:
                            705 ;	printfl.c:173: val = va_arg(ap,char);
   024D 75 93 40            706 	mov	dpx,#0x40
   0250 85*01 83            707 	mov	dph,_bpx+1
   0253 85*00 82            708 	mov	dpl,_bpx
   0256 A3                  709 	inc	dptr
   0257 E0                  710 	movx	a,@dptr
   0258 24 FF               711 	add	a,#0xFF
   025A FA                  712 	mov	r2,a
   025B A3                  713 	inc	dptr
   025C E0                  714 	movx	a,@dptr
   025D 34 FF               715 	addc	a,#0xFF
   025F FB                  716 	mov	r3,a
   0260 A3                  717 	inc	dptr
   0261 E0                  718 	movx	a,@dptr
   0262 34 FF               719 	addc	a,#0xFF
   0264 FD                  720 	mov	r5,a
   0265 A3                  721 	inc	dptr
   0266 E0                  722 	movx	a,@dptr
   0267 FE                  723 	mov	r6,a
                            724 ;	genAssign: resultIsFar = TRUE
   0268 75 93 40            725 	mov	dpx,#0x40
   026B 85*01 83            726 	mov	dph,_bpx+1
   026E 85*00 82            727 	mov	dpl,_bpx
   0271 A3                  728 	inc	dptr
   0272 EA                  729 	mov	a,r2
   0273 F0                  730 	movx	@dptr,a
   0274 A3                  731 	inc	dptr
   0275 EB                  732 	mov	a,r3
   0276 F0                  733 	movx	@dptr,a
   0277 A3                  734 	inc	dptr
   0278 ED                  735 	mov	a,r5
   0279 F0                  736 	movx	@dptr,a
   027A A3                  737 	inc	dptr
   027B EE                  738 	mov	a,r6
   027C F0                  739 	movx	@dptr,a
   027D 8A 82               740 	mov	dpl,r2
   027F 8B 83               741 	mov	dph,r3
   0281 8D 93               742 	mov	dpx,r5
   0283 8E F0               743 	mov	b,r6
   0285 12s00r00r00         744 	lcall	__gptrget
   0289 FA                  745 	mov  r2,a
   028A 8A*05               746 	mov  _val,r2 
   028C 33                  747 	rlc	a
   028D 95 E0               748 	subb	a,acc
   028F F5*06               749 	mov	(_val + 1),a
   0291 F5*07               750 	mov	(_val + 2),a
   0293 F5*08               751 	mov	(_val + 3),a
   0295 80 4B               752 	sjmp 00120$
   0297                     753 00116$:
                            754 ;	printfl.c:175: val = va_arg(ap,int);
   0297 75 93 40            755 	mov	dpx,#0x40
   029A 85*01 83            756 	mov	dph,_bpx+1
   029D 85*00 82            757 	mov	dpl,_bpx
   02A0 A3                  758 	inc	dptr
   02A1 E0                  759 	movx	a,@dptr
   02A2 24 FE               760 	add	a,#0xFE
   02A4 FA                  761 	mov	r2,a
   02A5 A3                  762 	inc	dptr
   02A6 E0                  763 	movx	a,@dptr
   02A7 34 FF               764 	addc	a,#0xFF
   02A9 FB                  765 	mov	r3,a
   02AA A3                  766 	inc	dptr
   02AB E0                  767 	movx	a,@dptr
   02AC 34 FF               768 	addc	a,#0xFF
   02AE FD                  769 	mov	r5,a
   02AF A3                  770 	inc	dptr
   02B0 E0                  771 	movx	a,@dptr
   02B1 FE                  772 	mov	r6,a
                            773 ;	genAssign: resultIsFar = TRUE
   02B2 75 93 40            774 	mov	dpx,#0x40
   02B5 85*01 83            775 	mov	dph,_bpx+1
   02B8 85*00 82            776 	mov	dpl,_bpx
   02BB A3                  777 	inc	dptr
   02BC EA                  778 	mov	a,r2
   02BD F0                  779 	movx	@dptr,a
   02BE A3                  780 	inc	dptr
   02BF EB                  781 	mov	a,r3
   02C0 F0                  782 	movx	@dptr,a
   02C1 A3                  783 	inc	dptr
   02C2 ED                  784 	mov	a,r5
   02C3 F0                  785 	movx	@dptr,a
   02C4 A3                  786 	inc	dptr
   02C5 EE                  787 	mov	a,r6
   02C6 F0                  788 	movx	@dptr,a
   02C7 8A 82               789 	mov	dpl,r2
   02C9 8B 83               790 	mov	dph,r3
   02CB 8D 93               791 	mov	dpx,r5
   02CD 8E F0               792 	mov	b,r6
   02CF 12s00r00r00         793 	lcall	__gptrgetWord
   02D3 FA                  794 	mov	r2,a
   02D4 AB 9C               795 	mov	r3,_ap
   02D6 8A*05               796 	mov	_val,r2
   02D8 8B*06               797 	mov	(_val + 1),r3
   02DA EB                  798 	mov	a,r3
   02DB 33                  799 	rlc	a
   02DC 95 E0               800 	subb	a,acc
   02DE F5*07               801 	mov	(_val + 2),a
   02E0 F5*08               802 	mov	(_val + 3),a
   02E2                     803 00120$:
                            804 ;	printfl.c:180: if (radix)
   02E2 E5*00               805 	mov	a,_radix
   02E4 60 3C               806 	jz  00125$
   02E6                     807 00170$:
                            808 ;	printfl.c:185: _ltoa (val, buffer, radix);
   02E6 90s00r00r00         809 	mov	dptr,#__ltoa_PARM_2
   02EA 74r00               810 	mov	a,#_printf_small_buffer_4_8
   02EC F0                  811 	movx	@dptr,a
   02ED A3                  812 	inc	dptr
   02EE E4                  813 	clr	a
   02EF F0                  814 	movx	@dptr,a
   02F0 A3                  815 	inc	dptr
   02F1 E4                  816 	clr	a
   02F2 F0                  817 	movx	@dptr,a
   02F3 A3                  818 	inc	dptr
   02F4 74 40               819 	mov	a,#0x40
   02F6 F0                  820 	movx	@dptr,a
                            821 ;	genAssign: resultIsFar = TRUE
   02F7 90s00r00r00         822 	mov	dptr,#__ltoa_PARM_3
   02FB E5*00               823 	mov	a,_radix
   02FD F0                  824 	movx	@dptr,a
   02FE 85*05 82            825 	mov	dpl,_val
   0301 85*06 83            826 	mov	dph,(_val + 1)
   0304 85*07 93            827 	mov	dpx,(_val + 2)
   0307 85*08 F0            828 	mov	b,(_val + 3)
   030A 12s00r00r00         829 	lcall	__ltoa
                            830 ;	printfl.c:186: stri = buffer;
                            831 ;	printfl.c:187: while (*stri)
                            832 ;	genAssign: resultIsFar = FALSE
   030E 78r00               833 	mov	r0,#_printf_small_buffer_4_8
   0310                     834 00121$:
   0310 86 02               835 	mov	ar2,@r0
   0312 EA                  836 	mov	a,r2
   0313 60 1D               837 	jz  00132$
   0315                     838 00171$:
                            839 ;	printfl.c:189: putchar (*stri);
   0315 C0 00               840 	push	ar0
   0317 8A 82               841 	mov	dpl,r2
   0319 12s00r00r00         842 	lcall	_putchar
   031D D0 00               843 	pop	ar0
                            844 ;	printfl.c:190: stri++;
   031F 08                  845 	inc	r0
   0320 80 EE               846 	sjmp 00121$
   0322                     847 00125$:
                            848 ;	printfl.c:195: putchar((char)val);
   0322 AA*05               849 	mov	r2,_val
   0324 8A 82               850 	mov	dpl,r2
   0326 12s00r00r00         851 	lcall	_putchar
   032A 80 06               852 	sjmp 00132$
   032C                     853 00128$:
                            854 ;	printfl.c:198: putchar(*fmt);
   032C 8C 82               855 	mov	dpl,r4
   032E 12s00r00r00         856 	lcall	_putchar
   0332                     857 00132$:
                            858 ;	printfl.c:131: for (; *fmt ; fmt++ ) {
   0332 E5*00               859 	mov	a,_bpx
   0334 C3                  860 	clr	c
   0335 94 08               861 	subb	a,#0x08
   0337 F5 82               862 	mov	dpl,a
   0339 E5*01               863 	mov	a,_bpx+1
   033B 94 00               864 	subb	a,#0x00
   033D F5 83               865 	mov	dph,a
   033F 75 93 40            866 	mov	dpx,#0x40
   0342 E0                  867 	movx	a,@dptr
   0343 24 01               868 	add	a,#0x01
   0345 F0                  869 	movx	@dptr,a
   0346 A3                  870 	inc	dptr
   0347 E0                  871 	movx	a,@dptr
   0348 34 00               872 	addc	a,#0x00
   034A F0                  873 	movx	@dptr,a
   034B A3                  874 	inc	dptr
   034C E0                  875 	movx	a,@dptr
   034D 34 00               876 	addc	a,#0x00
   034F F0                  877 	movx	@dptr,a
   0350 A3                  878 	inc	dptr
   0351 E0                  879 	movx	a,@dptr
   0352 F0                  880 	movx	@dptr,a
   0353 02s00r00r39         881 	ljmp	00130$
   0357                     882 00134$:
   0357 85*00 81            883 	mov	sp,_bpx
   035A 85*01 9B            884 	mov	esp,_bpx+1
   035D D0*01               885 	pop	_bpx+1
   035F D0*00               886 	pop	_bpx
   0361 22                  887 	ret
                            888 	.area CSEG    (CODE)
                            889 	.area CONST   (CODE)
                            890 	.area XINIT   (CODE)
                            891 	.area CABS    (ABS,CODE)
