                              1 ;--------------------------------------------------------
                              2 ; File Created by SDCC : free open source ANSI-C Compiler
                              3 ; Version 3.0.1 #6227 (Oct  2 2015) (Linux)
                              4 ; This file was generated Fri Oct  2 17:15:16 2015
                              5 ;--------------------------------------------------------
                              6 	.module tanf
                              7 	.optsdcc -mds390 --model-flat24
                              8 	
                              9 ;--------------------------------------------------------
                             10 ; CPU specific extensions
                             11 ;--------------------------------------------------------
                             12 .flat24 on		; 24 bit flat addressing
                    0084     13 dpl1	=	0x84
                    0085     14 dph1	=	0x85
                    0086     15 dps	=	0x86
                    0093     16 dpx	=	0x93
                    0095     17 dpx1	=	0x95
                    009B     18 esp	=	0x9B
                    009C     19 ap	=	0x9C
                    009C     20 _ap	=	0x9C
                    00D1     21 mcnt0	=	0xD1
                    00D2     22 mcnt1	=	0xD2
                    00D3     23 ma	=	0xD3
                    00D4     24 mb	=	0xD4
                    00D5     25 mc	=	0xD5
                    00D1     26 F1	=	0xD1	; user flag
                             27 ;--------------------------------------------------------
                             28 ; Public variables in this module
                             29 ;--------------------------------------------------------
                             30 	.globl _tanf
                             31 ;--------------------------------------------------------
                             32 ; special function registers
                             33 ;--------------------------------------------------------
                             34 ;--------------------------------------------------------
                             35 ; special function bits
                             36 ;--------------------------------------------------------
                             37 ;--------------------------------------------------------
                             38 ; overlayable register banks
                             39 ;--------------------------------------------------------
                             40 	.area REG_BANK_0	(REL,OVR,DATA)
   0000                      41 	.ds 8
                             42 ;--------------------------------------------------------
                             43 ; internal ram data
                             44 ;--------------------------------------------------------
                             45 	.area DSEG    (DATA)
                             46 ;--------------------------------------------------------
                             47 ; overlayable items in internal ram 
                             48 ;--------------------------------------------------------
                             49 	.area OSEG    (OVR,DATA)
                             50 ;--------------------------------------------------------
                             51 ; indirectly addressable internal ram data
                             52 ;--------------------------------------------------------
                             53 	.area ISEG    (DATA)
                             54 ;--------------------------------------------------------
                             55 ; absolute internal ram data
                             56 ;--------------------------------------------------------
                             57 	.area IABS    (ABS,DATA)
                             58 	.area IABS    (ABS,DATA)
                             59 ;--------------------------------------------------------
                             60 ; bit data
                             61 ;--------------------------------------------------------
                             62 	.area BSEG    (BIT)
                             63 ;--------------------------------------------------------
                             64 ; paged external ram data
                             65 ;--------------------------------------------------------
                             66 	.area PSEG    (PAG,XDATA)
                             67 ;--------------------------------------------------------
                             68 ; external ram data
                             69 ;--------------------------------------------------------
                             70 	.area XSEG    (XDATA)
                             71 ;--------------------------------------------------------
                             72 ; absolute external ram data
                             73 ;--------------------------------------------------------
                             74 	.area XABS    (ABS,XDATA)
                             75 ;--------------------------------------------------------
                             76 ; external initialized ram data
                             77 ;--------------------------------------------------------
                             78 	.area XISEG   (XDATA)
                             79 ;--------------------------------------------------------
                             80 ; global & static initialisations
                             81 ;--------------------------------------------------------
                             82 	.area HOME    (CODE)
                             83 	.area GSINIT  (CODE)
                             84 	.area GSFINAL (CODE)
                             85 	.area GSINIT  (CODE)
                             86 ;--------------------------------------------------------
                             87 ; Home
                             88 ;--------------------------------------------------------
                             89 	.area HOME    (CODE)
                             90 	.area HOME    (CODE)
                             91 ;--------------------------------------------------------
                             92 ; code
                             93 ;--------------------------------------------------------
                             94 	.area CSEG    (CODE)
                             95 ;------------------------------------------------------------
                             96 ;Allocation info for local variables in function 'tanf'
                             97 ;------------------------------------------------------------
                             98 ;x                         Allocated to registers r2 r3 r4 r5 
                             99 ;------------------------------------------------------------
                            100 ;	tanf.c:36: float tanf(const float x) _FLOAT_FUNC_REENTRANT
                            101 ;	-----------------------------------------
                            102 ;	 function tanf
                            103 ;	-----------------------------------------
   0000                     104 _tanf:
                    0002    105 	ar2 = 0x02
                    0003    106 	ar3 = 0x03
                    0004    107 	ar4 = 0x04
                    0005    108 	ar5 = 0x05
                    0006    109 	ar6 = 0x06
                    0007    110 	ar7 = 0x07
                    0000    111 	ar0 = 0x00
                    0001    112 	ar1 = 0x01
   0000 AA 82               113 	mov	r2,dpl
   0002 AB 83               114 	mov	r3,dph
   0004 AC 93               115 	mov	r4,dpx
   0006 AD F0               116 	mov	r5,b
                            117 ;	tanf.c:38: return tancotf(x, 0);
                            118 ;	genAssign: resultIsFar = FALSE
   0008 C2*00               119 	clr	_tancotf_PARM_2
   000A 8A 82               120 	mov	dpl,r2
   000C 8B 83               121 	mov	dph,r3
   000E 8C 93               122 	mov	dpx,r4
   0010 8D F0               123 	mov	b,r5
   0012 12s00r00r00         124 	lcall	_tancotf
   0016                     125 00101$:
   0016 22                  126 	ret
                            127 	.area CSEG    (CODE)
                            128 	.area CONST   (CODE)
                            129 	.area XINIT   (CODE)
                            130 	.area CABS    (ABS,CODE)
