                              1 ;--------------------------------------------------------
                              2 ; File Created by SDCC : free open source ANSI-C Compiler
                              3 ; Version 3.0.1 #6227 (Oct  2 2015) (Linux)
                              4 ; This file was generated Fri Oct  2 17:15:23 2015
                              5 ;--------------------------------------------------------
                              6 	.module _modslong
                              7 	.optsdcc -mmcs51 --model-small
                              8 	
                              9 ;--------------------------------------------------------
                             10 ; Public variables in this module
                             11 ;--------------------------------------------------------
                             12 ;--------------------------------------------------------
                             13 ; special function registers
                             14 ;--------------------------------------------------------
                             15 	.area RSEG    (ABS,DATA)
   0000                      16 	.org 0x0000
                             17 ;--------------------------------------------------------
                             18 ; special function bits
                             19 ;--------------------------------------------------------
                             20 	.area RSEG    (ABS,DATA)
   0000                      21 	.org 0x0000
                             22 ;--------------------------------------------------------
                             23 ; overlayable register banks
                             24 ;--------------------------------------------------------
                             25 	.area REG_BANK_0	(REL,OVR,DATA)
   0000                      26 	.ds 8
                             27 ;--------------------------------------------------------
                             28 ; internal ram data
                             29 ;--------------------------------------------------------
                             30 	.area DSEG    (DATA)
                             31 ;--------------------------------------------------------
                             32 ; overlayable items in internal ram 
                             33 ;--------------------------------------------------------
                             34 	.area OSEG    (OVR,DATA)
                             35 ;--------------------------------------------------------
                             36 ; indirectly addressable internal ram data
                             37 ;--------------------------------------------------------
                             38 	.area ISEG    (DATA)
                             39 ;--------------------------------------------------------
                             40 ; absolute internal ram data
                             41 ;--------------------------------------------------------
                             42 	.area IABS    (ABS,DATA)
                             43 	.area IABS    (ABS,DATA)
                             44 ;--------------------------------------------------------
                             45 ; bit data
                             46 ;--------------------------------------------------------
                             47 	.area BSEG    (BIT)
                             48 ;--------------------------------------------------------
                             49 ; paged external ram data
                             50 ;--------------------------------------------------------
                             51 	.area PSEG    (PAG,XDATA)
                             52 ;--------------------------------------------------------
                             53 ; external ram data
                             54 ;--------------------------------------------------------
                             55 	.area XSEG    (XDATA)
                             56 ;--------------------------------------------------------
                             57 ; absolute external ram data
                             58 ;--------------------------------------------------------
                             59 	.area XABS    (ABS,XDATA)
                             60 ;--------------------------------------------------------
                             61 ; external initialized ram data
                             62 ;--------------------------------------------------------
                             63 	.area XISEG   (XDATA)
                             64 	.area HOME    (CODE)
                             65 	.area GSINIT0 (CODE)
                             66 	.area GSINIT1 (CODE)
                             67 	.area GSINIT2 (CODE)
                             68 	.area GSINIT3 (CODE)
                             69 	.area GSINIT4 (CODE)
                             70 	.area GSINIT5 (CODE)
                             71 	.area GSINIT  (CODE)
                             72 	.area GSFINAL (CODE)
                             73 	.area CSEG    (CODE)
                             74 ;--------------------------------------------------------
                             75 ; global & static initialisations
                             76 ;--------------------------------------------------------
                             77 	.area HOME    (CODE)
                             78 	.area GSINIT  (CODE)
                             79 	.area GSFINAL (CODE)
                             80 	.area GSINIT  (CODE)
                             81 ;--------------------------------------------------------
                             82 ; Home
                             83 ;--------------------------------------------------------
                             84 	.area HOME    (CODE)
                             85 	.area HOME    (CODE)
                             86 ;--------------------------------------------------------
                             87 ; code
                             88 ;--------------------------------------------------------
                             89 	.area CSEG    (CODE)
                             90 ;------------------------------------------------------------
                             91 ;Allocation info for local variables in function '_modslong_dummy'
                             92 ;------------------------------------------------------------
                             93 ;------------------------------------------------------------
                             94 ;	_modslong.c:55: _modslong_dummy (void) __naked
                             95 ;	-----------------------------------------
                             96 ;	 function _modslong_dummy
                             97 ;	-----------------------------------------
   0000                      98 __modslong_dummy:
                             99 ;	naked function: no prologue.
                            100 ;	_modslong.c:135: clr	a
                            101 	
                            102 	
                            103 	
                            104 	
                            105 	
                            106 	
                            107 	
                            108 	 .globl __modslong
                            109 ;	# 78 "_modslong.c"
   0000                     110 	__modslong:
                            111     ; r1 in acc
                            112     ; (__modslong_PARM_2 + 3) in (__modslong_PARM_2 + 3)
   0000 F9                  113 	 mov r1,a ; save r1
                            114 	
   0001 C2 D5               115 	 clr F0 ; Flag 0 in PSW
                            116     ; available to user for general purpose
   0003 30 E7 15            117 	 jnb acc.7,a_not_negative
                            118 	
   0006 D2 D5               119 	 setb F0
                            120 	
   0008 E4                  121 	 clr a ; a = -a;
   0009 C3                  122 	 clr c
   000A 95 82               123 	 subb a,dpl
   000C F5 82               124 	 mov dpl,a
   000E E4                  125 	 clr a
   000F 95 83               126 	 subb a,dph
   0011 F5 83               127 	 mov dph,a
   0013 E4                  128 	 clr a
   0014 95 F0               129 	 subb a,b
   0016 F5 F0               130 	 mov b,a
   0018 E4                  131 	 clr a
   0019 99                  132 	 subb a,r1
   001A F9                  133 	 mov r1,a
                            134 	
   001B                     135 	a_not_negative:
                            136 	
   001B E5*03               137 	 mov a,(__modslong_PARM_2 + 3)
   001D 30 E7 15            138 	 jnb acc.7,b_not_negative
                            139 	
   0020 E4                  140 	 clr a ; b = -b;
   0021 C3                  141 	 clr c
   0022 95*00               142 	 subb a,(__modslong_PARM_2)
   0024 F5*00               143 	 mov (__modslong_PARM_2),a
   0026 E4                  144 	 clr a
   0027 95*01               145 	 subb a,(__modslong_PARM_2 + 1)
   0029 F5*01               146 	 mov (__modslong_PARM_2 + 1),a
   002B E4                  147 	 clr a
   002C 95*02               148 	 subb a,(__modslong_PARM_2 + 2)
   002E F5*02               149 	 mov (__modslong_PARM_2 + 2),a
   0030 E4                  150 	 clr a
   0031 95*03               151 	 subb a,(__modslong_PARM_2 + 3)
   0033 F5*03               152 	 mov (__modslong_PARM_2 + 3),a
                            153 	
   0035                     154 	b_not_negative:
                            155 	
   0035 E9                  156 	 mov a,r1 ; restore r1 in acc
                            157 	
   0036 12s00r00            158 	 lcall __modulong
                            159 	
   0039 30 D5 12            160 	 jnb F0,not_negative
                            161 	
                            162     ; result in (a == r1), b, dph, dpl
   003C E4                  163 	 clr a
   003D C3                  164 	 clr c
   003E 95 82               165 	 subb a,dpl
   0040 F5 82               166 	 mov dpl,a
   0042 E4                  167 	 clr a
   0043 95 83               168 	 subb a,dph
   0045 F5 83               169 	 mov dph,a
   0047 E4                  170 	 clr a
   0048 95 F0               171 	 subb a,b
   004A F5 F0               172 	 mov b,a
   004C E4                  173 	 clr a
   004D 99                  174 	 subb a,r1
                            175     ; result in a, b, dph, dpl
   004E                     176 	not_negative:
   004E 22                  177 	 ret
                            178 	
                            179 	 
                            180 ;	naked function: no epilogue.
                            181 	.area CSEG    (CODE)
                            182 	.area CONST   (CODE)
                            183 	.area XINIT   (CODE)
                            184 	.area CABS    (ABS,CODE)
