                              1 ;--------------------------------------------------------
                              2 ; File Created by SDCC : free open source ANSI-C Compiler
                              3 ; Version 3.0.1 #6227 (Oct  2 2015) (Linux)
                              4 ; This file was generated Fri Oct  2 17:15:23 2015
                              5 ;--------------------------------------------------------
                              6 	.module _strchr
                              7 	.optsdcc -mmcs51 --model-small
                              8 	
                              9 ;--------------------------------------------------------
                             10 ; Public variables in this module
                             11 ;--------------------------------------------------------
                             12 	.globl _strchr_PARM_2
                             13 	.globl _strchr
                             14 ;--------------------------------------------------------
                             15 ; special function registers
                             16 ;--------------------------------------------------------
                             17 	.area RSEG    (ABS,DATA)
   0000                      18 	.org 0x0000
                             19 ;--------------------------------------------------------
                             20 ; special function bits
                             21 ;--------------------------------------------------------
                             22 	.area RSEG    (ABS,DATA)
   0000                      23 	.org 0x0000
                             24 ;--------------------------------------------------------
                             25 ; overlayable register banks
                             26 ;--------------------------------------------------------
                             27 	.area REG_BANK_0	(REL,OVR,DATA)
   0000                      28 	.ds 8
                             29 ;--------------------------------------------------------
                             30 ; internal ram data
                             31 ;--------------------------------------------------------
                             32 	.area DSEG    (DATA)
                             33 ;--------------------------------------------------------
                             34 ; overlayable items in internal ram 
                             35 ;--------------------------------------------------------
                             36 	.area	OSEG    (OVR,DATA)
   0000                      37 _strchr_PARM_2::
   0000                      38 	.ds 1
                             39 ;--------------------------------------------------------
                             40 ; indirectly addressable internal ram data
                             41 ;--------------------------------------------------------
                             42 	.area ISEG    (DATA)
                             43 ;--------------------------------------------------------
                             44 ; absolute internal ram data
                             45 ;--------------------------------------------------------
                             46 	.area IABS    (ABS,DATA)
                             47 	.area IABS    (ABS,DATA)
                             48 ;--------------------------------------------------------
                             49 ; bit data
                             50 ;--------------------------------------------------------
                             51 	.area BSEG    (BIT)
                             52 ;--------------------------------------------------------
                             53 ; paged external ram data
                             54 ;--------------------------------------------------------
                             55 	.area PSEG    (PAG,XDATA)
                             56 ;--------------------------------------------------------
                             57 ; external ram data
                             58 ;--------------------------------------------------------
                             59 	.area XSEG    (XDATA)
                             60 ;--------------------------------------------------------
                             61 ; absolute external ram data
                             62 ;--------------------------------------------------------
                             63 	.area XABS    (ABS,XDATA)
                             64 ;--------------------------------------------------------
                             65 ; external initialized ram data
                             66 ;--------------------------------------------------------
                             67 	.area XISEG   (XDATA)
                             68 	.area HOME    (CODE)
                             69 	.area GSINIT0 (CODE)
                             70 	.area GSINIT1 (CODE)
                             71 	.area GSINIT2 (CODE)
                             72 	.area GSINIT3 (CODE)
                             73 	.area GSINIT4 (CODE)
                             74 	.area GSINIT5 (CODE)
                             75 	.area GSINIT  (CODE)
                             76 	.area GSFINAL (CODE)
                             77 	.area CSEG    (CODE)
                             78 ;--------------------------------------------------------
                             79 ; global & static initialisations
                             80 ;--------------------------------------------------------
                             81 	.area HOME    (CODE)
                             82 	.area GSINIT  (CODE)
                             83 	.area GSFINAL (CODE)
                             84 	.area GSINIT  (CODE)
                             85 ;--------------------------------------------------------
                             86 ; Home
                             87 ;--------------------------------------------------------
                             88 	.area HOME    (CODE)
                             89 	.area HOME    (CODE)
                             90 ;--------------------------------------------------------
                             91 ; code
                             92 ;--------------------------------------------------------
                             93 	.area CSEG    (CODE)
                             94 ;------------------------------------------------------------
                             95 ;Allocation info for local variables in function 'strchr'
                             96 ;------------------------------------------------------------
                             97 ;ch                        Allocated with name '_strchr_PARM_2'
                             98 ;string                    Allocated to registers r2 r3 r4 
                             99 ;------------------------------------------------------------
                            100 ;	_strchr.c:31: char * strchr (
                            101 ;	-----------------------------------------
                            102 ;	 function strchr
                            103 ;	-----------------------------------------
   0000                     104 _strchr:
                    0002    105 	ar2 = 0x02
                    0003    106 	ar3 = 0x03
                    0004    107 	ar4 = 0x04
                    0005    108 	ar5 = 0x05
                    0006    109 	ar6 = 0x06
                    0007    110 	ar7 = 0x07
                    0000    111 	ar0 = 0x00
                    0001    112 	ar1 = 0x01
   0000 AA 82               113 	mov	r2,dpl
   0002 AB 83               114 	mov	r3,dph
   0004 AC F0               115 	mov	r4,b
                            116 ;	_strchr.c:36: while (*string && *string != ch)
   0006                     117 00102$:
   0006 8A 82               118 	mov	dpl,r2
   0008 8B 83               119 	mov	dph,r3
   000A 8C F0               120 	mov	b,r4
   000C 12s00r00            121 	lcall	__gptrget
   000F FD                  122 	mov	r5,a
   0010 60 0D               123 	jz	00104$
   0012 ED                  124 	mov	a,r5
   0013 B5*00 02            125 	cjne	a,_strchr_PARM_2,00115$
   0016 80 07               126 	sjmp	00104$
   0018                     127 00115$:
                            128 ;	_strchr.c:37: string++;
   0018 0A                  129 	inc	r2
   0019 BA 00 EA            130 	cjne	r2,#0x00,00102$
   001C 0B                  131 	inc	r3
   001D 80 E7               132 	sjmp	00102$
   001F                     133 00104$:
                            134 ;	_strchr.c:39: if (*string == ch)
   001F 8A 82               135 	mov	dpl,r2
   0021 8B 83               136 	mov	dph,r3
   0023 8C F0               137 	mov	b,r4
   0025 12s00r00            138 	lcall	__gptrget
   0028 FD                  139 	mov	r5,a
   0029 B5*00 07            140 	cjne	a,_strchr_PARM_2,00106$
                            141 ;	_strchr.c:40: return(string);
   002C 8A 82               142 	mov	dpl,r2
   002E 8B 83               143 	mov	dph,r3
   0030 8C F0               144 	mov	b,r4
   0032 22                  145 	ret
   0033                     146 00106$:
                            147 ;	_strchr.c:41: return ( NULL );
   0033 90 00 00            148 	mov	dptr,#0x0000
   0036 75 F0 00            149 	mov	b,#0x00
   0039 22                  150 	ret
                            151 	.area CSEG    (CODE)
                            152 	.area CONST   (CODE)
                            153 	.area XINIT   (CODE)
                            154 	.area CABS    (ABS,CODE)
