                              1 ;--------------------------------------------------------
                              2 ; File Created by SDCC : free open source ANSI-C Compiler
                              3 ; Version 3.0.1 #6227 (Oct  2 2015) (Linux)
                              4 ; This file was generated Fri Oct  2 17:15:24 2015
                              5 ;--------------------------------------------------------
                              6 	.module _strlen
                              7 	.optsdcc -mmcs51 --model-small
                              8 	
                              9 ;--------------------------------------------------------
                             10 ; Public variables in this module
                             11 ;--------------------------------------------------------
                             12 	.globl _strlen
                             13 ;--------------------------------------------------------
                             14 ; special function registers
                             15 ;--------------------------------------------------------
                             16 	.area RSEG    (ABS,DATA)
   0000                      17 	.org 0x0000
                             18 ;--------------------------------------------------------
                             19 ; special function bits
                             20 ;--------------------------------------------------------
                             21 	.area RSEG    (ABS,DATA)
   0000                      22 	.org 0x0000
                             23 ;--------------------------------------------------------
                             24 ; overlayable register banks
                             25 ;--------------------------------------------------------
                             26 	.area REG_BANK_0	(REL,OVR,DATA)
   0000                      27 	.ds 8
                             28 ;--------------------------------------------------------
                             29 ; internal ram data
                             30 ;--------------------------------------------------------
                             31 	.area DSEG    (DATA)
                             32 ;--------------------------------------------------------
                             33 ; overlayable items in internal ram 
                             34 ;--------------------------------------------------------
                             35 	.area	OSEG    (OVR,DATA)
                             36 ;--------------------------------------------------------
                             37 ; indirectly addressable internal ram data
                             38 ;--------------------------------------------------------
                             39 	.area ISEG    (DATA)
                             40 ;--------------------------------------------------------
                             41 ; absolute internal ram data
                             42 ;--------------------------------------------------------
                             43 	.area IABS    (ABS,DATA)
                             44 	.area IABS    (ABS,DATA)
                             45 ;--------------------------------------------------------
                             46 ; bit data
                             47 ;--------------------------------------------------------
                             48 	.area BSEG    (BIT)
                             49 ;--------------------------------------------------------
                             50 ; paged external ram data
                             51 ;--------------------------------------------------------
                             52 	.area PSEG    (PAG,XDATA)
                             53 ;--------------------------------------------------------
                             54 ; external ram data
                             55 ;--------------------------------------------------------
                             56 	.area XSEG    (XDATA)
                             57 ;--------------------------------------------------------
                             58 ; absolute external ram data
                             59 ;--------------------------------------------------------
                             60 	.area XABS    (ABS,XDATA)
                             61 ;--------------------------------------------------------
                             62 ; external initialized ram data
                             63 ;--------------------------------------------------------
                             64 	.area XISEG   (XDATA)
                             65 	.area HOME    (CODE)
                             66 	.area GSINIT0 (CODE)
                             67 	.area GSINIT1 (CODE)
                             68 	.area GSINIT2 (CODE)
                             69 	.area GSINIT3 (CODE)
                             70 	.area GSINIT4 (CODE)
                             71 	.area GSINIT5 (CODE)
                             72 	.area GSINIT  (CODE)
                             73 	.area GSFINAL (CODE)
                             74 	.area CSEG    (CODE)
                             75 ;--------------------------------------------------------
                             76 ; global & static initialisations
                             77 ;--------------------------------------------------------
                             78 	.area HOME    (CODE)
                             79 	.area GSINIT  (CODE)
                             80 	.area GSFINAL (CODE)
                             81 	.area GSINIT  (CODE)
                             82 ;--------------------------------------------------------
                             83 ; Home
                             84 ;--------------------------------------------------------
                             85 	.area HOME    (CODE)
                             86 	.area HOME    (CODE)
                             87 ;--------------------------------------------------------
                             88 ; code
                             89 ;--------------------------------------------------------
                             90 	.area CSEG    (CODE)
                             91 ;------------------------------------------------------------
                             92 ;Allocation info for local variables in function 'strlen'
                             93 ;------------------------------------------------------------
                             94 ;str                       Allocated to registers 
                             95 ;------------------------------------------------------------
                             96 ;	_strlen.c:52: size_t strlen ( const char * str ) __naked
                             97 ;	-----------------------------------------
                             98 ;	 function strlen
                             99 ;	-----------------------------------------
   0000                     100 _strlen:
                            101 ;	naked function: no prologue.
                            102 ;	_strlen.c:86: __endasm;
                            103 	
                            104       ; dptr holds pointer
                            105       ; b holds pointer memspace
                            106       ;
                            107 	
                            108       ; char *ptr = str:
   0000 AA 82               109 	      mov r2,dpl
   0002 AB 83               110 	      mov r3,dph
                            111       ;
                            112 	
                            113       ; while ( *ptr ) ptr++;
   0004                     114 	    L00101$:
   0004 12s00r00            115 	      lcall __gptrget
   0007 60 03               116 	      jz L00102$
   0009 A3                  117 	      inc dptr
   000A 80 F8               118 	      sjmp L00101$
                            119       ;
                            120 	
   000C                     121 	    L00102$:
                            122       ; return ptr - str;
   000C C3                  123 	      clr c
   000D E5 82               124 	      mov a,dpl
   000F 9A                  125 	      subb a,r2
   0010 F5 82               126 	      mov dpl,a
                            127       ;
   0012 E5 83               128 	      mov a,dph
   0014 9B                  129 	      subb a,r3
   0015 F5 83               130 	      mov dph,a
                            131       ;
   0017 22                  132 	      ret
                            133 	    
   0018                     134 00101$:
                            135 ;	naked function: no epilogue.
                            136 	.area CSEG    (CODE)
                            137 	.area CONST   (CODE)
                            138 	.area XINIT   (CODE)
                            139 	.area CABS    (ABS,CODE)
