                              1 ;--------------------------------------------------------
                              2 ; File Created by SDCC : free open source ANSI-C Compiler
                              3 ; Version 3.0.1 #6227 (Oct  2 2015) (Linux)
                              4 ; This file was generated Fri Oct  2 17:18:19 2015
                              5 ;--------------------------------------------------------
                              6 	.module _divslong
                              7 	.optsdcc -mgbz80
                              8 	
                              9 ;--------------------------------------------------------
                             10 ; Public variables in this module
                             11 ;--------------------------------------------------------
                             12 	.globl __divslong
                             13 ;--------------------------------------------------------
                             14 ;  ram data
                             15 ;--------------------------------------------------------
                             16 	.area _DATA
                             17 ;--------------------------------------------------------
                             18 ; overlayable items in  ram 
                             19 ;--------------------------------------------------------
                             20 	.area _OVERLAY
                             21 ;--------------------------------------------------------
                             22 ; external initialized ram data
                             23 ;--------------------------------------------------------
                             24 ;--------------------------------------------------------
                             25 ; global & static initialisations
                             26 ;--------------------------------------------------------
                             27 	.area _HOME
                             28 	.area _GSINIT
                             29 	.area _GSFINAL
                             30 	.area _GSINIT
                             31 ;--------------------------------------------------------
                             32 ; Home
                             33 ;--------------------------------------------------------
                             34 	.area _HOME
                             35 	.area _HOME
                             36 ;--------------------------------------------------------
                             37 ; code
                             38 ;--------------------------------------------------------
                             39 	.area _CODE
                             40 ;../_divslong.c:259: _divslong (long x, long y)
                             41 ;	---------------------------------
                             42 ; Function _divslong
                             43 ; ---------------------------------
   0000                      44 __divslong_start::
   0000                      45 __divslong:
   0000 E8 F4                46 	lda	sp,-12(sp)
                             47 ;../_divslong.c:264: (y < 0 ? -y : y));
   0002 F8 12                48 	ldhl	sp,#18
   0004 7E                   49 	ld	a, (hl)
   0005 D6 00                50 	sub	a, #0x00
   0007 23                   51 	inc	hl
   0008 7E                   52 	ld	a, (hl)
   0009 DE 00                53 	sbc	a, #0x00
   000B 23                   54 	inc	hl
   000C 7E                   55 	ld	a, (hl)
   000D DE 00                56 	sbc	a, #0x00
   000F 23                   57 	inc	hl
   0010 7E                   58 	ld	a, (hl)
   0011 DE 00                59 	sbc	a, #0x00
   0013 56                   60 	ld	d, (hl)
   0014 3E 00                61 	ld	a, #0x00
   0016 5F                   62 	ld	e, a
   0017 CB 7B                63 	bit	7, e
   0019 CAr24s00             64 	jp	Z, 00113$
   001C CB 7A                65 	bit	7, d
   001E C2r2As00             66 	jp	NZ, 00114$
   0021 BF                   67 	cp	a, a
   0022 18 06                68 	jr	00114$
   0024                      69 00113$:
   0024 CB 7A                70 	bit	7, d
   0026 CAr2As00             71 	jp	Z, 00114$
   0029 37                   72 	scf
   002A                      73 00114$:
   002A 3E 00                74 	ld	a,#0x00
   002C 17                   75 	rla
   002D 4F                   76 	ld	c,a
   002E B7                   77 	or	a,a
   002F CAr56s00             78 	jp	Z,00106$
   0032 11 00 00             79 	ld	de,#0x0000
   0035 7B                   80 	ld	a,e
   0036 F8 12                81 	ldhl	sp,#18
   0038 96                   82 	sub	a,(hl)
   0039 5F                   83 	ld	e,a
   003A 7A                   84 	ld	a,d
   003B 23                   85 	inc	hl
   003C 9E                   86 	sbc	a,(hl)
   003D F5                   87 	push	af
   003E F8 07                88 	ldhl	sp,#7
   0040 77                   89 	ld	(hl),a
   0041 2B                   90 	dec	hl
   0042 73                   91 	ld	(hl),e
   0043 11 00 00             92 	ld	de,#0x0000
   0046 F8 16                93 	ldhl	sp,#22
   0048 F1                   94 	pop	af
   0049 7B                   95 	ld	a,e
   004A 9E                   96 	sbc	a,(hl)
   004B 5F                   97 	ld	e,a
   004C 7A                   98 	ld	a,d
   004D 23                   99 	inc	hl
   004E 9E                  100 	sbc	a,(hl)
   004F F8 07               101 	ldhl	sp,#7
   0051 77                  102 	ld	(hl),a
   0052 2B                  103 	dec	hl
   0053 73                  104 	ld	(hl),e
   0054 18 14               105 	jr	00107$
   0056                     106 00106$:
   0056 F8 12               107 	ldhl	sp,#18
   0058 54                  108 	ld	d,h
   0059 5D                  109 	ld	e,l
   005A F8 04               110 	ldhl	sp,#4
   005C 1A                  111 	ld	a,(de)
   005D 77                  112 	ld	(hl),a
   005E 23                  113 	inc	hl
   005F 13                  114 	inc	de
   0060 1A                  115 	ld	a,(de)
   0061 77                  116 	ld	(hl),a
   0062 23                  117 	inc	hl
   0063 13                  118 	inc	de
   0064 1A                  119 	ld	a,(de)
   0065 77                  120 	ld	(hl),a
   0066 23                  121 	inc	hl
   0067 13                  122 	inc	de
   0068 1A                  123 	ld	a,(de)
   0069 77                  124 	ld	(hl),a
   006A                     125 00107$:
                            126 ;../_divslong.c:263: r = _divulong((x < 0 ? -x : x),
   006A F8 0E               127 	ldhl	sp,#14
   006C 7E                  128 	ld	a, (hl)
   006D D6 00               129 	sub	a, #0x00
   006F 23                  130 	inc	hl
   0070 7E                  131 	ld	a, (hl)
   0071 DE 00               132 	sbc	a, #0x00
   0073 23                  133 	inc	hl
   0074 7E                  134 	ld	a, (hl)
   0075 DE 00               135 	sbc	a, #0x00
   0077 23                  136 	inc	hl
   0078 7E                  137 	ld	a, (hl)
   0079 DE 00               138 	sbc	a, #0x00
   007B 56                  139 	ld	d, (hl)
   007C 3E 00               140 	ld	a, #0x00
   007E 5F                  141 	ld	e, a
   007F CB 7B               142 	bit	7, e
   0081 CAr8Cs00            143 	jp	Z, 00115$
   0084 CB 7A               144 	bit	7, d
   0086 C2r92s00            145 	jp	NZ, 00116$
   0089 BF                  146 	cp	a, a
   008A 18 06               147 	jr	00116$
   008C                     148 00115$:
   008C CB 7A               149 	bit	7, d
   008E CAr92s00            150 	jp	Z, 00116$
   0091 37                  151 	scf
   0092                     152 00116$:
   0092 3E 00               153 	ld	a,#0x00
   0094 17                  154 	rla
   0095 47                  155 	ld	b,a
   0096 B7                  156 	or	a,a
   0097 CArBEs00            157 	jp	Z,00108$
   009A 11 00 00            158 	ld	de,#0x0000
   009D 7B                  159 	ld	a,e
   009E F8 0E               160 	ldhl	sp,#14
   00A0 96                  161 	sub	a,(hl)
   00A1 5F                  162 	ld	e,a
   00A2 7A                  163 	ld	a,d
   00A3 23                  164 	inc	hl
   00A4 9E                  165 	sbc	a,(hl)
   00A5 F5                  166 	push	af
   00A6 F8 03               167 	ldhl	sp,#3
   00A8 77                  168 	ld	(hl),a
   00A9 2B                  169 	dec	hl
   00AA 73                  170 	ld	(hl),e
   00AB 11 00 00            171 	ld	de,#0x0000
   00AE F8 12               172 	ldhl	sp,#18
   00B0 F1                  173 	pop	af
   00B1 7B                  174 	ld	a,e
   00B2 9E                  175 	sbc	a,(hl)
   00B3 5F                  176 	ld	e,a
   00B4 7A                  177 	ld	a,d
   00B5 23                  178 	inc	hl
   00B6 9E                  179 	sbc	a,(hl)
   00B7 F8 03               180 	ldhl	sp,#3
   00B9 77                  181 	ld	(hl),a
   00BA 2B                  182 	dec	hl
   00BB 73                  183 	ld	(hl),e
   00BC 18 14               184 	jr	00109$
   00BE                     185 00108$:
   00BE F8 0E               186 	ldhl	sp,#14
   00C0 54                  187 	ld	d,h
   00C1 5D                  188 	ld	e,l
   00C2 F8 00               189 	ldhl	sp,#0
   00C4 1A                  190 	ld	a,(de)
   00C5 77                  191 	ld	(hl),a
   00C6 23                  192 	inc	hl
   00C7 13                  193 	inc	de
   00C8 1A                  194 	ld	a,(de)
   00C9 77                  195 	ld	(hl),a
   00CA 23                  196 	inc	hl
   00CB 13                  197 	inc	de
   00CC 1A                  198 	ld	a,(de)
   00CD 77                  199 	ld	(hl),a
   00CE 23                  200 	inc	hl
   00CF 13                  201 	inc	de
   00D0 1A                  202 	ld	a,(de)
   00D1 77                  203 	ld	(hl),a
   00D2                     204 00109$:
   00D2 C5                  205 	push	bc
   00D3 F8 08               206 	ldhl	sp,#8
   00D5 7E                  207 	ld	a,(hl)
   00D6 23                  208 	inc	hl
   00D7 66                  209 	ld	h,(hl)
   00D8 6F                  210 	ld	l,a
   00D9 E5                  211 	push	hl
   00DA F8 08               212 	ldhl	sp,#8
   00DC 7E                  213 	ld	a,(hl)
   00DD 23                  214 	inc	hl
   00DE 66                  215 	ld	h,(hl)
   00DF 6F                  216 	ld	l,a
   00E0 E5                  217 	push	hl
   00E1 F8 08               218 	ldhl	sp,#8
   00E3 7E                  219 	ld	a,(hl)
   00E4 23                  220 	inc	hl
   00E5 66                  221 	ld	h,(hl)
   00E6 6F                  222 	ld	l,a
   00E7 E5                  223 	push	hl
   00E8 F8 08               224 	ldhl	sp,#8
   00EA 7E                  225 	ld	a,(hl)
   00EB 23                  226 	inc	hl
   00EC 66                  227 	ld	h,(hl)
   00ED 6F                  228 	ld	l,a
   00EE E5                  229 	push	hl
   00EF CDr00s00            230 	call	__divulong
   00F2 E8 08               231 	lda	sp,8(sp)
   00F4 E5                  232 	push	hl
   00F5 F8 04               233 	ldhl	sp,#4
   00F7 73                  234 	ld	(hl),e
   00F8 23                  235 	inc	hl
   00F9 72                  236 	ld	(hl),d
   00FA D1                  237 	pop	de
   00FB 23                  238 	inc	hl
   00FC 73                  239 	ld	(hl),e
   00FD 23                  240 	inc	hl
   00FE 72                  241 	ld	(hl),d
   00FF C1                  242 	pop	bc
   0100 F8 00               243 	ldhl	sp,#0
   0102 54                  244 	ld	d,h
   0103 5D                  245 	ld	e,l
   0104 F8 08               246 	ldhl	sp,#8
   0106 1A                  247 	ld	a,(de)
   0107 77                  248 	ld	(hl),a
   0108 23                  249 	inc	hl
   0109 13                  250 	inc	de
   010A 1A                  251 	ld	a,(de)
   010B 77                  252 	ld	(hl),a
   010C 23                  253 	inc	hl
   010D 13                  254 	inc	de
   010E 1A                  255 	ld	a,(de)
   010F 77                  256 	ld	(hl),a
   0110 23                  257 	inc	hl
   0111 13                  258 	inc	de
   0112 1A                  259 	ld	a,(de)
   0113 77                  260 	ld	(hl),a
                            261 ;../_divslong.c:265: if ( (x < 0) ^ (y < 0))
   0114 78                  262 	ld	a,b
   0115 A9                  263 	xor	a,c
   0116 CAr47s01            264 	jp	Z,00102$
                            265 ;../_divslong.c:266: return -r;
   0119 11 00 00            266 	ld	de,#0x0000
   011C 7B                  267 	ld	a,e
   011D F8 08               268 	ldhl	sp,#8
   011F 96                  269 	sub	a,(hl)
   0120 5F                  270 	ld	e,a
   0121 7A                  271 	ld	a,d
   0122 23                  272 	inc	hl
   0123 9E                  273 	sbc	a,(hl)
   0124 F5                  274 	push	af
   0125 F8 03               275 	ldhl	sp,#3
   0127 77                  276 	ld	(hl),a
   0128 2B                  277 	dec	hl
   0129 73                  278 	ld	(hl),e
   012A 11 00 00            279 	ld	de,#0x0000
   012D F8 0C               280 	ldhl	sp,#12
   012F F1                  281 	pop	af
   0130 7B                  282 	ld	a,e
   0131 9E                  283 	sbc	a,(hl)
   0132 5F                  284 	ld	e,a
   0133 7A                  285 	ld	a,d
   0134 23                  286 	inc	hl
   0135 9E                  287 	sbc	a,(hl)
   0136 F8 03               288 	ldhl	sp,#3
   0138 77                  289 	ld	(hl),a
   0139 2B                  290 	dec	hl
   013A 73                  291 	ld	(hl),e
   013B 2B                  292 	dec	hl
   013C 2B                  293 	dec	hl
   013D 5E                  294 	ld	e,(hl)
   013E 23                  295 	inc	hl
   013F 56                  296 	ld	d,(hl)
   0140 23                  297 	inc	hl
   0141 7E                  298 	ld	a,(hl)
   0142 23                  299 	inc	hl
   0143 66                  300 	ld	h,(hl)
   0144 6F                  301 	ld	l,a
   0145 18 0B               302 	jr	00104$
   0147                     303 00102$:
                            304 ;../_divslong.c:268: return r;
   0147 F8 09               305 	ldhl	sp,#9
   0149 2B                  306 	dec	hl
   014A 5E                  307 	ld	e,(hl)
   014B 23                  308 	inc	hl
   014C 56                  309 	ld	d,(hl)
   014D 23                  310 	inc	hl
   014E 7E                  311 	ld	a,(hl)
   014F 23                  312 	inc	hl
   0150 66                  313 	ld	h,(hl)
   0151 6F                  314 	ld	l,a
   0152                     315 00104$:
   0152 E8 0C               316 	lda	sp,12(sp)
   0154 C9                  317 	ret
   0155                     318 __divslong_end::
                            319 	.area _CODE
                            320 	.area _CABS
