                              1 ;--------------------------------------------------------
                              2 ; File Created by SDCC : free open source ANSI-C Compiler
                              3 ; Version 3.0.1 #6227 (Oct  2 2015) (Linux)
                              4 ; This file was generated Fri Oct  2 17:18:19 2015
                              5 ;--------------------------------------------------------
                              6 	.module _fsdiv
                              7 	.optsdcc -mgbz80
                              8 	
                              9 ;--------------------------------------------------------
                             10 ; Public variables in this module
                             11 ;--------------------------------------------------------
                             12 	.globl ___fsdiv
                             13 ;--------------------------------------------------------
                             14 ;  ram data
                             15 ;--------------------------------------------------------
                             16 	.area _DATA
                             17 ;--------------------------------------------------------
                             18 ; overlayable items in  ram 
                             19 ;--------------------------------------------------------
                             20 	.area _OVERLAY
                             21 ;--------------------------------------------------------
                             22 ; external initialized ram data
                             23 ;--------------------------------------------------------
                             24 ;--------------------------------------------------------
                             25 ; global & static initialisations
                             26 ;--------------------------------------------------------
                             27 	.area _HOME
                             28 	.area _GSINIT
                             29 	.area _GSFINAL
                             30 	.area _GSINIT
                             31 ;--------------------------------------------------------
                             32 ; Home
                             33 ;--------------------------------------------------------
                             34 	.area _HOME
                             35 ;../_fsdiv.c:274: float __fsdiv (float a1, float a2)
                             36 ;	---------------------------------
                             37 ; Function __fsdiv
                             38 ; ---------------------------------
   0000                      39 ___fsdiv_start::
   0000                      40 ___fsdiv:
   0000 E8 D9                41 	lda	sp,-39(sp)
                             42 ;../_fsdiv.c:283: fl1.f = a1;
   0002 F8 23                43 	ldhl	sp,#35
   0004 4D                   44 	ld	c,l
   0005 44                   45 	ld	b,h
   0006 59                   46 	ld	e,c
   0007 50                   47 	ld	d,b
   0008 F8 29                48 	ldhl	sp,#41
   000A 7E                   49 	ld	a,(hl)
   000B 12                   50 	ld	(de),a
   000C 13                   51 	inc	de
   000D 23                   52 	inc	hl
   000E 7E                   53 	ld	a,(hl)
   000F 12                   54 	ld	(de),a
   0010 13                   55 	inc	de
   0011 23                   56 	inc	hl
   0012 7E                   57 	ld	a,(hl)
   0013 12                   58 	ld	(de),a
   0014 13                   59 	inc	de
   0015 23                   60 	inc	hl
   0016 7E                   61 	ld	a,(hl)
   0017 12                   62 	ld	(de),a
                             63 ;../_fsdiv.c:284: fl2.f = a2;
   0018 F8 1F                64 	ldhl	sp,#31
   001A 4D                   65 	ld	c,l
   001B 44                   66 	ld	b,h
   001C 59                   67 	ld	e,c
   001D 50                   68 	ld	d,b
   001E F8 2D                69 	ldhl	sp,#45
   0020 7E                   70 	ld	a,(hl)
   0021 12                   71 	ld	(de),a
   0022 13                   72 	inc	de
   0023 23                   73 	inc	hl
   0024 7E                   74 	ld	a,(hl)
   0025 12                   75 	ld	(de),a
   0026 13                   76 	inc	de
   0027 23                   77 	inc	hl
   0028 7E                   78 	ld	a,(hl)
   0029 12                   79 	ld	(de),a
   002A 13                   80 	inc	de
   002B 23                   81 	inc	hl
   002C 7E                   82 	ld	a,(hl)
   002D 12                   83 	ld	(de),a
                             84 ;../_fsdiv.c:287: exp = EXP (fl1.l) ;
   002E F8 23                85 	ldhl	sp,#35
   0030 4D                   86 	ld	c,l
   0031 44                   87 	ld	b,h
   0032 59                   88 	ld	e,c
   0033 50                   89 	ld	d,b
   0034 1A                   90 	ld	a,(de)
   0035 F8 08                91 	ldhl	sp,#8
   0037 77                   92 	ld	(hl),a
   0038 13                   93 	inc	de
   0039 1A                   94 	ld	a,(de)
   003A 23                   95 	inc	hl
   003B 77                   96 	ld	(hl),a
   003C 13                   97 	inc	de
   003D 1A                   98 	ld	a,(de)
   003E 23                   99 	inc	hl
   003F 77                  100 	ld	(hl),a
   0040 13                  101 	inc	de
   0041 1A                  102 	ld	a,(de)
   0042 23                  103 	inc	hl
   0043 77                  104 	ld	(hl),a
   0044 3E 17               105 	ld	a,#0x17
   0046 F5                  106 	push	af
   0047 33                  107 	inc	sp
   0048 2B                  108 	dec	hl
   0049 7E                  109 	ld	a,(hl)
   004A 23                  110 	inc	hl
   004B 66                  111 	ld	h,(hl)
   004C 6F                  112 	ld	l,a
   004D E5                  113 	push	hl
   004E F8 0B               114 	ldhl	sp,#11
   0050 7E                  115 	ld	a,(hl)
   0051 23                  116 	inc	hl
   0052 66                  117 	ld	h,(hl)
   0053 6F                  118 	ld	l,a
   0054 E5                  119 	push	hl
   0055 CDr00s00            120 	call	__rrulong_rrx_s
   0058 E8 05               121 	lda	sp,5(sp)
   005A E5                  122 	push	hl
   005B F8 0A               123 	ldhl	sp,#10
   005D 73                  124 	ld	(hl),e
   005E 23                  125 	inc	hl
   005F 72                  126 	ld	(hl),d
   0060 D1                  127 	pop	de
   0061 23                  128 	inc	hl
   0062 73                  129 	ld	(hl),e
   0063 23                  130 	inc	hl
   0064 72                  131 	ld	(hl),d
   0065 F8 09               132 	ldhl	sp,#9
   0067 36 00               133 	ld	(hl),#0x00
   0069 23                  134 	inc	hl
   006A 36 00               135 	ld	(hl),#0x00
   006C 23                  136 	inc	hl
   006D 36 00               137 	ld	(hl),#0x00
   006F F8 08               138 	ldhl	sp,#8
   0071 7E                  139 	ld	a,(hl)
   0072 F8 0D               140 	ldhl	sp,#13
   0074 77                  141 	ld	(hl),a
   0075 F8 09               142 	ldhl	sp,#9
   0077 7E                  143 	ld	a,(hl)
   0078 F8 0E               144 	ldhl	sp,#14
   007A 77                  145 	ld	(hl),a
                            146 ;../_fsdiv.c:288: exp -= EXP (fl2.l);
   007B F8 1F               147 	ldhl	sp,#31
   007D 4D                  148 	ld	c,l
   007E 44                  149 	ld	b,h
   007F 59                  150 	ld	e,c
   0080 50                  151 	ld	d,b
   0081 1A                  152 	ld	a,(de)
   0082 F8 08               153 	ldhl	sp,#8
   0084 77                  154 	ld	(hl),a
   0085 13                  155 	inc	de
   0086 1A                  156 	ld	a,(de)
   0087 23                  157 	inc	hl
   0088 77                  158 	ld	(hl),a
   0089 13                  159 	inc	de
   008A 1A                  160 	ld	a,(de)
   008B 23                  161 	inc	hl
   008C 77                  162 	ld	(hl),a
   008D 13                  163 	inc	de
   008E 1A                  164 	ld	a,(de)
   008F 23                  165 	inc	hl
   0090 77                  166 	ld	(hl),a
   0091 3E 17               167 	ld	a,#0x17
   0093 F5                  168 	push	af
   0094 33                  169 	inc	sp
   0095 2B                  170 	dec	hl
   0096 7E                  171 	ld	a,(hl)
   0097 23                  172 	inc	hl
   0098 66                  173 	ld	h,(hl)
   0099 6F                  174 	ld	l,a
   009A E5                  175 	push	hl
   009B F8 0B               176 	ldhl	sp,#11
   009D 7E                  177 	ld	a,(hl)
   009E 23                  178 	inc	hl
   009F 66                  179 	ld	h,(hl)
   00A0 6F                  180 	ld	l,a
   00A1 E5                  181 	push	hl
   00A2 CDr00s00            182 	call	__rrulong_rrx_s
   00A5 E8 05               183 	lda	sp,5(sp)
   00A7 E5                  184 	push	hl
   00A8 F8 0A               185 	ldhl	sp,#10
   00AA 73                  186 	ld	(hl),e
   00AB 23                  187 	inc	hl
   00AC 72                  188 	ld	(hl),d
   00AD D1                  189 	pop	de
   00AE 23                  190 	inc	hl
   00AF 73                  191 	ld	(hl),e
   00B0 23                  192 	inc	hl
   00B1 72                  193 	ld	(hl),d
   00B2 F8 09               194 	ldhl	sp,#9
   00B4 36 00               195 	ld	(hl),#0x00
   00B6 23                  196 	inc	hl
   00B7 36 00               197 	ld	(hl),#0x00
   00B9 23                  198 	inc	hl
   00BA 36 00               199 	ld	(hl),#0x00
   00BC 23                  200 	inc	hl
   00BD 23                  201 	inc	hl
   00BE 7E                  202 	ld	a,(hl)
   00BF F8 04               203 	ldhl	sp,#4
   00C1 77                  204 	ld	(hl),a
   00C2 F8 0E               205 	ldhl	sp,#14
   00C4 7E                  206 	ld	a,(hl)
   00C5 F8 05               207 	ldhl	sp,#5
   00C7 77                  208 	ld	(hl),a
   00C8 F8 0E               209 	ldhl	sp,#14
   00CA 7E                  210 	ld	a,(hl)
   00CB 17                  211 	rla	
   00CC 9F                  212 	sbc	a,a
   00CD F8 06               213 	ldhl	sp,#6
   00CF 77                  214 	ld	(hl),a
   00D0 23                  215 	inc	hl
   00D1 77                  216 	ld	(hl),a
   00D2 2B                  217 	dec	hl
   00D3 2B                  218 	dec	hl
   00D4 2B                  219 	dec	hl
   00D5 5E                  220 	ld	e,(hl)
   00D6 23                  221 	inc	hl
   00D7 56                  222 	ld	d,(hl)
   00D8 7B                  223 	ld	a,e
   00D9 F8 08               224 	ldhl	sp,#8
   00DB 96                  225 	sub	a,(hl)
   00DC 5F                  226 	ld	e,a
   00DD 7A                  227 	ld	a,d
   00DE 23                  228 	inc	hl
   00DF 9E                  229 	sbc	a,(hl)
   00E0 F5                  230 	push	af
   00E1 F8 07               231 	ldhl	sp,#7
   00E3 77                  232 	ld	(hl),a
   00E4 2B                  233 	dec	hl
   00E5 73                  234 	ld	(hl),e
   00E6 F8 09               235 	ldhl	sp,#9
   00E8 2B                  236 	dec	hl
   00E9 5E                  237 	ld	e,(hl)
   00EA 23                  238 	inc	hl
   00EB 56                  239 	ld	d,(hl)
   00EC F8 0C               240 	ldhl	sp,#12
   00EE F1                  241 	pop	af
   00EF 7B                  242 	ld	a,e
   00F0 9E                  243 	sbc	a,(hl)
   00F1 5F                  244 	ld	e,a
   00F2 7A                  245 	ld	a,d
   00F3 23                  246 	inc	hl
   00F4 9E                  247 	sbc	a,(hl)
   00F5 F8 07               248 	ldhl	sp,#7
   00F7 77                  249 	ld	(hl),a
   00F8 2B                  250 	dec	hl
   00F9 73                  251 	ld	(hl),e
   00FA 2B                  252 	dec	hl
   00FB 2B                  253 	dec	hl
   00FC 7E                  254 	ld	a,(hl)
   00FD F8 0D               255 	ldhl	sp,#13
   00FF 77                  256 	ld	(hl),a
   0100 F8 05               257 	ldhl	sp,#5
   0102 7E                  258 	ld	a,(hl)
   0103 F8 0E               259 	ldhl	sp,#14
   0105 77                  260 	ld	(hl),a
                            261 ;../_fsdiv.c:289: exp += EXCESS;
   0106 2B                  262 	dec	hl
   0107 5E                  263 	ld	e,(hl)
   0108 23                  264 	inc	hl
   0109 56                  265 	ld	d,(hl)
   010A 21 7E 00            266 	ld	hl,#0x007E
   010D 19                  267 	add	hl,de
   010E 7D                  268 	ld	a,l
   010F 54                  269 	ld	d,h
   0110 F8 0D               270 	ldhl	sp,#13
   0112 77                  271 	ld	(hl),a
   0113 23                  272 	inc	hl
   0114 72                  273 	ld	(hl),d
                            274 ;../_fsdiv.c:292: sign = SIGN (fl1.l) ^ SIGN (fl2.l);
   0115 F8 23               275 	ldhl	sp,#35
   0117 4D                  276 	ld	c,l
   0118 44                  277 	ld	b,h
   0119 59                  278 	ld	e,c
   011A 50                  279 	ld	d,b
   011B 1A                  280 	ld	a,(de)
   011C F8 04               281 	ldhl	sp,#4
   011E 77                  282 	ld	(hl),a
   011F 13                  283 	inc	de
   0120 1A                  284 	ld	a,(de)
   0121 23                  285 	inc	hl
   0122 77                  286 	ld	(hl),a
   0123 13                  287 	inc	de
   0124 1A                  288 	ld	a,(de)
   0125 23                  289 	inc	hl
   0126 77                  290 	ld	(hl),a
   0127 13                  291 	inc	de
   0128 1A                  292 	ld	a,(de)
   0129 23                  293 	inc	hl
   012A 77                  294 	ld	(hl),a
   012B 7E                  295 	ld	a,(hl)
   012C CB 07               296 	rlc	a
   012E E6 01               297 	and	a,#0x01
   0130 F8 04               298 	ldhl	sp,#4
   0132 77                  299 	ld	(hl),a
   0133 F8 1F               300 	ldhl	sp,#31
   0135 4D                  301 	ld	c,l
   0136 44                  302 	ld	b,h
   0137 59                  303 	ld	e,c
   0138 50                  304 	ld	d,b
   0139 1A                  305 	ld	a,(de)
   013A F8 08               306 	ldhl	sp,#8
   013C 77                  307 	ld	(hl),a
   013D 13                  308 	inc	de
   013E 1A                  309 	ld	a,(de)
   013F 23                  310 	inc	hl
   0140 77                  311 	ld	(hl),a
   0141 13                  312 	inc	de
   0142 1A                  313 	ld	a,(de)
   0143 23                  314 	inc	hl
   0144 77                  315 	ld	(hl),a
   0145 13                  316 	inc	de
   0146 1A                  317 	ld	a,(de)
   0147 23                  318 	inc	hl
   0148 77                  319 	ld	(hl),a
   0149 7E                  320 	ld	a,(hl)
   014A CB 07               321 	rlc	a
   014C E6 01               322 	and	a,#0x01
   014E F8 04               323 	ldhl	sp,#4
   0150 AE                  324 	xor	a,(hl)
   0151 F8 0C               325 	ldhl	sp,#12
   0153 77                  326 	ld	(hl),a
                            327 ;../_fsdiv.c:295: if (!fl2.l)
   0154 F8 1F               328 	ldhl	sp,#31
   0156 4D                  329 	ld	c,l
   0157 44                  330 	ld	b,h
   0158 59                  331 	ld	e,c
   0159 50                  332 	ld	d,b
   015A 1A                  333 	ld	a,(de)
   015B F8 04               334 	ldhl	sp,#4
   015D 77                  335 	ld	(hl),a
   015E 13                  336 	inc	de
   015F 1A                  337 	ld	a,(de)
   0160 23                  338 	inc	hl
   0161 77                  339 	ld	(hl),a
   0162 13                  340 	inc	de
   0163 1A                  341 	ld	a,(de)
   0164 23                  342 	inc	hl
   0165 77                  343 	ld	(hl),a
   0166 13                  344 	inc	de
   0167 1A                  345 	ld	a,(de)
   0168 23                  346 	inc	hl
   0169 77                  347 	ld	(hl),a
   016A F8 04               348 	ldhl	sp,#4
   016C 7E                  349 	ld	a,(hl)
   016D 23                  350 	inc	hl
   016E B6                  351 	or	a,(hl)
   016F 23                  352 	inc	hl
   0170 B6                  353 	or	a,(hl)
   0171 23                  354 	inc	hl
   0172 B6                  355 	or	a,(hl)
   0173 C2rAFs01            356 	jp	NZ,00102$
                            357 ;../_fsdiv.c:297: fl2.l = 0x7FC00000;
   0176 F8 1F               358 	ldhl	sp,#31
   0178 4D                  359 	ld	c,l
   0179 44                  360 	ld	b,h
   017A 59                  361 	ld	e,c
   017B 50                  362 	ld	d,b
   017C 3E 00               363 	ld	a,#0x00
   017E 12                  364 	ld	(de),a
   017F 13                  365 	inc	de
   0180 3E 00               366 	ld	a,#0x00
   0182 12                  367 	ld	(de),a
   0183 13                  368 	inc	de
   0184 3E C0               369 	ld	a,#0xC0
   0186 12                  370 	ld	(de),a
   0187 13                  371 	inc	de
   0188 3E 7F               372 	ld	a,#0x7F
   018A 12                  373 	ld	(de),a
                            374 ;../_fsdiv.c:298: return (fl2.f);
   018B F8 1F               375 	ldhl	sp,#31
   018D 4D                  376 	ld	c,l
   018E 44                  377 	ld	b,h
   018F 59                  378 	ld	e,c
   0190 50                  379 	ld	d,b
   0191 1A                  380 	ld	a,(de)
   0192 F8 04               381 	ldhl	sp,#4
   0194 77                  382 	ld	(hl),a
   0195 13                  383 	inc	de
   0196 1A                  384 	ld	a,(de)
   0197 23                  385 	inc	hl
   0198 77                  386 	ld	(hl),a
   0199 13                  387 	inc	de
   019A 1A                  388 	ld	a,(de)
   019B 23                  389 	inc	hl
   019C 77                  390 	ld	(hl),a
   019D 13                  391 	inc	de
   019E 1A                  392 	ld	a,(de)
   019F 23                  393 	inc	hl
   01A0 77                  394 	ld	(hl),a
   01A1 2B                  395 	dec	hl
   01A2 2B                  396 	dec	hl
   01A3 2B                  397 	dec	hl
   01A4 5E                  398 	ld	e,(hl)
   01A5 23                  399 	inc	hl
   01A6 56                  400 	ld	d,(hl)
   01A7 23                  401 	inc	hl
   01A8 7E                  402 	ld	a,(hl)
   01A9 23                  403 	inc	hl
   01AA 66                  404 	ld	h,(hl)
   01AB 6F                  405 	ld	l,a
   01AC C3rECs05            406 	jp	00118$
   01AF                     407 00102$:
                            408 ;../_fsdiv.c:302: if (!fl1.l)
   01AF F8 23               409 	ldhl	sp,#35
   01B1 4D                  410 	ld	c,l
   01B2 44                  411 	ld	b,h
   01B3 59                  412 	ld	e,c
   01B4 50                  413 	ld	d,b
   01B5 1A                  414 	ld	a,(de)
   01B6 F8 04               415 	ldhl	sp,#4
   01B8 77                  416 	ld	(hl),a
   01B9 13                  417 	inc	de
   01BA 1A                  418 	ld	a,(de)
   01BB 23                  419 	inc	hl
   01BC 77                  420 	ld	(hl),a
   01BD 13                  421 	inc	de
   01BE 1A                  422 	ld	a,(de)
   01BF 23                  423 	inc	hl
   01C0 77                  424 	ld	(hl),a
   01C1 13                  425 	inc	de
   01C2 1A                  426 	ld	a,(de)
   01C3 23                  427 	inc	hl
   01C4 77                  428 	ld	(hl),a
   01C5 F8 04               429 	ldhl	sp,#4
   01C7 7E                  430 	ld	a,(hl)
   01C8 23                  431 	inc	hl
   01C9 B6                  432 	or	a,(hl)
   01CA 23                  433 	inc	hl
   01CB B6                  434 	or	a,(hl)
   01CC 23                  435 	inc	hl
   01CD B6                  436 	or	a,(hl)
   01CE C2rDAs01            437 	jp	NZ,00104$
                            438 ;../_fsdiv.c:303: return (0);
   01D1 11 00 00            439 	ld	de,#0x0000
   01D4 21 00 00            440 	ld	hl,#0x0000
   01D7 C3rECs05            441 	jp	00118$
   01DA                     442 00104$:
                            443 ;../_fsdiv.c:306: mant1 = MANT (fl1.l);
   01DA F8 23               444 	ldhl	sp,#35
   01DC 4D                  445 	ld	c,l
   01DD 44                  446 	ld	b,h
   01DE 59                  447 	ld	e,c
   01DF 50                  448 	ld	d,b
   01E0 1A                  449 	ld	a,(de)
   01E1 F8 04               450 	ldhl	sp,#4
   01E3 77                  451 	ld	(hl),a
   01E4 13                  452 	inc	de
   01E5 1A                  453 	ld	a,(de)
   01E6 23                  454 	inc	hl
   01E7 77                  455 	ld	(hl),a
   01E8 13                  456 	inc	de
   01E9 1A                  457 	ld	a,(de)
   01EA 23                  458 	inc	hl
   01EB 77                  459 	ld	(hl),a
   01EC 13                  460 	inc	de
   01ED 1A                  461 	ld	a,(de)
   01EE 23                  462 	inc	hl
   01EF 77                  463 	ld	(hl),a
   01F0 2B                  464 	dec	hl
   01F1 7E                  465 	ld	a,(hl)
   01F2 E6 7F               466 	and	a,#0x7F
   01F4 77                  467 	ld	(hl),a
   01F5 23                  468 	inc	hl
   01F6 36 00               469 	ld	(hl),#0x00
   01F8 F8 04               470 	ldhl	sp,#4
   01FA 7E                  471 	ld	a,(hl)
   01FB F8 13               472 	ldhl	sp,#19
   01FD 77                  473 	ld	(hl),a
   01FE F8 05               474 	ldhl	sp,#5
   0200 7E                  475 	ld	a,(hl)
   0201 F8 14               476 	ldhl	sp,#20
   0203 77                  477 	ld	(hl),a
   0204 F8 06               478 	ldhl	sp,#6
   0206 7E                  479 	ld	a,(hl)
   0207 CB FF               480 	set	7, a
   0209 F8 15               481 	ldhl	sp,#21
   020B 77                  482 	ld	(hl),a
   020C F8 07               483 	ldhl	sp,#7
   020E 7E                  484 	ld	a,(hl)
   020F F8 16               485 	ldhl	sp,#22
   0211 77                  486 	ld	(hl),a
                            487 ;../_fsdiv.c:307: mant2 = MANT (fl2.l);
   0212 F8 1F               488 	ldhl	sp,#31
   0214 4D                  489 	ld	c,l
   0215 44                  490 	ld	b,h
   0216 59                  491 	ld	e,c
   0217 50                  492 	ld	d,b
   0218 1A                  493 	ld	a,(de)
   0219 F8 04               494 	ldhl	sp,#4
   021B 77                  495 	ld	(hl),a
   021C 13                  496 	inc	de
   021D 1A                  497 	ld	a,(de)
   021E 23                  498 	inc	hl
   021F 77                  499 	ld	(hl),a
   0220 13                  500 	inc	de
   0221 1A                  501 	ld	a,(de)
   0222 23                  502 	inc	hl
   0223 77                  503 	ld	(hl),a
   0224 13                  504 	inc	de
   0225 1A                  505 	ld	a,(de)
   0226 23                  506 	inc	hl
   0227 77                  507 	ld	(hl),a
   0228 2B                  508 	dec	hl
   0229 7E                  509 	ld	a,(hl)
   022A E6 7F               510 	and	a,#0x7F
   022C 77                  511 	ld	(hl),a
   022D 23                  512 	inc	hl
   022E 36 00               513 	ld	(hl),#0x00
   0230 F8 04               514 	ldhl	sp,#4
   0232 7E                  515 	ld	a,(hl)
   0233 F8 0F               516 	ldhl	sp,#15
   0235 77                  517 	ld	(hl),a
   0236 F8 05               518 	ldhl	sp,#5
   0238 7E                  519 	ld	a,(hl)
   0239 F8 10               520 	ldhl	sp,#16
   023B 77                  521 	ld	(hl),a
   023C F8 06               522 	ldhl	sp,#6
   023E 7E                  523 	ld	a,(hl)
   023F CB FF               524 	set	7, a
   0241 F8 11               525 	ldhl	sp,#17
   0243 77                  526 	ld	(hl),a
   0244 F8 07               527 	ldhl	sp,#7
   0246 7E                  528 	ld	a,(hl)
   0247 F8 12               529 	ldhl	sp,#18
   0249 77                  530 	ld	(hl),a
                            531 ;../_fsdiv.c:310: if (mant1 < mant2)
   024A 23                  532 	inc	hl
   024B 54                  533 	ld	d, h
   024C 5D                  534 	ld	e, l
   024D F8 0F               535 	ldhl	sp,#15
   024F 1A                  536 	ld	a, (de)
   0250 96                  537 	sub	a, (hl)
   0251 23                  538 	inc	hl
   0252 13                  539 	inc	de
   0253 1A                  540 	ld	a, (de)
   0254 9E                  541 	sbc	a, (hl)
   0255 23                  542 	inc	hl
   0256 13                  543 	inc	de
   0257 1A                  544 	ld	a, (de)
   0258 9E                  545 	sbc	a, (hl)
   0259 23                  546 	inc	hl
   025A 13                  547 	inc	de
   025B 1A                  548 	ld	a, (de)
   025C 9E                  549 	sbc	a, (hl)
   025D 1A                  550 	ld	a, (de)
   025E 57                  551 	ld	d, a
   025F 5E                  552 	ld	e, (hl)
   0260 CB 7B               553 	bit	7, e
   0262 CAr6Ds02            554 	jp	Z, 00134$
   0265 CB 7A               555 	bit	7, d
   0267 C2r73s02            556 	jp	NZ, 00135$
   026A BF                  557 	cp	a, a
   026B 18 06               558 	jr	00135$
   026D                     559 00134$:
   026D CB 7A               560 	bit	7, d
   026F CAr73s02            561 	jp	Z, 00135$
   0272 37                  562 	scf
   0273                     563 00135$:
   0273 D2rB7s02            564 	jp	NC,00106$
                            565 ;../_fsdiv.c:312: mant1 <<= 1;
   0276 3E 01               566 	ld	a,#0x01
   0278 F5                  567 	push	af
   0279 33                  568 	inc	sp
   027A F8 16               569 	ldhl	sp,#22
   027C 7E                  570 	ld	a,(hl)
   027D 23                  571 	inc	hl
   027E 66                  572 	ld	h,(hl)
   027F 6F                  573 	ld	l,a
   0280 E5                  574 	push	hl
   0281 F8 16               575 	ldhl	sp,#22
   0283 7E                  576 	ld	a,(hl)
   0284 23                  577 	inc	hl
   0285 66                  578 	ld	h,(hl)
   0286 6F                  579 	ld	l,a
   0287 E5                  580 	push	hl
   0288 CDr00s00            581 	call	__rlslong_rrx_s
   028B E8 05               582 	lda	sp,5(sp)
   028D E5                  583 	push	hl
   028E F8 06               584 	ldhl	sp,#6
   0290 73                  585 	ld	(hl),e
   0291 23                  586 	inc	hl
   0292 72                  587 	ld	(hl),d
   0293 D1                  588 	pop	de
   0294 23                  589 	inc	hl
   0295 73                  590 	ld	(hl),e
   0296 23                  591 	inc	hl
   0297 72                  592 	ld	(hl),d
   0298 F8 04               593 	ldhl	sp,#4
   029A 54                  594 	ld	d,h
   029B 5D                  595 	ld	e,l
   029C F8 13               596 	ldhl	sp,#19
   029E 1A                  597 	ld	a,(de)
   029F 77                  598 	ld	(hl),a
   02A0 23                  599 	inc	hl
   02A1 13                  600 	inc	de
   02A2 1A                  601 	ld	a,(de)
   02A3 77                  602 	ld	(hl),a
   02A4 23                  603 	inc	hl
   02A5 13                  604 	inc	de
   02A6 1A                  605 	ld	a,(de)
   02A7 77                  606 	ld	(hl),a
   02A8 23                  607 	inc	hl
   02A9 13                  608 	inc	de
   02AA 1A                  609 	ld	a,(de)
   02AB 77                  610 	ld	(hl),a
                            611 ;../_fsdiv.c:313: exp--;
   02AC F8 0E               612 	ldhl	sp,#14
   02AE 2B                  613 	dec	hl
   02AF 5E                  614 	ld	e,(hl)
   02B0 23                  615 	inc	hl
   02B1 56                  616 	ld	d,(hl)
   02B2 1B                  617 	dec	de
   02B3 2B                  618 	dec	hl
   02B4 73                  619 	ld	(hl),e
   02B5 23                  620 	inc	hl
   02B6 72                  621 	ld	(hl),d
   02B7                     622 00106$:
                            623 ;../_fsdiv.c:317: mask = 0x1000000;
   02B7 F8 17               624 	ldhl	sp,#23
   02B9 36 00               625 	ld	(hl),#0x00
   02BB 23                  626 	inc	hl
   02BC 36 00               627 	ld	(hl),#0x00
   02BE 23                  628 	inc	hl
   02BF 36 00               629 	ld	(hl),#0x00
   02C1 23                  630 	inc	hl
   02C2 36 01               631 	ld	(hl),#0x01
                            632 ;../_fsdiv.c:318: result = 0;
   02C4 AF                  633 	xor	a,a
   02C5 23                  634 	inc	hl
   02C6 77                  635 	ld	(hl),a
   02C7 23                  636 	inc	hl
   02C8 77                  637 	ld	(hl),a
   02C9 23                  638 	inc	hl
   02CA 77                  639 	ld	(hl),a
   02CB 23                  640 	inc	hl
   02CC 77                  641 	ld	(hl),a
                            642 ;../_fsdiv.c:319: while (mask)
   02CD                     643 00109$:
   02CD F8 17               644 	ldhl	sp,#23
   02CF 7E                  645 	ld	a,(hl)
   02D0 23                  646 	inc	hl
   02D1 B6                  647 	or	a,(hl)
   02D2 23                  648 	inc	hl
   02D3 B6                  649 	or	a,(hl)
   02D4 23                  650 	inc	hl
   02D5 B6                  651 	or	a,(hl)
   02D6 CArE6s03            652 	jp	Z,00111$
                            653 ;../_fsdiv.c:321: if (mant1 >= mant2)
   02D9 F8 13               654 	ldhl	sp,#19
   02DB 54                  655 	ld	d, h
   02DC 5D                  656 	ld	e, l
   02DD F8 0F               657 	ldhl	sp,#15
   02DF 1A                  658 	ld	a, (de)
   02E0 96                  659 	sub	a, (hl)
   02E1 23                  660 	inc	hl
   02E2 13                  661 	inc	de
   02E3 1A                  662 	ld	a, (de)
   02E4 9E                  663 	sbc	a, (hl)
   02E5 23                  664 	inc	hl
   02E6 13                  665 	inc	de
   02E7 1A                  666 	ld	a, (de)
   02E8 9E                  667 	sbc	a, (hl)
   02E9 23                  668 	inc	hl
   02EA 13                  669 	inc	de
   02EB 1A                  670 	ld	a, (de)
   02EC 9E                  671 	sbc	a, (hl)
   02ED 1A                  672 	ld	a, (de)
   02EE 57                  673 	ld	d, a
   02EF 5E                  674 	ld	e, (hl)
   02F0 CB 7B               675 	bit	7, e
   02F2 CArFDs02            676 	jp	Z, 00136$
   02F5 CB 7A               677 	bit	7, d
   02F7 C2r03s03            678 	jp	NZ, 00137$
   02FA BF                  679 	cp	a, a
   02FB 18 06               680 	jr	00137$
   02FD                     681 00136$:
   02FD CB 7A               682 	bit	7, d
   02FF CAr03s03            683 	jp	Z, 00137$
   0302 37                  684 	scf
   0303                     685 00137$:
   0303 DAr77s03            686 	jp	C,00108$
                            687 ;../_fsdiv.c:323: result |= mask;
   0306 F8 1B               688 	ldhl	sp,#27
   0308 54                  689 	ld	d,h
   0309 5D                  690 	ld	e,l
   030A F8 04               691 	ldhl	sp,#4
   030C 1A                  692 	ld	a,(de)
   030D 77                  693 	ld	(hl),a
   030E 23                  694 	inc	hl
   030F 13                  695 	inc	de
   0310 1A                  696 	ld	a,(de)
   0311 77                  697 	ld	(hl),a
   0312 23                  698 	inc	hl
   0313 13                  699 	inc	de
   0314 1A                  700 	ld	a,(de)
   0315 77                  701 	ld	(hl),a
   0316 23                  702 	inc	hl
   0317 13                  703 	inc	de
   0318 1A                  704 	ld	a,(de)
   0319 77                  705 	ld	(hl),a
   031A F8 04               706 	ldhl	sp,#4
   031C 7E                  707 	ld	a,(hl)
   031D F8 17               708 	ldhl	sp,#23
   031F B6                  709 	or	a, (hl)
   0320 F8 04               710 	ldhl	sp,#4
   0322 77                  711 	ld	(hl),a
   0323 23                  712 	inc	hl
   0324 7E                  713 	ld	a,(hl)
   0325 F8 18               714 	ldhl	sp,#24
   0327 B6                  715 	or	a, (hl)
   0328 F8 05               716 	ldhl	sp,#5
   032A 77                  717 	ld	(hl),a
   032B 23                  718 	inc	hl
   032C 7E                  719 	ld	a,(hl)
   032D F8 19               720 	ldhl	sp,#25
   032F B6                  721 	or	a, (hl)
   0330 F8 06               722 	ldhl	sp,#6
   0332 77                  723 	ld	(hl),a
   0333 23                  724 	inc	hl
   0334 7E                  725 	ld	a,(hl)
   0335 F8 1A               726 	ldhl	sp,#26
   0337 B6                  727 	or	a, (hl)
   0338 F8 07               728 	ldhl	sp,#7
   033A 77                  729 	ld	(hl),a
   033B F8 04               730 	ldhl	sp,#4
   033D 54                  731 	ld	d,h
   033E 5D                  732 	ld	e,l
   033F F8 1B               733 	ldhl	sp,#27
   0341 1A                  734 	ld	a,(de)
   0342 77                  735 	ld	(hl),a
   0343 23                  736 	inc	hl
   0344 13                  737 	inc	de
   0345 1A                  738 	ld	a,(de)
   0346 77                  739 	ld	(hl),a
   0347 23                  740 	inc	hl
   0348 13                  741 	inc	de
   0349 1A                  742 	ld	a,(de)
   034A 77                  743 	ld	(hl),a
   034B 23                  744 	inc	hl
   034C 13                  745 	inc	de
   034D 1A                  746 	ld	a,(de)
   034E 77                  747 	ld	(hl),a
                            748 ;../_fsdiv.c:324: mant1 -= mant2;
   034F F8 14               749 	ldhl	sp,#20
   0351 2B                  750 	dec	hl
   0352 5E                  751 	ld	e,(hl)
   0353 23                  752 	inc	hl
   0354 56                  753 	ld	d,(hl)
   0355 7B                  754 	ld	a,e
   0356 F8 0F               755 	ldhl	sp,#15
   0358 96                  756 	sub	a,(hl)
   0359 5F                  757 	ld	e,a
   035A 7A                  758 	ld	a,d
   035B 23                  759 	inc	hl
   035C 9E                  760 	sbc	a,(hl)
   035D F5                  761 	push	af
   035E F8 16               762 	ldhl	sp,#22
   0360 77                  763 	ld	(hl),a
   0361 2B                  764 	dec	hl
   0362 73                  765 	ld	(hl),e
   0363 F8 18               766 	ldhl	sp,#24
   0365 2B                  767 	dec	hl
   0366 5E                  768 	ld	e,(hl)
   0367 23                  769 	inc	hl
   0368 56                  770 	ld	d,(hl)
   0369 F8 13               771 	ldhl	sp,#19
   036B F1                  772 	pop	af
   036C 7B                  773 	ld	a,e
   036D 9E                  774 	sbc	a,(hl)
   036E 5F                  775 	ld	e,a
   036F 7A                  776 	ld	a,d
   0370 23                  777 	inc	hl
   0371 9E                  778 	sbc	a,(hl)
   0372 F8 16               779 	ldhl	sp,#22
   0374 77                  780 	ld	(hl),a
   0375 2B                  781 	dec	hl
   0376 73                  782 	ld	(hl),e
   0377                     783 00108$:
                            784 ;../_fsdiv.c:326: mant1 <<= 1;
   0377 3E 01               785 	ld	a,#0x01
   0379 F5                  786 	push	af
   037A 33                  787 	inc	sp
   037B F8 16               788 	ldhl	sp,#22
   037D 7E                  789 	ld	a,(hl)
   037E 23                  790 	inc	hl
   037F 66                  791 	ld	h,(hl)
   0380 6F                  792 	ld	l,a
   0381 E5                  793 	push	hl
   0382 F8 16               794 	ldhl	sp,#22
   0384 7E                  795 	ld	a,(hl)
   0385 23                  796 	inc	hl
   0386 66                  797 	ld	h,(hl)
   0387 6F                  798 	ld	l,a
   0388 E5                  799 	push	hl
   0389 CDr00s00            800 	call	__rlslong_rrx_s
   038C E8 05               801 	lda	sp,5(sp)
   038E E5                  802 	push	hl
   038F F8 06               803 	ldhl	sp,#6
   0391 73                  804 	ld	(hl),e
   0392 23                  805 	inc	hl
   0393 72                  806 	ld	(hl),d
   0394 D1                  807 	pop	de
   0395 23                  808 	inc	hl
   0396 73                  809 	ld	(hl),e
   0397 23                  810 	inc	hl
   0398 72                  811 	ld	(hl),d
   0399 F8 04               812 	ldhl	sp,#4
   039B 54                  813 	ld	d,h
   039C 5D                  814 	ld	e,l
   039D F8 13               815 	ldhl	sp,#19
   039F 1A                  816 	ld	a,(de)
   03A0 77                  817 	ld	(hl),a
   03A1 23                  818 	inc	hl
   03A2 13                  819 	inc	de
   03A3 1A                  820 	ld	a,(de)
   03A4 77                  821 	ld	(hl),a
   03A5 23                  822 	inc	hl
   03A6 13                  823 	inc	de
   03A7 1A                  824 	ld	a,(de)
   03A8 77                  825 	ld	(hl),a
   03A9 23                  826 	inc	hl
   03AA 13                  827 	inc	de
   03AB 1A                  828 	ld	a,(de)
   03AC 77                  829 	ld	(hl),a
                            830 ;../_fsdiv.c:327: mask >>= 1;
   03AD 3E 01               831 	ld	a,#0x01
   03AF F5                  832 	push	af
   03B0 33                  833 	inc	sp
   03B1 F8 1A               834 	ldhl	sp,#26
   03B3 7E                  835 	ld	a,(hl)
   03B4 23                  836 	inc	hl
   03B5 66                  837 	ld	h,(hl)
   03B6 6F                  838 	ld	l,a
   03B7 E5                  839 	push	hl
   03B8 F8 1A               840 	ldhl	sp,#26
   03BA 7E                  841 	ld	a,(hl)
   03BB 23                  842 	inc	hl
   03BC 66                  843 	ld	h,(hl)
   03BD 6F                  844 	ld	l,a
   03BE E5                  845 	push	hl
   03BF CDr00s00            846 	call	__rrulong_rrx_s
   03C2 E8 05               847 	lda	sp,5(sp)
   03C4 E5                  848 	push	hl
   03C5 F8 06               849 	ldhl	sp,#6
   03C7 73                  850 	ld	(hl),e
   03C8 23                  851 	inc	hl
   03C9 72                  852 	ld	(hl),d
   03CA D1                  853 	pop	de
   03CB 23                  854 	inc	hl
   03CC 73                  855 	ld	(hl),e
   03CD 23                  856 	inc	hl
   03CE 72                  857 	ld	(hl),d
   03CF F8 04               858 	ldhl	sp,#4
   03D1 54                  859 	ld	d,h
   03D2 5D                  860 	ld	e,l
   03D3 F8 17               861 	ldhl	sp,#23
   03D5 1A                  862 	ld	a,(de)
   03D6 77                  863 	ld	(hl),a
   03D7 23                  864 	inc	hl
   03D8 13                  865 	inc	de
   03D9 1A                  866 	ld	a,(de)
   03DA 77                  867 	ld	(hl),a
   03DB 23                  868 	inc	hl
   03DC 13                  869 	inc	de
   03DD 1A                  870 	ld	a,(de)
   03DE 77                  871 	ld	(hl),a
   03DF 23                  872 	inc	hl
   03E0 13                  873 	inc	de
   03E1 1A                  874 	ld	a,(de)
   03E2 77                  875 	ld	(hl),a
   03E3 C3rCDs02            876 	jp	00109$
   03E6                     877 00111$:
                            878 ;../_fsdiv.c:331: result += 1;
   03E6 F8 1B               879 	ldhl	sp,#27
   03E8 34                  880 	inc	(hl)
   03E9 C2rF8s03            881 	jp	NZ,00138$
   03EC 23                  882 	inc	hl
   03ED 34                  883 	inc	(hl)
   03EE C2rF8s03            884 	jp	NZ,00138$
   03F1 23                  885 	inc	hl
   03F2 34                  886 	inc	(hl)
   03F3 C2rF8s03            887 	jp	NZ,00138$
   03F6 23                  888 	inc	hl
   03F7 34                  889 	inc	(hl)
   03F8                     890 00138$:
                            891 ;../_fsdiv.c:334: exp++;
   03F8 F8 0D               892 	ldhl	sp,#13
   03FA 34                  893 	inc	(hl)
   03FB C2r00s04            894 	jp	NZ,00139$
   03FE 23                  895 	inc	hl
   03FF 34                  896 	inc	(hl)
   0400                     897 00139$:
                            898 ;../_fsdiv.c:335: result >>= 1;
   0400 3E 01               899 	ld	a,#0x01
   0402 F5                  900 	push	af
   0403 33                  901 	inc	sp
   0404 F8 1E               902 	ldhl	sp,#30
   0406 7E                  903 	ld	a,(hl)
   0407 23                  904 	inc	hl
   0408 66                  905 	ld	h,(hl)
   0409 6F                  906 	ld	l,a
   040A E5                  907 	push	hl
   040B F8 1E               908 	ldhl	sp,#30
   040D 7E                  909 	ld	a,(hl)
   040E 23                  910 	inc	hl
   040F 66                  911 	ld	h,(hl)
   0410 6F                  912 	ld	l,a
   0411 E5                  913 	push	hl
   0412 CDr00s00            914 	call	__rrslong_rrx_s
   0415 E8 05               915 	lda	sp,5(sp)
   0417 E5                  916 	push	hl
   0418 F8 06               917 	ldhl	sp,#6
   041A 73                  918 	ld	(hl),e
   041B 23                  919 	inc	hl
   041C 72                  920 	ld	(hl),d
   041D D1                  921 	pop	de
   041E 23                  922 	inc	hl
   041F 73                  923 	ld	(hl),e
   0420 23                  924 	inc	hl
   0421 72                  925 	ld	(hl),d
   0422 F8 04               926 	ldhl	sp,#4
   0424 54                  927 	ld	d,h
   0425 5D                  928 	ld	e,l
   0426 F8 1B               929 	ldhl	sp,#27
   0428 1A                  930 	ld	a,(de)
   0429 77                  931 	ld	(hl),a
   042A 23                  932 	inc	hl
   042B 13                  933 	inc	de
   042C 1A                  934 	ld	a,(de)
   042D 77                  935 	ld	(hl),a
   042E 23                  936 	inc	hl
   042F 13                  937 	inc	de
   0430 1A                  938 	ld	a,(de)
   0431 77                  939 	ld	(hl),a
   0432 23                  940 	inc	hl
   0433 13                  941 	inc	de
   0434 1A                  942 	ld	a,(de)
   0435 77                  943 	ld	(hl),a
                            944 ;../_fsdiv.c:337: result &= ~HIDDEN;
   0436 F8 1B               945 	ldhl	sp,#27
   0438 54                  946 	ld	d,h
   0439 5D                  947 	ld	e,l
   043A F8 04               948 	ldhl	sp,#4
   043C 1A                  949 	ld	a,(de)
   043D 77                  950 	ld	(hl),a
   043E 23                  951 	inc	hl
   043F 13                  952 	inc	de
   0440 1A                  953 	ld	a,(de)
   0441 77                  954 	ld	(hl),a
   0442 23                  955 	inc	hl
   0443 13                  956 	inc	de
   0444 1A                  957 	ld	a,(de)
   0445 77                  958 	ld	(hl),a
   0446 23                  959 	inc	hl
   0447 13                  960 	inc	de
   0448 1A                  961 	ld	a,(de)
   0449 77                  962 	ld	(hl),a
   044A F8 04               963 	ldhl	sp,#4
   044C 7E                  964 	ld	a,(hl)
   044D F8 1B               965 	ldhl	sp,#27
   044F 77                  966 	ld	(hl),a
   0450 F8 05               967 	ldhl	sp,#5
   0452 7E                  968 	ld	a,(hl)
   0453 F8 1C               969 	ldhl	sp,#28
   0455 77                  970 	ld	(hl),a
   0456 F8 06               971 	ldhl	sp,#6
   0458 7E                  972 	ld	a,(hl)
   0459 E6 7F               973 	and	a,#0x7F
   045B F8 1D               974 	ldhl	sp,#29
   045D 77                  975 	ld	(hl),a
   045E F8 07               976 	ldhl	sp,#7
   0460 7E                  977 	ld	a,(hl)
   0461 F8 1E               978 	ldhl	sp,#30
   0463 77                  979 	ld	(hl),a
                            980 ;../_fsdiv.c:340: if (exp >= 0x100)
   0464 F8 0D               981 	ldhl	sp,#13
   0466 7E                  982 	ld	a, (hl)
   0467 D6 00               983 	sub	a, #0x00
   0469 23                  984 	inc	hl
   046A 7E                  985 	ld	a, (hl)
   046B DE 01               986 	sbc	a, #0x01
   046D 56                  987 	ld	d, (hl)
   046E 3E 00               988 	ld	a, #0x00
   0470 5F                  989 	ld	e, a
   0471 CB 7B               990 	bit	7, e
   0473 CAr7Es04            991 	jp	Z, 00140$
   0476 CB 7A               992 	bit	7, d
   0478 C2r84s04            993 	jp	NZ, 00141$
   047B BF                  994 	cp	a, a
   047C 18 06               995 	jr	00141$
   047E                     996 00140$:
   047E CB 7A               997 	bit	7, d
   0480 CAr84s04            998 	jp	Z, 00141$
   0483 37                  999 	scf
   0484                    1000 00141$:
   0484 DArCBs04           1001 	jp	C,00116$
                           1002 ;../_fsdiv.c:341: fl1.l = (sign ? SIGNBIT : 0) | __INFINITY;
   0487 F8 23              1003 	ldhl	sp,#35
   0489 4D                 1004 	ld	c,l
   048A 44                 1005 	ld	b,h
   048B AF                 1006 	xor	a,a
   048C F8 0C              1007 	ldhl	sp,#12
   048E B6                 1008 	or	a,(hl)
   048F CArA1s04           1009 	jp	Z,00120$
   0492 F8 04              1010 	ldhl	sp,#4
   0494 36 00              1011 	ld	(hl),#0x00
   0496 23                 1012 	inc	hl
   0497 36 00              1013 	ld	(hl),#0x00
   0499 23                 1014 	inc	hl
   049A 36 00              1015 	ld	(hl),#0x00
   049C 23                 1016 	inc	hl
   049D 36 80              1017 	ld	(hl),#0x80
   049F 18 0A              1018 	jr	00121$
   04A1                    1019 00120$:
   04A1 AF                 1020 	xor	a,a
   04A2 F8 04              1021 	ldhl	sp,#4
   04A4 77                 1022 	ld	(hl),a
   04A5 23                 1023 	inc	hl
   04A6 77                 1024 	ld	(hl),a
   04A7 23                 1025 	inc	hl
   04A8 77                 1026 	ld	(hl),a
   04A9 23                 1027 	inc	hl
   04AA 77                 1028 	ld	(hl),a
   04AB                    1029 00121$:
   04AB F8 06              1030 	ldhl	sp,#6
   04AD 7E                 1031 	ld	a,(hl)
   04AE CB FF              1032 	set	7, a
   04B0 77                 1033 	ld	(hl),a
   04B1 23                 1034 	inc	hl
   04B2 7E                 1035 	ld	a,(hl)
   04B3 F6 7F              1036 	or	a, #0x7F
   04B5 77                 1037 	ld	(hl),a
   04B6 59                 1038 	ld	e,c
   04B7 50                 1039 	ld	d,b
   04B8 F8 04              1040 	ldhl	sp,#4
   04BA 7E                 1041 	ld	a,(hl)
   04BB 12                 1042 	ld	(de),a
   04BC 13                 1043 	inc	de
   04BD 23                 1044 	inc	hl
   04BE 7E                 1045 	ld	a,(hl)
   04BF 12                 1046 	ld	(de),a
   04C0 13                 1047 	inc	de
   04C1 23                 1048 	inc	hl
   04C2 7E                 1049 	ld	a,(hl)
   04C3 12                 1050 	ld	(de),a
   04C4 13                 1051 	inc	de
   04C5 23                 1052 	inc	hl
   04C6 7E                 1053 	ld	a,(hl)
   04C7 12                 1054 	ld	(de),a
   04C8 C3rCBs05           1055 	jp	00117$
   04CB                    1056 00116$:
                           1057 ;../_fsdiv.c:342: else if (exp < 0)
   04CB F8 0D              1058 	ldhl	sp,#13
   04CD 7E                 1059 	ld	a, (hl)
   04CE D6 00              1060 	sub	a, #0x00
   04D0 23                 1061 	inc	hl
   04D1 7E                 1062 	ld	a, (hl)
   04D2 DE 00              1063 	sbc	a, #0x00
   04D4 56                 1064 	ld	d, (hl)
   04D5 3E 00              1065 	ld	a, #0x00
   04D7 5F                 1066 	ld	e, a
   04D8 CB 7B              1067 	bit	7, e
   04DA CArE5s04           1068 	jp	Z, 00142$
   04DD CB 7A              1069 	bit	7, d
   04DF C2rEBs04           1070 	jp	NZ, 00143$
   04E2 BF                 1071 	cp	a, a
   04E3 18 06              1072 	jr	00143$
   04E5                    1073 00142$:
   04E5 CB 7A              1074 	bit	7, d
   04E7 CArEBs04           1075 	jp	Z, 00143$
   04EA 37                 1076 	scf
   04EB                    1077 00143$:
   04EB D2r06s05           1078 	jp	NC,00113$
                           1079 ;../_fsdiv.c:343: fl1.l = 0;
   04EE F8 23              1080 	ldhl	sp,#35
   04F0 4D                 1081 	ld	c,l
   04F1 44                 1082 	ld	b,h
   04F2 59                 1083 	ld	e,c
   04F3 50                 1084 	ld	d,b
   04F4 3E 00              1085 	ld	a,#0x00
   04F6 12                 1086 	ld	(de),a
   04F7 13                 1087 	inc	de
   04F8 3E 00              1088 	ld	a,#0x00
   04FA 12                 1089 	ld	(de),a
   04FB 13                 1090 	inc	de
   04FC 3E 00              1091 	ld	a,#0x00
   04FE 12                 1092 	ld	(de),a
   04FF 13                 1093 	inc	de
   0500 3E 00              1094 	ld	a,#0x00
   0502 12                 1095 	ld	(de),a
   0503 C3rCBs05           1096 	jp	00117$
   0506                    1097 00113$:
                           1098 ;../_fsdiv.c:345: fl1.l = PACK (sign ? SIGNBIT : 0 , exp, result);
   0506 F8 23              1099 	ldhl	sp,#35
   0508 4D                 1100 	ld	c,l
   0509 44                 1101 	ld	b,h
   050A AF                 1102 	xor	a,a
   050B F8 0C              1103 	ldhl	sp,#12
   050D B6                 1104 	or	a,(hl)
   050E CAr20s05           1105 	jp	Z,00122$
   0511 F8 04              1106 	ldhl	sp,#4
   0513 36 00              1107 	ld	(hl),#0x00
   0515 23                 1108 	inc	hl
   0516 36 00              1109 	ld	(hl),#0x00
   0518 23                 1110 	inc	hl
   0519 36 00              1111 	ld	(hl),#0x00
   051B 23                 1112 	inc	hl
   051C 36 80              1113 	ld	(hl),#0x80
   051E 18 0A              1114 	jr	00123$
   0520                    1115 00122$:
   0520 AF                 1116 	xor	a,a
   0521 F8 04              1117 	ldhl	sp,#4
   0523 77                 1118 	ld	(hl),a
   0524 23                 1119 	inc	hl
   0525 77                 1120 	ld	(hl),a
   0526 23                 1121 	inc	hl
   0527 77                 1122 	ld	(hl),a
   0528 23                 1123 	inc	hl
   0529 77                 1124 	ld	(hl),a
   052A                    1125 00123$:
   052A F8 0D              1126 	ldhl	sp,#13
   052C 7E                 1127 	ld	a,(hl)
   052D F8 00              1128 	ldhl	sp,#0
   052F 77                 1129 	ld	(hl),a
   0530 F8 0E              1130 	ldhl	sp,#14
   0532 7E                 1131 	ld	a,(hl)
   0533 F8 01              1132 	ldhl	sp,#1
   0535 77                 1133 	ld	(hl),a
   0536 F8 0E              1134 	ldhl	sp,#14
   0538 7E                 1135 	ld	a,(hl)
   0539 17                 1136 	rla	
   053A 9F                 1137 	sbc	a,a
   053B F8 02              1138 	ldhl	sp,#2
   053D 77                 1139 	ld	(hl),a
   053E 23                 1140 	inc	hl
   053F 77                 1141 	ld	(hl),a
   0540 C5                 1142 	push	bc
   0541 3E 17              1143 	ld	a,#0x17
   0543 F5                 1144 	push	af
   0544 33                 1145 	inc	sp
   0545 2B                 1146 	dec	hl
   0546 7E                 1147 	ld	a,(hl)
   0547 23                 1148 	inc	hl
   0548 66                 1149 	ld	h,(hl)
   0549 6F                 1150 	ld	l,a
   054A E5                 1151 	push	hl
   054B F8 05              1152 	ldhl	sp,#5
   054D 7E                 1153 	ld	a,(hl)
   054E 23                 1154 	inc	hl
   054F 66                 1155 	ld	h,(hl)
   0550 6F                 1156 	ld	l,a
   0551 E5                 1157 	push	hl
   0552 CDr00s00           1158 	call	__rlulong_rrx_s
   0555 E8 05              1159 	lda	sp,5(sp)
   0557 E5                 1160 	push	hl
   0558 F8 04              1161 	ldhl	sp,#4
   055A 73                 1162 	ld	(hl),e
   055B 23                 1163 	inc	hl
   055C 72                 1164 	ld	(hl),d
   055D D1                 1165 	pop	de
   055E 23                 1166 	inc	hl
   055F 73                 1167 	ld	(hl),e
   0560 23                 1168 	inc	hl
   0561 72                 1169 	ld	(hl),d
   0562 C1                 1170 	pop	bc
   0563 F8 00              1171 	ldhl	sp,#0
   0565 7E                 1172 	ld	a,(hl)
   0566 F8 04              1173 	ldhl	sp,#4
   0568 B6                 1174 	or	a, (hl)
   0569 F8 00              1175 	ldhl	sp,#0
   056B 77                 1176 	ld	(hl),a
   056C 23                 1177 	inc	hl
   056D 7E                 1178 	ld	a,(hl)
   056E F8 05              1179 	ldhl	sp,#5
   0570 B6                 1180 	or	a, (hl)
   0571 F8 01              1181 	ldhl	sp,#1
   0573 77                 1182 	ld	(hl),a
   0574 23                 1183 	inc	hl
   0575 7E                 1184 	ld	a,(hl)
   0576 F8 06              1185 	ldhl	sp,#6
   0578 B6                 1186 	or	a, (hl)
   0579 F8 02              1187 	ldhl	sp,#2
   057B 77                 1188 	ld	(hl),a
   057C 23                 1189 	inc	hl
   057D 7E                 1190 	ld	a,(hl)
   057E F8 07              1191 	ldhl	sp,#7
   0580 B6                 1192 	or	a, (hl)
   0581 F8 03              1193 	ldhl	sp,#3
   0583 77                 1194 	ld	(hl),a
   0584 F8 1B              1195 	ldhl	sp,#27
   0586 54                 1196 	ld	d,h
   0587 5D                 1197 	ld	e,l
   0588 F8 04              1198 	ldhl	sp,#4
   058A 1A                 1199 	ld	a,(de)
   058B 77                 1200 	ld	(hl),a
   058C 23                 1201 	inc	hl
   058D 13                 1202 	inc	de
   058E 1A                 1203 	ld	a,(de)
   058F 77                 1204 	ld	(hl),a
   0590 23                 1205 	inc	hl
   0591 13                 1206 	inc	de
   0592 1A                 1207 	ld	a,(de)
   0593 77                 1208 	ld	(hl),a
   0594 23                 1209 	inc	hl
   0595 13                 1210 	inc	de
   0596 1A                 1211 	ld	a,(de)
   0597 77                 1212 	ld	(hl),a
   0598 F8 00              1213 	ldhl	sp,#0
   059A 7E                 1214 	ld	a,(hl)
   059B F8 04              1215 	ldhl	sp,#4
   059D B6                 1216 	or	a, (hl)
   059E F8 00              1217 	ldhl	sp,#0
   05A0 77                 1218 	ld	(hl),a
   05A1 23                 1219 	inc	hl
   05A2 7E                 1220 	ld	a,(hl)
   05A3 F8 05              1221 	ldhl	sp,#5
   05A5 B6                 1222 	or	a, (hl)
   05A6 F8 01              1223 	ldhl	sp,#1
   05A8 77                 1224 	ld	(hl),a
   05A9 23                 1225 	inc	hl
   05AA 7E                 1226 	ld	a,(hl)
   05AB F8 06              1227 	ldhl	sp,#6
   05AD B6                 1228 	or	a, (hl)
   05AE F8 02              1229 	ldhl	sp,#2
   05B0 77                 1230 	ld	(hl),a
   05B1 23                 1231 	inc	hl
   05B2 7E                 1232 	ld	a,(hl)
   05B3 F8 07              1233 	ldhl	sp,#7
   05B5 B6                 1234 	or	a, (hl)
   05B6 F8 03              1235 	ldhl	sp,#3
   05B8 77                 1236 	ld	(hl),a
   05B9 59                 1237 	ld	e,c
   05BA 50                 1238 	ld	d,b
   05BB F8 00              1239 	ldhl	sp,#0
   05BD 7E                 1240 	ld	a,(hl)
   05BE 12                 1241 	ld	(de),a
   05BF 13                 1242 	inc	de
   05C0 23                 1243 	inc	hl
   05C1 7E                 1244 	ld	a,(hl)
   05C2 12                 1245 	ld	(de),a
   05C3 13                 1246 	inc	de
   05C4 23                 1247 	inc	hl
   05C5 7E                 1248 	ld	a,(hl)
   05C6 12                 1249 	ld	(de),a
   05C7 13                 1250 	inc	de
   05C8 23                 1251 	inc	hl
   05C9 7E                 1252 	ld	a,(hl)
   05CA 12                 1253 	ld	(de),a
   05CB                    1254 00117$:
                           1255 ;../_fsdiv.c:346: return (fl1.f);
   05CB F8 23              1256 	ldhl	sp,#35
   05CD 4D                 1257 	ld	c,l
   05CE 44                 1258 	ld	b,h
   05CF 59                 1259 	ld	e,c
   05D0 50                 1260 	ld	d,b
   05D1 1A                 1261 	ld	a,(de)
   05D2 F8 00              1262 	ldhl	sp,#0
   05D4 77                 1263 	ld	(hl),a
   05D5 13                 1264 	inc	de
   05D6 1A                 1265 	ld	a,(de)
   05D7 23                 1266 	inc	hl
   05D8 77                 1267 	ld	(hl),a
   05D9 13                 1268 	inc	de
   05DA 1A                 1269 	ld	a,(de)
   05DB 23                 1270 	inc	hl
   05DC 77                 1271 	ld	(hl),a
   05DD 13                 1272 	inc	de
   05DE 1A                 1273 	ld	a,(de)
   05DF 23                 1274 	inc	hl
   05E0 77                 1275 	ld	(hl),a
   05E1 2B                 1276 	dec	hl
   05E2 2B                 1277 	dec	hl
   05E3 2B                 1278 	dec	hl
   05E4 5E                 1279 	ld	e,(hl)
   05E5 23                 1280 	inc	hl
   05E6 56                 1281 	ld	d,(hl)
   05E7 23                 1282 	inc	hl
   05E8 7E                 1283 	ld	a,(hl)
   05E9 23                 1284 	inc	hl
   05EA 66                 1285 	ld	h,(hl)
   05EB 6F                 1286 	ld	l,a
   05EC                    1287 00118$:
   05EC E8 27              1288 	lda	sp,39(sp)
   05EE C9                 1289 	ret
   05EF                    1290 ___fsdiv_end::
                           1291 	.area _HOME
                           1292 ;--------------------------------------------------------
                           1293 ; code
                           1294 ;--------------------------------------------------------
                           1295 	.area _CODE
                           1296 	.area _CODE
                           1297 	.area _CABS
