                              1 ;--------------------------------------------------------
                              2 ; File Created by SDCC : free open source ANSI-C Compiler
                              3 ; Version 3.0.1 #6227 (Oct  2 2015) (Linux)
                              4 ; This file was generated Fri Oct  2 17:18:19 2015
                              5 ;--------------------------------------------------------
                              6 	.module _fslt
                              7 	.optsdcc -mgbz80
                              8 	
                              9 ;--------------------------------------------------------
                             10 ; Public variables in this module
                             11 ;--------------------------------------------------------
                             12 	.globl ___fslt
                             13 ;--------------------------------------------------------
                             14 ;  ram data
                             15 ;--------------------------------------------------------
                             16 	.area _DATA
                             17 ;--------------------------------------------------------
                             18 ; overlayable items in  ram 
                             19 ;--------------------------------------------------------
                             20 	.area _OVERLAY
                             21 ;--------------------------------------------------------
                             22 ; external initialized ram data
                             23 ;--------------------------------------------------------
                             24 ;--------------------------------------------------------
                             25 ; global & static initialisations
                             26 ;--------------------------------------------------------
                             27 	.area _HOME
                             28 	.area _GSINIT
                             29 	.area _GSFINAL
                             30 	.area _GSINIT
                             31 ;--------------------------------------------------------
                             32 ; Home
                             33 ;--------------------------------------------------------
                             34 	.area _HOME
                             35 ;../_fslt.c:108: char __fslt (float a1, float a2)
                             36 ;	---------------------------------
                             37 ; Function __fslt
                             38 ; ---------------------------------
   0000                      39 ___fslt_start::
   0000                      40 ___fslt:
   0000 E8 F0                41 	lda	sp,-16(sp)
                             42 ;../_fslt.c:112: fl1.f = a1;
   0002 F8 0C                43 	ldhl	sp,#12
   0004 4D                   44 	ld	c,l
   0005 44                   45 	ld	b,h
   0006 59                   46 	ld	e,c
   0007 50                   47 	ld	d,b
   0008 F8 12                48 	ldhl	sp,#18
   000A 7E                   49 	ld	a,(hl)
   000B 12                   50 	ld	(de),a
   000C 13                   51 	inc	de
   000D 23                   52 	inc	hl
   000E 7E                   53 	ld	a,(hl)
   000F 12                   54 	ld	(de),a
   0010 13                   55 	inc	de
   0011 23                   56 	inc	hl
   0012 7E                   57 	ld	a,(hl)
   0013 12                   58 	ld	(de),a
   0014 13                   59 	inc	de
   0015 23                   60 	inc	hl
   0016 7E                   61 	ld	a,(hl)
   0017 12                   62 	ld	(de),a
                             63 ;../_fslt.c:113: fl2.f = a2;
   0018 F8 08                64 	ldhl	sp,#8
   001A 4D                   65 	ld	c,l
   001B 44                   66 	ld	b,h
   001C 59                   67 	ld	e,c
   001D 50                   68 	ld	d,b
   001E F8 16                69 	ldhl	sp,#22
   0020 7E                   70 	ld	a,(hl)
   0021 12                   71 	ld	(de),a
   0022 13                   72 	inc	de
   0023 23                   73 	inc	hl
   0024 7E                   74 	ld	a,(hl)
   0025 12                   75 	ld	(de),a
   0026 13                   76 	inc	de
   0027 23                   77 	inc	hl
   0028 7E                   78 	ld	a,(hl)
   0029 12                   79 	ld	(de),a
   002A 13                   80 	inc	de
   002B 23                   81 	inc	hl
   002C 7E                   82 	ld	a,(hl)
   002D 12                   83 	ld	(de),a
                             84 ;../_fslt.c:115: if (fl1.l<0 && fl2.l<0) {
   002E F8 0C                85 	ldhl	sp,#12
   0030 4D                   86 	ld	c,l
   0031 44                   87 	ld	b,h
   0032 59                   88 	ld	e,c
   0033 50                   89 	ld	d,b
   0034 1A                   90 	ld	a,(de)
   0035 F8 04                91 	ldhl	sp,#4
   0037 77                   92 	ld	(hl),a
   0038 13                   93 	inc	de
   0039 1A                   94 	ld	a,(de)
   003A 23                   95 	inc	hl
   003B 77                   96 	ld	(hl),a
   003C 13                   97 	inc	de
   003D 1A                   98 	ld	a,(de)
   003E 23                   99 	inc	hl
   003F 77                  100 	ld	(hl),a
   0040 13                  101 	inc	de
   0041 1A                  102 	ld	a,(de)
   0042 23                  103 	inc	hl
   0043 77                  104 	ld	(hl),a
   0044 F8 04               105 	ldhl	sp,#4
   0046 7E                  106 	ld	a, (hl)
   0047 D6 00               107 	sub	a, #0x00
   0049 23                  108 	inc	hl
   004A 7E                  109 	ld	a, (hl)
   004B DE 00               110 	sbc	a, #0x00
   004D 23                  111 	inc	hl
   004E 7E                  112 	ld	a, (hl)
   004F DE 00               113 	sbc	a, #0x00
   0051 23                  114 	inc	hl
   0052 7E                  115 	ld	a, (hl)
   0053 DE 00               116 	sbc	a, #0x00
   0055 56                  117 	ld	d, (hl)
   0056 3E 00               118 	ld	a, #0x00
   0058 5F                  119 	ld	e, a
   0059 CB 7B               120 	bit	7, e
   005B CAr66s00            121 	jp	Z, 00114$
   005E CB 7A               122 	bit	7, d
   0060 C2r6Cs00            123 	jp	NZ, 00115$
   0063 BF                  124 	cp	a, a
   0064 18 06               125 	jr	00115$
   0066                     126 00114$:
   0066 CB 7A               127 	bit	7, d
   0068 CAr6Cs00            128 	jp	Z, 00115$
   006B 37                  129 	scf
   006C                     130 00115$:
   006C D2r12s01            131 	jp	NC,00104$
   006F F8 08               132 	ldhl	sp,#8
   0071 4D                  133 	ld	c,l
   0072 44                  134 	ld	b,h
   0073 59                  135 	ld	e,c
   0074 50                  136 	ld	d,b
   0075 1A                  137 	ld	a,(de)
   0076 F8 04               138 	ldhl	sp,#4
   0078 77                  139 	ld	(hl),a
   0079 13                  140 	inc	de
   007A 1A                  141 	ld	a,(de)
   007B 23                  142 	inc	hl
   007C 77                  143 	ld	(hl),a
   007D 13                  144 	inc	de
   007E 1A                  145 	ld	a,(de)
   007F 23                  146 	inc	hl
   0080 77                  147 	ld	(hl),a
   0081 13                  148 	inc	de
   0082 1A                  149 	ld	a,(de)
   0083 23                  150 	inc	hl
   0084 77                  151 	ld	(hl),a
   0085 F8 04               152 	ldhl	sp,#4
   0087 7E                  153 	ld	a, (hl)
   0088 D6 00               154 	sub	a, #0x00
   008A 23                  155 	inc	hl
   008B 7E                  156 	ld	a, (hl)
   008C DE 00               157 	sbc	a, #0x00
   008E 23                  158 	inc	hl
   008F 7E                  159 	ld	a, (hl)
   0090 DE 00               160 	sbc	a, #0x00
   0092 23                  161 	inc	hl
   0093 7E                  162 	ld	a, (hl)
   0094 DE 00               163 	sbc	a, #0x00
   0096 56                  164 	ld	d, (hl)
   0097 3E 00               165 	ld	a, #0x00
   0099 5F                  166 	ld	e, a
   009A CB 7B               167 	bit	7, e
   009C CArA7s00            168 	jp	Z, 00116$
   009F CB 7A               169 	bit	7, d
   00A1 C2rADs00            170 	jp	NZ, 00117$
   00A4 BF                  171 	cp	a, a
   00A5 18 06               172 	jr	00117$
   00A7                     173 00116$:
   00A7 CB 7A               174 	bit	7, d
   00A9 CArADs00            175 	jp	Z, 00117$
   00AC 37                  176 	scf
   00AD                     177 00117$:
   00AD D2r12s01            178 	jp	NC,00104$
                            179 ;../_fslt.c:116: if (fl2.l < fl1.l)
   00B0 F8 08               180 	ldhl	sp,#8
   00B2 4D                  181 	ld	c,l
   00B3 44                  182 	ld	b,h
   00B4 59                  183 	ld	e,c
   00B5 50                  184 	ld	d,b
   00B6 1A                  185 	ld	a,(de)
   00B7 F8 04               186 	ldhl	sp,#4
   00B9 77                  187 	ld	(hl),a
   00BA 13                  188 	inc	de
   00BB 1A                  189 	ld	a,(de)
   00BC 23                  190 	inc	hl
   00BD 77                  191 	ld	(hl),a
   00BE 13                  192 	inc	de
   00BF 1A                  193 	ld	a,(de)
   00C0 23                  194 	inc	hl
   00C1 77                  195 	ld	(hl),a
   00C2 13                  196 	inc	de
   00C3 1A                  197 	ld	a,(de)
   00C4 23                  198 	inc	hl
   00C5 77                  199 	ld	(hl),a
   00C6 F8 0C               200 	ldhl	sp,#12
   00C8 4D                  201 	ld	c,l
   00C9 44                  202 	ld	b,h
   00CA 59                  203 	ld	e,c
   00CB 50                  204 	ld	d,b
   00CC 1A                  205 	ld	a,(de)
   00CD F8 00               206 	ldhl	sp,#0
   00CF 77                  207 	ld	(hl),a
   00D0 13                  208 	inc	de
   00D1 1A                  209 	ld	a,(de)
   00D2 23                  210 	inc	hl
   00D3 77                  211 	ld	(hl),a
   00D4 13                  212 	inc	de
   00D5 1A                  213 	ld	a,(de)
   00D6 23                  214 	inc	hl
   00D7 77                  215 	ld	(hl),a
   00D8 13                  216 	inc	de
   00D9 1A                  217 	ld	a,(de)
   00DA 23                  218 	inc	hl
   00DB 77                  219 	ld	(hl),a
   00DC 23                  220 	inc	hl
   00DD 54                  221 	ld	d, h
   00DE 5D                  222 	ld	e, l
   00DF F8 00               223 	ldhl	sp,#0
   00E1 1A                  224 	ld	a, (de)
   00E2 96                  225 	sub	a, (hl)
   00E3 23                  226 	inc	hl
   00E4 13                  227 	inc	de
   00E5 1A                  228 	ld	a, (de)
   00E6 9E                  229 	sbc	a, (hl)
   00E7 23                  230 	inc	hl
   00E8 13                  231 	inc	de
   00E9 1A                  232 	ld	a, (de)
   00EA 9E                  233 	sbc	a, (hl)
   00EB 23                  234 	inc	hl
   00EC 13                  235 	inc	de
   00ED 1A                  236 	ld	a, (de)
   00EE 9E                  237 	sbc	a, (hl)
   00EF 1A                  238 	ld	a, (de)
   00F0 57                  239 	ld	d, a
   00F1 5E                  240 	ld	e, (hl)
   00F2 CB 7B               241 	bit	7, e
   00F4 CArFFs00            242 	jp	Z, 00118$
   00F7 CB 7A               243 	bit	7, d
   00F9 C2r05s01            244 	jp	NZ, 00119$
   00FC BF                  245 	cp	a, a
   00FD 18 06               246 	jr	00119$
   00FF                     247 00118$:
   00FF CB 7A               248 	bit	7, d
   0101 CAr05s01            249 	jp	Z, 00119$
   0104 37                  250 	scf
   0105                     251 00119$:
   0105 D2r0Ds01            252 	jp	NC,00102$
                            253 ;../_fslt.c:117: return (1);
   0108 1E 01               254 	ld	e,#0x01
   010A C3r71s01            255 	jp	00108$
   010D                     256 00102$:
                            257 ;../_fslt.c:118: return (0);
   010D 1E 00               258 	ld	e,#0x00
   010F C3r71s01            259 	jp	00108$
   0112                     260 00104$:
                            261 ;../_fslt.c:121: if (fl1.l < fl2.l)
   0112 F8 0C               262 	ldhl	sp,#12
   0114 4D                  263 	ld	c,l
   0115 44                  264 	ld	b,h
   0116 59                  265 	ld	e,c
   0117 50                  266 	ld	d,b
   0118 1A                  267 	ld	a,(de)
   0119 F8 00               268 	ldhl	sp,#0
   011B 77                  269 	ld	(hl),a
   011C 13                  270 	inc	de
   011D 1A                  271 	ld	a,(de)
   011E 23                  272 	inc	hl
   011F 77                  273 	ld	(hl),a
   0120 13                  274 	inc	de
   0121 1A                  275 	ld	a,(de)
   0122 23                  276 	inc	hl
   0123 77                  277 	ld	(hl),a
   0124 13                  278 	inc	de
   0125 1A                  279 	ld	a,(de)
   0126 23                  280 	inc	hl
   0127 77                  281 	ld	(hl),a
   0128 F8 08               282 	ldhl	sp,#8
   012A 4D                  283 	ld	c,l
   012B 44                  284 	ld	b,h
   012C 59                  285 	ld	e,c
   012D 50                  286 	ld	d,b
   012E 1A                  287 	ld	a,(de)
   012F F8 04               288 	ldhl	sp,#4
   0131 77                  289 	ld	(hl),a
   0132 13                  290 	inc	de
   0133 1A                  291 	ld	a,(de)
   0134 23                  292 	inc	hl
   0135 77                  293 	ld	(hl),a
   0136 13                  294 	inc	de
   0137 1A                  295 	ld	a,(de)
   0138 23                  296 	inc	hl
   0139 77                  297 	ld	(hl),a
   013A 13                  298 	inc	de
   013B 1A                  299 	ld	a,(de)
   013C 23                  300 	inc	hl
   013D 77                  301 	ld	(hl),a
   013E F8 00               302 	ldhl	sp,#0
   0140 54                  303 	ld	d, h
   0141 5D                  304 	ld	e, l
   0142 F8 04               305 	ldhl	sp,#4
   0144 1A                  306 	ld	a, (de)
   0145 96                  307 	sub	a, (hl)
   0146 23                  308 	inc	hl
   0147 13                  309 	inc	de
   0148 1A                  310 	ld	a, (de)
   0149 9E                  311 	sbc	a, (hl)
   014A 23                  312 	inc	hl
   014B 13                  313 	inc	de
   014C 1A                  314 	ld	a, (de)
   014D 9E                  315 	sbc	a, (hl)
   014E 23                  316 	inc	hl
   014F 13                  317 	inc	de
   0150 1A                  318 	ld	a, (de)
   0151 9E                  319 	sbc	a, (hl)
   0152 1A                  320 	ld	a, (de)
   0153 57                  321 	ld	d, a
   0154 5E                  322 	ld	e, (hl)
   0155 CB 7B               323 	bit	7, e
   0157 CAr62s01            324 	jp	Z, 00120$
   015A CB 7A               325 	bit	7, d
   015C C2r68s01            326 	jp	NZ, 00121$
   015F BF                  327 	cp	a, a
   0160 18 06               328 	jr	00121$
   0162                     329 00120$:
   0162 CB 7A               330 	bit	7, d
   0164 CAr68s01            331 	jp	Z, 00121$
   0167 37                  332 	scf
   0168                     333 00121$:
   0168 D2r6Fs01            334 	jp	NC,00107$
                            335 ;../_fslt.c:122: return (1);
   016B 1E 01               336 	ld	e,#0x01
   016D 18 02               337 	jr	00108$
   016F                     338 00107$:
                            339 ;../_fslt.c:123: return (0);
   016F 1E 00               340 	ld	e,#0x00
   0171                     341 00108$:
   0171 E8 10               342 	lda	sp,16(sp)
   0173 C9                  343 	ret
   0174                     344 ___fslt_end::
                            345 	.area _HOME
                            346 ;--------------------------------------------------------
                            347 ; code
                            348 ;--------------------------------------------------------
                            349 	.area _CODE
                            350 	.area _CODE
                            351 	.area _CABS
