                              1 ;--------------------------------------------------------
                              2 ; File Created by SDCC : free open source ANSI-C Compiler
                              3 ; Version 3.0.1 #6227 (Oct  2 2015) (Linux)
                              4 ; This file was generated Fri Oct  2 17:18:19 2015
                              5 ;--------------------------------------------------------
                              6 	.module _fssub
                              7 	.optsdcc -mgbz80
                              8 	
                              9 ;--------------------------------------------------------
                             10 ; Public variables in this module
                             11 ;--------------------------------------------------------
                             12 	.globl ___fssub
                             13 ;--------------------------------------------------------
                             14 ;  ram data
                             15 ;--------------------------------------------------------
                             16 	.area _DATA
                             17 ;--------------------------------------------------------
                             18 ; overlayable items in  ram 
                             19 ;--------------------------------------------------------
                             20 	.area _OVERLAY
                             21 ;--------------------------------------------------------
                             22 ; external initialized ram data
                             23 ;--------------------------------------------------------
                             24 ;--------------------------------------------------------
                             25 ; global & static initialisations
                             26 ;--------------------------------------------------------
                             27 	.area _HOME
                             28 	.area _GSINIT
                             29 	.area _GSFINAL
                             30 	.area _GSINIT
                             31 ;--------------------------------------------------------
                             32 ; Home
                             33 ;--------------------------------------------------------
                             34 	.area _HOME
                             35 ;../_fssub.c:73: float __fssub (float a1, float a2)
                             36 ;	---------------------------------
                             37 ; Function __fssub
                             38 ; ---------------------------------
   0000                      39 ___fssub_start::
   0000                      40 ___fssub:
   0000 E8 F8                41 	lda	sp,-8(sp)
                             42 ;../_fssub.c:75: float neg = -a1;
   0002 F8 0D                43 	ldhl	sp,#13
   0004 7E                   44 	ld	a,(hl)
   0005 EE 80                45 	xor	a,#0x80
   0007 F8 07                46 	ldhl	sp,#7
   0009 77                   47 	ld	(hl),a
   000A F8 0A                48 	ldhl	sp,#10
   000C 7E                   49 	ld	a,(hl)
   000D F8 04                50 	ldhl	sp,#4
   000F 77                   51 	ld	(hl),a
   0010 F8 0B                52 	ldhl	sp,#11
   0012 7E                   53 	ld	a,(hl)
   0013 F8 05                54 	ldhl	sp,#5
   0015 77                   55 	ld	(hl),a
   0016 F8 0C                56 	ldhl	sp,#12
   0018 7E                   57 	ld	a,(hl)
   0019 F8 06                58 	ldhl	sp,#6
   001B 77                   59 	ld	(hl),a
                             60 ;../_fssub.c:76: return -(neg + a2);
   001C F8 10                61 	ldhl	sp,#16
   001E 7E                   62 	ld	a,(hl)
   001F 23                   63 	inc	hl
   0020 66                   64 	ld	h,(hl)
   0021 6F                   65 	ld	l,a
   0022 E5                   66 	push	hl
   0023 F8 10                67 	ldhl	sp,#16
   0025 7E                   68 	ld	a,(hl)
   0026 23                   69 	inc	hl
   0027 66                   70 	ld	h,(hl)
   0028 6F                   71 	ld	l,a
   0029 E5                   72 	push	hl
   002A F8 0A                73 	ldhl	sp,#10
   002C 7E                   74 	ld	a,(hl)
   002D 23                   75 	inc	hl
   002E 66                   76 	ld	h,(hl)
   002F 6F                   77 	ld	l,a
   0030 E5                   78 	push	hl
   0031 F8 0A                79 	ldhl	sp,#10
   0033 7E                   80 	ld	a,(hl)
   0034 23                   81 	inc	hl
   0035 66                   82 	ld	h,(hl)
   0036 6F                   83 	ld	l,a
   0037 E5                   84 	push	hl
   0038 CDr00s00             85 	call	___fsadd
   003B E8 08                86 	lda	sp,8(sp)
   003D E5                   87 	push	hl
   003E F8 02                88 	ldhl	sp,#2
   0040 73                   89 	ld	(hl),e
   0041 23                   90 	inc	hl
   0042 72                   91 	ld	(hl),d
   0043 D1                   92 	pop	de
   0044 23                   93 	inc	hl
   0045 73                   94 	ld	(hl),e
   0046 23                   95 	inc	hl
   0047 72                   96 	ld	(hl),d
   0048 F8 03                97 	ldhl	sp,#3
   004A 7E                   98 	ld	a,(hl)
   004B EE 80                99 	xor	a,#0x80
   004D 77                  100 	ld	(hl),a
   004E F8 00               101 	ldhl	sp,#0
   0050 7E                  102 	ld	a,(hl)
   0051 77                  103 	ld	(hl),a
   0052 23                  104 	inc	hl
   0053 7E                  105 	ld	a,(hl)
   0054 77                  106 	ld	(hl),a
   0055 23                  107 	inc	hl
   0056 7E                  108 	ld	a,(hl)
   0057 77                  109 	ld	(hl),a
   0058 2B                  110 	dec	hl
   0059 2B                  111 	dec	hl
   005A 5E                  112 	ld	e,(hl)
   005B 23                  113 	inc	hl
   005C 56                  114 	ld	d,(hl)
   005D 23                  115 	inc	hl
   005E 7E                  116 	ld	a,(hl)
   005F 23                  117 	inc	hl
   0060 66                  118 	ld	h,(hl)
   0061 6F                  119 	ld	l,a
   0062                     120 00101$:
   0062 E8 08               121 	lda	sp,8(sp)
   0064 C9                  122 	ret
   0065                     123 ___fssub_end::
                            124 	.area _HOME
                            125 ;--------------------------------------------------------
                            126 ; code
                            127 ;--------------------------------------------------------
                            128 	.area _CODE
                            129 	.area _CODE
                            130 	.area _CABS
