                              1 ;--------------------------------------------------------
                              2 ; File Created by SDCC : free open source ANSI-C Compiler
                              3 ; Version 3.0.1 #6227 (Oct  2 2015) (Linux)
                              4 ; This file was generated Fri Oct  2 17:18:19 2015
                              5 ;--------------------------------------------------------
                              6 	.module _iscntrl
                              7 	.optsdcc -mgbz80
                              8 	
                              9 ;--------------------------------------------------------
                             10 ; Public variables in this module
                             11 ;--------------------------------------------------------
                             12 	.globl _iscntrl
                             13 ;--------------------------------------------------------
                             14 ;  ram data
                             15 ;--------------------------------------------------------
                             16 	.area _DATA
                             17 ;--------------------------------------------------------
                             18 ; overlayable items in  ram 
                             19 ;--------------------------------------------------------
                             20 	.area _OVERLAY
                             21 ;--------------------------------------------------------
                             22 ; external initialized ram data
                             23 ;--------------------------------------------------------
                             24 ;--------------------------------------------------------
                             25 ; global & static initialisations
                             26 ;--------------------------------------------------------
                             27 	.area _HOME
                             28 	.area _GSINIT
                             29 	.area _GSFINAL
                             30 	.area _GSINIT
                             31 ;--------------------------------------------------------
                             32 ; Home
                             33 ;--------------------------------------------------------
                             34 	.area _HOME
                             35 	.area _HOME
                             36 ;--------------------------------------------------------
                             37 ; code
                             38 ;--------------------------------------------------------
                             39 	.area _CODE
                             40 ;../_iscntrl.c:31: char iscntrl (unsigned char c)
                             41 ;	---------------------------------
                             42 ; Function iscntrl
                             43 ; ---------------------------------
   0000                      44 _iscntrl_start::
   0000                      45 _iscntrl:
                             46 	
                             47 ;../_iscntrl.c:33: if  ( c <= 0x1F || c == 0x7f )
   0000 3E 1F                48 	ld	a,#0x1F
   0002 F8 02                49 	ldhl	sp,#2
   0004 96                   50 	sub	a, (hl)
   0005 D2r10s00             51 	jp	NC,00101$
   0008 7E                   52 	ld	a,(hl)
   0009 D6 7F                53 	sub	a,#0x7F
   000B CAr10s00             54 	jp	Z,00108$
   000E                      55 00107$:
   000E 18 04                56 	jr	00102$
   0010                      57 00108$:
   0010                      58 00101$:
                             59 ;../_iscntrl.c:34: return 1;
   0010 1E 01                60 	ld	e,#0x01
   0012 18 02                61 	jr	00104$
   0014                      62 00102$:
                             63 ;../_iscntrl.c:35: return 0;
   0014 1E 00                64 	ld	e,#0x00
   0016                      65 00104$:
                             66 	
   0016 C9                   67 	ret
   0017                      68 _iscntrl_end::
                             69 	.area _CODE
                             70 	.area _CABS
