                              1 ;--------------------------------------------------------
                              2 ; File Created by SDCC : free open source ANSI-C Compiler
                              3 ; Version 3.0.1 #6227 (Oct  2 2015) (Linux)
                              4 ; This file was generated Fri Oct  2 17:18:20 2015
                              5 ;--------------------------------------------------------
                              6 	.module _isspace
                              7 	.optsdcc -mgbz80
                              8 	
                              9 ;--------------------------------------------------------
                             10 ; Public variables in this module
                             11 ;--------------------------------------------------------
                             12 	.globl _isspace
                             13 ;--------------------------------------------------------
                             14 ;  ram data
                             15 ;--------------------------------------------------------
                             16 	.area _DATA
                             17 ;--------------------------------------------------------
                             18 ; overlayable items in  ram 
                             19 ;--------------------------------------------------------
                             20 	.area _OVERLAY
                             21 ;--------------------------------------------------------
                             22 ; external initialized ram data
                             23 ;--------------------------------------------------------
                             24 ;--------------------------------------------------------
                             25 ; global & static initialisations
                             26 ;--------------------------------------------------------
                             27 	.area _HOME
                             28 	.area _GSINIT
                             29 	.area _GSFINAL
                             30 	.area _GSINIT
                             31 ;--------------------------------------------------------
                             32 ; Home
                             33 ;--------------------------------------------------------
                             34 	.area _HOME
                             35 	.area _HOME
                             36 ;--------------------------------------------------------
                             37 ; code
                             38 ;--------------------------------------------------------
                             39 	.area _CODE
                             40 ;../_isspace.c:33: char isspace (unsigned char c)
                             41 ;	---------------------------------
                             42 ; Function isspace
                             43 ; ---------------------------------
   0000                      44 _isspace_start::
   0000                      45 _isspace:
                             46 	
                             47 ;../_isspace.c:35: if ( c == UC(' ')  ||
   0000 F8 02                48 	ldhl	sp,#2
   0002 7E                   49 	ld	a,(hl)
   0003 D6 20                50 	sub	a,#0x20
   0005 CAr28s00             51 	jp	Z,00101$
   0008                      52 00115$:
                             53 ;../_isspace.c:36: c == UC('\f') ||
   0008 7E                   54 	ld	a,(hl)
   0009 D6 0C                55 	sub	a,#0x0C
   000B CAr28s00             56 	jp	Z,00101$
   000E                      57 00116$:
                             58 ;../_isspace.c:37: c == UC('\n') ||
   000E 7E                   59 	ld	a,(hl)
   000F D6 0A                60 	sub	a,#0x0A
   0011 CAr28s00             61 	jp	Z,00101$
   0014                      62 00117$:
                             63 ;../_isspace.c:38: c == UC('\r') ||
   0014 7E                   64 	ld	a,(hl)
   0015 D6 0D                65 	sub	a,#0x0D
   0017 CAr28s00             66 	jp	Z,00101$
   001A                      67 00118$:
                             68 ;../_isspace.c:39: c == UC('\t') ||
   001A 7E                   69 	ld	a,(hl)
   001B D6 09                70 	sub	a,#0x09
   001D CAr28s00             71 	jp	Z,00101$
   0020                      72 00119$:
                             73 ;../_isspace.c:40: c == UC('\v') )
   0020 7E                   74 	ld	a,(hl)
   0021 D6 0B                75 	sub	a,#0x0B
   0023 CAr28s00             76 	jp	Z,00121$
   0026                      77 00120$:
   0026 18 04                78 	jr	00102$
   0028                      79 00121$:
   0028                      80 00101$:
                             81 ;../_isspace.c:41: return 1;
   0028 1E 01                82 	ld	e,#0x01
   002A 18 02                83 	jr	00108$
   002C                      84 00102$:
                             85 ;../_isspace.c:42: return 0;
   002C 1E 00                86 	ld	e,#0x00
   002E                      87 00108$:
                             88 	
   002E C9                   89 	ret
   002F                      90 _isspace_end::
                             91 	.area _CODE
                             92 	.area _CABS
