                              1 ;--------------------------------------------------------
                              2 ; File Created by SDCC : free open source ANSI-C Compiler
                              3 ; Version 3.0.1 #6227 (Oct  2 2015) (Linux)
                              4 ; This file was generated Fri Oct  2 17:18:20 2015
                              5 ;--------------------------------------------------------
                              6 	.module _isupper
                              7 	.optsdcc -mgbz80
                              8 	
                              9 ;--------------------------------------------------------
                             10 ; Public variables in this module
                             11 ;--------------------------------------------------------
                             12 	.globl _isupper
                             13 ;--------------------------------------------------------
                             14 ;  ram data
                             15 ;--------------------------------------------------------
                             16 	.area _DATA
                             17 ;--------------------------------------------------------
                             18 ; overlayable items in  ram 
                             19 ;--------------------------------------------------------
                             20 	.area _OVERLAY
                             21 ;--------------------------------------------------------
                             22 ; external initialized ram data
                             23 ;--------------------------------------------------------
                             24 ;--------------------------------------------------------
                             25 ; global & static initialisations
                             26 ;--------------------------------------------------------
                             27 	.area _HOME
                             28 	.area _GSINIT
                             29 	.area _GSFINAL
                             30 	.area _GSINIT
                             31 ;--------------------------------------------------------
                             32 ; Home
                             33 ;--------------------------------------------------------
                             34 	.area _HOME
                             35 	.area _HOME
                             36 ;--------------------------------------------------------
                             37 ; code
                             38 ;--------------------------------------------------------
                             39 	.area _CODE
                             40 ;../_isupper.c:33: char isupper (unsigned char c)
                             41 ;	---------------------------------
                             42 ; Function isupper
                             43 ; ---------------------------------
   0000                      44 _isupper_start::
   0000                      45 _isupper:
                             46 	
                             47 ;../_isupper.c:35: if ( c >= UC('A') && c <= UC('Z') )
   0000 F8 02                48 	ldhl	sp,#2
   0002 7E                   49 	ld	a,(hl)
   0003 D6 41                50 	sub	a, #0x41
   0005 DAr12s00             51 	jp	C,00102$
   0008 3E 5A                52 	ld	a,#0x5A
   000A 96                   53 	sub	a, (hl)
   000B DAr12s00             54 	jp	C,00102$
                             55 ;../_isupper.c:36: return 1;
   000E 1E 01                56 	ld	e,#0x01
   0010 18 02                57 	jr	00104$
   0012                      58 00102$:
                             59 ;../_isupper.c:37: return 0;
   0012 1E 00                60 	ld	e,#0x00
   0014                      61 00104$:
                             62 	
   0014 C9                   63 	ret
   0015                      64 _isupper_end::
                             65 	.area _CODE
                             66 	.area _CABS
