                              1 ;--------------------------------------------------------
                              2 ; File Created by SDCC : free open source ANSI-C Compiler
                              3 ; Version 3.0.1 #6227 (Oct  2 2015) (Linux)
                              4 ; This file was generated Fri Oct  2 17:18:20 2015
                              5 ;--------------------------------------------------------
                              6 	.module _memset
                              7 	.optsdcc -mgbz80
                              8 	
                              9 ;--------------------------------------------------------
                             10 ; Public variables in this module
                             11 ;--------------------------------------------------------
                             12 	.globl _memset
                             13 ;--------------------------------------------------------
                             14 ;  ram data
                             15 ;--------------------------------------------------------
                             16 	.area _DATA
                             17 ;--------------------------------------------------------
                             18 ; overlayable items in  ram 
                             19 ;--------------------------------------------------------
                             20 	.area _OVERLAY
                             21 ;--------------------------------------------------------
                             22 ; external initialized ram data
                             23 ;--------------------------------------------------------
                             24 ;--------------------------------------------------------
                             25 ; global & static initialisations
                             26 ;--------------------------------------------------------
                             27 	.area _HOME
                             28 	.area _GSINIT
                             29 	.area _GSFINAL
                             30 	.area _GSINIT
                             31 ;--------------------------------------------------------
                             32 ; Home
                             33 ;--------------------------------------------------------
                             34 	.area _HOME
                             35 	.area _HOME
                             36 ;--------------------------------------------------------
                             37 ; code
                             38 ;--------------------------------------------------------
                             39 	.area _CODE
                             40 ;../_memset.c:36: void * memset (
                             41 ;	---------------------------------
                             42 ; Function memset
                             43 ; ---------------------------------
   0000                      44 _memset_start::
   0000                      45 _memset:
                             46 	
   0000 F5                   47 	push	af
   0001 F5                   48 	push	af
                             49 ;../_memset.c:41: register unsigned char * ret = buf;
                             50 ;../_memset.c:43: while (count--) {
   0002 F8 06                51 	ldhl	sp,#6
   0004 7E                   52 	ld	a,(hl)
   0005 23                   53 	inc	hl
   0006 5E                   54 	ld	e,(hl)
   0007 F8 02                55 	ldhl	sp,#2
   0009 77                   56 	ld	(hl),a
   000A 23                   57 	inc	hl
   000B 73                   58 	ld	(hl),e
   000C F8 09                59 	ldhl	sp,#9
   000E 7E                   60 	ld	a,(hl)
   000F 23                   61 	inc	hl
   0010 5E                   62 	ld	e,(hl)
   0011 F8 00                63 	ldhl	sp,#0
   0013 77                   64 	ld	(hl),a
   0014 23                   65 	inc	hl
   0015 73                   66 	ld	(hl),e
   0016                      67 00101$:
   0016 F8 01                68 	ldhl	sp,#1
   0018 2B                   69 	dec	hl
   0019 4E                   70 	ld	c,(hl)
   001A 23                   71 	inc	hl
   001B 46                   72 	ld	b,(hl)
   001C 2B                   73 	dec	hl
   001D 5E                   74 	ld	e,(hl)
   001E 23                   75 	inc	hl
   001F 56                   76 	ld	d,(hl)
   0020 1B                   77 	dec	de
   0021 2B                   78 	dec	hl
   0022 73                   79 	ld	(hl),e
   0023 23                   80 	inc	hl
   0024 72                   81 	ld	(hl),d
   0025 79                   82 	ld	a,c
   0026 B0                   83 	or	a,b
   0027 CAr3Es00             84 	jp	Z,00103$
                             85 ;../_memset.c:44: *(unsigned char *) ret = ch;
   002A 23                   86 	inc	hl
   002B 23                   87 	inc	hl
   002C 2B                   88 	dec	hl
   002D 5E                   89 	ld	e,(hl)
   002E 23                   90 	inc	hl
   002F 56                   91 	ld	d,(hl)
   0030 F8 08                92 	ldhl	sp,#8
   0032 7E                   93 	ld	a,(hl)
   0033 12                   94 	ld	(de),a
                             95 ;../_memset.c:45: ret = ((unsigned char *) ret) + 1;
   0034 F8 02                96 	ldhl	sp,#2
   0036 34                   97 	inc	(hl)
   0037 C2r16s00             98 	jp	NZ,00101$
   003A 23                   99 	inc	hl
   003B 34                  100 	inc	(hl)
   003C                     101 00109$:
   003C 18 D8               102 	jr	00101$
   003E                     103 00103$:
                            104 ;../_memset.c:48: return buf ;
   003E F8 07               105 	ldhl	sp,#7
   0040 2B                  106 	dec	hl
   0041 5E                  107 	ld	e,(hl)
   0042 23                  108 	inc	hl
   0043 56                  109 	ld	d,(hl)
   0044                     110 00104$:
   0044 E8 04               111 	lda	sp,4(sp)
   0046 C9                  112 	ret
   0047                     113 _memset_end::
                            114 	.area _CODE
                            115 	.area _CABS
