                              1 ;--------------------------------------------------------
                              2 ; File Created by SDCC : free open source ANSI-C Compiler
                              3 ; Version 3.0.1 #6227 (Oct  2 2015) (Linux)
                              4 ; This file was generated Fri Oct  2 17:18:20 2015
                              5 ;--------------------------------------------------------
                              6 	.module _memcpy
                              7 	.optsdcc -mgbz80
                              8 	
                              9 ;--------------------------------------------------------
                             10 ; Public variables in this module
                             11 ;--------------------------------------------------------
                             12 	.globl _memcpy
                             13 ;--------------------------------------------------------
                             14 ;  ram data
                             15 ;--------------------------------------------------------
                             16 	.area _DATA
                             17 ;--------------------------------------------------------
                             18 ; overlayable items in  ram 
                             19 ;--------------------------------------------------------
                             20 	.area _OVERLAY
                             21 ;--------------------------------------------------------
                             22 ; external initialized ram data
                             23 ;--------------------------------------------------------
                             24 ;--------------------------------------------------------
                             25 ; global & static initialisations
                             26 ;--------------------------------------------------------
                             27 	.area _HOME
                             28 	.area _GSINIT
                             29 	.area _GSFINAL
                             30 	.area _GSINIT
                             31 ;--------------------------------------------------------
                             32 ; Home
                             33 ;--------------------------------------------------------
                             34 	.area _HOME
                             35 	.area _HOME
                             36 ;--------------------------------------------------------
                             37 ; code
                             38 ;--------------------------------------------------------
                             39 	.area _CODE
                             40 ;../_memcpy.c:36: void * memcpy (
                             41 ;	---------------------------------
                             42 ; Function memcpy
                             43 ; ---------------------------------
   0000                      44 _memcpy_start::
   0000                      45 _memcpy:
   0000 E8 F8                46 	lda	sp,-8(sp)
                             47 ;../_memcpy.c:42: void * ret = dst;
   0002 F8 0A                48 	ldhl	sp,#10
   0004 7E                   49 	ld	a,(hl)
   0005 23                   50 	inc	hl
   0006 5E                   51 	ld	e,(hl)
   0007 F8 06                52 	ldhl	sp,#6
   0009 77                   53 	ld	(hl),a
   000A 23                   54 	inc	hl
   000B 73                   55 	ld	(hl),e
                             56 ;../_memcpy.c:44: char * s = src;
   000C F8 0D                57 	ldhl	sp,#13
   000E 2B                   58 	dec	hl
   000F 4E                   59 	ld	c,(hl)
   0010 23                   60 	inc	hl
   0011 46                   61 	ld	b,(hl)
                             62 ;../_memcpy.c:49: while (acount--) {
   0012 F8 02                63 	ldhl	sp,#2
   0014 71                   64 	ld	(hl),c
   0015 23                   65 	inc	hl
   0016 70                   66 	ld	(hl),b
   0017 F8 06                67 	ldhl	sp,#6
   0019 7E                   68 	ld	a,(hl)
   001A 23                   69 	inc	hl
   001B 5E                   70 	ld	e,(hl)
   001C F8 04                71 	ldhl	sp,#4
   001E 77                   72 	ld	(hl),a
   001F 23                   73 	inc	hl
   0020 73                   74 	ld	(hl),e
   0021 F8 0E                75 	ldhl	sp,#14
   0023 7E                   76 	ld	a,(hl)
   0024 23                   77 	inc	hl
   0025 5E                   78 	ld	e,(hl)
   0026 F8 00                79 	ldhl	sp,#0
   0028 77                   80 	ld	(hl),a
   0029 23                   81 	inc	hl
   002A 73                   82 	ld	(hl),e
   002B                      83 00101$:
   002B F8 01                84 	ldhl	sp,#1
   002D 2B                   85 	dec	hl
   002E 4E                   86 	ld	c,(hl)
   002F 23                   87 	inc	hl
   0030 46                   88 	ld	b,(hl)
   0031 2B                   89 	dec	hl
   0032 5E                   90 	ld	e,(hl)
   0033 23                   91 	inc	hl
   0034 56                   92 	ld	d,(hl)
   0035 1B                   93 	dec	de
   0036 2B                   94 	dec	hl
   0037 73                   95 	ld	(hl),e
   0038 23                   96 	inc	hl
   0039 72                   97 	ld	(hl),d
   003A 79                   98 	ld	a,c
   003B B0                   99 	or	a,b
   003C CAr5Ds00            100 	jp	Z,00103$
                            101 ;../_memcpy.c:50: *d++ = *s++;
   003F 23                  102 	inc	hl
   0040 23                  103 	inc	hl
   0041 2B                  104 	dec	hl
   0042 5E                  105 	ld	e,(hl)
   0043 23                  106 	inc	hl
   0044 56                  107 	ld	d,(hl)
   0045 1A                  108 	ld	a,(de)
   0046 2B                  109 	dec	hl
   0047 34                  110 	inc	(hl)
   0048 C2r4Ds00            111 	jp	NZ,00109$
   004B 23                  112 	inc	hl
   004C 34                  113 	inc	(hl)
   004D                     114 00109$:
   004D 23                  115 	inc	hl
   004E 23                  116 	inc	hl
   004F 2B                  117 	dec	hl
   0050 5E                  118 	ld	e,(hl)
   0051 23                  119 	inc	hl
   0052 56                  120 	ld	d,(hl)
   0053 12                  121 	ld	(de),a
   0054 2B                  122 	dec	hl
   0055 34                  123 	inc	(hl)
   0056 C2r2Bs00            124 	jp	NZ,00101$
   0059 23                  125 	inc	hl
   005A 34                  126 	inc	(hl)
   005B                     127 00110$:
   005B 18 CE               128 	jr	00101$
   005D                     129 00103$:
                            130 ;../_memcpy.c:53: return(ret);
   005D F8 07               131 	ldhl	sp,#7
   005F 2B                  132 	dec	hl
   0060 5E                  133 	ld	e,(hl)
   0061 23                  134 	inc	hl
   0062 56                  135 	ld	d,(hl)
   0063                     136 00104$:
   0063 E8 08               137 	lda	sp,8(sp)
   0065 C9                  138 	ret
   0066                     139 _memcpy_end::
                            140 	.area _CODE
                            141 	.area _CABS
