                              1 ;--------------------------------------------------------
                              2 ; File Created by SDCC : free open source ANSI-C Compiler
                              3 ; Version 3.0.1 #6227 (Oct  2 2015) (Linux)
                              4 ; This file was generated Fri Oct  2 17:18:19 2015
                              5 ;--------------------------------------------------------
                              6 	.module _schar2fs
                              7 	.optsdcc -mgbz80
                              8 	
                              9 ;--------------------------------------------------------
                             10 ; Public variables in this module
                             11 ;--------------------------------------------------------
                             12 	.globl ___schar2fs
                             13 ;--------------------------------------------------------
                             14 ;  ram data
                             15 ;--------------------------------------------------------
                             16 	.area _DATA
                             17 ;--------------------------------------------------------
                             18 ; overlayable items in  ram 
                             19 ;--------------------------------------------------------
                             20 	.area _OVERLAY
                             21 ;--------------------------------------------------------
                             22 ; external initialized ram data
                             23 ;--------------------------------------------------------
                             24 ;--------------------------------------------------------
                             25 ; global & static initialisations
                             26 ;--------------------------------------------------------
                             27 	.area _HOME
                             28 	.area _GSINIT
                             29 	.area _GSFINAL
                             30 	.area _GSINIT
                             31 ;--------------------------------------------------------
                             32 ; Home
                             33 ;--------------------------------------------------------
                             34 	.area _HOME
                             35 ;../_schar2fs.c:55: float __schar2fs (signed char sc) {
                             36 ;	---------------------------------
                             37 ; Function __schar2fs
                             38 ; ---------------------------------
   0000                      39 ___schar2fs_start::
   0000                      40 ___schar2fs:
                             41 	
   0000 F5                   42 	push	af
   0001 F5                   43 	push	af
                             44 ;../_schar2fs.c:56: return __slong2fs(sc);
   0002 F8 06                45 	ldhl	sp,#6
   0004 7E                   46 	ld	a,(hl)
   0005 F8 00                47 	ldhl	sp,#0
   0007 77                   48 	ld	(hl),a
   0008 F8 06                49 	ldhl	sp,#6
   000A 7E                   50 	ld	a,(hl)
   000B 17                   51 	rla	
   000C 9F                   52 	sbc	a,a
   000D F8 01                53 	ldhl	sp,#1
   000F 77                   54 	ld	(hl),a
   0010 23                   55 	inc	hl
   0011 77                   56 	ld	(hl),a
   0012 23                   57 	inc	hl
   0013 77                   58 	ld	(hl),a
   0014 2B                   59 	dec	hl
   0015 7E                   60 	ld	a,(hl)
   0016 23                   61 	inc	hl
   0017 66                   62 	ld	h,(hl)
   0018 6F                   63 	ld	l,a
   0019 E5                   64 	push	hl
   001A F8 02                65 	ldhl	sp,#2
   001C 7E                   66 	ld	a,(hl)
   001D 23                   67 	inc	hl
   001E 66                   68 	ld	h,(hl)
   001F 6F                   69 	ld	l,a
   0020 E5                   70 	push	hl
   0021 CDr00s00             71 	call	___slong2fs
   0024 E8 04                72 	lda	sp,4(sp)
   0026 E5                   73 	push	hl
   0027 F8 02                74 	ldhl	sp,#2
   0029 73                   75 	ld	(hl),e
   002A 23                   76 	inc	hl
   002B 72                   77 	ld	(hl),d
   002C D1                   78 	pop	de
   002D 23                   79 	inc	hl
   002E 73                   80 	ld	(hl),e
   002F 23                   81 	inc	hl
   0030 72                   82 	ld	(hl),d
   0031 F8 01                83 	ldhl	sp,#1
   0033 2B                   84 	dec	hl
   0034 5E                   85 	ld	e,(hl)
   0035 23                   86 	inc	hl
   0036 56                   87 	ld	d,(hl)
   0037 23                   88 	inc	hl
   0038 7E                   89 	ld	a,(hl)
   0039 23                   90 	inc	hl
   003A 66                   91 	ld	h,(hl)
   003B 6F                   92 	ld	l,a
   003C                      93 00101$:
   003C E8 04                94 	lda	sp,4(sp)
   003E C9                   95 	ret
   003F                      96 ___schar2fs_end::
                             97 	.area _HOME
                             98 ;--------------------------------------------------------
                             99 ; code
                            100 ;--------------------------------------------------------
                            101 	.area _CODE
                            102 	.area _CODE
                            103 	.area _CABS
