                              1 ;--------------------------------------------------------
                              2 ; File Created by SDCC : free open source ANSI-C Compiler
                              3 ; Version 3.0.1 #6227 (Oct  2 2015) (Linux)
                              4 ; This file was generated Fri Oct  2 17:18:19 2015
                              5 ;--------------------------------------------------------
                              6 	.module _sint2fs
                              7 	.optsdcc -mgbz80
                              8 	
                              9 ;--------------------------------------------------------
                             10 ; Public variables in this module
                             11 ;--------------------------------------------------------
                             12 	.globl ___sint2fs
                             13 ;--------------------------------------------------------
                             14 ;  ram data
                             15 ;--------------------------------------------------------
                             16 	.area _DATA
                             17 ;--------------------------------------------------------
                             18 ; overlayable items in  ram 
                             19 ;--------------------------------------------------------
                             20 	.area _OVERLAY
                             21 ;--------------------------------------------------------
                             22 ; external initialized ram data
                             23 ;--------------------------------------------------------
                             24 ;--------------------------------------------------------
                             25 ; global & static initialisations
                             26 ;--------------------------------------------------------
                             27 	.area _HOME
                             28 	.area _GSINIT
                             29 	.area _GSFINAL
                             30 	.area _GSINIT
                             31 ;--------------------------------------------------------
                             32 ; Home
                             33 ;--------------------------------------------------------
                             34 	.area _HOME
                             35 ;../_sint2fs.c:54: float __sint2fs (signed int si) {
                             36 ;	---------------------------------
                             37 ; Function __sint2fs
                             38 ; ---------------------------------
   0000                      39 ___sint2fs_start::
   0000                      40 ___sint2fs:
                             41 	
   0000 F5                   42 	push	af
   0001 F5                   43 	push	af
                             44 ;../_sint2fs.c:55: return __slong2fs(si);
   0002 F8 06                45 	ldhl	sp,#6
   0004 7E                   46 	ld	a,(hl)
   0005 F8 00                47 	ldhl	sp,#0
   0007 77                   48 	ld	(hl),a
   0008 F8 07                49 	ldhl	sp,#7
   000A 7E                   50 	ld	a,(hl)
   000B F8 01                51 	ldhl	sp,#1
   000D 77                   52 	ld	(hl),a
   000E F8 07                53 	ldhl	sp,#7
   0010 7E                   54 	ld	a,(hl)
   0011 17                   55 	rla	
   0012 9F                   56 	sbc	a,a
   0013 F8 02                57 	ldhl	sp,#2
   0015 77                   58 	ld	(hl),a
   0016 23                   59 	inc	hl
   0017 77                   60 	ld	(hl),a
   0018 2B                   61 	dec	hl
   0019 7E                   62 	ld	a,(hl)
   001A 23                   63 	inc	hl
   001B 66                   64 	ld	h,(hl)
   001C 6F                   65 	ld	l,a
   001D E5                   66 	push	hl
   001E F8 02                67 	ldhl	sp,#2
   0020 7E                   68 	ld	a,(hl)
   0021 23                   69 	inc	hl
   0022 66                   70 	ld	h,(hl)
   0023 6F                   71 	ld	l,a
   0024 E5                   72 	push	hl
   0025 CDr00s00             73 	call	___slong2fs
   0028 E8 04                74 	lda	sp,4(sp)
   002A E5                   75 	push	hl
   002B F8 02                76 	ldhl	sp,#2
   002D 73                   77 	ld	(hl),e
   002E 23                   78 	inc	hl
   002F 72                   79 	ld	(hl),d
   0030 D1                   80 	pop	de
   0031 23                   81 	inc	hl
   0032 73                   82 	ld	(hl),e
   0033 23                   83 	inc	hl
   0034 72                   84 	ld	(hl),d
   0035 F8 01                85 	ldhl	sp,#1
   0037 2B                   86 	dec	hl
   0038 5E                   87 	ld	e,(hl)
   0039 23                   88 	inc	hl
   003A 56                   89 	ld	d,(hl)
   003B 23                   90 	inc	hl
   003C 7E                   91 	ld	a,(hl)
   003D 23                   92 	inc	hl
   003E 66                   93 	ld	h,(hl)
   003F 6F                   94 	ld	l,a
   0040                      95 00101$:
   0040 E8 04                96 	lda	sp,4(sp)
   0042 C9                   97 	ret
   0043                      98 ___sint2fs_end::
                             99 	.area _HOME
                            100 ;--------------------------------------------------------
                            101 ; code
                            102 ;--------------------------------------------------------
                            103 	.area _CODE
                            104 	.area _CODE
                            105 	.area _CABS
