                              1 ;--------------------------------------------------------
                              2 ; File Created by SDCC : free open source ANSI-C Compiler
                              3 ; Version 3.0.1 #6227 (Oct  2 2015) (Linux)
                              4 ; This file was generated Fri Oct  2 17:18:20 2015
                              5 ;--------------------------------------------------------
                              6 	.module _strncmp
                              7 	.optsdcc -mgbz80
                              8 	
                              9 ;--------------------------------------------------------
                             10 ; Public variables in this module
                             11 ;--------------------------------------------------------
                             12 	.globl _strncmp
                             13 ;--------------------------------------------------------
                             14 ;  ram data
                             15 ;--------------------------------------------------------
                             16 	.area _DATA
                             17 ;--------------------------------------------------------
                             18 ; overlayable items in  ram 
                             19 ;--------------------------------------------------------
                             20 	.area _OVERLAY
                             21 ;--------------------------------------------------------
                             22 ; external initialized ram data
                             23 ;--------------------------------------------------------
                             24 ;--------------------------------------------------------
                             25 ; global & static initialisations
                             26 ;--------------------------------------------------------
                             27 	.area _HOME
                             28 	.area _GSINIT
                             29 	.area _GSFINAL
                             30 	.area _GSINIT
                             31 ;--------------------------------------------------------
                             32 ; Home
                             33 ;--------------------------------------------------------
                             34 	.area _HOME
                             35 	.area _HOME
                             36 ;--------------------------------------------------------
                             37 ; code
                             38 ;--------------------------------------------------------
                             39 	.area _CODE
                             40 ;../_strncmp.c:31: int strncmp (
                             41 ;	---------------------------------
                             42 ; Function strncmp
                             43 ; ---------------------------------
   0000                      44 _strncmp_start::
   0000                      45 _strncmp:
   0000 E8 FA                46 	lda	sp,-6(sp)
                             47 ;../_strncmp.c:37: if (!count)
   0002 F8 0C                48 	ldhl	sp,#12
   0004 7E                   49 	ld	a,(hl)
   0005 23                   50 	inc	hl
   0006 B6                   51 	or	a,(hl)
   0007 C2r10s00             52 	jp	NZ,00114$
                             53 ;../_strncmp.c:38: return(0);
   000A 11 00 00             54 	ld	de,#0x0000
   000D C3r97s00             55 	jp	00108$
                             56 ;../_strncmp.c:40: while (--count && *first && *first == *last) {
   0010                      57 00114$:
   0010 F8 08                58 	ldhl	sp,#8
   0012 7E                   59 	ld	a,(hl)
   0013 23                   60 	inc	hl
   0014 5E                   61 	ld	e,(hl)
   0015 F8 00                62 	ldhl	sp,#0
   0017 77                   63 	ld	(hl),a
   0018 23                   64 	inc	hl
   0019 73                   65 	ld	(hl),e
   001A F8 0A                66 	ldhl	sp,#10
   001C 7E                   67 	ld	a,(hl)
   001D 23                   68 	inc	hl
   001E 5E                   69 	ld	e,(hl)
   001F F8 04                70 	ldhl	sp,#4
   0021 77                   71 	ld	(hl),a
   0022 23                   72 	inc	hl
   0023 73                   73 	ld	(hl),e
   0024 F8 0C                74 	ldhl	sp,#12
   0026 7E                   75 	ld	a,(hl)
   0027 23                   76 	inc	hl
   0028 5E                   77 	ld	e,(hl)
   0029 F8 02                78 	ldhl	sp,#2
   002B 77                   79 	ld	(hl),a
   002C 23                   80 	inc	hl
   002D 73                   81 	ld	(hl),e
   002E                      82 00105$:
   002E F8 03                83 	ldhl	sp,#3
   0030 2B                   84 	dec	hl
   0031 5E                   85 	ld	e,(hl)
   0032 23                   86 	inc	hl
   0033 56                   87 	ld	d,(hl)
   0034 1B                   88 	dec	de
   0035 2B                   89 	dec	hl
   0036 73                   90 	ld	(hl),e
   0037 23                   91 	inc	hl
   0038 72                   92 	ld	(hl),d
   0039 2B                   93 	dec	hl
   003A 7E                   94 	ld	a,(hl)
   003B 23                   95 	inc	hl
   003C B6                   96 	or	a,(hl)
   003D CAr6Es00             97 	jp	Z,00107$
   0040 2B                   98 	dec	hl
   0041 2B                   99 	dec	hl
   0042 2B                  100 	dec	hl
   0043 5E                  101 	ld	e,(hl)
   0044 23                  102 	inc	hl
   0045 56                  103 	ld	d,(hl)
   0046 1A                  104 	ld	a,(de)
   0047 47                  105 	ld	b,a
   0048 B7                  106 	or	a,a
   0049 CAr6Es00            107 	jp	Z,00107$
   004C F8 05               108 	ldhl	sp,#5
   004E 2B                  109 	dec	hl
   004F 5E                  110 	ld	e,(hl)
   0050 23                  111 	inc	hl
   0051 56                  112 	ld	d,(hl)
   0052 1A                  113 	ld	a,(de)
   0053 4F                  114 	ld	c,a
   0054 78                  115 	ld	a,b
   0055 91                  116 	sub	a,c
   0056 CAr5Bs00            117 	jp	Z,00117$
   0059                     118 00116$:
   0059 18 13               119 	jr	00107$
   005B                     120 00117$:
                            121 ;../_strncmp.c:41: first++;
   005B F8 00               122 	ldhl	sp,#0
   005D 34                  123 	inc	(hl)
   005E C2r63s00            124 	jp	NZ,00118$
   0061 23                  125 	inc	hl
   0062 34                  126 	inc	(hl)
   0063                     127 00118$:
                            128 ;../_strncmp.c:42: last++;
   0063 F8 04               129 	ldhl	sp,#4
   0065 34                  130 	inc	(hl)
   0066 C2r2Es00            131 	jp	NZ,00105$
   0069 23                  132 	inc	hl
   006A 34                  133 	inc	(hl)
   006B                     134 00119$:
   006B C3r2Es00            135 	jp	00105$
   006E                     136 00107$:
                            137 ;../_strncmp.c:45: return( *first - *last );
   006E F8 01               138 	ldhl	sp,#1
   0070 2B                  139 	dec	hl
   0071 5E                  140 	ld	e,(hl)
   0072 23                  141 	inc	hl
   0073 56                  142 	ld	d,(hl)
   0074 1A                  143 	ld	a,(de)
   0075 4F                  144 	ld	c,a
   0076 2B                  145 	dec	hl
   0077 71                  146 	ld	(hl),c
   0078 79                  147 	ld	a,c
   0079 17                  148 	rla	
   007A 9F                  149 	sbc	a,a
   007B 23                  150 	inc	hl
   007C 77                  151 	ld	(hl),a
   007D F8 05               152 	ldhl	sp,#5
   007F 2B                  153 	dec	hl
   0080 5E                  154 	ld	e,(hl)
   0081 23                  155 	inc	hl
   0082 56                  156 	ld	d,(hl)
   0083 1A                  157 	ld	a,(de)
   0084 4F                  158 	ld	c,a
   0085 17                  159 	rla	
   0086 9F                  160 	sbc	a,a
   0087 47                  161 	ld	b,a
   0088 F8 01               162 	ldhl	sp,#1
   008A 2B                  163 	dec	hl
   008B 5E                  164 	ld	e,(hl)
   008C 23                  165 	inc	hl
   008D 56                  166 	ld	d,(hl)
   008E 7B                  167 	ld	a,e
   008F 91                  168 	sub	a,c
   0090 5F                  169 	ld	e,a
   0091 7A                  170 	ld	a,d
   0092 98                  171 	sbc	a,b
   0093 47                  172 	ld	b,a
   0094 4B                  173 	ld	c,e
   0095 59                  174 	ld	e,c
   0096 50                  175 	ld	d,b
   0097                     176 00108$:
   0097 E8 06               177 	lda	sp,6(sp)
   0099 C9                  178 	ret
   009A                     179 _strncmp_end::
                            180 	.area _CODE
                            181 	.area _CABS
