                              1 ;--------------------------------------------------------
                              2 ; File Created by SDCC : free open source ANSI-C Compiler
                              3 ; Version 3.0.1 #6227 (Oct  2 2015) (Linux)
                              4 ; This file was generated Fri Oct  2 17:18:20 2015
                              5 ;--------------------------------------------------------
                              6 	.module _strncat
                              7 	.optsdcc -mgbz80
                              8 	
                              9 ;--------------------------------------------------------
                             10 ; Public variables in this module
                             11 ;--------------------------------------------------------
                             12 	.globl _strncat
                             13 ;--------------------------------------------------------
                             14 ;  ram data
                             15 ;--------------------------------------------------------
                             16 	.area _DATA
                             17 ;--------------------------------------------------------
                             18 ; overlayable items in  ram 
                             19 ;--------------------------------------------------------
                             20 	.area _OVERLAY
                             21 ;--------------------------------------------------------
                             22 ; external initialized ram data
                             23 ;--------------------------------------------------------
                             24 ;--------------------------------------------------------
                             25 ; global & static initialisations
                             26 ;--------------------------------------------------------
                             27 	.area _HOME
                             28 	.area _GSINIT
                             29 	.area _GSFINAL
                             30 	.area _GSINIT
                             31 ;--------------------------------------------------------
                             32 ; Home
                             33 ;--------------------------------------------------------
                             34 	.area _HOME
                             35 	.area _HOME
                             36 ;--------------------------------------------------------
                             37 ; code
                             38 ;--------------------------------------------------------
                             39 	.area _CODE
                             40 ;../_strncat.c:31: char * strncat (
                             41 ;	---------------------------------
                             42 ; Function strncat
                             43 ; ---------------------------------
   0000                      44 _strncat_start::
   0000                      45 _strncat:
   0000 E8 F8                46 	lda	sp,-8(sp)
                             47 ;../_strncat.c:37: char *start = front;
   0002 F8 0A                48 	ldhl	sp,#10
   0004 7E                   49 	ld	a,(hl)
   0005 23                   50 	inc	hl
   0006 5E                   51 	ld	e,(hl)
   0007 F8 06                52 	ldhl	sp,#6
   0009 77                   53 	ld	(hl),a
   000A 23                   54 	inc	hl
   000B 73                   55 	ld	(hl),e
                             56 ;../_strncat.c:39: while (*front++);
   000C 2B                   57 	dec	hl
   000D 4E                   58 	ld	c,(hl)
   000E 23                   59 	inc	hl
   000F 46                   60 	ld	b,(hl)
   0010                      61 00101$:
   0010 0A                   62 	ld	a,(bc)
   0011 03                   63 	inc	bc
   0012 B7                   64 	or	a,a
   0013 C2r10s00             65 	jp	NZ,00101$
                             66 ;../_strncat.c:41: front--;
   0016 11 01 00             67 	ld	de,#0x0001
   0019 79                   68 	ld	a,c
   001A 93                   69 	sub	a,e
   001B 5F                   70 	ld	e,a
   001C 78                   71 	ld	a,b
   001D 9A                   72 	sbc	a,d
   001E F8 0B                73 	ldhl	sp,#11
   0020 77                   74 	ld	(hl),a
   0021 2B                   75 	dec	hl
   0022 73                   76 	ld	(hl),e
                             77 ;../_strncat.c:43: while (count--)
   0023 23                   78 	inc	hl
   0024 23                   79 	inc	hl
   0025 7E                   80 	ld	a,(hl)
   0026 23                   81 	inc	hl
   0027 5E                   82 	ld	e,(hl)
   0028 F8 00                83 	ldhl	sp,#0
   002A 77                   84 	ld	(hl),a
   002B 23                   85 	inc	hl
   002C 73                   86 	ld	(hl),e
   002D F8 0A                87 	ldhl	sp,#10
   002F 7E                   88 	ld	a,(hl)
   0030 23                   89 	inc	hl
   0031 5E                   90 	ld	e,(hl)
   0032 F8 04                91 	ldhl	sp,#4
   0034 77                   92 	ld	(hl),a
   0035 23                   93 	inc	hl
   0036 73                   94 	ld	(hl),e
   0037 F8 0E                95 	ldhl	sp,#14
   0039 7E                   96 	ld	a,(hl)
   003A 23                   97 	inc	hl
   003B 5E                   98 	ld	e,(hl)
   003C F8 02                99 	ldhl	sp,#2
   003E 77                  100 	ld	(hl),a
   003F 23                  101 	inc	hl
   0040 73                  102 	ld	(hl),e
   0041                     103 00106$:
   0041 F8 03               104 	ldhl	sp,#3
   0043 2B                  105 	dec	hl
   0044 4E                  106 	ld	c,(hl)
   0045 23                  107 	inc	hl
   0046 46                  108 	ld	b,(hl)
   0047 2B                  109 	dec	hl
   0048 5E                  110 	ld	e,(hl)
   0049 23                  111 	inc	hl
   004A 56                  112 	ld	d,(hl)
   004B 1B                  113 	dec	de
   004C 2B                  114 	dec	hl
   004D 73                  115 	ld	(hl),e
   004E 23                  116 	inc	hl
   004F 72                  117 	ld	(hl),d
   0050 79                  118 	ld	a,c
   0051 B0                  119 	or	a,b
   0052 CAr89s00            120 	jp	Z,00108$
                            121 ;../_strncat.c:44: if (!(*front++ = *back++))
   0055 2B                  122 	dec	hl
   0056 2B                  123 	dec	hl
   0057 2B                  124 	dec	hl
   0058 5E                  125 	ld	e,(hl)
   0059 23                  126 	inc	hl
   005A 56                  127 	ld	d,(hl)
   005B 1A                  128 	ld	a,(de)
   005C 4F                  129 	ld	c,a
   005D 2B                  130 	dec	hl
   005E 34                  131 	inc	(hl)
   005F C2r64s00            132 	jp	NZ,00117$
   0062 23                  133 	inc	hl
   0063 34                  134 	inc	(hl)
   0064                     135 00117$:
   0064 F8 05               136 	ldhl	sp,#5
   0066 2B                  137 	dec	hl
   0067 5E                  138 	ld	e,(hl)
   0068 23                  139 	inc	hl
   0069 56                  140 	ld	d,(hl)
   006A 79                  141 	ld	a,c
   006B 12                  142 	ld	(de),a
   006C 2B                  143 	dec	hl
   006D 34                  144 	inc	(hl)
   006E C2r73s00            145 	jp	NZ,00118$
   0071 23                  146 	inc	hl
   0072 34                  147 	inc	(hl)
   0073                     148 00118$:
   0073 2B                  149 	dec	hl
   0074 7E                  150 	ld	a,(hl)
   0075 23                  151 	inc	hl
   0076 5E                  152 	ld	e,(hl)
   0077 F8 0A               153 	ldhl	sp,#10
   0079 77                  154 	ld	(hl),a
   007A 23                  155 	inc	hl
   007B 73                  156 	ld	(hl),e
   007C AF                  157 	xor	a,a
   007D B1                  158 	or	a,c
   007E C2r41s00            159 	jp	NZ,00106$
                            160 ;../_strncat.c:45: return(start);
   0081 F8 07               161 	ldhl	sp,#7
   0083 2B                  162 	dec	hl
   0084 5E                  163 	ld	e,(hl)
   0085 23                  164 	inc	hl
   0086 56                  165 	ld	d,(hl)
   0087 18 0F               166 	jr	00109$
   0089                     167 00108$:
                            168 ;../_strncat.c:47: *front = '\0';
   0089 F8 0B               169 	ldhl	sp,#11
   008B 2B                  170 	dec	hl
   008C 4E                  171 	ld	c,(hl)
   008D 23                  172 	inc	hl
   008E 46                  173 	ld	b,(hl)
   008F 3E 00               174 	ld	a,#0x00
   0091 02                  175 	ld	(bc),a
                            176 ;../_strncat.c:48: return(start);
   0092 F8 07               177 	ldhl	sp,#7
   0094 2B                  178 	dec	hl
   0095 5E                  179 	ld	e,(hl)
   0096 23                  180 	inc	hl
   0097 56                  181 	ld	d,(hl)
   0098                     182 00109$:
   0098 E8 08               183 	lda	sp,8(sp)
   009A C9                  184 	ret
   009B                     185 _strncat_end::
                            186 	.area _CODE
                            187 	.area _CABS
