                              1 ;--------------------------------------------------------
                              2 ; File Created by SDCC : free open source ANSI-C Compiler
                              3 ; Version 3.0.1 #6227 (Oct  2 2015) (Linux)
                              4 ; This file was generated Fri Oct  2 17:18:20 2015
                              5 ;--------------------------------------------------------
                              6 	.module _strncpy
                              7 	.optsdcc -mgbz80
                              8 	
                              9 ;--------------------------------------------------------
                             10 ; Public variables in this module
                             11 ;--------------------------------------------------------
                             12 	.globl _strncpy
                             13 ;--------------------------------------------------------
                             14 ;  ram data
                             15 ;--------------------------------------------------------
                             16 	.area _DATA
                             17 ;--------------------------------------------------------
                             18 ; overlayable items in  ram 
                             19 ;--------------------------------------------------------
                             20 	.area _OVERLAY
                             21 ;--------------------------------------------------------
                             22 ; external initialized ram data
                             23 ;--------------------------------------------------------
                             24 ;--------------------------------------------------------
                             25 ; global & static initialisations
                             26 ;--------------------------------------------------------
                             27 	.area _HOME
                             28 	.area _GSINIT
                             29 	.area _GSFINAL
                             30 	.area _GSINIT
                             31 ;--------------------------------------------------------
                             32 ; Home
                             33 ;--------------------------------------------------------
                             34 	.area _HOME
                             35 	.area _HOME
                             36 ;--------------------------------------------------------
                             37 ; code
                             38 ;--------------------------------------------------------
                             39 	.area _CODE
                             40 ;../_strncpy.c:31: char *strncpy (
                             41 ;	---------------------------------
                             42 ; Function strncpy
                             43 ; ---------------------------------
   0000                      44 _strncpy_start::
   0000                      45 _strncpy:
   0000 E8 F9                46 	lda	sp,-7(sp)
                             47 ;../_strncpy.c:36: register char * d1 =  d;
   0002 F8 09                48 	ldhl	sp,#9
   0004 7E                   49 	ld	a,(hl)
   0005 23                   50 	inc	hl
   0006 5E                   51 	ld	e,(hl)
   0007 F8 05                52 	ldhl	sp,#5
   0009 77                   53 	ld	(hl),a
   000A 23                   54 	inc	hl
   000B 73                   55 	ld	(hl),e
                             56 ;../_strncpy.c:38: while ( n && *s )
   000C F8 0E                57 	ldhl	sp,#14
   000E 2B                   58 	dec	hl
   000F 4E                   59 	ld	c,(hl)
   0010 23                   60 	inc	hl
   0011 46                   61 	ld	b,(hl)
   0012 F8 0B                62 	ldhl	sp,#11
   0014 7E                   63 	ld	a,(hl)
   0015 23                   64 	inc	hl
   0016 5E                   65 	ld	e,(hl)
   0017 F8 03                66 	ldhl	sp,#3
   0019 77                   67 	ld	(hl),a
   001A 23                   68 	inc	hl
   001B 73                   69 	ld	(hl),e
   001C 23                   70 	inc	hl
   001D 7E                   71 	ld	a,(hl)
   001E 23                   72 	inc	hl
   001F 5E                   73 	ld	e,(hl)
   0020 F8 01                74 	ldhl	sp,#1
   0022 77                   75 	ld	(hl),a
   0023 23                   76 	inc	hl
   0024 73                   77 	ld	(hl),e
   0025                      78 00102$:
   0025 79                   79 	ld	a,c
   0026 B0                   80 	or	a,b
   0027 CAr52s00             81 	jp	Z,00114$
   002A F8 04                82 	ldhl	sp,#4
   002C 2B                   83 	dec	hl
   002D 5E                   84 	ld	e,(hl)
   002E 23                   85 	inc	hl
   002F 56                   86 	ld	d,(hl)
   0030 1A                   87 	ld	a,(de)
   0031 F8 00                88 	ldhl	sp,#0
   0033 77                   89 	ld	(hl),a
   0034 B7                   90 	or	a,a
   0035 CAr52s00             91 	jp	Z,00114$
                             92 ;../_strncpy.c:40: n-- ;
   0038 0B                   93 	dec	bc
                             94 ;../_strncpy.c:41: *d++ = *s++ ;
   0039 7E                   95 	ld	a,(hl)
   003A F8 03                96 	ldhl	sp,#3
   003C 34                   97 	inc	(hl)
   003D C2r42s00             98 	jp	NZ,00117$
   0040 23                   99 	inc	hl
   0041 34                  100 	inc	(hl)
   0042                     101 00117$:
   0042 2B                  102 	dec	hl
   0043 2B                  103 	dec	hl
   0044 2B                  104 	dec	hl
   0045 5E                  105 	ld	e,(hl)
   0046 23                  106 	inc	hl
   0047 56                  107 	ld	d,(hl)
   0048 12                  108 	ld	(de),a
   0049 2B                  109 	dec	hl
   004A 34                  110 	inc	(hl)
   004B C2r25s00            111 	jp	NZ,00102$
   004E 23                  112 	inc	hl
   004F 34                  113 	inc	(hl)
   0050                     114 00118$:
   0050 18 D3               115 	jr	00102$
                            116 ;../_strncpy.c:43: while ( n-- )
   0052                     117 00114$:
   0052 F8 03               118 	ldhl	sp,#3
   0054 71                  119 	ld	(hl),c
   0055 23                  120 	inc	hl
   0056 70                  121 	ld	(hl),b
   0057                     122 00105$:
   0057 F8 04               123 	ldhl	sp,#4
   0059 2B                  124 	dec	hl
   005A 4E                  125 	ld	c,(hl)
   005B 23                  126 	inc	hl
   005C 46                  127 	ld	b,(hl)
   005D 2B                  128 	dec	hl
   005E 5E                  129 	ld	e,(hl)
   005F 23                  130 	inc	hl
   0060 56                  131 	ld	d,(hl)
   0061 1B                  132 	dec	de
   0062 2B                  133 	dec	hl
   0063 73                  134 	ld	(hl),e
   0064 23                  135 	inc	hl
   0065 72                  136 	ld	(hl),d
   0066 79                  137 	ld	a,c
   0067 B0                  138 	or	a,b
   0068 CAr7Ds00            139 	jp	Z,00107$
                            140 ;../_strncpy.c:45: *d++ = '\0' ;
   006B 2B                  141 	dec	hl
   006C 2B                  142 	dec	hl
   006D 2B                  143 	dec	hl
   006E 5E                  144 	ld	e,(hl)
   006F 23                  145 	inc	hl
   0070 56                  146 	ld	d,(hl)
   0071 3E 00               147 	ld	a,#0x00
   0073 12                  148 	ld	(de),a
   0074 2B                  149 	dec	hl
   0075 34                  150 	inc	(hl)
   0076 C2r57s00            151 	jp	NZ,00105$
   0079 23                  152 	inc	hl
   007A 34                  153 	inc	(hl)
   007B                     154 00119$:
   007B 18 DA               155 	jr	00105$
   007D                     156 00107$:
                            157 ;../_strncpy.c:47: return d1;
   007D F8 06               158 	ldhl	sp,#6
   007F 2B                  159 	dec	hl
   0080 5E                  160 	ld	e,(hl)
   0081 23                  161 	inc	hl
   0082 56                  162 	ld	d,(hl)
   0083                     163 00108$:
   0083 E8 07               164 	lda	sp,7(sp)
   0085 C9                  165 	ret
   0086                     166 _strncpy_end::
                            167 	.area _CODE
                            168 	.area _CABS
