                              1 ;--------------------------------------------------------
                              2 ; File Created by SDCC : free open source ANSI-C Compiler
                              3 ; Version 3.0.1 #6227 (Oct  2 2015) (Linux)
                              4 ; This file was generated Fri Oct  2 17:18:19 2015
                              5 ;--------------------------------------------------------
                              6 	.module cosf
                              7 	.optsdcc -mgbz80
                              8 	
                              9 ;--------------------------------------------------------
                             10 ; Public variables in this module
                             11 ;--------------------------------------------------------
                             12 	.globl _cosf
                             13 ;--------------------------------------------------------
                             14 ;  ram data
                             15 ;--------------------------------------------------------
                             16 	.area _DATA
                             17 ;--------------------------------------------------------
                             18 ; overlayable items in  ram 
                             19 ;--------------------------------------------------------
                             20 	.area _OVERLAY
                             21 ;--------------------------------------------------------
                             22 ; external initialized ram data
                             23 ;--------------------------------------------------------
                             24 ;--------------------------------------------------------
                             25 ; global & static initialisations
                             26 ;--------------------------------------------------------
                             27 	.area _HOME
                             28 	.area _GSINIT
                             29 	.area _GSFINAL
                             30 	.area _GSINIT
                             31 ;--------------------------------------------------------
                             32 ; Home
                             33 ;--------------------------------------------------------
                             34 	.area _HOME
                             35 	.area _HOME
                             36 ;--------------------------------------------------------
                             37 ; code
                             38 ;--------------------------------------------------------
                             39 	.area _CODE
                             40 ;../cosf.c:36: float cosf(const float x) _FLOAT_FUNC_REENTRANT
                             41 ;	---------------------------------
                             42 ; Function cosf
                             43 ; ---------------------------------
   0000                      44 _cosf_start::
   0000                      45 _cosf:
                             46 	
   0000 F5                   47 	push	af
   0001 F5                   48 	push	af
                             49 ;../cosf.c:38: if (x==0.0) return 1.0;
   0002 F8 06                50 	ldhl	sp,#6
   0004 7E                   51 	ld	a,(hl)
   0005 23                   52 	inc	hl
   0006 B6                   53 	or	a,(hl)
   0007 23                   54 	inc	hl
   0008 B6                   55 	or	a,(hl)
   0009 23                   56 	inc	hl
   000A B6                   57 	or	a,(hl)
   000B C2r16s00             58 	jp	NZ,00102$
   000E 11 00 00             59 	ld	de,#0x0000
   0011 21 80 3F             60 	ld	hl,#0x3F80
   0014 18 2D                61 	jr	00103$
   0016                      62 00102$:
                             63 ;../cosf.c:39: return sincosf(x, 1);
   0016 3E 01                64 	ld	a,#0x01
   0018 F5                   65 	push	af
   0019 33                   66 	inc	sp
   001A F8 09                67 	ldhl	sp,#9
   001C 7E                   68 	ld	a,(hl)
   001D 23                   69 	inc	hl
   001E 66                   70 	ld	h,(hl)
   001F 6F                   71 	ld	l,a
   0020 E5                   72 	push	hl
   0021 F8 09                73 	ldhl	sp,#9
   0023 7E                   74 	ld	a,(hl)
   0024 23                   75 	inc	hl
   0025 66                   76 	ld	h,(hl)
   0026 6F                   77 	ld	l,a
   0027 E5                   78 	push	hl
   0028 CDr00s00             79 	call	_sincosf
   002B E8 05                80 	lda	sp,5(sp)
   002D E5                   81 	push	hl
   002E F8 02                82 	ldhl	sp,#2
   0030 73                   83 	ld	(hl),e
   0031 23                   84 	inc	hl
   0032 72                   85 	ld	(hl),d
   0033 D1                   86 	pop	de
   0034 23                   87 	inc	hl
   0035 73                   88 	ld	(hl),e
   0036 23                   89 	inc	hl
   0037 72                   90 	ld	(hl),d
   0038 F8 01                91 	ldhl	sp,#1
   003A 2B                   92 	dec	hl
   003B 5E                   93 	ld	e,(hl)
   003C 23                   94 	inc	hl
   003D 56                   95 	ld	d,(hl)
   003E 23                   96 	inc	hl
   003F 7E                   97 	ld	a,(hl)
   0040 23                   98 	inc	hl
   0041 66                   99 	ld	h,(hl)
   0042 6F                  100 	ld	l,a
   0043                     101 00103$:
   0043 E8 04               102 	lda	sp,4(sp)
   0045 C9                  103 	ret
   0046                     104 _cosf_end::
                            105 	.area _CODE
                            106 	.area _CABS
