                              1 ;--------------------------------------------------------
                              2 ; File Created by SDCC : free open source ANSI-C Compiler
                              3 ; Version 3.0.1 #6227 (Oct  2 2015) (Linux)
                              4 ; This file was generated Fri Oct  2 17:18:19 2015
                              5 ;--------------------------------------------------------
                              6 	.module labs
                              7 	.optsdcc -mgbz80
                              8 	
                              9 ;--------------------------------------------------------
                             10 ; Public variables in this module
                             11 ;--------------------------------------------------------
                             12 	.globl _labs
                             13 ;--------------------------------------------------------
                             14 ;  ram data
                             15 ;--------------------------------------------------------
                             16 	.area _DATA
                             17 ;--------------------------------------------------------
                             18 ; overlayable items in  ram 
                             19 ;--------------------------------------------------------
                             20 	.area _OVERLAY
                             21 ;--------------------------------------------------------
                             22 ; external initialized ram data
                             23 ;--------------------------------------------------------
                             24 ;--------------------------------------------------------
                             25 ; global & static initialisations
                             26 ;--------------------------------------------------------
                             27 	.area _HOME
                             28 	.area _GSINIT
                             29 	.area _GSFINAL
                             30 	.area _GSINIT
                             31 ;--------------------------------------------------------
                             32 ; Home
                             33 ;--------------------------------------------------------
                             34 	.area _HOME
                             35 	.area _HOME
                             36 ;--------------------------------------------------------
                             37 ; code
                             38 ;--------------------------------------------------------
                             39 	.area _CODE
                             40 ;../labs.c:63: long int labs(long int j)
                             41 ;	---------------------------------
                             42 ; Function labs
                             43 ; ---------------------------------
   0000                      44 _labs_start::
   0000                      45 _labs:
                             46 	
   0000 F5                   47 	push	af
   0001 F5                   48 	push	af
                             49 ;../labs.c:65: return (j < 0) ? -j : j;
   0002 F8 06                50 	ldhl	sp,#6
   0004 7E                   51 	ld	a, (hl)
   0005 D6 00                52 	sub	a, #0x00
   0007 23                   53 	inc	hl
   0008 7E                   54 	ld	a, (hl)
   0009 DE 00                55 	sbc	a, #0x00
   000B 23                   56 	inc	hl
   000C 7E                   57 	ld	a, (hl)
   000D DE 00                58 	sbc	a, #0x00
   000F 23                   59 	inc	hl
   0010 7E                   60 	ld	a, (hl)
   0011 DE 00                61 	sbc	a, #0x00
   0013 56                   62 	ld	d, (hl)
   0014 3E 00                63 	ld	a, #0x00
   0016 5F                   64 	ld	e, a
   0017 CB 7B                65 	bit	7, e
   0019 CAr24s00             66 	jp	Z, 00106$
   001C CB 7A                67 	bit	7, d
   001E C2r2As00             68 	jp	NZ, 00107$
   0021 BF                   69 	cp	a, a
   0022 18 06                70 	jr	00107$
   0024                      71 00106$:
   0024 CB 7A                72 	bit	7, d
   0026 CAr2As00             73 	jp	Z, 00107$
   0029 37                   74 	scf
   002A                      75 00107$:
   002A D2r51s00             76 	jp	NC,00103$
   002D 11 00 00             77 	ld	de,#0x0000
   0030 7B                   78 	ld	a,e
   0031 F8 06                79 	ldhl	sp,#6
   0033 96                   80 	sub	a,(hl)
   0034 5F                   81 	ld	e,a
   0035 7A                   82 	ld	a,d
   0036 23                   83 	inc	hl
   0037 9E                   84 	sbc	a,(hl)
   0038 F5                   85 	push	af
   0039 F8 03                86 	ldhl	sp,#3
   003B 77                   87 	ld	(hl),a
   003C 2B                   88 	dec	hl
   003D 73                   89 	ld	(hl),e
   003E 11 00 00             90 	ld	de,#0x0000
   0041 F8 0A                91 	ldhl	sp,#10
   0043 F1                   92 	pop	af
   0044 7B                   93 	ld	a,e
   0045 9E                   94 	sbc	a,(hl)
   0046 5F                   95 	ld	e,a
   0047 7A                   96 	ld	a,d
   0048 23                   97 	inc	hl
   0049 9E                   98 	sbc	a,(hl)
   004A F8 03                99 	ldhl	sp,#3
   004C 77                  100 	ld	(hl),a
   004D 2B                  101 	dec	hl
   004E 73                  102 	ld	(hl),e
   004F 18 14               103 	jr	00104$
   0051                     104 00103$:
   0051 F8 06               105 	ldhl	sp,#6
   0053 54                  106 	ld	d,h
   0054 5D                  107 	ld	e,l
   0055 F8 00               108 	ldhl	sp,#0
   0057 1A                  109 	ld	a,(de)
   0058 77                  110 	ld	(hl),a
   0059 23                  111 	inc	hl
   005A 13                  112 	inc	de
   005B 1A                  113 	ld	a,(de)
   005C 77                  114 	ld	(hl),a
   005D 23                  115 	inc	hl
   005E 13                  116 	inc	de
   005F 1A                  117 	ld	a,(de)
   0060 77                  118 	ld	(hl),a
   0061 23                  119 	inc	hl
   0062 13                  120 	inc	de
   0063 1A                  121 	ld	a,(de)
   0064 77                  122 	ld	(hl),a
   0065                     123 00104$:
   0065 F8 01               124 	ldhl	sp,#1
   0067 2B                  125 	dec	hl
   0068 5E                  126 	ld	e,(hl)
   0069 23                  127 	inc	hl
   006A 56                  128 	ld	d,(hl)
   006B 23                  129 	inc	hl
   006C 7E                  130 	ld	a,(hl)
   006D 23                  131 	inc	hl
   006E 66                  132 	ld	h,(hl)
   006F 6F                  133 	ld	l,a
   0070                     134 00101$:
   0070 E8 04               135 	lda	sp,4(sp)
   0072 C9                  136 	ret
   0073                     137 _labs_end::
                            138 	.area _CODE
                            139 	.area _CABS
