                              1 ;--------------------------------------------------------
                              2 ; File Created by SDCC : free open source ANSI-C Compiler
                              3 ; Version 3.0.1 #6227 (Oct  2 2015) (Linux)
                              4 ; This file was generated Fri Oct  2 17:18:19 2015
                              5 ;--------------------------------------------------------
                              6 	.module sinhf
                              7 	.optsdcc -mgbz80
                              8 	
                              9 ;--------------------------------------------------------
                             10 ; Public variables in this module
                             11 ;--------------------------------------------------------
                             12 	.globl _sinhf
                             13 ;--------------------------------------------------------
                             14 ;  ram data
                             15 ;--------------------------------------------------------
                             16 	.area _DATA
                             17 ;--------------------------------------------------------
                             18 ; overlayable items in  ram 
                             19 ;--------------------------------------------------------
                             20 	.area _OVERLAY
                             21 ;--------------------------------------------------------
                             22 ; external initialized ram data
                             23 ;--------------------------------------------------------
                             24 ;--------------------------------------------------------
                             25 ; global & static initialisations
                             26 ;--------------------------------------------------------
                             27 	.area _HOME
                             28 	.area _GSINIT
                             29 	.area _GSFINAL
                             30 	.area _GSINIT
                             31 ;--------------------------------------------------------
                             32 ; Home
                             33 ;--------------------------------------------------------
                             34 	.area _HOME
                             35 	.area _HOME
                             36 ;--------------------------------------------------------
                             37 ; code
                             38 ;--------------------------------------------------------
                             39 	.area _CODE
                             40 ;../sinhf.c:35: float sinhf(const float x) _FLOAT_FUNC_REENTRANT
                             41 ;	---------------------------------
                             42 ; Function sinhf
                             43 ; ---------------------------------
   0000                      44 _sinhf_start::
   0000                      45 _sinhf:
                             46 	
   0000 F5                   47 	push	af
   0001 F5                   48 	push	af
                             49 ;../sinhf.c:37: return sincoshf(x, 0);
   0002 21 00 00             50 	ld	hl,#0x0000
   0005 E5                   51 	push	hl
   0006 F8 0A                52 	ldhl	sp,#10
   0008 7E                   53 	ld	a,(hl)
   0009 23                   54 	inc	hl
   000A 66                   55 	ld	h,(hl)
   000B 6F                   56 	ld	l,a
   000C E5                   57 	push	hl
   000D F8 0A                58 	ldhl	sp,#10
   000F 7E                   59 	ld	a,(hl)
   0010 23                   60 	inc	hl
   0011 66                   61 	ld	h,(hl)
   0012 6F                   62 	ld	l,a
   0013 E5                   63 	push	hl
   0014 CDr00s00             64 	call	_sincoshf
   0017 E8 06                65 	lda	sp,6(sp)
   0019 E5                   66 	push	hl
   001A F8 02                67 	ldhl	sp,#2
   001C 73                   68 	ld	(hl),e
   001D 23                   69 	inc	hl
   001E 72                   70 	ld	(hl),d
   001F D1                   71 	pop	de
   0020 23                   72 	inc	hl
   0021 73                   73 	ld	(hl),e
   0022 23                   74 	inc	hl
   0023 72                   75 	ld	(hl),d
   0024 F8 01                76 	ldhl	sp,#1
   0026 2B                   77 	dec	hl
   0027 5E                   78 	ld	e,(hl)
   0028 23                   79 	inc	hl
   0029 56                   80 	ld	d,(hl)
   002A 23                   81 	inc	hl
   002B 7E                   82 	ld	a,(hl)
   002C 23                   83 	inc	hl
   002D 66                   84 	ld	h,(hl)
   002E 6F                   85 	ld	l,a
   002F                      86 00101$:
   002F E8 04                87 	lda	sp,4(sp)
   0031 C9                   88 	ret
   0032                      89 _sinhf_end::
                             90 	.area _CODE
                             91 	.area _CABS
