                              1 ;--------------------------------------------------------------------------
                              2 ;  stubs.s
                              3 ;
                              4 ;  Copyright (C) 2001, Michael Hope
                              5 ;
                              6 ;  This library is free software; you can redistribute it and/or modify it
                              7 ;  under the terms of the GNU General Public License as published by the
                              8 ;  Free Software Foundation; either version 2.1, or (at your option) any
                              9 ;  later version.
                             10 ;
                             11 ;  This library is distributed in the hope that it will be useful,
                             12 ;  but WITHOUT ANY WARRANTY; without even the implied warranty of
                             13 ;  MERCHANTABILITY or FITNESS FOR A PARTICULAR PURPOSE. See the
                             14 ;  GNU General Public License for more details.
                             15 ;
                             16 ;  You should have received a copy of the GNU General Public License 
                             17 ;  along with this library; see the file COPYING. If not, write to the
                             18 ;  Free Software Foundation, 51 Franklin Street, Fifth Floor, Boston,
                             19 ;   MA 02110-1301, USA.
                             20 ;
                             21 ;  As a special exception, if you link this library with other files,
                             22 ;  some of which are compiled with SDCC, to produce an executable,
                             23 ;  this library does not by itself cause the resulting executable to
                             24 ;  be covered by the GNU General Public License. This exception does
                             25 ;  not however invalidate any other reasons why the executable file
                             26 ;   might be covered by the GNU General Public License.
                             27 ;--------------------------------------------------------------------------
                             28 
                             29 ; Just stubs - not copyrightable
                             30 
                             31         ;; Stubs to match between function names
                             32         .area   _CODE
                             33 
                             34         .globl  __mullong
                             35         .globl  __modslong
                             36         .globl  __modulong
                             37         .globl  __divslong
                             38         .globl  __divulong
                             39         .globl  __divschar_rrx_s
                             40         .globl  __divsint_rrx_s
                             41         .globl  __divuchar_rrx_s
                             42         .globl  __divuint_rrx_s
                             43         .globl  __mulschar_rrx_s
                             44         .globl  __muluchar_rrx_s
                             45         .globl  __mulint_rrx_s
                             46         .globl  __moduchar_rrx_s
                             47         .globl  __modschar_rrx_s
                             48         .globl  __moduint_rrx_s
                             49         .globl  __modsint_rrx_s
                             50         .globl  __rrulong_rrx_s
                             51         .globl  __rrslong_rrx_s
                             52         .globl  __rlulong_rrx_s
                             53         .globl  __rlslong_rrx_s
                             54 
   0000                      55 __mullong_rrx_s::
   0000                      56 __mullong_rrf_s::
   0000 C3r00s00             57         jp      __mullong
                             58 
   0003                      59 __modslong_rrx_s::
   0003                      60 __modslong_rrf_s::
   0003 C3r00s00             61         jp      __modslong
                             62 
   0006                      63 __modulong_rrx_s::
   0006                      64 __modulong_rrf_s::
   0006 C3r00s00             65         jp      __modulong
                             66 
   0009                      67 __divslong_rrx_s::
   0009                      68 __divslong_rrf_s::
   0009 C3r00s00             69         jp      __divslong
                             70 
   000C                      71 __divulong_rrx_s::
   000C                      72 __divulong_rrf_s::
   000C C3r00s00             73         jp      __divulong
                             74 
   000F                      75 __mulint_rrf_s::
   000F 3E 05                76         ld      a,#5
   0011 CF                   77         rst     0x08
   0012 C3r00s00             78         jp      __mulint_rrx_s
                             79 
   0015                      80 __divsint_rrf_s::
   0015 3E 05                81         ld      a,#5
   0017 CF                   82         rst     0x08
   0018 C3r00s00             83         jp      __divsint_rrx_s
                             84 
   001B                      85 __divuint_rrf_s::
   001B 3E 05                86         ld      a,#5
   001D CF                   87         rst     0x08
   001E C3r00s00             88         jp      __divuint_rrx_s
                             89 
   0021                      90 __mulschar_rrf_s::
   0021 3E 05                91         ld      a,#5
   0023 CF                   92         rst     0x08
   0024 C3r00s00             93         jp      __mulschar_rrx_s
                             94 
   0027                      95 __divschar_rrf_s::
   0027 3E 05                96         ld      a,#5
   0029 CF                   97         rst     0x08
   002A C3r00s00             98         jp      __divschar_rrx_s
                             99 
   002D                     100 __muluchar_rrf_s::
   002D 3E 05               101         ld      a,#5
   002F CF                  102         rst     0x08
   0030 C3r00s00            103         jp      __muluchar_rrx_s
                            104 
   0033                     105 __divuchar_rrf_s::
   0033 3E 05               106         ld      a,#5
   0035 CF                  107         rst     0x08
   0036 C3r00s00            108         jp      __divuchar_rrx_s
                            109 
   0039                     110 __modschar_rrf_s::
   0039 3E 05               111         ld      a,#5
   003B CF                  112         rst     0x08
   003C C3r00s00            113         jp      __modschar_rrx_s
                            114 
   003F                     115 __moduchar_rrf_s::
   003F 3E 05               116         ld      a,#5
   0041 CF                  117         rst     0x08
   0042 C3r00s00            118         jp      __moduchar_rrx_s
                            119 
   0045                     120 __modsint_rrf_s::
   0045 3E 05               121         ld      a,#5
   0047 CF                  122         rst     0x08
   0048 C3r00s00            123         jp      __modsint_rrx_s
                            124 
   004B                     125 __moduint_rrf_s::
   004B 3E 05               126         ld      a,#5
   004D CF                  127         rst     0x08
   004E C3r00s00            128         jp      __moduint_rrx_s
                            129 
   0051                     130 __rrulong_rrf_s::
   0051 3E 05               131         ld      a,#5
   0053 CF                  132         rst     0x08
   0054 C3r00s00            133         jp      __rrulong_rrx_s
                            134 
   0057                     135 __rrslong_rrf_s::
   0057 3E 05               136         ld      a,#5
   0059 CF                  137         rst     0x08
   005A C3r00s00            138         jp      __rrslong_rrx_s
                            139 
   005D                     140 __rlulong_rrf_s::
   005D 3E 05               141         ld      a,#5
   005F CF                  142         rst     0x08
   0060 C3r00s00            143         jp      __rlulong_rrx_s
                            144 
   0063                     145 __rlslong_rrf_s::
   0063 3E 05               146         ld      a,#5
   0065 CF                  147         rst     0x08
   0066 C3r00s00            148         jp      __rlslong_rrx_s
