                              1 ;--------------------------------------------------------
                              2 ; File Created by SDCC : free open source ANSI-C Compiler
                              3 ; Version 3.0.1 #6227 (Oct  2 2015) (Linux)
                              4 ; This file was generated Fri Oct  2 17:18:19 2015
                              5 ;--------------------------------------------------------
                              6 	.module tanf
                              7 	.optsdcc -mgbz80
                              8 	
                              9 ;--------------------------------------------------------
                             10 ; Public variables in this module
                             11 ;--------------------------------------------------------
                             12 	.globl _tanf
                             13 ;--------------------------------------------------------
                             14 ;  ram data
                             15 ;--------------------------------------------------------
                             16 	.area _DATA
                             17 ;--------------------------------------------------------
                             18 ; overlayable items in  ram 
                             19 ;--------------------------------------------------------
                             20 	.area _OVERLAY
                             21 ;--------------------------------------------------------
                             22 ; external initialized ram data
                             23 ;--------------------------------------------------------
                             24 ;--------------------------------------------------------
                             25 ; global & static initialisations
                             26 ;--------------------------------------------------------
                             27 	.area _HOME
                             28 	.area _GSINIT
                             29 	.area _GSFINAL
                             30 	.area _GSINIT
                             31 ;--------------------------------------------------------
                             32 ; Home
                             33 ;--------------------------------------------------------
                             34 	.area _HOME
                             35 	.area _HOME
                             36 ;--------------------------------------------------------
                             37 ; code
                             38 ;--------------------------------------------------------
                             39 	.area _CODE
                             40 ;../tanf.c:36: float tanf(const float x) _FLOAT_FUNC_REENTRANT
                             41 ;	---------------------------------
                             42 ; Function tanf
                             43 ; ---------------------------------
   0000                      44 _tanf_start::
   0000                      45 _tanf:
                             46 	
   0000 F5                   47 	push	af
   0001 F5                   48 	push	af
                             49 ;../tanf.c:38: return tancotf(x, 0);
   0002 3E 00                50 	ld	a,#0x00
   0004 F5                   51 	push	af
   0005 33                   52 	inc	sp
   0006 F8 09                53 	ldhl	sp,#9
   0008 7E                   54 	ld	a,(hl)
   0009 23                   55 	inc	hl
   000A 66                   56 	ld	h,(hl)
   000B 6F                   57 	ld	l,a
   000C E5                   58 	push	hl
   000D F8 09                59 	ldhl	sp,#9
   000F 7E                   60 	ld	a,(hl)
   0010 23                   61 	inc	hl
   0011 66                   62 	ld	h,(hl)
   0012 6F                   63 	ld	l,a
   0013 E5                   64 	push	hl
   0014 CDr00s00             65 	call	_tancotf
   0017 E8 05                66 	lda	sp,5(sp)
   0019 E5                   67 	push	hl
   001A F8 02                68 	ldhl	sp,#2
   001C 73                   69 	ld	(hl),e
   001D 23                   70 	inc	hl
   001E 72                   71 	ld	(hl),d
   001F D1                   72 	pop	de
   0020 23                   73 	inc	hl
   0021 73                   74 	ld	(hl),e
   0022 23                   75 	inc	hl
   0023 72                   76 	ld	(hl),d
   0024 F8 01                77 	ldhl	sp,#1
   0026 2B                   78 	dec	hl
   0027 5E                   79 	ld	e,(hl)
   0028 23                   80 	inc	hl
   0029 56                   81 	ld	d,(hl)
   002A 23                   82 	inc	hl
   002B 7E                   83 	ld	a,(hl)
   002C 23                   84 	inc	hl
   002D 66                   85 	ld	h,(hl)
   002E 6F                   86 	ld	l,a
   002F                      87 00101$:
   002F E8 04                88 	lda	sp,4(sp)
   0031 C9                   89 	ret
   0032                      90 _tanf_end::
                             91 	.area _CODE
                             92 	.area _CABS
