                              1 ;--------------------------------------------------------
                              2 ; File Created by SDCC : free open source ANSI-C Compiler
                              3 ; Version 3.0.1 #6227 (Oct  2 2015) (Linux)
                              4 ; This file was generated Fri Oct  2 17:18:19 2015
                              5 ;--------------------------------------------------------
                              6 	.module tanhf
                              7 	.optsdcc -mgbz80
                              8 	
                              9 ;--------------------------------------------------------
                             10 ; Public variables in this module
                             11 ;--------------------------------------------------------
                             12 	.globl _tanhf
                             13 ;--------------------------------------------------------
                             14 ;  ram data
                             15 ;--------------------------------------------------------
                             16 	.area _DATA
                             17 ;--------------------------------------------------------
                             18 ; overlayable items in  ram 
                             19 ;--------------------------------------------------------
                             20 	.area _OVERLAY
                             21 ;--------------------------------------------------------
                             22 ; external initialized ram data
                             23 ;--------------------------------------------------------
                             24 ;--------------------------------------------------------
                             25 ; global & static initialisations
                             26 ;--------------------------------------------------------
                             27 	.area _HOME
                             28 	.area _GSINIT
                             29 	.area _GSFINAL
                             30 	.area _GSINIT
                             31 ;--------------------------------------------------------
                             32 ; Home
                             33 ;--------------------------------------------------------
                             34 	.area _HOME
                             35 	.area _HOME
                             36 ;--------------------------------------------------------
                             37 ; code
                             38 ;--------------------------------------------------------
                             39 	.area _CODE
                             40 ;../tanhf.c:50: float tanhf(const float x) _FLOAT_FUNC_REENTRANT
                             41 ;	---------------------------------
                             42 ; Function tanhf
                             43 ; ---------------------------------
   0000                      44 _tanhf_start::
   0000                      45 _tanhf:
   0000 E8 EC                46 	lda	sp,-20(sp)
                             47 ;../tanhf.c:54: f=fabsf(x);
   0002 F8 18                48 	ldhl	sp,#24
   0004 7E                   49 	ld	a,(hl)
   0005 23                   50 	inc	hl
   0006 66                   51 	ld	h,(hl)
   0007 6F                   52 	ld	l,a
   0008 E5                   53 	push	hl
   0009 F8 18                54 	ldhl	sp,#24
   000B 7E                   55 	ld	a,(hl)
   000C 23                   56 	inc	hl
   000D 66                   57 	ld	h,(hl)
   000E 6F                   58 	ld	l,a
   000F E5                   59 	push	hl
   0010 CDr00s00             60 	call	_fabsf
   0013 E8 04                61 	lda	sp,4(sp)
   0015 E5                   62 	push	hl
   0016 F8 12                63 	ldhl	sp,#18
   0018 73                   64 	ld	(hl),e
   0019 23                   65 	inc	hl
   001A 72                   66 	ld	(hl),d
   001B D1                   67 	pop	de
   001C 23                   68 	inc	hl
   001D 73                   69 	ld	(hl),e
   001E 23                   70 	inc	hl
   001F 72                   71 	ld	(hl),d
                             72 ;../tanhf.c:55: if(f>SBIG) r=1.0;
   0020 21 10 41             73 	ld	hl,#0x4110
   0023 E5                   74 	push	hl
   0024 21 B0 2C             75 	ld	hl,#0x2CB0
   0027 E5                   76 	push	hl
   0028 F8 16                77 	ldhl	sp,#22
   002A 7E                   78 	ld	a,(hl)
   002B 23                   79 	inc	hl
   002C 66                   80 	ld	h,(hl)
   002D 6F                   81 	ld	l,a
   002E E5                   82 	push	hl
   002F F8 16                83 	ldhl	sp,#22
   0031 7E                   84 	ld	a,(hl)
   0032 23                   85 	inc	hl
   0033 66                   86 	ld	h,(hl)
   0034 6F                   87 	ld	l,a
   0035 E5                   88 	push	hl
   0036 CDr00s00             89 	call	___fsgt
   0039 E8 08                90 	lda	sp,8(sp)
   003B 4B                   91 	ld	c,e
   003C AF                   92 	xor	a,a
   003D B1                   93 	or	a,c
   003E CAr51s00             94 	jp	Z,00108$
   0041 F8 08                95 	ldhl	sp,#8
   0043 36 00                96 	ld	(hl),#0x00
   0045 23                   97 	inc	hl
   0046 36 00                98 	ld	(hl),#0x00
   0048 23                   99 	inc	hl
   0049 36 80               100 	ld	(hl),#0x80
   004B 23                  101 	inc	hl
   004C 36 3F               102 	ld	(hl),#0x3F
   004E C3r1Fs03            103 	jp	00109$
   0051                     104 00108$:
                            105 ;../tanhf.c:56: else if(f>K1)
   0051 21 0C 3F            106 	ld	hl,#0x3F0C
   0054 E5                  107 	push	hl
   0055 21 54 9F            108 	ld	hl,#0x9F54
   0058 E5                  109 	push	hl
   0059 F8 16               110 	ldhl	sp,#22
   005B 7E                  111 	ld	a,(hl)
   005C 23                  112 	inc	hl
   005D 66                  113 	ld	h,(hl)
   005E 6F                  114 	ld	l,a
   005F E5                  115 	push	hl
   0060 F8 16               116 	ldhl	sp,#22
   0062 7E                  117 	ld	a,(hl)
   0063 23                  118 	inc	hl
   0064 66                  119 	ld	h,(hl)
   0065 6F                  120 	ld	l,a
   0066 E5                  121 	push	hl
   0067 CDr00s00            122 	call	___fsgt
   006A E8 08               123 	lda	sp,8(sp)
   006C 4B                  124 	ld	c,e
   006D AF                  125 	xor	a,a
   006E B1                  126 	or	a,c
   006F CAr85s01            127 	jp	Z,00105$
                            128 ;../tanhf.c:58: r=0.5-1.0/(expf(f+f)+1.0);
   0072 F8 12               129 	ldhl	sp,#18
   0074 7E                  130 	ld	a,(hl)
   0075 23                  131 	inc	hl
   0076 66                  132 	ld	h,(hl)
   0077 6F                  133 	ld	l,a
   0078 E5                  134 	push	hl
   0079 F8 12               135 	ldhl	sp,#18
   007B 7E                  136 	ld	a,(hl)
   007C 23                  137 	inc	hl
   007D 66                  138 	ld	h,(hl)
   007E 6F                  139 	ld	l,a
   007F E5                  140 	push	hl
   0080 F8 16               141 	ldhl	sp,#22
   0082 7E                  142 	ld	a,(hl)
   0083 23                  143 	inc	hl
   0084 66                  144 	ld	h,(hl)
   0085 6F                  145 	ld	l,a
   0086 E5                  146 	push	hl
   0087 F8 16               147 	ldhl	sp,#22
   0089 7E                  148 	ld	a,(hl)
   008A 23                  149 	inc	hl
   008B 66                  150 	ld	h,(hl)
   008C 6F                  151 	ld	l,a
   008D E5                  152 	push	hl
   008E CDr00s00            153 	call	___fsadd
   0091 E8 08               154 	lda	sp,8(sp)
   0093 E5                  155 	push	hl
   0094 F8 06               156 	ldhl	sp,#6
   0096 73                  157 	ld	(hl),e
   0097 23                  158 	inc	hl
   0098 72                  159 	ld	(hl),d
   0099 D1                  160 	pop	de
   009A 23                  161 	inc	hl
   009B 73                  162 	ld	(hl),e
   009C 23                  163 	inc	hl
   009D 72                  164 	ld	(hl),d
   009E F8 06               165 	ldhl	sp,#6
   00A0 7E                  166 	ld	a,(hl)
   00A1 23                  167 	inc	hl
   00A2 66                  168 	ld	h,(hl)
   00A3 6F                  169 	ld	l,a
   00A4 E5                  170 	push	hl
   00A5 F8 06               171 	ldhl	sp,#6
   00A7 7E                  172 	ld	a,(hl)
   00A8 23                  173 	inc	hl
   00A9 66                  174 	ld	h,(hl)
   00AA 6F                  175 	ld	l,a
   00AB E5                  176 	push	hl
   00AC CDr00s00            177 	call	_expf
   00AF E8 04               178 	lda	sp,4(sp)
   00B1 E5                  179 	push	hl
   00B2 F8 06               180 	ldhl	sp,#6
   00B4 73                  181 	ld	(hl),e
   00B5 23                  182 	inc	hl
   00B6 72                  183 	ld	(hl),d
   00B7 D1                  184 	pop	de
   00B8 23                  185 	inc	hl
   00B9 73                  186 	ld	(hl),e
   00BA 23                  187 	inc	hl
   00BB 72                  188 	ld	(hl),d
   00BC 21 80 3F            189 	ld	hl,#0x3F80
   00BF E5                  190 	push	hl
   00C0 21 00 00            191 	ld	hl,#0x0000
   00C3 E5                  192 	push	hl
   00C4 F8 0A               193 	ldhl	sp,#10
   00C6 7E                  194 	ld	a,(hl)
   00C7 23                  195 	inc	hl
   00C8 66                  196 	ld	h,(hl)
   00C9 6F                  197 	ld	l,a
   00CA E5                  198 	push	hl
   00CB F8 0A               199 	ldhl	sp,#10
   00CD 7E                  200 	ld	a,(hl)
   00CE 23                  201 	inc	hl
   00CF 66                  202 	ld	h,(hl)
   00D0 6F                  203 	ld	l,a
   00D1 E5                  204 	push	hl
   00D2 CDr00s00            205 	call	___fsadd
   00D5 E8 08               206 	lda	sp,8(sp)
   00D7 E5                  207 	push	hl
   00D8 F8 06               208 	ldhl	sp,#6
   00DA 73                  209 	ld	(hl),e
   00DB 23                  210 	inc	hl
   00DC 72                  211 	ld	(hl),d
   00DD D1                  212 	pop	de
   00DE 23                  213 	inc	hl
   00DF 73                  214 	ld	(hl),e
   00E0 23                  215 	inc	hl
   00E1 72                  216 	ld	(hl),d
   00E2 F8 06               217 	ldhl	sp,#6
   00E4 7E                  218 	ld	a,(hl)
   00E5 23                  219 	inc	hl
   00E6 66                  220 	ld	h,(hl)
   00E7 6F                  221 	ld	l,a
   00E8 E5                  222 	push	hl
   00E9 F8 06               223 	ldhl	sp,#6
   00EB 7E                  224 	ld	a,(hl)
   00EC 23                  225 	inc	hl
   00ED 66                  226 	ld	h,(hl)
   00EE 6F                  227 	ld	l,a
   00EF E5                  228 	push	hl
   00F0 21 80 3F            229 	ld	hl,#0x3F80
   00F3 E5                  230 	push	hl
   00F4 21 00 00            231 	ld	hl,#0x0000
   00F7 E5                  232 	push	hl
   00F8 CDr00s00            233 	call	___fsdiv
   00FB E8 08               234 	lda	sp,8(sp)
   00FD E5                  235 	push	hl
   00FE F8 06               236 	ldhl	sp,#6
   0100 73                  237 	ld	(hl),e
   0101 23                  238 	inc	hl
   0102 72                  239 	ld	(hl),d
   0103 D1                  240 	pop	de
   0104 23                  241 	inc	hl
   0105 73                  242 	ld	(hl),e
   0106 23                  243 	inc	hl
   0107 72                  244 	ld	(hl),d
   0108 F8 06               245 	ldhl	sp,#6
   010A 7E                  246 	ld	a,(hl)
   010B 23                  247 	inc	hl
   010C 66                  248 	ld	h,(hl)
   010D 6F                  249 	ld	l,a
   010E E5                  250 	push	hl
   010F F8 06               251 	ldhl	sp,#6
   0111 7E                  252 	ld	a,(hl)
   0112 23                  253 	inc	hl
   0113 66                  254 	ld	h,(hl)
   0114 6F                  255 	ld	l,a
   0115 E5                  256 	push	hl
   0116 21 00 3F            257 	ld	hl,#0x3F00
   0119 E5                  258 	push	hl
   011A 21 00 00            259 	ld	hl,#0x0000
   011D E5                  260 	push	hl
   011E CDr00s00            261 	call	___fssub
   0121 E8 08               262 	lda	sp,8(sp)
   0123 E5                  263 	push	hl
   0124 F8 06               264 	ldhl	sp,#6
   0126 73                  265 	ld	(hl),e
   0127 23                  266 	inc	hl
   0128 72                  267 	ld	(hl),d
   0129 D1                  268 	pop	de
   012A 23                  269 	inc	hl
   012B 73                  270 	ld	(hl),e
   012C 23                  271 	inc	hl
   012D 72                  272 	ld	(hl),d
   012E F8 04               273 	ldhl	sp,#4
   0130 54                  274 	ld	d,h
   0131 5D                  275 	ld	e,l
   0132 F8 08               276 	ldhl	sp,#8
   0134 1A                  277 	ld	a,(de)
   0135 77                  278 	ld	(hl),a
   0136 23                  279 	inc	hl
   0137 13                  280 	inc	de
   0138 1A                  281 	ld	a,(de)
   0139 77                  282 	ld	(hl),a
   013A 23                  283 	inc	hl
   013B 13                  284 	inc	de
   013C 1A                  285 	ld	a,(de)
   013D 77                  286 	ld	(hl),a
   013E 23                  287 	inc	hl
   013F 13                  288 	inc	de
   0140 1A                  289 	ld	a,(de)
   0141 77                  290 	ld	(hl),a
                            291 ;../tanhf.c:59: r+=r;
   0142 F8 0A               292 	ldhl	sp,#10
   0144 7E                  293 	ld	a,(hl)
   0145 23                  294 	inc	hl
   0146 66                  295 	ld	h,(hl)
   0147 6F                  296 	ld	l,a
   0148 E5                  297 	push	hl
   0149 F8 0A               298 	ldhl	sp,#10
   014B 7E                  299 	ld	a,(hl)
   014C 23                  300 	inc	hl
   014D 66                  301 	ld	h,(hl)
   014E 6F                  302 	ld	l,a
   014F E5                  303 	push	hl
   0150 F8 0E               304 	ldhl	sp,#14
   0152 7E                  305 	ld	a,(hl)
   0153 23                  306 	inc	hl
   0154 66                  307 	ld	h,(hl)
   0155 6F                  308 	ld	l,a
   0156 E5                  309 	push	hl
   0157 F8 0E               310 	ldhl	sp,#14
   0159 7E                  311 	ld	a,(hl)
   015A 23                  312 	inc	hl
   015B 66                  313 	ld	h,(hl)
   015C 6F                  314 	ld	l,a
   015D E5                  315 	push	hl
   015E CDr00s00            316 	call	___fsadd
   0161 E8 08               317 	lda	sp,8(sp)
   0163 E5                  318 	push	hl
   0164 F8 06               319 	ldhl	sp,#6
   0166 73                  320 	ld	(hl),e
   0167 23                  321 	inc	hl
   0168 72                  322 	ld	(hl),d
   0169 D1                  323 	pop	de
   016A 23                  324 	inc	hl
   016B 73                  325 	ld	(hl),e
   016C 23                  326 	inc	hl
   016D 72                  327 	ld	(hl),d
   016E F8 04               328 	ldhl	sp,#4
   0170 54                  329 	ld	d,h
   0171 5D                  330 	ld	e,l
   0172 F8 08               331 	ldhl	sp,#8
   0174 1A                  332 	ld	a,(de)
   0175 77                  333 	ld	(hl),a
   0176 23                  334 	inc	hl
   0177 13                  335 	inc	de
   0178 1A                  336 	ld	a,(de)
   0179 77                  337 	ld	(hl),a
   017A 23                  338 	inc	hl
   017B 13                  339 	inc	de
   017C 1A                  340 	ld	a,(de)
   017D 77                  341 	ld	(hl),a
   017E 23                  342 	inc	hl
   017F 13                  343 	inc	de
   0180 1A                  344 	ld	a,(de)
   0181 77                  345 	ld	(hl),a
   0182 C3r1Fs03            346 	jp	00109$
   0185                     347 00105$:
                            348 ;../tanhf.c:61: else if(f<EPS) r=f;
   0185 21 80 39            349 	ld	hl,#0x3980
   0188 E5                  350 	push	hl
   0189 21 00 00            351 	ld	hl,#0x0000
   018C E5                  352 	push	hl
   018D F8 16               353 	ldhl	sp,#22
   018F 7E                  354 	ld	a,(hl)
   0190 23                  355 	inc	hl
   0191 66                  356 	ld	h,(hl)
   0192 6F                  357 	ld	l,a
   0193 E5                  358 	push	hl
   0194 F8 16               359 	ldhl	sp,#22
   0196 7E                  360 	ld	a,(hl)
   0197 23                  361 	inc	hl
   0198 66                  362 	ld	h,(hl)
   0199 6F                  363 	ld	l,a
   019A E5                  364 	push	hl
   019B CDr00s00            365 	call	___fslt
   019E E8 08               366 	lda	sp,8(sp)
   01A0 4B                  367 	ld	c,e
   01A1 AF                  368 	xor	a,a
   01A2 B1                  369 	or	a,c
   01A3 CArBDs01            370 	jp	Z,00102$
   01A6 F8 10               371 	ldhl	sp,#16
   01A8 54                  372 	ld	d,h
   01A9 5D                  373 	ld	e,l
   01AA F8 08               374 	ldhl	sp,#8
   01AC 1A                  375 	ld	a,(de)
   01AD 77                  376 	ld	(hl),a
   01AE 23                  377 	inc	hl
   01AF 13                  378 	inc	de
   01B0 1A                  379 	ld	a,(de)
   01B1 77                  380 	ld	(hl),a
   01B2 23                  381 	inc	hl
   01B3 13                  382 	inc	de
   01B4 1A                  383 	ld	a,(de)
   01B5 77                  384 	ld	(hl),a
   01B6 23                  385 	inc	hl
   01B7 13                  386 	inc	de
   01B8 1A                  387 	ld	a,(de)
   01B9 77                  388 	ld	(hl),a
   01BA C3r1Fs03            389 	jp	00109$
   01BD                     390 00102$:
                            391 ;../tanhf.c:64: g=f*f;
   01BD F8 12               392 	ldhl	sp,#18
   01BF 7E                  393 	ld	a,(hl)
   01C0 23                  394 	inc	hl
   01C1 66                  395 	ld	h,(hl)
   01C2 6F                  396 	ld	l,a
   01C3 E5                  397 	push	hl
   01C4 F8 12               398 	ldhl	sp,#18
   01C6 7E                  399 	ld	a,(hl)
   01C7 23                  400 	inc	hl
   01C8 66                  401 	ld	h,(hl)
   01C9 6F                  402 	ld	l,a
   01CA E5                  403 	push	hl
   01CB F8 16               404 	ldhl	sp,#22
   01CD 7E                  405 	ld	a,(hl)
   01CE 23                  406 	inc	hl
   01CF 66                  407 	ld	h,(hl)
   01D0 6F                  408 	ld	l,a
   01D1 E5                  409 	push	hl
   01D2 F8 16               410 	ldhl	sp,#22
   01D4 7E                  411 	ld	a,(hl)
   01D5 23                  412 	inc	hl
   01D6 66                  413 	ld	h,(hl)
   01D7 6F                  414 	ld	l,a
   01D8 E5                  415 	push	hl
   01D9 CDr00s00            416 	call	___fsmul
   01DC E8 08               417 	lda	sp,8(sp)
   01DE E5                  418 	push	hl
   01DF F8 0E               419 	ldhl	sp,#14
   01E1 73                  420 	ld	(hl),e
   01E2 23                  421 	inc	hl
   01E3 72                  422 	ld	(hl),d
   01E4 D1                  423 	pop	de
   01E5 23                  424 	inc	hl
   01E6 73                  425 	ld	(hl),e
   01E7 23                  426 	inc	hl
   01E8 72                  427 	ld	(hl),d
                            428 ;../tanhf.c:65: r=f+f*(P(g)/Q(g));
   01E9 F8 0E               429 	ldhl	sp,#14
   01EB 7E                  430 	ld	a,(hl)
   01EC 23                  431 	inc	hl
   01ED 66                  432 	ld	h,(hl)
   01EE 6F                  433 	ld	l,a
   01EF E5                  434 	push	hl
   01F0 F8 0E               435 	ldhl	sp,#14
   01F2 7E                  436 	ld	a,(hl)
   01F3 23                  437 	inc	hl
   01F4 66                  438 	ld	h,(hl)
   01F5 6F                  439 	ld	l,a
   01F6 E5                  440 	push	hl
   01F7 21 7B BB            441 	ld	hl,#0xBB7B
   01FA E5                  442 	push	hl
   01FB 21 B2 11            443 	ld	hl,#0x11B2
   01FE E5                  444 	push	hl
   01FF CDr00s00            445 	call	___fsmul
   0202 E8 08               446 	lda	sp,8(sp)
   0204 E5                  447 	push	hl
   0205 F8 06               448 	ldhl	sp,#6
   0207 73                  449 	ld	(hl),e
   0208 23                  450 	inc	hl
   0209 72                  451 	ld	(hl),d
   020A D1                  452 	pop	de
   020B 23                  453 	inc	hl
   020C 73                  454 	ld	(hl),e
   020D 23                  455 	inc	hl
   020E 72                  456 	ld	(hl),d
   020F 21 52 BF            457 	ld	hl,#0xBF52
   0212 E5                  458 	push	hl
   0213 21 C6 E2            459 	ld	hl,#0xE2C6
   0216 E5                  460 	push	hl
   0217 F8 0A               461 	ldhl	sp,#10
   0219 7E                  462 	ld	a,(hl)
   021A 23                  463 	inc	hl
   021B 66                  464 	ld	h,(hl)
   021C 6F                  465 	ld	l,a
   021D E5                  466 	push	hl
   021E F8 0A               467 	ldhl	sp,#10
   0220 7E                  468 	ld	a,(hl)
   0221 23                  469 	inc	hl
   0222 66                  470 	ld	h,(hl)
   0223 6F                  471 	ld	l,a
   0224 E5                  472 	push	hl
   0225 CDr00s00            473 	call	___fsadd
   0228 E8 08               474 	lda	sp,8(sp)
   022A E5                  475 	push	hl
   022B F8 06               476 	ldhl	sp,#6
   022D 73                  477 	ld	(hl),e
   022E 23                  478 	inc	hl
   022F 72                  479 	ld	(hl),d
   0230 D1                  480 	pop	de
   0231 23                  481 	inc	hl
   0232 73                  482 	ld	(hl),e
   0233 23                  483 	inc	hl
   0234 72                  484 	ld	(hl),d
   0235 F8 0E               485 	ldhl	sp,#14
   0237 7E                  486 	ld	a,(hl)
   0238 23                  487 	inc	hl
   0239 66                  488 	ld	h,(hl)
   023A 6F                  489 	ld	l,a
   023B E5                  490 	push	hl
   023C F8 0E               491 	ldhl	sp,#14
   023E 7E                  492 	ld	a,(hl)
   023F 23                  493 	inc	hl
   0240 66                  494 	ld	h,(hl)
   0241 6F                  495 	ld	l,a
   0242 E5                  496 	push	hl
   0243 F8 0A               497 	ldhl	sp,#10
   0245 7E                  498 	ld	a,(hl)
   0246 23                  499 	inc	hl
   0247 66                  500 	ld	h,(hl)
   0248 6F                  501 	ld	l,a
   0249 E5                  502 	push	hl
   024A F8 0A               503 	ldhl	sp,#10
   024C 7E                  504 	ld	a,(hl)
   024D 23                  505 	inc	hl
   024E 66                  506 	ld	h,(hl)
   024F 6F                  507 	ld	l,a
   0250 E5                  508 	push	hl
   0251 CDr00s00            509 	call	___fsmul
   0254 E8 08               510 	lda	sp,8(sp)
   0256 E5                  511 	push	hl
   0257 F8 06               512 	ldhl	sp,#6
   0259 73                  513 	ld	(hl),e
   025A 23                  514 	inc	hl
   025B 72                  515 	ld	(hl),d
   025C D1                  516 	pop	de
   025D 23                  517 	inc	hl
   025E 73                  518 	ld	(hl),e
   025F 23                  519 	inc	hl
   0260 72                  520 	ld	(hl),d
   0261 21 1E 40            521 	ld	hl,#0x401E
   0264 E5                  522 	push	hl
   0265 21 1A 2A            523 	ld	hl,#0x2A1A
   0268 E5                  524 	push	hl
   0269 F8 12               525 	ldhl	sp,#18
   026B 7E                  526 	ld	a,(hl)
   026C 23                  527 	inc	hl
   026D 66                  528 	ld	h,(hl)
   026E 6F                  529 	ld	l,a
   026F E5                  530 	push	hl
   0270 F8 12               531 	ldhl	sp,#18
   0272 7E                  532 	ld	a,(hl)
   0273 23                  533 	inc	hl
   0274 66                  534 	ld	h,(hl)
   0275 6F                  535 	ld	l,a
   0276 E5                  536 	push	hl
   0277 CDr00s00            537 	call	___fsadd
   027A E8 08               538 	lda	sp,8(sp)
   027C E5                  539 	push	hl
   027D F8 02               540 	ldhl	sp,#2
   027F 73                  541 	ld	(hl),e
   0280 23                  542 	inc	hl
   0281 72                  543 	ld	(hl),d
   0282 D1                  544 	pop	de
   0283 23                  545 	inc	hl
   0284 73                  546 	ld	(hl),e
   0285 23                  547 	inc	hl
   0286 72                  548 	ld	(hl),d
   0287 F8 02               549 	ldhl	sp,#2
   0289 7E                  550 	ld	a,(hl)
   028A 23                  551 	inc	hl
   028B 66                  552 	ld	h,(hl)
   028C 6F                  553 	ld	l,a
   028D E5                  554 	push	hl
   028E F8 02               555 	ldhl	sp,#2
   0290 7E                  556 	ld	a,(hl)
   0291 23                  557 	inc	hl
   0292 66                  558 	ld	h,(hl)
   0293 6F                  559 	ld	l,a
   0294 E5                  560 	push	hl
   0295 F8 0A               561 	ldhl	sp,#10
   0297 7E                  562 	ld	a,(hl)
   0298 23                  563 	inc	hl
   0299 66                  564 	ld	h,(hl)
   029A 6F                  565 	ld	l,a
   029B E5                  566 	push	hl
   029C F8 0A               567 	ldhl	sp,#10
   029E 7E                  568 	ld	a,(hl)
   029F 23                  569 	inc	hl
   02A0 66                  570 	ld	h,(hl)
   02A1 6F                  571 	ld	l,a
   02A2 E5                  572 	push	hl
   02A3 CDr00s00            573 	call	___fsdiv
   02A6 E8 08               574 	lda	sp,8(sp)
   02A8 E5                  575 	push	hl
   02A9 F8 02               576 	ldhl	sp,#2
   02AB 73                  577 	ld	(hl),e
   02AC 23                  578 	inc	hl
   02AD 72                  579 	ld	(hl),d
   02AE D1                  580 	pop	de
   02AF 23                  581 	inc	hl
   02B0 73                  582 	ld	(hl),e
   02B1 23                  583 	inc	hl
   02B2 72                  584 	ld	(hl),d
   02B3 F8 02               585 	ldhl	sp,#2
   02B5 7E                  586 	ld	a,(hl)
   02B6 23                  587 	inc	hl
   02B7 66                  588 	ld	h,(hl)
   02B8 6F                  589 	ld	l,a
   02B9 E5                  590 	push	hl
   02BA F8 02               591 	ldhl	sp,#2
   02BC 7E                  592 	ld	a,(hl)
   02BD 23                  593 	inc	hl
   02BE 66                  594 	ld	h,(hl)
   02BF 6F                  595 	ld	l,a
   02C0 E5                  596 	push	hl
   02C1 F8 16               597 	ldhl	sp,#22
   02C3 7E                  598 	ld	a,(hl)
   02C4 23                  599 	inc	hl
   02C5 66                  600 	ld	h,(hl)
   02C6 6F                  601 	ld	l,a
   02C7 E5                  602 	push	hl
   02C8 F8 16               603 	ldhl	sp,#22
   02CA 7E                  604 	ld	a,(hl)
   02CB 23                  605 	inc	hl
   02CC 66                  606 	ld	h,(hl)
   02CD 6F                  607 	ld	l,a
   02CE E5                  608 	push	hl
   02CF CDr00s00            609 	call	___fsmul
   02D2 E8 08               610 	lda	sp,8(sp)
   02D4 E5                  611 	push	hl
   02D5 F8 02               612 	ldhl	sp,#2
   02D7 73                  613 	ld	(hl),e
   02D8 23                  614 	inc	hl
   02D9 72                  615 	ld	(hl),d
   02DA D1                  616 	pop	de
   02DB 23                  617 	inc	hl
   02DC 73                  618 	ld	(hl),e
   02DD 23                  619 	inc	hl
   02DE 72                  620 	ld	(hl),d
   02DF F8 02               621 	ldhl	sp,#2
   02E1 7E                  622 	ld	a,(hl)
   02E2 23                  623 	inc	hl
   02E3 66                  624 	ld	h,(hl)
   02E4 6F                  625 	ld	l,a
   02E5 E5                  626 	push	hl
   02E6 F8 02               627 	ldhl	sp,#2
   02E8 7E                  628 	ld	a,(hl)
   02E9 23                  629 	inc	hl
   02EA 66                  630 	ld	h,(hl)
   02EB 6F                  631 	ld	l,a
   02EC E5                  632 	push	hl
   02ED F8 16               633 	ldhl	sp,#22
   02EF 7E                  634 	ld	a,(hl)
   02F0 23                  635 	inc	hl
   02F1 66                  636 	ld	h,(hl)
   02F2 6F                  637 	ld	l,a
   02F3 E5                  638 	push	hl
   02F4 F8 16               639 	ldhl	sp,#22
   02F6 7E                  640 	ld	a,(hl)
   02F7 23                  641 	inc	hl
   02F8 66                  642 	ld	h,(hl)
   02F9 6F                  643 	ld	l,a
   02FA E5                  644 	push	hl
   02FB CDr00s00            645 	call	___fsadd
   02FE E8 08               646 	lda	sp,8(sp)
   0300 E5                  647 	push	hl
   0301 F8 02               648 	ldhl	sp,#2
   0303 73                  649 	ld	(hl),e
   0304 23                  650 	inc	hl
   0305 72                  651 	ld	(hl),d
   0306 D1                  652 	pop	de
   0307 23                  653 	inc	hl
   0308 73                  654 	ld	(hl),e
   0309 23                  655 	inc	hl
   030A 72                  656 	ld	(hl),d
   030B F8 00               657 	ldhl	sp,#0
   030D 54                  658 	ld	d,h
   030E 5D                  659 	ld	e,l
   030F F8 08               660 	ldhl	sp,#8
   0311 1A                  661 	ld	a,(de)
   0312 77                  662 	ld	(hl),a
   0313 23                  663 	inc	hl
   0314 13                  664 	inc	de
   0315 1A                  665 	ld	a,(de)
   0316 77                  666 	ld	(hl),a
   0317 23                  667 	inc	hl
   0318 13                  668 	inc	de
   0319 1A                  669 	ld	a,(de)
   031A 77                  670 	ld	(hl),a
   031B 23                  671 	inc	hl
   031C 13                  672 	inc	de
   031D 1A                  673 	ld	a,(de)
   031E 77                  674 	ld	(hl),a
   031F                     675 00109$:
                            676 ;../tanhf.c:67: if(x<0.0) r=-r;
   031F 21 00 00            677 	ld	hl,#0x0000
   0322 E5                  678 	push	hl
   0323 21 00 00            679 	ld	hl,#0x0000
   0326 E5                  680 	push	hl
   0327 F8 1C               681 	ldhl	sp,#28
   0329 7E                  682 	ld	a,(hl)
   032A 23                  683 	inc	hl
   032B 66                  684 	ld	h,(hl)
   032C 6F                  685 	ld	l,a
   032D E5                  686 	push	hl
   032E F8 1C               687 	ldhl	sp,#28
   0330 7E                  688 	ld	a,(hl)
   0331 23                  689 	inc	hl
   0332 66                  690 	ld	h,(hl)
   0333 6F                  691 	ld	l,a
   0334 E5                  692 	push	hl
   0335 CDr00s00            693 	call	___fslt
   0338 E8 08               694 	lda	sp,8(sp)
   033A 4B                  695 	ld	c,e
   033B AF                  696 	xor	a,a
   033C B1                  697 	or	a,c
   033D CAr46s03            698 	jp	Z,00111$
   0340 F8 0B               699 	ldhl	sp,#11
   0342 7E                  700 	ld	a,(hl)
   0343 EE 80               701 	xor	a,#0x80
   0345 77                  702 	ld	(hl),a
   0346                     703 00111$:
                            704 ;../tanhf.c:68: return r;
   0346 F8 09               705 	ldhl	sp,#9
   0348 2B                  706 	dec	hl
   0349 5E                  707 	ld	e,(hl)
   034A 23                  708 	inc	hl
   034B 56                  709 	ld	d,(hl)
   034C 23                  710 	inc	hl
   034D 7E                  711 	ld	a,(hl)
   034E 23                  712 	inc	hl
   034F 66                  713 	ld	h,(hl)
   0350 6F                  714 	ld	l,a
   0351                     715 00112$:
   0351 E8 14               716 	lda	sp,20(sp)
   0353 C9                  717 	ret
   0354                     718 _tanhf_end::
                            719 	.area _CODE
                            720 	.area _CABS
