                              1 ;--------------------------------------------------------
                              2 ; File Created by SDCC : free open source ANSI-C Compiler
                              3 ; Version 3.0.1 #6227 (Oct  2 2015) (Linux)
                              4 ; This file was generated Fri Oct  2 17:15:20 2015
                              5 ;--------------------------------------------------------
                              6 	.module _decdptr
                              7 	.optsdcc -mds400 --model-flat24
                              8 	
                              9 ;--------------------------------------------------------
                             10 ; CPU specific extensions
                             11 ;--------------------------------------------------------
                             12 .flat24 on		; 24 bit flat addressing
                    0084     13 dpl1	=	0x84
                    0085     14 dph1	=	0x85
                    0086     15 dps	=	0x86
                    0093     16 dpx	=	0x93
                    0095     17 dpx1	=	0x95
                    009B     18 esp	=	0x9B
                    009C     19 ap	=	0x9C
                    009C     20 _ap	=	0x9C
                    00D1     21 mcnt0	=	0xD1
                    00D2     22 mcnt1	=	0xD2
                    00D3     23 ma	=	0xD3
                    00D4     24 mb	=	0xD4
                    00D5     25 mc	=	0xD5
                    00D1     26 F1	=	0xD1	; user flag
                             27 ;--------------------------------------------------------
                             28 ; Public variables in this module
                             29 ;--------------------------------------------------------
                             30 ;--------------------------------------------------------
                             31 ; special function registers
                             32 ;--------------------------------------------------------
                             33 ;--------------------------------------------------------
                             34 ; special function bits
                             35 ;--------------------------------------------------------
                             36 ;--------------------------------------------------------
                             37 ; overlayable register banks
                             38 ;--------------------------------------------------------
                             39 	.area REG_BANK_0	(REL,OVR,DATA)
   0000                      40 	.ds 8
                             41 	.area REG_BANK_3	(REL,OVR,DATA)
   0000                      42 	.ds 8
                             43 ;--------------------------------------------------------
                             44 ; internal ram data
                             45 ;--------------------------------------------------------
                             46 	.area DSEG    (DATA)
                             47 ;--------------------------------------------------------
                             48 ; overlayable items in internal ram 
                             49 ;--------------------------------------------------------
                             50 	.area OSEG    (OVR,DATA)
                             51 ;--------------------------------------------------------
                             52 ; indirectly addressable internal ram data
                             53 ;--------------------------------------------------------
                             54 	.area ISEG    (DATA)
                             55 ;--------------------------------------------------------
                             56 ; absolute internal ram data
                             57 ;--------------------------------------------------------
                             58 	.area IABS    (ABS,DATA)
                             59 	.area IABS    (ABS,DATA)
                             60 ;--------------------------------------------------------
                             61 ; bit data
                             62 ;--------------------------------------------------------
                             63 	.area BSEG    (BIT)
                             64 ;--------------------------------------------------------
                             65 ; paged external ram data
                             66 ;--------------------------------------------------------
                             67 	.area PSEG    (PAG,XDATA)
                             68 ;--------------------------------------------------------
                             69 ; external ram data
                             70 ;--------------------------------------------------------
                             71 	.area XSEG    (XDATA)
                             72 ;--------------------------------------------------------
                             73 ; absolute external ram data
                             74 ;--------------------------------------------------------
                             75 	.area XABS    (ABS,XDATA)
                             76 ;--------------------------------------------------------
                             77 ; external initialized ram data
                             78 ;--------------------------------------------------------
                             79 	.area XISEG   (XDATA)
                             80 ;--------------------------------------------------------
                             81 ; global & static initialisations
                             82 ;--------------------------------------------------------
                             83 	.area HOME    (CODE)
                             84 	.area GSINIT  (CODE)
                             85 	.area GSFINAL (CODE)
                             86 	.area GSINIT  (CODE)
                             87 ;--------------------------------------------------------
                             88 ; Home
                             89 ;--------------------------------------------------------
                             90 	.area HOME    (CODE)
                             91 	.area HOME    (CODE)
                             92 ;--------------------------------------------------------
                             93 ; code
                             94 ;--------------------------------------------------------
                             95 	.area CSEG    (CODE)
                             96 ;------------------------------------------------------------
                             97 ;Allocation info for local variables in function 'dummy'
                             98 ;------------------------------------------------------------
                             99 ;------------------------------------------------------------
                            100 ;	_decdptr.c:30: dummy (void) __naked
                            101 ;	-----------------------------------------
                            102 ;	 function dummy
                            103 ;	-----------------------------------------
   0000                     104 _dummy:
                            105 ;	naked function: no prologue.
                            106 ;	_decdptr.c:44: jnz     00001$
                            107 	
                            108 	        .globl __decdptr
   0000                     109 	__decdptr:
                            110 	
                            111 	
   0000 43 86 C0            112 	        orl dps, #0xc0
   0003 A3                  113 	        inc dptr
   0004 53 86 3F            114 	        anl dps, #0x3f
                            115 ;	# 50 "_decdptr.c"
   0007 22                  116 	        ret
                            117 	        
   0008                     118 00101$:
                            119 ;	naked function: no epilogue.
                            120 	.area CSEG    (CODE)
                            121 	.area CONST   (CODE)
                            122 	.area XINIT   (CODE)
                            123 	.area CABS    (ABS,CODE)
