                              1 ;--------------------------------------------------------
                              2 ; File Created by SDCC : free open source ANSI-C Compiler
                              3 ; Version 3.0.1 #6227 (Oct  2 2015) (Linux)
                              4 ; This file was generated Fri Oct  2 17:15:18 2015
                              5 ;--------------------------------------------------------
                              6 	.module _fs2uchar
                              7 	.optsdcc -mds400 --model-flat24
                              8 	
                              9 ;--------------------------------------------------------
                             10 ; CPU specific extensions
                             11 ;--------------------------------------------------------
                             12 .flat24 on		; 24 bit flat addressing
                    0084     13 dpl1	=	0x84
                    0085     14 dph1	=	0x85
                    0086     15 dps	=	0x86
                    0093     16 dpx	=	0x93
                    0095     17 dpx1	=	0x95
                    009B     18 esp	=	0x9B
                    009C     19 ap	=	0x9C
                    009C     20 _ap	=	0x9C
                    00D1     21 mcnt0	=	0xD1
                    00D2     22 mcnt1	=	0xD2
                    00D3     23 ma	=	0xD3
                    00D4     24 mb	=	0xD4
                    00D5     25 mc	=	0xD5
                    00D1     26 F1	=	0xD1	; user flag
                             27 ;--------------------------------------------------------
                             28 ; Public variables in this module
                             29 ;--------------------------------------------------------
                             30 	.globl ___fs2uchar
                             31 ;--------------------------------------------------------
                             32 ; special function registers
                             33 ;--------------------------------------------------------
                             34 ;--------------------------------------------------------
                             35 ; special function bits
                             36 ;--------------------------------------------------------
                             37 ;--------------------------------------------------------
                             38 ; overlayable register banks
                             39 ;--------------------------------------------------------
                             40 	.area REG_BANK_0	(REL,OVR,DATA)
   0000                      41 	.ds 8
                             42 	.area REG_BANK_3	(REL,OVR,DATA)
   0000                      43 	.ds 8
                             44 ;--------------------------------------------------------
                             45 ; internal ram data
                             46 ;--------------------------------------------------------
                             47 	.area DSEG    (DATA)
                             48 ;--------------------------------------------------------
                             49 ; overlayable items in internal ram 
                             50 ;--------------------------------------------------------
                             51 	.area OSEG    (OVR,DATA)
                             52 ;--------------------------------------------------------
                             53 ; indirectly addressable internal ram data
                             54 ;--------------------------------------------------------
                             55 	.area ISEG    (DATA)
                             56 ;--------------------------------------------------------
                             57 ; absolute internal ram data
                             58 ;--------------------------------------------------------
                             59 	.area IABS    (ABS,DATA)
                             60 	.area IABS    (ABS,DATA)
                             61 ;--------------------------------------------------------
                             62 ; bit data
                             63 ;--------------------------------------------------------
                             64 	.area BSEG    (BIT)
                             65 ;--------------------------------------------------------
                             66 ; paged external ram data
                             67 ;--------------------------------------------------------
                             68 	.area PSEG    (PAG,XDATA)
                             69 ;--------------------------------------------------------
                             70 ; external ram data
                             71 ;--------------------------------------------------------
                             72 	.area XSEG    (XDATA)
                             73 ;--------------------------------------------------------
                             74 ; absolute external ram data
                             75 ;--------------------------------------------------------
                             76 	.area XABS    (ABS,XDATA)
                             77 ;--------------------------------------------------------
                             78 ; external initialized ram data
                             79 ;--------------------------------------------------------
                             80 	.area XISEG   (XDATA)
                             81 ;--------------------------------------------------------
                             82 ; global & static initialisations
                             83 ;--------------------------------------------------------
                             84 	.area HOME    (CODE)
                             85 	.area GSINIT  (CODE)
                             86 	.area GSFINAL (CODE)
                             87 	.area GSINIT  (CODE)
                             88 ;--------------------------------------------------------
                             89 ; Home
                             90 ;--------------------------------------------------------
                             91 	.area HOME    (CODE)
                             92 	.area HOME    (CODE)
                             93 ;--------------------------------------------------------
                             94 ; code
                             95 ;--------------------------------------------------------
                             96 	.area CSEG    (CODE)
                             97 ;------------------------------------------------------------
                             98 ;Allocation info for local variables in function '__fs2uchar'
                             99 ;------------------------------------------------------------
                            100 ;f                         Allocated to registers r2 r3 r4 r5 
                            101 ;ul                        Allocated to registers r2 r3 r4 r5 
                            102 ;------------------------------------------------------------
                            103 ;	_fs2uchar.c:51: unsigned char __fs2uchar (float f)
                            104 ;	-----------------------------------------
                            105 ;	 function __fs2uchar
                            106 ;	-----------------------------------------
   0000                     107 ___fs2uchar:
                    0002    108 	ar2 = 0x02
                    0003    109 	ar3 = 0x03
                    0004    110 	ar4 = 0x04
                    0005    111 	ar5 = 0x05
                    0006    112 	ar6 = 0x06
                    0007    113 	ar7 = 0x07
                    0000    114 	ar0 = 0x00
                    0001    115 	ar1 = 0x01
                            116 ;	_fs2uchar.c:53: unsigned long ul=__fs2ulong(f);
   0000 AA 82               117 	mov     r2,dpl
   0002 AB 83               118 	mov     r3,dph
   0004 AC 93               119 	mov     r4,dpx
   0006 AD F0               120 	mov     r5,b
   0008 8D F0               121 	mov	b,r5
   000A 12s00r00r00         122 	lcall	___fs2ulong
   000E AA 82               123 	mov	r2,dpl
   0010 AB 83               124 	mov	r3,dph
   0012 AC 93               125 	mov	r4,dpx
   0014 AD F0               126 	mov	r5,b
                            127 ;	genAssign: resultIsFar = TRUE
                            128 ;	_fs2uchar.c:54: if (ul>=UCHAR_MAX) return UCHAR_MAX;
   0016 C3                  129 	clr	c
   0017 EA                  130 	mov	a,r2
   0018 94 FF               131 	subb	a,#0xFF
   001A EB                  132 	mov	a,r3
   001B 94 00               133 	subb	a,#0x00
   001D EC                  134 	mov	a,r4
   001E 94 00               135 	subb	a,#0x00
   0020 ED                  136 	mov	a,r5
   0021 94 00               137 	subb	a,#0x00
   0023 40 04               138 	jc   00102$
   0025                     139 00106$:
   0025 75 82 FF            140 	mov	dpl,#0xFF
                            141 ;	_fs2uchar.c:55: return ul;
   0028 22                  142 	ret
   0029                     143 00102$:
   0029 8A 82               144 	mov     dpl,r2
   002B                     145 00103$:
   002B 22                  146 	ret
                            147 	.area CSEG    (CODE)
                            148 	.area CONST   (CODE)
                            149 	.area XINIT   (CODE)
                            150 	.area CABS    (ABS,CODE)
