                              1 ;--------------------------------------------------------
                              2 ; File Created by SDCC : free open source ANSI-C Compiler
                              3 ; Version 3.0.1 #6227 (Oct  2 2015) (Linux)
                              4 ; This file was generated Fri Oct  2 17:15:18 2015
                              5 ;--------------------------------------------------------
                              6 	.module _fssub
                              7 	.optsdcc -mds400 --model-flat24
                              8 	
                              9 ;--------------------------------------------------------
                             10 ; CPU specific extensions
                             11 ;--------------------------------------------------------
                             12 .flat24 on		; 24 bit flat addressing
                    0084     13 dpl1	=	0x84
                    0085     14 dph1	=	0x85
                    0086     15 dps	=	0x86
                    0093     16 dpx	=	0x93
                    0095     17 dpx1	=	0x95
                    009B     18 esp	=	0x9B
                    009C     19 ap	=	0x9C
                    009C     20 _ap	=	0x9C
                    00D1     21 mcnt0	=	0xD1
                    00D2     22 mcnt1	=	0xD2
                    00D3     23 ma	=	0xD3
                    00D4     24 mb	=	0xD4
                    00D5     25 mc	=	0xD5
                    00D1     26 F1	=	0xD1	; user flag
                             27 ;--------------------------------------------------------
                             28 ; Public variables in this module
                             29 ;--------------------------------------------------------
                             30 	.globl ___fssub_PARM_2
                             31 	.globl ___fssub
                             32 ;--------------------------------------------------------
                             33 ; special function registers
                             34 ;--------------------------------------------------------
                             35 ;--------------------------------------------------------
                             36 ; special function bits
                             37 ;--------------------------------------------------------
                             38 ;--------------------------------------------------------
                             39 ; overlayable register banks
                             40 ;--------------------------------------------------------
                             41 	.area REG_BANK_0	(REL,OVR,DATA)
   0000                      42 	.ds 8
                             43 	.area REG_BANK_3	(REL,OVR,DATA)
   0000                      44 	.ds 8
                             45 ;--------------------------------------------------------
                             46 ; internal ram data
                             47 ;--------------------------------------------------------
                             48 	.area DSEG    (DATA)
                             49 ;--------------------------------------------------------
                             50 ; overlayable items in internal ram 
                             51 ;--------------------------------------------------------
                             52 	.area OSEG    (OVR,DATA)
                             53 ;--------------------------------------------------------
                             54 ; indirectly addressable internal ram data
                             55 ;--------------------------------------------------------
                             56 	.area ISEG    (DATA)
                             57 ;--------------------------------------------------------
                             58 ; absolute internal ram data
                             59 ;--------------------------------------------------------
                             60 	.area IABS    (ABS,DATA)
                             61 	.area IABS    (ABS,DATA)
                             62 ;--------------------------------------------------------
                             63 ; bit data
                             64 ;--------------------------------------------------------
                             65 	.area BSEG    (BIT)
                             66 ;--------------------------------------------------------
                             67 ; paged external ram data
                             68 ;--------------------------------------------------------
                             69 	.area PSEG    (PAG,XDATA)
                             70 ;--------------------------------------------------------
                             71 ; external ram data
                             72 ;--------------------------------------------------------
                             73 	.area XSEG    (XDATA)
   0000                      74 ___fssub_PARM_2:
   0000                      75 	.ds 4
                             76 ;--------------------------------------------------------
                             77 ; absolute external ram data
                             78 ;--------------------------------------------------------
                             79 	.area XABS    (ABS,XDATA)
                             80 ;--------------------------------------------------------
                             81 ; external initialized ram data
                             82 ;--------------------------------------------------------
                             83 	.area XISEG   (XDATA)
                             84 ;--------------------------------------------------------
                             85 ; global & static initialisations
                             86 ;--------------------------------------------------------
                             87 	.area HOME    (CODE)
                             88 	.area GSINIT  (CODE)
                             89 	.area GSFINAL (CODE)
                             90 	.area GSINIT  (CODE)
                             91 ;--------------------------------------------------------
                             92 ; Home
                             93 ;--------------------------------------------------------
                             94 	.area HOME    (CODE)
                             95 	.area HOME    (CODE)
                             96 ;--------------------------------------------------------
                             97 ; code
                             98 ;--------------------------------------------------------
                             99 	.area CSEG    (CODE)
                            100 ;------------------------------------------------------------
                            101 ;Allocation info for local variables in function '__fssub'
                            102 ;------------------------------------------------------------
                            103 ;a2                        Allocated with name '___fssub_PARM_2'
                            104 ;a1                        Allocated to registers r2 r3 r4 r5 
                            105 ;neg                       Allocated to registers r2 r3 r4 r5 
                            106 ;------------------------------------------------------------
                            107 ;	_fssub.c:73: float __fssub (float a1, float a2)
                            108 ;	-----------------------------------------
                            109 ;	 function __fssub
                            110 ;	-----------------------------------------
   0000                     111 ___fssub:
                    0002    112 	ar2 = 0x02
                    0003    113 	ar3 = 0x03
                    0004    114 	ar4 = 0x04
                    0005    115 	ar5 = 0x05
                    0006    116 	ar6 = 0x06
                    0007    117 	ar7 = 0x07
                    0000    118 	ar0 = 0x00
                    0001    119 	ar1 = 0x01
   0000 AA 82               120 	mov	r2,dpl
   0002 AB 83               121 	mov	r3,dph
   0004 AC 93               122 	mov	r4,dpx
   0006 AD F0               123 	mov	r5,b
                            124 ;	_fssub.c:75: float neg = -a1;
   0008 ED                  125 	mov	a,r5
   0009 B2 E7               126 	cpl	acc.7
   000B FD                  127 	mov	r5,a
                            128 ;	_fssub.c:76: return -(neg + a2);
   000C 90s00r00r00         129 	mov	dptr,#___fssub_PARM_2
                            130 ;	genAssign: resultIsFar = TRUE
   0010 75 86 21            131 	mov	dps,#0x21
   0013 90s00r00r00         132 	mov	dptr,#___fsadd_PARM_2
   0017 E0                  133 	movx	a,@dptr
   0018 F0                  134 	movx	@dptr,a
   0019 A3                  135 	inc	dptr
   001A A3                  136 	inc	dptr
   001B E0                  137 	movx	a,@dptr
   001C F0                  138 	movx	@dptr,a
   001D A3                  139 	inc	dptr
   001E A3                  140 	inc	dptr
   001F E0                  141 	movx	a,@dptr
   0020 F0                  142 	movx	@dptr,a
   0021 A3                  143 	inc	dptr
   0022 A3                  144 	inc	dptr
   0023 E0                  145 	movx	a,@dptr
   0024 F0                  146 	movx	@dptr,a
   0025 75 86 00            147 	mov	dps,#0
   0028 8A 82               148 	mov	dpl,r2
   002A 8B 83               149 	mov	dph,r3
   002C 8C 93               150 	mov	dpx,r4
   002E 8D F0               151 	mov	b,r5
   0030 12s00r00r00         152 	lcall	___fsadd
   0034 AA 82               153 	mov	r2,dpl
   0036 AB 83               154 	mov	r3,dph
   0038 AC 93               155 	mov	r4,dpx
   003A E5 F0               156 	mov	a,b
   003C B2 E7               157 	cpl	acc.7
   003E FD                  158 	mov	r5,a
   003F 8A 82               159 	mov	dpl,r2
   0041 8B 83               160 	mov	dph,r3
   0043 8C 93               161 	mov	dpx,r4
   0045 8D F0               162 	mov	b,r5
   0047                     163 00101$:
   0047 22                  164 	ret
                            165 	.area CSEG    (CODE)
                            166 	.area CONST   (CODE)
                            167 	.area XINIT   (CODE)
                            168 	.area CABS    (ABS,CODE)
