                              1 ;--------------------------------------------------------
                              2 ; File Created by SDCC : free open source ANSI-C Compiler
                              3 ; Version 3.0.1 #6227 (Oct  2 2015) (Linux)
                              4 ; This file was generated Fri Oct  2 17:15:19 2015
                              5 ;--------------------------------------------------------
                              6 	.module _ispunct
                              7 	.optsdcc -mds400 --model-flat24
                              8 	
                              9 ;--------------------------------------------------------
                             10 ; CPU specific extensions
                             11 ;--------------------------------------------------------
                             12 .flat24 on		; 24 bit flat addressing
                    0084     13 dpl1	=	0x84
                    0085     14 dph1	=	0x85
                    0086     15 dps	=	0x86
                    0093     16 dpx	=	0x93
                    0095     17 dpx1	=	0x95
                    009B     18 esp	=	0x9B
                    009C     19 ap	=	0x9C
                    009C     20 _ap	=	0x9C
                    00D1     21 mcnt0	=	0xD1
                    00D2     22 mcnt1	=	0xD2
                    00D3     23 ma	=	0xD3
                    00D4     24 mb	=	0xD4
                    00D5     25 mc	=	0xD5
                    00D1     26 F1	=	0xD1	; user flag
                             27 ;--------------------------------------------------------
                             28 ; Public variables in this module
                             29 ;--------------------------------------------------------
                             30 	.globl _ispunct
                             31 ;--------------------------------------------------------
                             32 ; special function registers
                             33 ;--------------------------------------------------------
                             34 ;--------------------------------------------------------
                             35 ; special function bits
                             36 ;--------------------------------------------------------
                             37 ;--------------------------------------------------------
                             38 ; overlayable register banks
                             39 ;--------------------------------------------------------
                             40 	.area REG_BANK_0	(REL,OVR,DATA)
   0000                      41 	.ds 8
                             42 	.area REG_BANK_3	(REL,OVR,DATA)
   0000                      43 	.ds 8
                             44 ;--------------------------------------------------------
                             45 ; internal ram data
                             46 ;--------------------------------------------------------
                             47 	.area DSEG    (DATA)
                             48 ;--------------------------------------------------------
                             49 ; overlayable items in internal ram 
                             50 ;--------------------------------------------------------
                             51 	.area OSEG    (OVR,DATA)
                             52 ;--------------------------------------------------------
                             53 ; indirectly addressable internal ram data
                             54 ;--------------------------------------------------------
                             55 	.area ISEG    (DATA)
                             56 ;--------------------------------------------------------
                             57 ; absolute internal ram data
                             58 ;--------------------------------------------------------
                             59 	.area IABS    (ABS,DATA)
                             60 	.area IABS    (ABS,DATA)
                             61 ;--------------------------------------------------------
                             62 ; bit data
                             63 ;--------------------------------------------------------
                             64 	.area BSEG    (BIT)
                             65 ;--------------------------------------------------------
                             66 ; paged external ram data
                             67 ;--------------------------------------------------------
                             68 	.area PSEG    (PAG,XDATA)
                             69 ;--------------------------------------------------------
                             70 ; external ram data
                             71 ;--------------------------------------------------------
                             72 	.area XSEG    (XDATA)
                             73 ;--------------------------------------------------------
                             74 ; absolute external ram data
                             75 ;--------------------------------------------------------
                             76 	.area XABS    (ABS,XDATA)
                             77 ;--------------------------------------------------------
                             78 ; external initialized ram data
                             79 ;--------------------------------------------------------
                             80 	.area XISEG   (XDATA)
                             81 ;--------------------------------------------------------
                             82 ; global & static initialisations
                             83 ;--------------------------------------------------------
                             84 	.area HOME    (CODE)
                             85 	.area GSINIT  (CODE)
                             86 	.area GSFINAL (CODE)
                             87 	.area GSINIT  (CODE)
                             88 ;--------------------------------------------------------
                             89 ; Home
                             90 ;--------------------------------------------------------
                             91 	.area HOME    (CODE)
                             92 	.area HOME    (CODE)
                             93 ;--------------------------------------------------------
                             94 ; code
                             95 ;--------------------------------------------------------
                             96 	.area CSEG    (CODE)
                             97 ;------------------------------------------------------------
                             98 ;Allocation info for local variables in function 'ispunct'
                             99 ;------------------------------------------------------------
                            100 ;c                         Allocated to registers r2 
                            101 ;------------------------------------------------------------
                            102 ;	_ispunct.c:31: char ispunct (unsigned char c)
                            103 ;	-----------------------------------------
                            104 ;	 function ispunct
                            105 ;	-----------------------------------------
   0000                     106 _ispunct:
                    0002    107 	ar2 = 0x02
                    0003    108 	ar3 = 0x03
                    0004    109 	ar4 = 0x04
                    0005    110 	ar5 = 0x05
                    0006    111 	ar6 = 0x06
                    0007    112 	ar7 = 0x07
                    0000    113 	ar0 = 0x00
                    0001    114 	ar1 = 0x01
   0000 AA 82               115 	mov	r2,dpl
                            116 ;	_ispunct.c:33: if ( isprint (c) &&
   0002 C0 02               117 	push	ar2
   0004 8A 82               118 	mov	dpl,r2
   0006 12s00r00r00         119 	lcall	_isprint
   000A D0 02               120 	pop	ar2
   000C E5 82               121 	mov	a,dpl
   000E 60 38               122 	jz  00102$
   0010                     123 00114$:
                            124 ;	_ispunct.c:34: !islower(c) &&
   0010 C0 02               125 	push	ar2
   0012 8A 82               126 	mov	dpl,r2
   0014 12s00r00r00         127 	lcall	_islower
   0018 D0 02               128 	pop	ar2
   001A E5 82               129 	mov	a,dpl
   001C 70 2A               130 	jnz  00102$
   001E                     131 00115$:
                            132 ;	_ispunct.c:35: !isupper(c) &&
   001E C0 02               133 	push	ar2
   0020 8A 82               134 	mov	dpl,r2
   0022 12s00r00r00         135 	lcall	_isupper
   0026 D0 02               136 	pop	ar2
   0028 E5 82               137 	mov	a,dpl
   002A 70 1C               138 	jnz  00102$
   002C                     139 00116$:
                            140 ;	_ispunct.c:36: !isspace(c) &&
   002C C0 02               141 	push	ar2
   002E 8A 82               142 	mov	dpl,r2
   0030 12s00r00r00         143 	lcall	_isspace
   0034 D0 02               144 	pop	ar2
   0036 E5 82               145 	mov	a,dpl
   0038 70 0E               146 	jnz  00102$
   003A                     147 00117$:
                            148 ;	_ispunct.c:37: !isdigit(c) )
   003A 8A 82               149 	mov	dpl,r2
   003C 12s00r00r00         150 	lcall	_isdigit
   0040 E5 82               151 	mov	a,dpl
   0042 70 04               152 	jnz  00102$
   0044                     153 00118$:
                            154 ;	_ispunct.c:38: return 1;
   0044 75 82 01            155 	mov	dpl,#0x01
                            156 ;	_ispunct.c:39: return 0;
   0047 22                  157 	ret
   0048                     158 00102$:
   0048 75 82 00            159 	mov     dpl,#0x00
   004B                     160 00107$:
   004B 22                  161 	ret
                            162 	.area CSEG    (CODE)
                            163 	.area CONST   (CODE)
                            164 	.area XINIT   (CODE)
                            165 	.area CABS    (ABS,CODE)
