                              1 ;--------------------------------------------------------
                              2 ; File Created by SDCC : free open source ANSI-C Compiler
                              3 ; Version 3.0.1 #6227 (Oct  2 2015) (Linux)
                              4 ; This file was generated Fri Oct  2 17:15:19 2015
                              5 ;--------------------------------------------------------
                              6 	.module _mulint
                              7 	.optsdcc -mds400 --model-flat24
                              8 	
                              9 ;--------------------------------------------------------
                             10 ; CPU specific extensions
                             11 ;--------------------------------------------------------
                             12 .flat24 on		; 24 bit flat addressing
                    0084     13 dpl1	=	0x84
                    0085     14 dph1	=	0x85
                    0086     15 dps	=	0x86
                    0093     16 dpx	=	0x93
                    0095     17 dpx1	=	0x95
                    009B     18 esp	=	0x9B
                    009C     19 ap	=	0x9C
                    009C     20 _ap	=	0x9C
                    00D1     21 mcnt0	=	0xD1
                    00D2     22 mcnt1	=	0xD2
                    00D3     23 ma	=	0xD3
                    00D4     24 mb	=	0xD4
                    00D5     25 mc	=	0xD5
                    00D1     26 F1	=	0xD1	; user flag
                             27 ;--------------------------------------------------------
                             28 ; Public variables in this module
                             29 ;--------------------------------------------------------
                             30 	.globl __mulint_PARM_2
                             31 	.globl __mulint
                             32 ;--------------------------------------------------------
                             33 ; special function registers
                             34 ;--------------------------------------------------------
                             35 ;--------------------------------------------------------
                             36 ; special function bits
                             37 ;--------------------------------------------------------
                             38 ;--------------------------------------------------------
                             39 ; overlayable register banks
                             40 ;--------------------------------------------------------
                             41 	.area REG_BANK_0	(REL,OVR,DATA)
   0000                      42 	.ds 8
                             43 	.area REG_BANK_3	(REL,OVR,DATA)
   0000                      44 	.ds 8
                             45 ;--------------------------------------------------------
                             46 ; internal ram data
                             47 ;--------------------------------------------------------
                             48 	.area DSEG    (DATA)
                             49 ;--------------------------------------------------------
                             50 ; overlayable items in internal ram 
                             51 ;--------------------------------------------------------
                             52 	.area OSEG    (OVR,DATA)
                             53 ;--------------------------------------------------------
                             54 ; indirectly addressable internal ram data
                             55 ;--------------------------------------------------------
                             56 	.area ISEG    (DATA)
                             57 ;--------------------------------------------------------
                             58 ; absolute internal ram data
                             59 ;--------------------------------------------------------
                             60 	.area IABS    (ABS,DATA)
                             61 	.area IABS    (ABS,DATA)
                             62 ;--------------------------------------------------------
                             63 ; bit data
                             64 ;--------------------------------------------------------
                             65 	.area BSEG    (BIT)
                             66 ;--------------------------------------------------------
                             67 ; paged external ram data
                             68 ;--------------------------------------------------------
                             69 	.area PSEG    (PAG,XDATA)
                             70 ;--------------------------------------------------------
                             71 ; external ram data
                             72 ;--------------------------------------------------------
                             73 	.area XSEG    (XDATA)
   0000                      74 __mulint_PARM_2:
   0000                      75 	.ds 2
                             76 ;--------------------------------------------------------
                             77 ; absolute external ram data
                             78 ;--------------------------------------------------------
                             79 	.area XABS    (ABS,XDATA)
                             80 ;--------------------------------------------------------
                             81 ; external initialized ram data
                             82 ;--------------------------------------------------------
                             83 	.area XISEG   (XDATA)
                             84 ;--------------------------------------------------------
                             85 ; global & static initialisations
                             86 ;--------------------------------------------------------
                             87 	.area HOME    (CODE)
                             88 	.area GSINIT  (CODE)
                             89 	.area GSFINAL (CODE)
                             90 	.area GSINIT  (CODE)
                             91 ;--------------------------------------------------------
                             92 ; Home
                             93 ;--------------------------------------------------------
                             94 	.area HOME    (CODE)
                             95 	.area HOME    (CODE)
                             96 ;--------------------------------------------------------
                             97 ; code
                             98 ;--------------------------------------------------------
                             99 	.area CSEG    (CODE)
                            100 ;------------------------------------------------------------
                            101 ;Allocation info for local variables in function '_mulint'
                            102 ;------------------------------------------------------------
                            103 ;b                         Allocated with name '__mulint_PARM_2'
                            104 ;a                         Allocated to registers 
                            105 ;------------------------------------------------------------
                            106 ;	_mulint.c:64: _mulint (int a, int b)
                            107 ;	-----------------------------------------
                            108 ;	 function _mulint
                            109 ;	-----------------------------------------
   0000                     110 __mulint:
                    0002    111 	ar2 = 0x02
                    0003    112 	ar3 = 0x03
                    0004    113 	ar4 = 0x04
                    0005    114 	ar5 = 0x05
                    0006    115 	ar6 = 0x06
                    0007    116 	ar7 = 0x07
                    0000    117 	ar0 = 0x00
                    0001    118 	ar1 = 0x01
                            119 ;	_mulint.c:112: __endasm;
                            120 	
   0000 AA 83               121 	    mov r2,dph ; msb_a
   0002 AB 82               122 	    mov r3,dpl ; lsb_a
                            123 	
   0004 8B F0               124 	    mov b,r3 ; lsb_a
                            125 	
                            126 	
                            127 	
   0006 90s00r00r00         128 	    mov dptr,#__mulint_PARM_2
   000A E0                  129 	    movx a,@dptr ; lsb_b
                            130 	
   000B A4                  131 	    mul ab ; lsb_a*lsb_b
   000C F8                  132 	    mov r0,a
   000D A9 F0               133 	    mov r1,b
                            134 	
   000F 8A F0               135 	    mov b,r2 ; msb_a
                            136 	
                            137 	
                            138 	
   0011 E0                  139 	    movx a,@dptr ; lsb_b
                            140 	
   0012 A4                  141 	    mul ab ; msb_a*lsb_b
   0013 29                  142 	    add a,r1
   0014 F9                  143 	    mov r1,a
                            144 	
   0015 8B F0               145 	    mov b,r3 ; lsb_a
                            146 	
                            147 	
                            148 	
   0017 A3                  149 	    inc dptr
   0018 E0                  150 	    movx a,@dptr ; msb_b
                            151 	
   0019 A4                  152 	    mul ab ; lsb_a*msb_b
   001A 29                  153 	    add a,r1
                            154 	
   001B F5 83               155 	    mov dph,a
   001D 88 82               156 	    mov dpl,r0
   001F 22                  157 	    ret
                            158 	  
   0020                     159 00101$:
   0020 22                  160 	ret
                            161 	.area CSEG    (CODE)
                            162 	.area CONST   (CODE)
                            163 	.area XINIT   (CODE)
                            164 	.area CABS    (ABS,CODE)
