                              1 ;--------------------------------------------------------
                              2 ; File Created by SDCC : free open source ANSI-C Compiler
                              3 ; Version 3.0.1 #6227 (Oct  2 2015) (Linux)
                              4 ; This file was generated Fri Oct  2 17:15:19 2015
                              5 ;--------------------------------------------------------
                              6 	.module _mullong
                              7 	.optsdcc -mds400 --model-flat24
                              8 	
                              9 ;--------------------------------------------------------
                             10 ; CPU specific extensions
                             11 ;--------------------------------------------------------
                             12 .flat24 on		; 24 bit flat addressing
                    0084     13 dpl1	=	0x84
                    0085     14 dph1	=	0x85
                    0086     15 dps	=	0x86
                    0093     16 dpx	=	0x93
                    0095     17 dpx1	=	0x95
                    009B     18 esp	=	0x9B
                    009C     19 ap	=	0x9C
                    009C     20 _ap	=	0x9C
                    00D1     21 mcnt0	=	0xD1
                    00D2     22 mcnt1	=	0xD2
                    00D3     23 ma	=	0xD3
                    00D4     24 mb	=	0xD4
                    00D5     25 mc	=	0xD5
                    00D1     26 F1	=	0xD1	; user flag
                             27 ;--------------------------------------------------------
                             28 ; Public variables in this module
                             29 ;--------------------------------------------------------
                             30 	.globl __mullong_PARM_2
                             31 	.globl __mullong
                             32 ;--------------------------------------------------------
                             33 ; special function registers
                             34 ;--------------------------------------------------------
                             35 ;--------------------------------------------------------
                             36 ; special function bits
                             37 ;--------------------------------------------------------
                             38 ;--------------------------------------------------------
                             39 ; overlayable register banks
                             40 ;--------------------------------------------------------
                             41 	.area REG_BANK_0	(REL,OVR,DATA)
   0000                      42 	.ds 8
                             43 	.area REG_BANK_3	(REL,OVR,DATA)
   0000                      44 	.ds 8
                             45 ;--------------------------------------------------------
                             46 ; internal ram data
                             47 ;--------------------------------------------------------
                             48 	.area DSEG    (DATA)
                             49 ;--------------------------------------------------------
                             50 ; overlayable items in internal ram 
                             51 ;--------------------------------------------------------
                             52 	.area OSEG    (OVR,DATA)
                             53 ;--------------------------------------------------------
                             54 ; indirectly addressable internal ram data
                             55 ;--------------------------------------------------------
                             56 	.area ISEG    (DATA)
                             57 ;--------------------------------------------------------
                             58 ; absolute internal ram data
                             59 ;--------------------------------------------------------
                             60 	.area IABS    (ABS,DATA)
                             61 	.area IABS    (ABS,DATA)
                             62 ;--------------------------------------------------------
                             63 ; bit data
                             64 ;--------------------------------------------------------
                             65 	.area BSEG    (BIT)
                             66 ;--------------------------------------------------------
                             67 ; paged external ram data
                             68 ;--------------------------------------------------------
                             69 	.area PSEG    (PAG,XDATA)
                             70 ;--------------------------------------------------------
                             71 ; external ram data
                             72 ;--------------------------------------------------------
                             73 	.area XSEG    (XDATA)
   0000                      74 __mullong_PARM_2:
   0000                      75 	.ds 4
   0004                      76 __mullong_a_1_1:
   0004                      77 	.ds 4
   0008                      78 __mullong_t_1_1:
   0008                      79 	.ds 4
                             80 ;--------------------------------------------------------
                             81 ; absolute external ram data
                             82 ;--------------------------------------------------------
                             83 	.area XABS    (ABS,XDATA)
                             84 ;--------------------------------------------------------
                             85 ; external initialized ram data
                             86 ;--------------------------------------------------------
                             87 	.area XISEG   (XDATA)
                             88 ;--------------------------------------------------------
                             89 ; global & static initialisations
                             90 ;--------------------------------------------------------
                             91 	.area HOME    (CODE)
                             92 	.area GSINIT  (CODE)
                             93 	.area GSFINAL (CODE)
                             94 	.area GSINIT  (CODE)
                             95 ;--------------------------------------------------------
                             96 ; Home
                             97 ;--------------------------------------------------------
                             98 	.area HOME    (CODE)
                             99 	.area HOME    (CODE)
                            100 ;--------------------------------------------------------
                            101 ; code
                            102 ;--------------------------------------------------------
                            103 	.area CSEG    (CODE)
                            104 ;------------------------------------------------------------
                            105 ;Allocation info for local variables in function '_mullong'
                            106 ;------------------------------------------------------------
                            107 ;b                         Allocated with name '__mullong_PARM_2'
                            108 ;a                         Allocated with name '__mullong_a_1_1'
                            109 ;t                         Allocated with name '__mullong_t_1_1'
                            110 ;------------------------------------------------------------
                            111 ;	_mullong.c:703: _mullong (long a, long b)
                            112 ;	-----------------------------------------
                            113 ;	 function _mullong
                            114 ;	-----------------------------------------
   0000                     115 __mullong:
                    0002    116 	ar2 = 0x02
                    0003    117 	ar3 = 0x03
                    0004    118 	ar4 = 0x04
                    0005    119 	ar5 = 0x05
                    0006    120 	ar6 = 0x06
                    0007    121 	ar7 = 0x07
                    0000    122 	ar0 = 0x00
                    0001    123 	ar1 = 0x01
   0000 75 86 01            124 	mov     dps, #1
   0003 90s00r00r04         125 	mov     dptr, #__mullong_a_1_1
   0007 E5 82               126 	mov	a,dpl
   0009 F0                  127 	movx	@dptr,a
   000A A3                  128 	inc	dptr
   000B E5 83               129 	mov	a,dph
   000D F0                  130 	movx	@dptr,a
   000E A3                  131 	inc	dptr
   000F E5 93               132 	mov	a,dpx
   0011 F0                  133 	movx	@dptr,a
   0012 A3                  134 	inc	dptr
   0013 E5 F0               135 	mov	a,b
   0015 F0                  136 	movx	@dptr,a
   0016 75 86 00            137 	mov	dps,#0
                            138 ;	_mullong.c:707: t.i.hi = bcast(a)->b.b0 * bcast(b)->b.b2;           // A
   0019 90s00r00r04         139 	mov	dptr,#__mullong_a_1_1
   001D E0                  140 	movx	a,@dptr
   001E FA                  141 	mov	r2,a
   001F 90s00r00r02         142 	mov	dptr,#(__mullong_PARM_2 + 0x000002)
   0023 E0                  143 	movx	a,@dptr
   0024 FB                  144 	mov	r3,a
   0025 8A F0               145 	mov	b,r2
   0027 EB                  146 	mov	a,r3
   0028 A4                  147 	mul	ab
   0029 FC                  148 	mov	r4,a
   002A AD F0               149 	mov	r5,b
   002C 90s00r00r0A         150 	mov	dptr,#(__mullong_t_1_1 + 0x000002)
   0030 EC                  151 	mov	a,r4
   0031 F0                  152 	movx	@dptr,a
   0032 A3                  153 	inc	dptr
   0033 ED                  154 	mov	a,r5
   0034 F0                  155 	movx	@dptr,a
                            156 ;	_mullong.c:708: t.i.lo = bcast(a)->b.b0 * bcast(b)->b.b0;           // A
   0035 90s00r00r00         157 	mov	dptr,#__mullong_PARM_2
   0039 E0                  158 	movx	a,@dptr
   003A FC                  159 	mov	r4,a
   003B 8A F0               160 	mov	b,r2
   003D EC                  161 	mov	a,r4
   003E A4                  162 	mul	ab
   003F FD                  163 	mov	r5,a
   0040 AE F0               164 	mov	r6,b
   0042 90s00r00r08         165 	mov	dptr,#__mullong_t_1_1
   0046 ED                  166 	mov	a,r5
   0047 F0                  167 	movx	@dptr,a
   0048 A3                  168 	inc	dptr
   0049 EE                  169 	mov	a,r6
   004A F0                  170 	movx	@dptr,a
                            171 ;	_mullong.c:709: t.b.b3 += bcast(a)->b.b3 * bcast(b)->b.b0;          // G
   004B 90s00r00r0B         172 	mov	dptr,#(__mullong_t_1_1 + 0x000003)
   004F E0                  173 	movx	a,@dptr
   0050 FD                  174 	mov	r5,a
   0051 90s00r00r07         175 	mov	dptr,#(__mullong_a_1_1 + 0x000003)
   0055 E0                  176 	movx	a,@dptr
   0056 FE                  177 	mov	r6,a
   0057 8E F0               178 	mov	b,r6
   0059 EC                  179 	mov	a,r4
   005A A4                  180 	mul	ab
   005B FE                  181 	mov  r6,a
   005C 2D                  182 	add	a,r5
   005D FD                  183 	mov  r5,a
   005E 90s00r00r0B         184 	mov  dptr,#(__mullong_t_1_1 + 0x000003)
   0062 F0                  185 	movx @dptr,a
                            186 ;	_mullong.c:710: t.b.b3 += bcast(a)->b.b2 * bcast(b)->b.b1;          // F
   0063 90s00r00r0B         187 	mov	dptr,#(__mullong_t_1_1 + 0x000003)
   0067 E0                  188 	movx	a,@dptr
   0068 FD                  189 	mov	r5,a
   0069 90s00r00r06         190 	mov	dptr,#(__mullong_a_1_1 + 0x000002)
   006D E0                  191 	movx	a,@dptr
   006E FE                  192 	mov	r6,a
   006F 90s00r00r01         193 	mov	dptr,#(__mullong_PARM_2 + 0x000001)
   0073 E0                  194 	movx	a,@dptr
   0074 FF                  195 	mov	r7,a
   0075 8E F0               196 	mov	b,r6
   0077 EF                  197 	mov	a,r7
   0078 A4                  198 	mul	ab
   0079 F8                  199 	mov  r0,a
   007A 2D                  200 	add	a,r5
   007B FD                  201 	mov  r5,a
   007C 90s00r00r0B         202 	mov  dptr,#(__mullong_t_1_1 + 0x000003)
   0080 F0                  203 	movx @dptr,a
                            204 ;	_mullong.c:711: t.i.hi += bcast(a)->b.b2 * bcast(b)->b.b0;          // E <- b lost in .lst
   0081 90s00r00r0A         205 	mov	dptr,#(__mullong_t_1_1 + 0x000002)
   0085 E0                  206 	movx	a,@dptr
   0086 A3                  207 	inc	dptr
   0087 FD                  208 	mov	r5,a
   0088 E0                  209 	movx	a,@dptr
   0089 F8                  210 	mov	r0,a
   008A 8E F0               211 	mov	b,r6
   008C EC                  212 	mov	a,r4
   008D A4                  213 	mul	ab
   008E FE                  214 	mov	r6,a
   008F A9 F0               215 	mov	r1,b
   0091 2D                  216 	add	a,r5
   0092 FD                  217 	mov	r5,a
   0093 E9                  218 	mov	a,r1
   0094 38                  219 	addc	a,r0
   0095 F8                  220 	mov	r0,a
   0096 90s00r00r0A         221 	mov	dptr,#(__mullong_t_1_1 + 0x000002)
   009A ED                  222 	mov	a,r5
   009B F0                  223 	movx	@dptr,a
   009C A3                  224 	inc	dptr
   009D E8                  225 	mov	a,r0
   009E F0                  226 	movx	@dptr,a
                            227 ;	_mullong.c:713: t.i.hi += bcast(a)->b.b1 * bcast(b)->b.b1;          // D <- b lost in .lst
   009F 90s00r00r0A         228 	mov	dptr,#(__mullong_t_1_1 + 0x000002)
   00A3 E0                  229 	movx	a,@dptr
   00A4 A3                  230 	inc	dptr
   00A5 FD                  231 	mov	r5,a
   00A6 E0                  232 	movx	a,@dptr
   00A7 FE                  233 	mov	r6,a
   00A8 90s00r00r05         234 	mov	dptr,#(__mullong_a_1_1 + 0x000001)
   00AC E0                  235 	movx	a,@dptr
   00AD F8                  236 	mov	r0,a
   00AE 88 F0               237 	mov	b,r0
   00B0 EF                  238 	mov	a,r7
   00B1 A4                  239 	mul	ab
   00B2 FF                  240 	mov	r7,a
   00B3 A9 F0               241 	mov	r1,b
   00B5 2D                  242 	add	a,r5
   00B6 FD                  243 	mov	r5,a
   00B7 E9                  244 	mov	a,r1
   00B8 3E                  245 	addc	a,r6
   00B9 FE                  246 	mov	r6,a
   00BA 90s00r00r0A         247 	mov	dptr,#(__mullong_t_1_1 + 0x000002)
   00BE ED                  248 	mov	a,r5
   00BF F0                  249 	movx	@dptr,a
   00C0 A3                  250 	inc	dptr
   00C1 EE                  251 	mov	a,r6
   00C2 F0                  252 	movx	@dptr,a
                            253 ;	_mullong.c:715: bcast(a)->bi.b3 = bcast(a)->b.b1 * bcast(b)->b.b2;  // C
   00C3 88 F0               254 	mov	b,r0
   00C5 EB                  255 	mov	a,r3
   00C6 A4                  256 	mul	ab
   00C7 FB                  257 	mov  r3,a
   00C8 90s00r00r07         258 	mov  dptr,#(__mullong_a_1_1 + 0x000003)
   00CC F0                  259 	movx @dptr,a
                            260 ;	_mullong.c:716: bcast(a)->bi.i12 = bcast(a)->b.b1 * bcast(b)->b.b0; // C
   00CD 90s00r00r05         261 	mov	dptr,#(__mullong_a_1_1 + 0x000001)
   00D1 E0                  262 	movx	a,@dptr
   00D2 FB                  263 	mov	r3,a
   00D3 8B F0               264 	mov	b,r3
   00D5 EC                  265 	mov	a,r4
   00D6 A4                  266 	mul	ab
   00D7 FC                  267 	mov	r4,a
   00D8 AD F0               268 	mov	r5,b
   00DA 90s00r00r05         269 	mov	dptr,#(__mullong_a_1_1 + 0x000001)
   00DE EC                  270 	mov	a,r4
   00DF F0                  271 	movx	@dptr,a
   00E0 A3                  272 	inc	dptr
   00E1 ED                  273 	mov	a,r5
   00E2 F0                  274 	movx	@dptr,a
                            275 ;	_mullong.c:718: bcast(b)->bi.b3 = bcast(a)->b.b0 * bcast(b)->b.b3;  // B
   00E3 90s00r00r03         276 	mov	dptr,#(__mullong_PARM_2 + 0x000003)
   00E7 E0                  277 	movx	a,@dptr
   00E8 FB                  278 	mov	r3,a
   00E9 8A F0               279 	mov	b,r2
   00EB EB                  280 	mov	a,r3
   00EC A4                  281 	mul	ab
   00ED FB                  282 	mov  r3,a
   00EE 90s00r00r03         283 	mov  dptr,#(__mullong_PARM_2 + 0x000003)
   00F2 F0                  284 	movx @dptr,a
                            285 ;	_mullong.c:719: bcast(b)->bi.i12 = bcast(a)->b.b0 * bcast(b)->b.b1; // B
   00F3 90s00r00r01         286 	mov	dptr,#(__mullong_PARM_2 + 0x000001)
   00F7 E0                  287 	movx	a,@dptr
   00F8 FB                  288 	mov	r3,a
   00F9 8A F0               289 	mov	b,r2
   00FB EB                  290 	mov	a,r3
   00FC A4                  291 	mul	ab
   00FD FA                  292 	mov	r2,a
   00FE AC F0               293 	mov	r4,b
   0100 90s00r00r01         294 	mov	dptr,#(__mullong_PARM_2 + 0x000001)
   0104 EA                  295 	mov	a,r2
   0105 F0                  296 	movx	@dptr,a
   0106 A3                  297 	inc	dptr
   0107 EC                  298 	mov	a,r4
   0108 F0                  299 	movx	@dptr,a
                            300 ;	_mullong.c:721: bcast(b)->bi.b0 = 0;                                // B
   0109 90s00r00r00         301 	mov	dptr,#__mullong_PARM_2
                            302 ;	_mullong.c:722: bcast(a)->bi.b0 = 0;                                // C
   010D E4                  303 	clr   a
   010E F0                  304 	movx  @dptr,a
   010F 90s00r00r04         305 	mov   dptr,#__mullong_a_1_1
   0113 F0                  306 	movx  @dptr,a
                            307 ;	_mullong.c:723: t.l += a;
   0114 90s00r00r08         308 	mov	dptr,#__mullong_t_1_1
   0118 E0                  309 	movx	a,@dptr
   0119 A3                  310 	inc	dptr
   011A FA                  311 	mov	r2,a
   011B E0                  312 	movx	a,@dptr
   011C A3                  313 	inc	dptr
   011D FB                  314 	mov	r3,a
   011E E0                  315 	movx	a,@dptr
   011F A3                  316 	inc	dptr
   0120 FC                  317 	mov	r4,a
   0121 E0                  318 	movx	a,@dptr
   0122 FD                  319 	mov	r5,a
   0123 90s00r00r04         320 	mov	dptr,#__mullong_a_1_1
                            321 ;	genAssign: resultIsFar = TRUE
   0127 E0                  322 	movx	a,@dptr
   0128 FE                  323 	mov	r6,a
   0129 A3                  324 	inc	dptr
   012A E0                  325 	movx	a,@dptr
   012B FF                  326 	mov	r7,a
   012C A3                  327 	inc	dptr
   012D E0                  328 	movx	a,@dptr
   012E F8                  329 	mov	r0,a
   012F A3                  330 	inc	dptr
   0130 E0                  331 	movx	a,@dptr
   0131 F9                  332 	mov	r1,a
   0132 EE                  333 	mov	a,r6
   0133 2A                  334 	add	a,r2
   0134 FA                  335 	mov	r2,a
   0135 EF                  336 	mov	a,r7
   0136 3B                  337 	addc	a,r3
   0137 FB                  338 	mov	r3,a
   0138 E8                  339 	mov	a,r0
   0139 3C                  340 	addc	a,r4
   013A FC                  341 	mov	r4,a
   013B E9                  342 	mov	a,r1
   013C 3D                  343 	addc	a,r5
   013D FD                  344 	mov	r5,a
   013E 90s00r00r08         345 	mov	dptr,#__mullong_t_1_1
   0142 EA                  346 	mov	a,r2
   0143 F0                  347 	movx	@dptr,a
   0144 A3                  348 	inc	dptr
   0145 EB                  349 	mov	a,r3
   0146 F0                  350 	movx	@dptr,a
   0147 A3                  351 	inc	dptr
   0148 EC                  352 	mov	a,r4
   0149 F0                  353 	movx	@dptr,a
   014A A3                  354 	inc	dptr
   014B ED                  355 	mov	a,r5
   014C F0                  356 	movx	@dptr,a
                            357 ;	_mullong.c:725: return t.l + b;
   014D 90s00r00r08         358 	mov	dptr,#__mullong_t_1_1
   0151 E0                  359 	movx	a,@dptr
   0152 A3                  360 	inc	dptr
   0153 E0                  361 	movx	a,@dptr
   0154 A3                  362 	inc	dptr
   0155 E0                  363 	movx	a,@dptr
   0156 A3                  364 	inc	dptr
   0157 E0                  365 	movx	a,@dptr
   0158 90s00r00r00         366 	mov	dptr,#__mullong_PARM_2
                            367 ;	genAssign: resultIsFar = TRUE
   015C E0                  368 	movx	a,@dptr
   015D FE                  369 	mov	r6,a
   015E A3                  370 	inc	dptr
   015F E0                  371 	movx	a,@dptr
   0160 FF                  372 	mov	r7,a
   0161 A3                  373 	inc	dptr
   0162 E0                  374 	movx	a,@dptr
   0163 F8                  375 	mov	r0,a
   0164 A3                  376 	inc	dptr
   0165 E0                  377 	movx	a,@dptr
   0166 F9                  378 	mov	r1,a
   0167 EE                  379 	mov	a,r6
   0168 2A                  380 	add	a,r2
   0169 FA                  381 	mov	r2,a
   016A EF                  382 	mov	a,r7
   016B 3B                  383 	addc	a,r3
   016C FB                  384 	mov	r3,a
   016D E8                  385 	mov	a,r0
   016E 3C                  386 	addc	a,r4
   016F FC                  387 	mov	r4,a
   0170 E9                  388 	mov	a,r1
   0171 3D                  389 	addc	a,r5
   0172 FD                  390 	mov	r5,a
   0173 8A 82               391 	mov	dpl,r2
   0175 8B 83               392 	mov	dph,r3
   0177 8C 93               393 	mov	dpx,r4
   0179 8D F0               394 	mov	b,r5
   017B                     395 00101$:
   017B 22                  396 	ret
                            397 	.area CSEG    (CODE)
                            398 	.area CONST   (CODE)
                            399 	.area XINIT   (CODE)
                            400 	.area CABS    (ABS,CODE)
