                              1 ;--------------------------------------------------------
                              2 ; File Created by SDCC : free open source ANSI-C Compiler
                              3 ; Version 3.0.1 #6227 (Oct  2 2015) (Linux)
                              4 ; This file was generated Fri Oct  2 17:15:19 2015
                              5 ;--------------------------------------------------------
                              6 	.module coshf
                              7 	.optsdcc -mds400 --model-flat24
                              8 	
                              9 ;--------------------------------------------------------
                             10 ; CPU specific extensions
                             11 ;--------------------------------------------------------
                             12 .flat24 on		; 24 bit flat addressing
                    0084     13 dpl1	=	0x84
                    0085     14 dph1	=	0x85
                    0086     15 dps	=	0x86
                    0093     16 dpx	=	0x93
                    0095     17 dpx1	=	0x95
                    009B     18 esp	=	0x9B
                    009C     19 ap	=	0x9C
                    009C     20 _ap	=	0x9C
                    00D1     21 mcnt0	=	0xD1
                    00D2     22 mcnt1	=	0xD2
                    00D3     23 ma	=	0xD3
                    00D4     24 mb	=	0xD4
                    00D5     25 mc	=	0xD5
                    00D1     26 F1	=	0xD1	; user flag
                             27 ;--------------------------------------------------------
                             28 ; Public variables in this module
                             29 ;--------------------------------------------------------
                             30 	.globl _coshf
                             31 ;--------------------------------------------------------
                             32 ; special function registers
                             33 ;--------------------------------------------------------
                             34 ;--------------------------------------------------------
                             35 ; special function bits
                             36 ;--------------------------------------------------------
                             37 ;--------------------------------------------------------
                             38 ; overlayable register banks
                             39 ;--------------------------------------------------------
                             40 	.area REG_BANK_0	(REL,OVR,DATA)
   0000                      41 	.ds 8
                             42 	.area REG_BANK_3	(REL,OVR,DATA)
   0000                      43 	.ds 8
                             44 ;--------------------------------------------------------
                             45 ; internal ram data
                             46 ;--------------------------------------------------------
                             47 	.area DSEG    (DATA)
                             48 ;--------------------------------------------------------
                             49 ; overlayable items in internal ram 
                             50 ;--------------------------------------------------------
                             51 	.area OSEG    (OVR,DATA)
                             52 ;--------------------------------------------------------
                             53 ; indirectly addressable internal ram data
                             54 ;--------------------------------------------------------
                             55 	.area ISEG    (DATA)
                             56 ;--------------------------------------------------------
                             57 ; absolute internal ram data
                             58 ;--------------------------------------------------------
                             59 	.area IABS    (ABS,DATA)
                             60 	.area IABS    (ABS,DATA)
                             61 ;--------------------------------------------------------
                             62 ; bit data
                             63 ;--------------------------------------------------------
                             64 	.area BSEG    (BIT)
                             65 ;--------------------------------------------------------
                             66 ; paged external ram data
                             67 ;--------------------------------------------------------
                             68 	.area PSEG    (PAG,XDATA)
                             69 ;--------------------------------------------------------
                             70 ; external ram data
                             71 ;--------------------------------------------------------
                             72 	.area XSEG    (XDATA)
                             73 ;--------------------------------------------------------
                             74 ; absolute external ram data
                             75 ;--------------------------------------------------------
                             76 	.area XABS    (ABS,XDATA)
                             77 ;--------------------------------------------------------
                             78 ; external initialized ram data
                             79 ;--------------------------------------------------------
                             80 	.area XISEG   (XDATA)
                             81 ;--------------------------------------------------------
                             82 ; global & static initialisations
                             83 ;--------------------------------------------------------
                             84 	.area HOME    (CODE)
                             85 	.area GSINIT  (CODE)
                             86 	.area GSFINAL (CODE)
                             87 	.area GSINIT  (CODE)
                             88 ;--------------------------------------------------------
                             89 ; Home
                             90 ;--------------------------------------------------------
                             91 	.area HOME    (CODE)
                             92 	.area HOME    (CODE)
                             93 ;--------------------------------------------------------
                             94 ; code
                             95 ;--------------------------------------------------------
                             96 	.area CSEG    (CODE)
                             97 ;------------------------------------------------------------
                             98 ;Allocation info for local variables in function 'coshf'
                             99 ;------------------------------------------------------------
                            100 ;x                         Allocated to registers r2 r3 r4 r5 
                            101 ;------------------------------------------------------------
                            102 ;	coshf.c:35: float coshf(const float x) _FLOAT_FUNC_REENTRANT
                            103 ;	-----------------------------------------
                            104 ;	 function coshf
                            105 ;	-----------------------------------------
   0000                     106 _coshf:
                    0002    107 	ar2 = 0x02
                    0003    108 	ar3 = 0x03
                    0004    109 	ar4 = 0x04
                    0005    110 	ar5 = 0x05
                    0006    111 	ar6 = 0x06
                    0007    112 	ar7 = 0x07
                    0000    113 	ar0 = 0x00
                    0001    114 	ar1 = 0x01
   0000 AA 82               115 	mov	r2,dpl
   0002 AB 83               116 	mov	r3,dph
   0004 AC 93               117 	mov	r4,dpx
   0006 AD F0               118 	mov	r5,b
                            119 ;	coshf.c:37: return sincoshf(x, 1);
                            120 ;	genAssign: resultIsFar = TRUE
   0008 90s00r00r00         121 	mov	dptr,#_sincoshf_PARM_2
   000C 74 01               122 	mov	a,#0x01
   000E F0                  123 	movx	@dptr,a
   000F E4                  124 	clr	a
   0010 A3                  125 	inc	dptr
   0011 F0                  126 	movx	@dptr,a
   0012 8A 82               127 	mov	dpl,r2
   0014 8B 83               128 	mov	dph,r3
   0016 8C 93               129 	mov	dpx,r4
   0018 8D F0               130 	mov	b,r5
   001A 12s00r00r00         131 	lcall	_sincoshf
   001E                     132 00101$:
   001E 22                  133 	ret
                            134 	.area CSEG    (CODE)
                            135 	.area CONST   (CODE)
                            136 	.area XINIT   (CODE)
                            137 	.area CABS    (ABS,CODE)
