                              1 ;--------------------------------------------------------
                              2 ; File Created by SDCC : free open source ANSI-C Compiler
                              3 ; Version 3.0.1 #6227 (Oct  2 2015) (Linux)
                              4 ; This file was generated Fri Oct  2 17:15:18 2015
                              5 ;--------------------------------------------------------
                              6 	.module log10f
                              7 	.optsdcc -mds400 --model-flat24
                              8 	
                              9 ;--------------------------------------------------------
                             10 ; CPU specific extensions
                             11 ;--------------------------------------------------------
                             12 .flat24 on		; 24 bit flat addressing
                    0084     13 dpl1	=	0x84
                    0085     14 dph1	=	0x85
                    0086     15 dps	=	0x86
                    0093     16 dpx	=	0x93
                    0095     17 dpx1	=	0x95
                    009B     18 esp	=	0x9B
                    009C     19 ap	=	0x9C
                    009C     20 _ap	=	0x9C
                    00D1     21 mcnt0	=	0xD1
                    00D2     22 mcnt1	=	0xD2
                    00D3     23 ma	=	0xD3
                    00D4     24 mb	=	0xD4
                    00D5     25 mc	=	0xD5
                    00D1     26 F1	=	0xD1	; user flag
                             27 ;--------------------------------------------------------
                             28 ; Public variables in this module
                             29 ;--------------------------------------------------------
                             30 	.globl _log10f
                             31 ;--------------------------------------------------------
                             32 ; special function registers
                             33 ;--------------------------------------------------------
                             34 ;--------------------------------------------------------
                             35 ; special function bits
                             36 ;--------------------------------------------------------
                             37 ;--------------------------------------------------------
                             38 ; overlayable register banks
                             39 ;--------------------------------------------------------
                             40 	.area REG_BANK_0	(REL,OVR,DATA)
   0000                      41 	.ds 8
                             42 	.area REG_BANK_3	(REL,OVR,DATA)
   0000                      43 	.ds 8
                             44 ;--------------------------------------------------------
                             45 ; internal ram data
                             46 ;--------------------------------------------------------
                             47 	.area DSEG    (DATA)
                             48 ;--------------------------------------------------------
                             49 ; overlayable items in internal ram 
                             50 ;--------------------------------------------------------
                             51 	.area OSEG    (OVR,DATA)
                             52 ;--------------------------------------------------------
                             53 ; indirectly addressable internal ram data
                             54 ;--------------------------------------------------------
                             55 	.area ISEG    (DATA)
                             56 ;--------------------------------------------------------
                             57 ; absolute internal ram data
                             58 ;--------------------------------------------------------
                             59 	.area IABS    (ABS,DATA)
                             60 	.area IABS    (ABS,DATA)
                             61 ;--------------------------------------------------------
                             62 ; bit data
                             63 ;--------------------------------------------------------
                             64 	.area BSEG    (BIT)
                             65 ;--------------------------------------------------------
                             66 ; paged external ram data
                             67 ;--------------------------------------------------------
                             68 	.area PSEG    (PAG,XDATA)
                             69 ;--------------------------------------------------------
                             70 ; external ram data
                             71 ;--------------------------------------------------------
                             72 	.area XSEG    (XDATA)
                             73 ;--------------------------------------------------------
                             74 ; absolute external ram data
                             75 ;--------------------------------------------------------
                             76 	.area XABS    (ABS,XDATA)
                             77 ;--------------------------------------------------------
                             78 ; external initialized ram data
                             79 ;--------------------------------------------------------
                             80 	.area XISEG   (XDATA)
                             81 ;--------------------------------------------------------
                             82 ; global & static initialisations
                             83 ;--------------------------------------------------------
                             84 	.area HOME    (CODE)
                             85 	.area GSINIT  (CODE)
                             86 	.area GSFINAL (CODE)
                             87 	.area GSINIT  (CODE)
                             88 ;--------------------------------------------------------
                             89 ; Home
                             90 ;--------------------------------------------------------
                             91 	.area HOME    (CODE)
                             92 	.area HOME    (CODE)
                             93 ;--------------------------------------------------------
                             94 ; code
                             95 ;--------------------------------------------------------
                             96 	.area CSEG    (CODE)
                             97 ;------------------------------------------------------------
                             98 ;Allocation info for local variables in function 'log10f'
                             99 ;------------------------------------------------------------
                            100 ;x                         Allocated to registers r2 r3 r4 r5 
                            101 ;------------------------------------------------------------
                            102 ;	log10f.c:34: float log10f(const float x) _FLOAT_FUNC_REENTRANT
                            103 ;	-----------------------------------------
                            104 ;	 function log10f
                            105 ;	-----------------------------------------
   0000                     106 _log10f:
                    0002    107 	ar2 = 0x02
                    0003    108 	ar3 = 0x03
                    0004    109 	ar4 = 0x04
                    0005    110 	ar5 = 0x05
                    0006    111 	ar6 = 0x06
                    0007    112 	ar7 = 0x07
                    0000    113 	ar0 = 0x00
                    0001    114 	ar1 = 0x01
                            115 ;	log10f.c:36: return logf(x)*0.4342944819;
   0000 AA 82               116 	mov     r2,dpl
   0002 AB 83               117 	mov     r3,dph
   0004 AC 93               118 	mov     r4,dpx
   0006 AD F0               119 	mov     r5,b
   0008 8D F0               120 	mov	b,r5
   000A 12s00r00r00         121 	lcall	_logf
   000E AA 82               122 	mov	r2,dpl
   0010 AB 83               123 	mov	r3,dph
   0012 AC 93               124 	mov	r4,dpx
   0014 AD F0               125 	mov	r5,b
                            126 ;	genAssign: resultIsFar = TRUE
   0016 90s00r00r00         127 	mov	dptr,#___fsmul_PARM_2
   001A EA                  128 	mov	a,r2
   001B F0                  129 	movx	@dptr,a
   001C A3                  130 	inc	dptr
   001D EB                  131 	mov	a,r3
   001E F0                  132 	movx	@dptr,a
   001F A3                  133 	inc	dptr
   0020 EC                  134 	mov	a,r4
   0021 F0                  135 	movx	@dptr,a
   0022 A3                  136 	inc	dptr
   0023 ED                  137 	mov	a,r5
   0024 F0                  138 	movx	@dptr,a
   0025 90 DE 5B D9         139 	mov	dptr,#0xDE5BD9
   0029 75 F0 3E            140 	mov	b,#0x3E
   002C 12s00r00r00         141 	lcall	___fsmul
   0030                     142 00101$:
   0030 22                  143 	ret
                            144 	.area CSEG    (CODE)
                            145 	.area CONST   (CODE)
                            146 	.area XINIT   (CODE)
                            147 	.area CABS    (ABS,CODE)
