                              1 ;--------------------------------------------------------
                              2 ; File Created by SDCC : free open source ANSI-C Compiler
                              3 ; Version 3.0.1 #6227 (Oct  2 2015) (Linux)
                              4 ; This file was generated Fri Oct  2 17:15:20 2015
                              5 ;--------------------------------------------------------
                              6 	.module printf_fast
                              7 	.optsdcc -mds400 --model-flat24
                              8 	
                              9 ;--------------------------------------------------------
                             10 ; CPU specific extensions
                             11 ;--------------------------------------------------------
                             12 .flat24 on		; 24 bit flat addressing
                    0084     13 dpl1	=	0x84
                    0085     14 dph1	=	0x85
                    0086     15 dps	=	0x86
                    0093     16 dpx	=	0x93
                    0095     17 dpx1	=	0x95
                    009B     18 esp	=	0x9B
                    009C     19 ap	=	0x9C
                    009C     20 _ap	=	0x9C
                    00D1     21 mcnt0	=	0xD1
                    00D2     22 mcnt1	=	0xD2
                    00D3     23 ma	=	0xD3
                    00D4     24 mb	=	0xD4
                    00D5     25 mc	=	0xD5
                    00D1     26 F1	=	0xD1	; user flag
                             27 ;--------------------------------------------------------
                             28 ; Public variables in this module
                             29 ;--------------------------------------------------------
                             30 ;--------------------------------------------------------
                             31 ; special function registers
                             32 ;--------------------------------------------------------
                             33 ;--------------------------------------------------------
                             34 ; special function bits
                             35 ;--------------------------------------------------------
                             36 ;--------------------------------------------------------
                             37 ; overlayable register banks
                             38 ;--------------------------------------------------------
                             39 	.area REG_BANK_0	(REL,OVR,DATA)
   0000                      40 	.ds 8
                             41 	.area REG_BANK_3	(REL,OVR,DATA)
   0000                      42 	.ds 8
                             43 ;--------------------------------------------------------
                             44 ; internal ram data
                             45 ;--------------------------------------------------------
                             46 	.area DSEG    (DATA)
   0000                      47 _field_width:
   0000                      48 	.ds 1
                             49 ;--------------------------------------------------------
                             50 ; overlayable items in internal ram 
                             51 ;--------------------------------------------------------
                             52 	.area OSEG    (OVR,DATA)
                             53 ;--------------------------------------------------------
                             54 ; indirectly addressable internal ram data
                             55 ;--------------------------------------------------------
                             56 	.area ISEG    (DATA)
                             57 ;--------------------------------------------------------
                             58 ; absolute internal ram data
                             59 ;--------------------------------------------------------
                             60 	.area IABS    (ABS,DATA)
                             61 	.area IABS    (ABS,DATA)
                             62 ;--------------------------------------------------------
                             63 ; bit data
                             64 ;--------------------------------------------------------
                             65 	.area BSEG    (BIT)
   0000                      66 _long_flag:
   0000                      67 	.ds 1
   0001                      68 _short_flag:
   0001                      69 	.ds 1
   0002                      70 _print_zero_flag:
   0002                      71 	.ds 1
   0003                      72 _negative_flag:
   0003                      73 	.ds 1
   0004                      74 _field_width_flag:
   0004                      75 	.ds 1
   0005                      76 _leading_zero_flag:
   0005                      77 	.ds 1
                             78 ;--------------------------------------------------------
                             79 ; paged external ram data
                             80 ;--------------------------------------------------------
                             81 	.area PSEG    (PAG,XDATA)
                             82 ;--------------------------------------------------------
                             83 ; external ram data
                             84 ;--------------------------------------------------------
                             85 	.area XSEG    (XDATA)
                             86 ;--------------------------------------------------------
                             87 ; absolute external ram data
                             88 ;--------------------------------------------------------
                             89 	.area XABS    (ABS,XDATA)
                             90 ;--------------------------------------------------------
                             91 ; external initialized ram data
                             92 ;--------------------------------------------------------
                             93 	.area XISEG   (XDATA)
                             94 ;--------------------------------------------------------
                             95 ; global & static initialisations
                             96 ;--------------------------------------------------------
                             97 	.area HOME    (CODE)
                             98 	.area GSINIT  (CODE)
                             99 	.area GSFINAL (CODE)
                            100 	.area GSINIT  (CODE)
                            101 ;--------------------------------------------------------
                            102 ; Home
                            103 ;--------------------------------------------------------
                            104 	.area HOME    (CODE)
                            105 	.area HOME    (CODE)
                            106 ;--------------------------------------------------------
                            107 ; code
                            108 ;--------------------------------------------------------
                            109 	.area CSEG    (CODE)
                            110 	.area CSEG    (CODE)
                            111 	.area CONST   (CODE)
                            112 	.area XINIT   (CODE)
                            113 	.area CABS    (ABS,CODE)
