                              1 ;--------------------------------------------------------
                              2 ; File Created by SDCC : free open source ANSI-C Compiler
                              3 ; Version 3.0.1 #6227 (Oct  2 2015) (Linux)
                              4 ; This file was generated Fri Oct  2 17:15:20 2015
                              5 ;--------------------------------------------------------
                              6 	.module puts
                              7 	.optsdcc -mds400 --model-flat24
                              8 	
                              9 ;--------------------------------------------------------
                             10 ; CPU specific extensions
                             11 ;--------------------------------------------------------
                             12 .flat24 on		; 24 bit flat addressing
                    0084     13 dpl1	=	0x84
                    0085     14 dph1	=	0x85
                    0086     15 dps	=	0x86
                    0093     16 dpx	=	0x93
                    0095     17 dpx1	=	0x95
                    009B     18 esp	=	0x9B
                    009C     19 ap	=	0x9C
                    009C     20 _ap	=	0x9C
                    00D1     21 mcnt0	=	0xD1
                    00D2     22 mcnt1	=	0xD2
                    00D3     23 ma	=	0xD3
                    00D4     24 mb	=	0xD4
                    00D5     25 mc	=	0xD5
                    00D1     26 F1	=	0xD1	; user flag
                             27 ;--------------------------------------------------------
                             28 ; Public variables in this module
                             29 ;--------------------------------------------------------
                             30 	.globl _puts
                             31 ;--------------------------------------------------------
                             32 ; special function registers
                             33 ;--------------------------------------------------------
                             34 ;--------------------------------------------------------
                             35 ; special function bits
                             36 ;--------------------------------------------------------
                             37 ;--------------------------------------------------------
                             38 ; overlayable register banks
                             39 ;--------------------------------------------------------
                             40 	.area REG_BANK_0	(REL,OVR,DATA)
   0000                      41 	.ds 8
                             42 	.area REG_BANK_3	(REL,OVR,DATA)
   0000                      43 	.ds 8
                             44 ;--------------------------------------------------------
                             45 ; internal ram data
                             46 ;--------------------------------------------------------
                             47 	.area DSEG    (DATA)
                             48 ;--------------------------------------------------------
                             49 ; overlayable items in internal ram 
                             50 ;--------------------------------------------------------
                             51 	.area OSEG    (OVR,DATA)
                             52 ;--------------------------------------------------------
                             53 ; indirectly addressable internal ram data
                             54 ;--------------------------------------------------------
                             55 	.area ISEG    (DATA)
                             56 ;--------------------------------------------------------
                             57 ; absolute internal ram data
                             58 ;--------------------------------------------------------
                             59 	.area IABS    (ABS,DATA)
                             60 	.area IABS    (ABS,DATA)
                             61 ;--------------------------------------------------------
                             62 ; bit data
                             63 ;--------------------------------------------------------
                             64 	.area BSEG    (BIT)
                             65 ;--------------------------------------------------------
                             66 ; paged external ram data
                             67 ;--------------------------------------------------------
                             68 	.area PSEG    (PAG,XDATA)
                             69 ;--------------------------------------------------------
                             70 ; external ram data
                             71 ;--------------------------------------------------------
                             72 	.area XSEG    (XDATA)
                             73 ;--------------------------------------------------------
                             74 ; absolute external ram data
                             75 ;--------------------------------------------------------
                             76 	.area XABS    (ABS,XDATA)
                             77 ;--------------------------------------------------------
                             78 ; external initialized ram data
                             79 ;--------------------------------------------------------
                             80 	.area XISEG   (XDATA)
                             81 ;--------------------------------------------------------
                             82 ; global & static initialisations
                             83 ;--------------------------------------------------------
                             84 	.area HOME    (CODE)
                             85 	.area GSINIT  (CODE)
                             86 	.area GSFINAL (CODE)
                             87 	.area GSINIT  (CODE)
                             88 ;--------------------------------------------------------
                             89 ; Home
                             90 ;--------------------------------------------------------
                             91 	.area HOME    (CODE)
                             92 	.area HOME    (CODE)
                             93 ;--------------------------------------------------------
                             94 ; code
                             95 ;--------------------------------------------------------
                             96 	.area CSEG    (CODE)
                             97 ;------------------------------------------------------------
                             98 ;Allocation info for local variables in function 'puts'
                             99 ;------------------------------------------------------------
                            100 ;s                         Allocated to registers r2 r3 r4 r5 
                            101 ;i                         Allocated to registers 
                            102 ;------------------------------------------------------------
                            103 ;	puts.c:31: int puts (char *s)
                            104 ;	-----------------------------------------
                            105 ;	 function puts
                            106 ;	-----------------------------------------
   0000                     107 _puts:
                    0002    108 	ar2 = 0x02
                    0003    109 	ar3 = 0x03
                    0004    110 	ar4 = 0x04
                    0005    111 	ar5 = 0x05
                    0006    112 	ar6 = 0x06
                    0007    113 	ar7 = 0x07
                    0000    114 	ar0 = 0x00
                    0001    115 	ar1 = 0x01
   0000 AA 82               116 	mov	r2,dpl
   0002 AB 83               117 	mov	r3,dph
   0004 AC 93               118 	mov	r4,dpx
   0006 AD F0               119 	mov	r5,b
                            120 ;	puts.c:34: while (*s){
                            121 ;	genAssign: resultIsFar = FALSE
                            122 ;	genAssign: resultIsFar = FALSE
   0008 7E 00               123 	mov	r6,#0x00
   000A 7F 00               124 	mov	r7,#0x00
   000C                     125 00101$:
   000C 8A 82               126 	mov	dpl,r2
   000E 8B 83               127 	mov	dph,r3
   0010 8C 93               128 	mov	dpx,r4
   0012 8D F0               129 	mov	b,r5
   0014 12s00r00r00         130 	lcall	__gptrget
   0018 F8                  131 	mov  r0,a
   0019 60 2E               132 	jz  00103$
   001B                     133 00109$:
                            134 ;	puts.c:35: putchar(*s++);
   001B 0A                  135 	inc	r2
   001C BA 00 05            136 	cjne	r2,#0,00110$
   001F 0B                  137 	inc	r3
   0020 BB 00 01            138 	cjne	r3,#0,00110$
   0023 0C                  139 	inc	r4
   0024                     140 00110$:
   0024 C0 02               141 	push	ar2
   0026 C0 03               142 	push	ar3
   0028 C0 04               143 	push	ar4
   002A C0 05               144 	push	ar5
   002C C0 06               145 	push	ar6
   002E C0 07               146 	push	ar7
   0030 88 82               147 	mov	dpl,r0
   0032 12s00r00r00         148 	lcall	_putchar
   0036 D0 07               149 	pop	ar7
   0038 D0 06               150 	pop	ar6
   003A D0 05               151 	pop	ar5
   003C D0 04               152 	pop	ar4
   003E D0 03               153 	pop	ar3
   0040 D0 02               154 	pop	ar2
                            155 ;	puts.c:36: i++;
   0042 0E                  156 	inc	r6
   0043 BE 00 01            157 	cjne	r6,#0,00111$
   0046 0F                  158 	inc	r7
   0047                     159 00111$:
   0047 80 C3               160 	sjmp 00101$
   0049                     161 00103$:
                            162 ;	puts.c:38: putchar('\n');
   0049 C0 06               163 	push	ar6
   004B C0 07               164 	push	ar7
   004D 75 82 0A            165 	mov	dpl,#0x0A
   0050 12s00r00r00         166 	lcall	_putchar
   0054 D0 07               167 	pop	ar7
   0056 D0 06               168 	pop	ar6
                            169 ;	puts.c:39: return i+1;
   0058 8F 83               170 	mov	dph,r7
   005A 8E 82               171 	mov	dpl,r6
   005C A3                  172 	inc	dptr
   005D                     173 00104$:
   005D 22                  174 	ret
                            175 	.area CSEG    (CODE)
                            176 	.area CONST   (CODE)
                            177 	.area XINIT   (CODE)
                            178 	.area CABS    (ABS,CODE)
