                              1 ;--------------------------------------------------------
                              2 ; File Created by SDCC : free open source ANSI-C Compiler
                              3 ; Version 3.0.1 #6227 (Oct  2 2015) (Linux)
                              4 ; This file was generated Fri Oct  2 17:15:28 2015
                              5 ;--------------------------------------------------------
                              6 	.module _ispunct
                              7 	.optsdcc -mmcs51 --model-large
                              8 	
                              9 ;--------------------------------------------------------
                             10 ; Public variables in this module
                             11 ;--------------------------------------------------------
                             12 	.globl _ispunct
                             13 ;--------------------------------------------------------
                             14 ; special function registers
                             15 ;--------------------------------------------------------
                             16 	.area RSEG    (ABS,DATA)
   0000                      17 	.org 0x0000
                             18 ;--------------------------------------------------------
                             19 ; special function bits
                             20 ;--------------------------------------------------------
                             21 	.area RSEG    (ABS,DATA)
   0000                      22 	.org 0x0000
                             23 ;--------------------------------------------------------
                             24 ; overlayable register banks
                             25 ;--------------------------------------------------------
                             26 	.area REG_BANK_0	(REL,OVR,DATA)
   0000                      27 	.ds 8
                             28 ;--------------------------------------------------------
                             29 ; internal ram data
                             30 ;--------------------------------------------------------
                             31 	.area DSEG    (DATA)
                             32 ;--------------------------------------------------------
                             33 ; overlayable items in internal ram 
                             34 ;--------------------------------------------------------
                             35 	.area OSEG    (OVR,DATA)
                             36 ;--------------------------------------------------------
                             37 ; indirectly addressable internal ram data
                             38 ;--------------------------------------------------------
                             39 	.area ISEG    (DATA)
                             40 ;--------------------------------------------------------
                             41 ; absolute internal ram data
                             42 ;--------------------------------------------------------
                             43 	.area IABS    (ABS,DATA)
                             44 	.area IABS    (ABS,DATA)
                             45 ;--------------------------------------------------------
                             46 ; bit data
                             47 ;--------------------------------------------------------
                             48 	.area BSEG    (BIT)
                             49 ;--------------------------------------------------------
                             50 ; paged external ram data
                             51 ;--------------------------------------------------------
                             52 	.area PSEG    (PAG,XDATA)
                             53 ;--------------------------------------------------------
                             54 ; external ram data
                             55 ;--------------------------------------------------------
                             56 	.area XSEG    (XDATA)
   0000                      57 _ispunct_c_1_1:
   0000                      58 	.ds 1
                             59 ;--------------------------------------------------------
                             60 ; absolute external ram data
                             61 ;--------------------------------------------------------
                             62 	.area XABS    (ABS,XDATA)
                             63 ;--------------------------------------------------------
                             64 ; external initialized ram data
                             65 ;--------------------------------------------------------
                             66 	.area XISEG   (XDATA)
                             67 	.area HOME    (CODE)
                             68 	.area GSINIT0 (CODE)
                             69 	.area GSINIT1 (CODE)
                             70 	.area GSINIT2 (CODE)
                             71 	.area GSINIT3 (CODE)
                             72 	.area GSINIT4 (CODE)
                             73 	.area GSINIT5 (CODE)
                             74 	.area GSINIT  (CODE)
                             75 	.area GSFINAL (CODE)
                             76 	.area CSEG    (CODE)
                             77 ;--------------------------------------------------------
                             78 ; global & static initialisations
                             79 ;--------------------------------------------------------
                             80 	.area HOME    (CODE)
                             81 	.area GSINIT  (CODE)
                             82 	.area GSFINAL (CODE)
                             83 	.area GSINIT  (CODE)
                             84 ;--------------------------------------------------------
                             85 ; Home
                             86 ;--------------------------------------------------------
                             87 	.area HOME    (CODE)
                             88 	.area HOME    (CODE)
                             89 ;--------------------------------------------------------
                             90 ; code
                             91 ;--------------------------------------------------------
                             92 	.area CSEG    (CODE)
                             93 ;------------------------------------------------------------
                             94 ;Allocation info for local variables in function 'ispunct'
                             95 ;------------------------------------------------------------
                             96 ;c                         Allocated with name '_ispunct_c_1_1'
                             97 ;------------------------------------------------------------
                             98 ;	_ispunct.c:31: char ispunct (unsigned char c)
                             99 ;	-----------------------------------------
                            100 ;	 function ispunct
                            101 ;	-----------------------------------------
   0000                     102 _ispunct:
                    0002    103 	ar2 = 0x02
                    0003    104 	ar3 = 0x03
                    0004    105 	ar4 = 0x04
                    0005    106 	ar5 = 0x05
                    0006    107 	ar6 = 0x06
                    0007    108 	ar7 = 0x07
                    0000    109 	ar0 = 0x00
                    0001    110 	ar1 = 0x01
   0000 E5 82               111 	mov	a,dpl
                            112 ;	_ispunct.c:33: if ( isprint (c) &&
   0002 90s00r00            113 	mov	dptr,#_ispunct_c_1_1
   0005 F0                  114 	movx	@dptr,a
   0006 FA                  115 	mov	r2,a
   0007 F5 82               116 	mov	dpl,a
   0009 C0 02               117 	push	ar2
   000B 12s00r00            118 	lcall	_isprint
   000E E5 82               119 	mov	a,dpl
   0010 D0 02               120 	pop	ar2
   0012 60 34               121 	jz	00102$
                            122 ;	_ispunct.c:34: !islower(c) &&
   0014 8A 82               123 	mov	dpl,r2
   0016 C0 02               124 	push	ar2
   0018 12s00r00            125 	lcall	_islower
   001B E5 82               126 	mov	a,dpl
   001D D0 02               127 	pop	ar2
   001F 70 27               128 	jnz	00102$
                            129 ;	_ispunct.c:35: !isupper(c) &&
   0021 8A 82               130 	mov	dpl,r2
   0023 C0 02               131 	push	ar2
   0025 12s00r00            132 	lcall	_isupper
   0028 E5 82               133 	mov	a,dpl
   002A D0 02               134 	pop	ar2
   002C 70 1A               135 	jnz	00102$
                            136 ;	_ispunct.c:36: !isspace(c) &&
   002E 8A 82               137 	mov	dpl,r2
   0030 C0 02               138 	push	ar2
   0032 12s00r00            139 	lcall	_isspace
   0035 E5 82               140 	mov	a,dpl
   0037 D0 02               141 	pop	ar2
   0039 70 0D               142 	jnz	00102$
                            143 ;	_ispunct.c:37: !isdigit(c) )
   003B 8A 82               144 	mov	dpl,r2
   003D 12s00r00            145 	lcall	_isdigit
   0040 E5 82               146 	mov	a,dpl
   0042 70 04               147 	jnz	00102$
                            148 ;	_ispunct.c:38: return 1;
   0044 75 82 01            149 	mov	dpl,#0x01
                            150 ;	_ispunct.c:39: return 0;
   0047 22                  151 	ret
   0048                     152 00102$:
   0048 75 82 00            153 	mov	dpl,#0x00
   004B 22                  154 	ret
                            155 	.area CSEG    (CODE)
                            156 	.area CONST   (CODE)
                            157 	.area XINIT   (CODE)
                            158 	.area CABS    (ABS,CODE)
