                              1 ;--------------------------------------------------------
                              2 ; File Created by SDCC : free open source ANSI-C Compiler
                              3 ; Version 3.0.1 #6227 (Oct  2 2015) (Linux)
                              4 ; This file was generated Fri Oct  2 17:15:28 2015
                              5 ;--------------------------------------------------------
                              6 	.module _isspace
                              7 	.optsdcc -mmcs51 --model-large
                              8 	
                              9 ;--------------------------------------------------------
                             10 ; Public variables in this module
                             11 ;--------------------------------------------------------
                             12 	.globl _isspace
                             13 ;--------------------------------------------------------
                             14 ; special function registers
                             15 ;--------------------------------------------------------
                             16 	.area RSEG    (ABS,DATA)
   0000                      17 	.org 0x0000
                             18 ;--------------------------------------------------------
                             19 ; special function bits
                             20 ;--------------------------------------------------------
                             21 	.area RSEG    (ABS,DATA)
   0000                      22 	.org 0x0000
                             23 ;--------------------------------------------------------
                             24 ; overlayable register banks
                             25 ;--------------------------------------------------------
                             26 	.area REG_BANK_0	(REL,OVR,DATA)
   0000                      27 	.ds 8
                             28 ;--------------------------------------------------------
                             29 ; internal ram data
                             30 ;--------------------------------------------------------
                             31 	.area DSEG    (DATA)
                             32 ;--------------------------------------------------------
                             33 ; overlayable items in internal ram 
                             34 ;--------------------------------------------------------
                             35 	.area OSEG    (OVR,DATA)
                             36 ;--------------------------------------------------------
                             37 ; indirectly addressable internal ram data
                             38 ;--------------------------------------------------------
                             39 	.area ISEG    (DATA)
                             40 ;--------------------------------------------------------
                             41 ; absolute internal ram data
                             42 ;--------------------------------------------------------
                             43 	.area IABS    (ABS,DATA)
                             44 	.area IABS    (ABS,DATA)
                             45 ;--------------------------------------------------------
                             46 ; bit data
                             47 ;--------------------------------------------------------
                             48 	.area BSEG    (BIT)
                             49 ;--------------------------------------------------------
                             50 ; paged external ram data
                             51 ;--------------------------------------------------------
                             52 	.area PSEG    (PAG,XDATA)
                             53 ;--------------------------------------------------------
                             54 ; external ram data
                             55 ;--------------------------------------------------------
                             56 	.area XSEG    (XDATA)
   0000                      57 _isspace_c_1_1:
   0000                      58 	.ds 1
                             59 ;--------------------------------------------------------
                             60 ; absolute external ram data
                             61 ;--------------------------------------------------------
                             62 	.area XABS    (ABS,XDATA)
                             63 ;--------------------------------------------------------
                             64 ; external initialized ram data
                             65 ;--------------------------------------------------------
                             66 	.area XISEG   (XDATA)
                             67 	.area HOME    (CODE)
                             68 	.area GSINIT0 (CODE)
                             69 	.area GSINIT1 (CODE)
                             70 	.area GSINIT2 (CODE)
                             71 	.area GSINIT3 (CODE)
                             72 	.area GSINIT4 (CODE)
                             73 	.area GSINIT5 (CODE)
                             74 	.area GSINIT  (CODE)
                             75 	.area GSFINAL (CODE)
                             76 	.area CSEG    (CODE)
                             77 ;--------------------------------------------------------
                             78 ; global & static initialisations
                             79 ;--------------------------------------------------------
                             80 	.area HOME    (CODE)
                             81 	.area GSINIT  (CODE)
                             82 	.area GSFINAL (CODE)
                             83 	.area GSINIT  (CODE)
                             84 ;--------------------------------------------------------
                             85 ; Home
                             86 ;--------------------------------------------------------
                             87 	.area HOME    (CODE)
                             88 	.area HOME    (CODE)
                             89 ;--------------------------------------------------------
                             90 ; code
                             91 ;--------------------------------------------------------
                             92 	.area CSEG    (CODE)
                             93 ;------------------------------------------------------------
                             94 ;Allocation info for local variables in function 'isspace'
                             95 ;------------------------------------------------------------
                             96 ;c                         Allocated with name '_isspace_c_1_1'
                             97 ;------------------------------------------------------------
                             98 ;	_isspace.c:33: char isspace (unsigned char c)
                             99 ;	-----------------------------------------
                            100 ;	 function isspace
                            101 ;	-----------------------------------------
   0000                     102 _isspace:
                    0002    103 	ar2 = 0x02
                    0003    104 	ar3 = 0x03
                    0004    105 	ar4 = 0x04
                    0005    106 	ar5 = 0x05
                    0006    107 	ar6 = 0x06
                    0007    108 	ar7 = 0x07
                    0000    109 	ar0 = 0x00
                    0001    110 	ar1 = 0x01
   0000 E5 82               111 	mov	a,dpl
                            112 ;	_isspace.c:35: if ( c == UC(' ')  ||
   0002 90s00r00            113 	mov	dptr,#_isspace_c_1_1
   0005 F0                  114 	movx	@dptr,a
   0006 FA                  115 	mov	r2,a
   0007 BA 20 02            116 	cjne	r2,#0x20,00115$
   000A 80 17               117 	sjmp	00101$
   000C                     118 00115$:
                            119 ;	_isspace.c:36: c == UC('\f') ||
   000C BA 0C 02            120 	cjne	r2,#0x0C,00116$
   000F 80 12               121 	sjmp	00101$
   0011                     122 00116$:
                            123 ;	_isspace.c:37: c == UC('\n') ||
   0011 BA 0A 02            124 	cjne	r2,#0x0A,00117$
   0014 80 0D               125 	sjmp	00101$
   0016                     126 00117$:
                            127 ;	_isspace.c:38: c == UC('\r') ||
   0016 BA 0D 02            128 	cjne	r2,#0x0D,00118$
   0019 80 08               129 	sjmp	00101$
   001B                     130 00118$:
                            131 ;	_isspace.c:39: c == UC('\t') ||
   001B BA 09 02            132 	cjne	r2,#0x09,00119$
   001E 80 03               133 	sjmp	00101$
   0020                     134 00119$:
                            135 ;	_isspace.c:40: c == UC('\v') )
   0020 BA 0B 04            136 	cjne	r2,#0x0B,00102$
   0023                     137 00101$:
                            138 ;	_isspace.c:41: return 1;
   0023 75 82 01            139 	mov	dpl,#0x01
                            140 ;	_isspace.c:42: return 0;
   0026 22                  141 	ret
   0027                     142 00102$:
   0027 75 82 00            143 	mov	dpl,#0x00
   002A 22                  144 	ret
                            145 	.area CSEG    (CODE)
                            146 	.area CONST   (CODE)
                            147 	.area XINIT   (CODE)
                            148 	.area CABS    (ABS,CODE)
