                              1 ;--------------------------------------------------------
                              2 ; File Created by SDCC : free open source ANSI-C Compiler
                              3 ; Version 3.0.1 #6227 (Oct  2 2015) (Linux)
                              4 ; This file was generated Fri Oct  2 17:15:28 2015
                              5 ;--------------------------------------------------------
                              6 	.module _modsint
                              7 	.optsdcc -mmcs51 --model-large
                              8 	
                              9 ;--------------------------------------------------------
                             10 ; Public variables in this module
                             11 ;--------------------------------------------------------
                             12 	.globl __modsint_PARM_2
                             13 	.globl __modsint
                             14 ;--------------------------------------------------------
                             15 ; special function registers
                             16 ;--------------------------------------------------------
                             17 	.area RSEG    (ABS,DATA)
   0000                      18 	.org 0x0000
                             19 ;--------------------------------------------------------
                             20 ; special function bits
                             21 ;--------------------------------------------------------
                             22 	.area RSEG    (ABS,DATA)
   0000                      23 	.org 0x0000
                             24 ;--------------------------------------------------------
                             25 ; overlayable register banks
                             26 ;--------------------------------------------------------
                             27 	.area REG_BANK_0	(REL,OVR,DATA)
   0000                      28 	.ds 8
                             29 ;--------------------------------------------------------
                             30 ; internal ram data
                             31 ;--------------------------------------------------------
                             32 	.area DSEG    (DATA)
                             33 ;--------------------------------------------------------
                             34 ; overlayable items in internal ram 
                             35 ;--------------------------------------------------------
                             36 	.area OSEG    (OVR,DATA)
                             37 ;--------------------------------------------------------
                             38 ; indirectly addressable internal ram data
                             39 ;--------------------------------------------------------
                             40 	.area ISEG    (DATA)
                             41 ;--------------------------------------------------------
                             42 ; absolute internal ram data
                             43 ;--------------------------------------------------------
                             44 	.area IABS    (ABS,DATA)
                             45 	.area IABS    (ABS,DATA)
                             46 ;--------------------------------------------------------
                             47 ; bit data
                             48 ;--------------------------------------------------------
                             49 	.area BSEG    (BIT)
                             50 ;--------------------------------------------------------
                             51 ; paged external ram data
                             52 ;--------------------------------------------------------
                             53 	.area PSEG    (PAG,XDATA)
                             54 ;--------------------------------------------------------
                             55 ; external ram data
                             56 ;--------------------------------------------------------
                             57 	.area XSEG    (XDATA)
   0000                      58 __modsint_PARM_2:
   0000                      59 	.ds 2
   0002                      60 __modsint_a_1_1:
   0002                      61 	.ds 2
                             62 ;--------------------------------------------------------
                             63 ; absolute external ram data
                             64 ;--------------------------------------------------------
                             65 	.area XABS    (ABS,XDATA)
                             66 ;--------------------------------------------------------
                             67 ; external initialized ram data
                             68 ;--------------------------------------------------------
                             69 	.area XISEG   (XDATA)
                             70 	.area HOME    (CODE)
                             71 	.area GSINIT0 (CODE)
                             72 	.area GSINIT1 (CODE)
                             73 	.area GSINIT2 (CODE)
                             74 	.area GSINIT3 (CODE)
                             75 	.area GSINIT4 (CODE)
                             76 	.area GSINIT5 (CODE)
                             77 	.area GSINIT  (CODE)
                             78 	.area GSFINAL (CODE)
                             79 	.area CSEG    (CODE)
                             80 ;--------------------------------------------------------
                             81 ; global & static initialisations
                             82 ;--------------------------------------------------------
                             83 	.area HOME    (CODE)
                             84 	.area GSINIT  (CODE)
                             85 	.area GSFINAL (CODE)
                             86 	.area GSINIT  (CODE)
                             87 ;--------------------------------------------------------
                             88 ; Home
                             89 ;--------------------------------------------------------
                             90 	.area HOME    (CODE)
                             91 	.area HOME    (CODE)
                             92 ;--------------------------------------------------------
                             93 ; code
                             94 ;--------------------------------------------------------
                             95 	.area CSEG    (CODE)
                             96 ;------------------------------------------------------------
                             97 ;Allocation info for local variables in function '_modsint'
                             98 ;------------------------------------------------------------
                             99 ;r                         Allocated to registers r2 r3 
                            100 ;b                         Allocated with name '__modsint_PARM_2'
                            101 ;a                         Allocated with name '__modsint_a_1_1'
                            102 ;------------------------------------------------------------
                            103 ;	_modsint.c:203: int _modsint (int a, int b)
                            104 ;	-----------------------------------------
                            105 ;	 function _modsint
                            106 ;	-----------------------------------------
   0000                     107 __modsint:
                    0002    108 	ar2 = 0x02
                    0003    109 	ar3 = 0x03
                    0004    110 	ar4 = 0x04
                    0005    111 	ar5 = 0x05
                    0006    112 	ar6 = 0x06
                    0007    113 	ar7 = 0x07
                    0000    114 	ar0 = 0x00
                    0001    115 	ar1 = 0x01
                            116 ;	_modsint.c:207: r = _moduint((a < 0 ? -a : a),
   0000 AA 83               117 	mov	r2,dph
   0002 E5 82               118 	mov	a,dpl
   0004 90s00r02            119 	mov	dptr,#__modsint_a_1_1
   0007 F0                  120 	movx	@dptr,a
   0008 A3                  121 	inc	dptr
   0009 CA                  122 	xch	a,r2
   000A F0                  123 	movx	@dptr,a
   000B FB                  124 	mov	r3,a
   000C 33                  125 	rlc	a
   000D E4                  126 	clr	a
   000E 33                  127 	rlc	a
   000F FC                  128 	mov	r4,a
   0010 60 09               129 	jz	00106$
   0012 C3                  130 	clr	c
   0013 E4                  131 	clr	a
   0014 9A                  132 	subb	a,r2
   0015 FD                  133 	mov	r5,a
   0016 E4                  134 	clr	a
   0017 9B                  135 	subb	a,r3
   0018 FE                  136 	mov	r6,a
   0019 80 04               137 	sjmp	00107$
   001B                     138 00106$:
   001B 8A 05               139 	mov	ar5,r2
   001D 8B 06               140 	mov	ar6,r3
   001F                     141 00107$:
   001F 8D 02               142 	mov	ar2,r5
   0021 8E 03               143 	mov	ar3,r6
                            144 ;	_modsint.c:208: (b < 0 ? -b : b));
   0023 90s00r00            145 	mov	dptr,#__modsint_PARM_2
   0026 E0                  146 	movx	a,@dptr
   0027 FD                  147 	mov	r5,a
   0028 A3                  148 	inc	dptr
   0029 E0                  149 	movx	a,@dptr
   002A FE                  150 	mov	r6,a
   002B 30 E7 09            151 	jnb	acc.7,00108$
   002E C3                  152 	clr	c
   002F E4                  153 	clr	a
   0030 9D                  154 	subb	a,r5
   0031 FF                  155 	mov	r7,a
   0032 E4                  156 	clr	a
   0033 9E                  157 	subb	a,r6
   0034 F8                  158 	mov	r0,a
   0035 80 04               159 	sjmp	00109$
   0037                     160 00108$:
   0037 8D 07               161 	mov	ar7,r5
   0039 8E 00               162 	mov	ar0,r6
   003B                     163 00109$:
   003B 90s00r00            164 	mov	dptr,#__moduint_PARM_2
   003E EF                  165 	mov	a,r7
   003F F0                  166 	movx	@dptr,a
   0040 A3                  167 	inc	dptr
   0041 E8                  168 	mov	a,r0
   0042 F0                  169 	movx	@dptr,a
   0043 8A 82               170 	mov	dpl,r2
   0045 8B 83               171 	mov	dph,r3
   0047 C0 04               172 	push	ar4
   0049 12s00r00            173 	lcall	__moduint
   004C AA 82               174 	mov	r2,dpl
   004E AB 83               175 	mov	r3,dph
   0050 D0 04               176 	pop	ar4
                            177 ;	_modsint.c:210: if (a < 0)
   0052 EC                  178 	mov	a,r4
   0053 60 0C               179 	jz	00102$
                            180 ;	_modsint.c:211: return -r;
   0055 C3                  181 	clr	c
   0056 E4                  182 	clr	a
   0057 9A                  183 	subb	a,r2
   0058 FC                  184 	mov	r4,a
   0059 E4                  185 	clr	a
   005A 9B                  186 	subb	a,r3
   005B FD                  187 	mov	r5,a
   005C 8C 82               188 	mov	dpl,r4
   005E 8D 83               189 	mov	dph,r5
   0060 22                  190 	ret
   0061                     191 00102$:
                            192 ;	_modsint.c:213: return r;
   0061 8A 82               193 	mov	dpl,r2
   0063 8B 83               194 	mov	dph,r3
   0065 22                  195 	ret
                            196 	.area CSEG    (CODE)
                            197 	.area CONST   (CODE)
                            198 	.area XINIT   (CODE)
                            199 	.area CABS    (ABS,CODE)
