                              1 ;--------------------------------------------------------
                              2 ; File Created by SDCC : free open source ANSI-C Compiler
                              3 ; Version 3.0.1 #6227 (Oct  2 2015) (Linux)
                              4 ; This file was generated Fri Oct  2 17:15:28 2015
                              5 ;--------------------------------------------------------
                              6 	.module _mulint
                              7 	.optsdcc -mmcs51 --model-large
                              8 	
                              9 ;--------------------------------------------------------
                             10 ; Public variables in this module
                             11 ;--------------------------------------------------------
                             12 	.globl __mulint_PARM_2
                             13 	.globl __mulint
                             14 ;--------------------------------------------------------
                             15 ; special function registers
                             16 ;--------------------------------------------------------
                             17 	.area RSEG    (ABS,DATA)
   0000                      18 	.org 0x0000
                             19 ;--------------------------------------------------------
                             20 ; special function bits
                             21 ;--------------------------------------------------------
                             22 	.area RSEG    (ABS,DATA)
   0000                      23 	.org 0x0000
                             24 ;--------------------------------------------------------
                             25 ; overlayable register banks
                             26 ;--------------------------------------------------------
                             27 	.area REG_BANK_0	(REL,OVR,DATA)
   0000                      28 	.ds 8
                             29 ;--------------------------------------------------------
                             30 ; internal ram data
                             31 ;--------------------------------------------------------
                             32 	.area DSEG    (DATA)
                             33 ;--------------------------------------------------------
                             34 ; overlayable items in internal ram 
                             35 ;--------------------------------------------------------
                             36 	.area OSEG    (OVR,DATA)
                             37 ;--------------------------------------------------------
                             38 ; indirectly addressable internal ram data
                             39 ;--------------------------------------------------------
                             40 	.area ISEG    (DATA)
                             41 ;--------------------------------------------------------
                             42 ; absolute internal ram data
                             43 ;--------------------------------------------------------
                             44 	.area IABS    (ABS,DATA)
                             45 	.area IABS    (ABS,DATA)
                             46 ;--------------------------------------------------------
                             47 ; bit data
                             48 ;--------------------------------------------------------
                             49 	.area BSEG    (BIT)
                             50 ;--------------------------------------------------------
                             51 ; paged external ram data
                             52 ;--------------------------------------------------------
                             53 	.area PSEG    (PAG,XDATA)
                             54 ;--------------------------------------------------------
                             55 ; external ram data
                             56 ;--------------------------------------------------------
                             57 	.area XSEG    (XDATA)
   0000                      58 __mulint_PARM_2:
   0000                      59 	.ds 2
                             60 ;--------------------------------------------------------
                             61 ; absolute external ram data
                             62 ;--------------------------------------------------------
                             63 	.area XABS    (ABS,XDATA)
                             64 ;--------------------------------------------------------
                             65 ; external initialized ram data
                             66 ;--------------------------------------------------------
                             67 	.area XISEG   (XDATA)
                             68 	.area HOME    (CODE)
                             69 	.area GSINIT0 (CODE)
                             70 	.area GSINIT1 (CODE)
                             71 	.area GSINIT2 (CODE)
                             72 	.area GSINIT3 (CODE)
                             73 	.area GSINIT4 (CODE)
                             74 	.area GSINIT5 (CODE)
                             75 	.area GSINIT  (CODE)
                             76 	.area GSFINAL (CODE)
                             77 	.area CSEG    (CODE)
                             78 ;--------------------------------------------------------
                             79 ; global & static initialisations
                             80 ;--------------------------------------------------------
                             81 	.area HOME    (CODE)
                             82 	.area GSINIT  (CODE)
                             83 	.area GSFINAL (CODE)
                             84 	.area GSINIT  (CODE)
                             85 ;--------------------------------------------------------
                             86 ; Home
                             87 ;--------------------------------------------------------
                             88 	.area HOME    (CODE)
                             89 	.area HOME    (CODE)
                             90 ;--------------------------------------------------------
                             91 ; code
                             92 ;--------------------------------------------------------
                             93 	.area CSEG    (CODE)
                             94 ;------------------------------------------------------------
                             95 ;Allocation info for local variables in function '_mulint'
                             96 ;------------------------------------------------------------
                             97 ;b                         Allocated with name '__mulint_PARM_2'
                             98 ;a                         Allocated with name '__mulint_a_1_1'
                             99 ;------------------------------------------------------------
                            100 ;	_mulint.c:64: _mulint (int a, int b)
                            101 ;	-----------------------------------------
                            102 ;	 function _mulint
                            103 ;	-----------------------------------------
   0000                     104 __mulint:
                    0002    105 	ar2 = 0x02
                    0003    106 	ar3 = 0x03
                    0004    107 	ar4 = 0x04
                    0005    108 	ar5 = 0x05
                    0006    109 	ar6 = 0x06
                    0007    110 	ar7 = 0x07
                    0000    111 	ar0 = 0x00
                    0001    112 	ar1 = 0x01
                            113 ;	_mulint.c:112: __endasm;
                            114 	
   0000 AA 83               115 	    mov r2,dph ; msb_a
   0002 AB 82               116 	    mov r3,dpl ; lsb_a
                            117 	
   0004 8B F0               118 	    mov b,r3 ; lsb_a
                            119 	
                            120 	
                            121 	
   0006 90s00r00            122 	    mov dptr,#__mulint_PARM_2
   0009 E0                  123 	    movx a,@dptr ; lsb_b
                            124 	
   000A A4                  125 	    mul ab ; lsb_a*lsb_b
   000B F8                  126 	    mov r0,a
   000C A9 F0               127 	    mov r1,b
                            128 	
   000E 8A F0               129 	    mov b,r2 ; msb_a
                            130 	
                            131 	
                            132 	
   0010 E0                  133 	    movx a,@dptr ; lsb_b
                            134 	
   0011 A4                  135 	    mul ab ; msb_a*lsb_b
   0012 29                  136 	    add a,r1
   0013 F9                  137 	    mov r1,a
                            138 	
   0014 8B F0               139 	    mov b,r3 ; lsb_a
                            140 	
                            141 	
                            142 	
   0016 A3                  143 	    inc dptr
   0017 E0                  144 	    movx a,@dptr ; msb_b
                            145 	
   0018 A4                  146 	    mul ab ; lsb_a*msb_b
   0019 29                  147 	    add a,r1
                            148 	
   001A F5 83               149 	    mov dph,a
   001C 88 82               150 	    mov dpl,r0
   001E 22                  151 	    ret
                            152 	  
   001F 22                  153 	ret
                            154 	.area CSEG    (CODE)
                            155 	.area CONST   (CODE)
                            156 	.area XINIT   (CODE)
                            157 	.area CABS    (ABS,CODE)
