                              1 ;--------------------------------------------------------
                              2 ; File Created by SDCC : free open source ANSI-C Compiler
                              3 ; Version 3.0.1 #6227 (Oct  2 2015) (Linux)
                              4 ; This file was generated Fri Oct  2 17:15:29 2015
                              5 ;--------------------------------------------------------
                              6 	.module _setjmp
                              7 	.optsdcc -mmcs51 --model-large
                              8 	
                              9 ;--------------------------------------------------------
                             10 ; Public variables in this module
                             11 ;--------------------------------------------------------
                             12 	.globl _CY
                             13 	.globl _AC
                             14 	.globl _F0
                             15 	.globl _RS1
                             16 	.globl _RS0
                             17 	.globl _OV
                             18 	.globl _F1
                             19 	.globl _P
                             20 	.globl _PS
                             21 	.globl _PT1
                             22 	.globl _PX1
                             23 	.globl _PT0
                             24 	.globl _PX0
                             25 	.globl _RD
                             26 	.globl _WR
                             27 	.globl _T1
                             28 	.globl _T0
                             29 	.globl _INT1
                             30 	.globl _INT0
                             31 	.globl _TXD
                             32 	.globl _RXD
                             33 	.globl _P3_7
                             34 	.globl _P3_6
                             35 	.globl _P3_5
                             36 	.globl _P3_4
                             37 	.globl _P3_3
                             38 	.globl _P3_2
                             39 	.globl _P3_1
                             40 	.globl _P3_0
                             41 	.globl _EA
                             42 	.globl _ES
                             43 	.globl _ET1
                             44 	.globl _EX1
                             45 	.globl _ET0
                             46 	.globl _EX0
                             47 	.globl _P2_7
                             48 	.globl _P2_6
                             49 	.globl _P2_5
                             50 	.globl _P2_4
                             51 	.globl _P2_3
                             52 	.globl _P2_2
                             53 	.globl _P2_1
                             54 	.globl _P2_0
                             55 	.globl _SM0
                             56 	.globl _SM1
                             57 	.globl _SM2
                             58 	.globl _REN
                             59 	.globl _TB8
                             60 	.globl _RB8
                             61 	.globl _TI
                             62 	.globl _RI
                             63 	.globl _P1_7
                             64 	.globl _P1_6
                             65 	.globl _P1_5
                             66 	.globl _P1_4
                             67 	.globl _P1_3
                             68 	.globl _P1_2
                             69 	.globl _P1_1
                             70 	.globl _P1_0
                             71 	.globl _TF1
                             72 	.globl _TR1
                             73 	.globl _TF0
                             74 	.globl _TR0
                             75 	.globl _IE1
                             76 	.globl _IT1
                             77 	.globl _IE0
                             78 	.globl _IT0
                             79 	.globl _P0_7
                             80 	.globl _P0_6
                             81 	.globl _P0_5
                             82 	.globl _P0_4
                             83 	.globl _P0_3
                             84 	.globl _P0_2
                             85 	.globl _P0_1
                             86 	.globl _P0_0
                             87 	.globl _B
                             88 	.globl _ACC
                             89 	.globl _PSW
                             90 	.globl _IP
                             91 	.globl _P3
                             92 	.globl _IE
                             93 	.globl _P2
                             94 	.globl _SBUF
                             95 	.globl _SCON
                             96 	.globl _P1
                             97 	.globl _TH1
                             98 	.globl _TH0
                             99 	.globl _TL1
                            100 	.globl _TL0
                            101 	.globl _TMOD
                            102 	.globl _TCON
                            103 	.globl _PCON
                            104 	.globl _DPH
                            105 	.globl _DPL
                            106 	.globl _SP
                            107 	.globl _P0
                            108 	.globl _longjmp_PARM_2
                            109 	.globl _setjmp
                            110 	.globl _longjmp
                            111 ;--------------------------------------------------------
                            112 ; special function registers
                            113 ;--------------------------------------------------------
                            114 	.area RSEG    (ABS,DATA)
   0000                     115 	.org 0x0000
                    0080    116 _P0	=	0x0080
                    0081    117 _SP	=	0x0081
                    0082    118 _DPL	=	0x0082
                    0083    119 _DPH	=	0x0083
                    0087    120 _PCON	=	0x0087
                    0088    121 _TCON	=	0x0088
                    0089    122 _TMOD	=	0x0089
                    008A    123 _TL0	=	0x008a
                    008B    124 _TL1	=	0x008b
                    008C    125 _TH0	=	0x008c
                    008D    126 _TH1	=	0x008d
                    0090    127 _P1	=	0x0090
                    0098    128 _SCON	=	0x0098
                    0099    129 _SBUF	=	0x0099
                    00A0    130 _P2	=	0x00a0
                    00A8    131 _IE	=	0x00a8
                    00B0    132 _P3	=	0x00b0
                    00B8    133 _IP	=	0x00b8
                    00D0    134 _PSW	=	0x00d0
                    00E0    135 _ACC	=	0x00e0
                    00F0    136 _B	=	0x00f0
                            137 ;--------------------------------------------------------
                            138 ; special function bits
                            139 ;--------------------------------------------------------
                            140 	.area RSEG    (ABS,DATA)
   0000                     141 	.org 0x0000
                    0080    142 _P0_0	=	0x0080
                    0081    143 _P0_1	=	0x0081
                    0082    144 _P0_2	=	0x0082
                    0083    145 _P0_3	=	0x0083
                    0084    146 _P0_4	=	0x0084
                    0085    147 _P0_5	=	0x0085
                    0086    148 _P0_6	=	0x0086
                    0087    149 _P0_7	=	0x0087
                    0088    150 _IT0	=	0x0088
                    0089    151 _IE0	=	0x0089
                    008A    152 _IT1	=	0x008a
                    008B    153 _IE1	=	0x008b
                    008C    154 _TR0	=	0x008c
                    008D    155 _TF0	=	0x008d
                    008E    156 _TR1	=	0x008e
                    008F    157 _TF1	=	0x008f
                    0090    158 _P1_0	=	0x0090
                    0091    159 _P1_1	=	0x0091
                    0092    160 _P1_2	=	0x0092
                    0093    161 _P1_3	=	0x0093
                    0094    162 _P1_4	=	0x0094
                    0095    163 _P1_5	=	0x0095
                    0096    164 _P1_6	=	0x0096
                    0097    165 _P1_7	=	0x0097
                    0098    166 _RI	=	0x0098
                    0099    167 _TI	=	0x0099
                    009A    168 _RB8	=	0x009a
                    009B    169 _TB8	=	0x009b
                    009C    170 _REN	=	0x009c
                    009D    171 _SM2	=	0x009d
                    009E    172 _SM1	=	0x009e
                    009F    173 _SM0	=	0x009f
                    00A0    174 _P2_0	=	0x00a0
                    00A1    175 _P2_1	=	0x00a1
                    00A2    176 _P2_2	=	0x00a2
                    00A3    177 _P2_3	=	0x00a3
                    00A4    178 _P2_4	=	0x00a4
                    00A5    179 _P2_5	=	0x00a5
                    00A6    180 _P2_6	=	0x00a6
                    00A7    181 _P2_7	=	0x00a7
                    00A8    182 _EX0	=	0x00a8
                    00A9    183 _ET0	=	0x00a9
                    00AA    184 _EX1	=	0x00aa
                    00AB    185 _ET1	=	0x00ab
                    00AC    186 _ES	=	0x00ac
                    00AF    187 _EA	=	0x00af
                    00B0    188 _P3_0	=	0x00b0
                    00B1    189 _P3_1	=	0x00b1
                    00B2    190 _P3_2	=	0x00b2
                    00B3    191 _P3_3	=	0x00b3
                    00B4    192 _P3_4	=	0x00b4
                    00B5    193 _P3_5	=	0x00b5
                    00B6    194 _P3_6	=	0x00b6
                    00B7    195 _P3_7	=	0x00b7
                    00B0    196 _RXD	=	0x00b0
                    00B1    197 _TXD	=	0x00b1
                    00B2    198 _INT0	=	0x00b2
                    00B3    199 _INT1	=	0x00b3
                    00B4    200 _T0	=	0x00b4
                    00B5    201 _T1	=	0x00b5
                    00B6    202 _WR	=	0x00b6
                    00B7    203 _RD	=	0x00b7
                    00B8    204 _PX0	=	0x00b8
                    00B9    205 _PT0	=	0x00b9
                    00BA    206 _PX1	=	0x00ba
                    00BB    207 _PT1	=	0x00bb
                    00BC    208 _PS	=	0x00bc
                    00D0    209 _P	=	0x00d0
                    00D1    210 _F1	=	0x00d1
                    00D2    211 _OV	=	0x00d2
                    00D3    212 _RS0	=	0x00d3
                    00D4    213 _RS1	=	0x00d4
                    00D5    214 _F0	=	0x00d5
                    00D6    215 _AC	=	0x00d6
                    00D7    216 _CY	=	0x00d7
                            217 ;--------------------------------------------------------
                            218 ; overlayable register banks
                            219 ;--------------------------------------------------------
                            220 	.area REG_BANK_0	(REL,OVR,DATA)
   0000                     221 	.ds 8
                            222 ;--------------------------------------------------------
                            223 ; internal ram data
                            224 ;--------------------------------------------------------
                            225 	.area DSEG    (DATA)
                            226 ;--------------------------------------------------------
                            227 ; overlayable items in internal ram 
                            228 ;--------------------------------------------------------
                            229 	.area OSEG    (OVR,DATA)
                            230 ;--------------------------------------------------------
                            231 ; indirectly addressable internal ram data
                            232 ;--------------------------------------------------------
                            233 	.area ISEG    (DATA)
                            234 ;--------------------------------------------------------
                            235 ; absolute internal ram data
                            236 ;--------------------------------------------------------
                            237 	.area IABS    (ABS,DATA)
                            238 	.area IABS    (ABS,DATA)
                            239 ;--------------------------------------------------------
                            240 ; bit data
                            241 ;--------------------------------------------------------
                            242 	.area BSEG    (BIT)
                            243 ;--------------------------------------------------------
                            244 ; paged external ram data
                            245 ;--------------------------------------------------------
                            246 	.area PSEG    (PAG,XDATA)
                            247 ;--------------------------------------------------------
                            248 ; external ram data
                            249 ;--------------------------------------------------------
                            250 	.area XSEG    (XDATA)
   0000                     251 _setjmp_buf_1_1:
   0000                     252 	.ds 3
   0003                     253 _longjmp_PARM_2:
   0003                     254 	.ds 2
   0005                     255 _longjmp_buf_1_1:
   0005                     256 	.ds 3
                            257 ;--------------------------------------------------------
                            258 ; absolute external ram data
                            259 ;--------------------------------------------------------
                            260 	.area XABS    (ABS,XDATA)
                            261 ;--------------------------------------------------------
                            262 ; external initialized ram data
                            263 ;--------------------------------------------------------
                            264 	.area XISEG   (XDATA)
                            265 	.area HOME    (CODE)
                            266 	.area GSINIT0 (CODE)
                            267 	.area GSINIT1 (CODE)
                            268 	.area GSINIT2 (CODE)
                            269 	.area GSINIT3 (CODE)
                            270 	.area GSINIT4 (CODE)
                            271 	.area GSINIT5 (CODE)
                            272 	.area GSINIT  (CODE)
                            273 	.area GSFINAL (CODE)
                            274 	.area CSEG    (CODE)
                            275 ;--------------------------------------------------------
                            276 ; global & static initialisations
                            277 ;--------------------------------------------------------
                            278 	.area HOME    (CODE)
                            279 	.area GSINIT  (CODE)
                            280 	.area GSFINAL (CODE)
                            281 	.area GSINIT  (CODE)
                            282 ;--------------------------------------------------------
                            283 ; Home
                            284 ;--------------------------------------------------------
                            285 	.area HOME    (CODE)
                            286 	.area HOME    (CODE)
                            287 ;--------------------------------------------------------
                            288 ; code
                            289 ;--------------------------------------------------------
                            290 	.area CSEG    (CODE)
                            291 ;------------------------------------------------------------
                            292 ;Allocation info for local variables in function 'setjmp'
                            293 ;------------------------------------------------------------
                            294 ;buf                       Allocated with name '_setjmp_buf_1_1'
                            295 ;------------------------------------------------------------
                            296 ;	_setjmp.c:392: int setjmp (jmp_buf buf)
                            297 ;	-----------------------------------------
                            298 ;	 function setjmp
                            299 ;	-----------------------------------------
   0000                     300 _setjmp:
                    0002    301 	ar2 = 0x02
                    0003    302 	ar3 = 0x03
                    0004    303 	ar4 = 0x04
                    0005    304 	ar5 = 0x05
                    0006    305 	ar6 = 0x06
                    0007    306 	ar7 = 0x07
                    0000    307 	ar0 = 0x00
                    0001    308 	ar1 = 0x01
   0000 AA F0               309 	mov	r2,b
   0002 AB 83               310 	mov	r3,dph
   0004 E5 82               311 	mov	a,dpl
   0006 90s00r00            312 	mov	dptr,#_setjmp_buf_1_1
   0009 F0                  313 	movx	@dptr,a
   000A A3                  314 	inc	dptr
   000B EB                  315 	mov	a,r3
   000C F0                  316 	movx	@dptr,a
   000D A3                  317 	inc	dptr
   000E EA                  318 	mov	a,r2
   000F F0                  319 	movx	@dptr,a
                            320 ;	_setjmp.c:401: *buf++ = SP;
   0010 90s00r00            321 	mov	dptr,#_setjmp_buf_1_1
   0013 E0                  322 	movx	a,@dptr
   0014 FA                  323 	mov	r2,a
   0015 A3                  324 	inc	dptr
   0016 E0                  325 	movx	a,@dptr
   0017 FB                  326 	mov	r3,a
   0018 A3                  327 	inc	dptr
   0019 E0                  328 	movx	a,@dptr
   001A FC                  329 	mov	r4,a
   001B 8A 82               330 	mov	dpl,r2
   001D 8B 83               331 	mov	dph,r3
   001F 8C F0               332 	mov	b,r4
   0021 E5 81               333 	mov	a,_SP
   0023 12s00r00            334 	lcall	__gptrput
   0026 90s00r00            335 	mov	dptr,#_setjmp_buf_1_1
   0029 74 01               336 	mov	a,#0x01
   002B 2A                  337 	add	a,r2
   002C F0                  338 	movx	@dptr,a
   002D E4                  339 	clr	a
   002E 3B                  340 	addc	a,r3
   002F A3                  341 	inc	dptr
   0030 F0                  342 	movx	@dptr,a
   0031 A3                  343 	inc	dptr
   0032 EC                  344 	mov	a,r4
   0033 F0                  345 	movx	@dptr,a
                            346 ;	_setjmp.c:403: *buf++ = *((unsigned char __data *) SP - 0);
   0034 90s00r00            347 	mov	dptr,#_setjmp_buf_1_1
   0037 E0                  348 	movx	a,@dptr
   0038 FA                  349 	mov	r2,a
   0039 A3                  350 	inc	dptr
   003A E0                  351 	movx	a,@dptr
   003B FB                  352 	mov	r3,a
   003C A3                  353 	inc	dptr
   003D E0                  354 	movx	a,@dptr
   003E FC                  355 	mov	r4,a
   003F A8 81               356 	mov	r0,_SP
   0041 86 05               357 	mov	ar5,@r0
   0043 8A 82               358 	mov	dpl,r2
   0045 8B 83               359 	mov	dph,r3
   0047 8C F0               360 	mov	b,r4
   0049 ED                  361 	mov	a,r5
   004A 12s00r00            362 	lcall	__gptrput
   004D 90s00r00            363 	mov	dptr,#_setjmp_buf_1_1
   0050 74 01               364 	mov	a,#0x01
   0052 2A                  365 	add	a,r2
   0053 F0                  366 	movx	@dptr,a
   0054 E4                  367 	clr	a
   0055 3B                  368 	addc	a,r3
   0056 A3                  369 	inc	dptr
   0057 F0                  370 	movx	@dptr,a
   0058 A3                  371 	inc	dptr
   0059 EC                  372 	mov	a,r4
   005A F0                  373 	movx	@dptr,a
                            374 ;	_setjmp.c:404: *buf++ = *((unsigned char __data *) SP - 1);
   005B 90s00r00            375 	mov	dptr,#_setjmp_buf_1_1
   005E E0                  376 	movx	a,@dptr
   005F FA                  377 	mov	r2,a
   0060 A3                  378 	inc	dptr
   0061 E0                  379 	movx	a,@dptr
   0062 FB                  380 	mov	r3,a
   0063 A3                  381 	inc	dptr
   0064 E0                  382 	movx	a,@dptr
   0065 FC                  383 	mov	r4,a
   0066 E5 81               384 	mov	a,_SP
   0068 14                  385 	dec	a
   0069 F8                  386 	mov	r0,a
   006A 86 05               387 	mov	ar5,@r0
   006C 8A 82               388 	mov	dpl,r2
   006E 8B 83               389 	mov	dph,r3
   0070 8C F0               390 	mov	b,r4
   0072 ED                  391 	mov	a,r5
   0073 12s00r00            392 	lcall	__gptrput
   0076 90s00r00            393 	mov	dptr,#_setjmp_buf_1_1
   0079 74 01               394 	mov	a,#0x01
   007B 2A                  395 	add	a,r2
   007C F0                  396 	movx	@dptr,a
   007D E4                  397 	clr	a
   007E 3B                  398 	addc	a,r3
   007F A3                  399 	inc	dptr
   0080 F0                  400 	movx	@dptr,a
   0081 A3                  401 	inc	dptr
   0082 EC                  402 	mov	a,r4
   0083 F0                  403 	movx	@dptr,a
                            404 ;	_setjmp.c:408: return 0;
   0084 90 00 00            405 	mov	dptr,#0x0000
   0087 22                  406 	ret
                            407 ;------------------------------------------------------------
                            408 ;Allocation info for local variables in function 'longjmp'
                            409 ;------------------------------------------------------------
                            410 ;rv                        Allocated with name '_longjmp_PARM_2'
                            411 ;buf                       Allocated with name '_longjmp_buf_1_1'
                            412 ;lsp                       Allocated with name '_longjmp_lsp_1_1'
                            413 ;------------------------------------------------------------
                            414 ;	_setjmp.c:411: int longjmp (jmp_buf buf, int rv)
                            415 ;	-----------------------------------------
                            416 ;	 function longjmp
                            417 ;	-----------------------------------------
   0088                     418 _longjmp:
   0088 AA F0               419 	mov	r2,b
   008A AB 83               420 	mov	r3,dph
   008C E5 82               421 	mov	a,dpl
   008E 90s00r05            422 	mov	dptr,#_longjmp_buf_1_1
   0091 F0                  423 	movx	@dptr,a
   0092 A3                  424 	inc	dptr
   0093 EB                  425 	mov	a,r3
   0094 F0                  426 	movx	@dptr,a
   0095 A3                  427 	inc	dptr
   0096 EA                  428 	mov	a,r2
   0097 F0                  429 	movx	@dptr,a
                            430 ;	_setjmp.c:418: lsp = *buf++;
   0098 90s00r05            431 	mov	dptr,#_longjmp_buf_1_1
   009B E0                  432 	movx	a,@dptr
   009C FA                  433 	mov	r2,a
   009D A3                  434 	inc	dptr
   009E E0                  435 	movx	a,@dptr
   009F FB                  436 	mov	r3,a
   00A0 A3                  437 	inc	dptr
   00A1 E0                  438 	movx	a,@dptr
   00A2 FC                  439 	mov	r4,a
   00A3 8A 82               440 	mov	dpl,r2
   00A5 8B 83               441 	mov	dph,r3
   00A7 8C F0               442 	mov	b,r4
   00A9 12s00r00            443 	lcall	__gptrget
   00AC FD                  444 	mov	r5,a
   00AD 90s00r05            445 	mov	dptr,#_longjmp_buf_1_1
   00B0 74 01               446 	mov	a,#0x01
   00B2 2A                  447 	add	a,r2
   00B3 F0                  448 	movx	@dptr,a
   00B4 E4                  449 	clr	a
   00B5 3B                  450 	addc	a,r3
   00B6 A3                  451 	inc	dptr
   00B7 F0                  452 	movx	@dptr,a
   00B8 A3                  453 	inc	dptr
   00B9 EC                  454 	mov	a,r4
   00BA F0                  455 	movx	@dptr,a
                            456 ;	_setjmp.c:420: *((unsigned char __data *) lsp - 0) = *buf++;
   00BB 8D 00               457 	mov	ar0,r5
   00BD 90s00r05            458 	mov	dptr,#_longjmp_buf_1_1
   00C0 E0                  459 	movx	a,@dptr
   00C1 FA                  460 	mov	r2,a
   00C2 A3                  461 	inc	dptr
   00C3 E0                  462 	movx	a,@dptr
   00C4 FB                  463 	mov	r3,a
   00C5 A3                  464 	inc	dptr
   00C6 E0                  465 	movx	a,@dptr
   00C7 FC                  466 	mov	r4,a
   00C8 8A 82               467 	mov	dpl,r2
   00CA 8B 83               468 	mov	dph,r3
   00CC 8C F0               469 	mov	b,r4
   00CE 12s00r00            470 	lcall	__gptrget
   00D1 FE                  471 	mov	r6,a
   00D2 90s00r05            472 	mov	dptr,#_longjmp_buf_1_1
   00D5 74 01               473 	mov	a,#0x01
   00D7 2A                  474 	add	a,r2
   00D8 F0                  475 	movx	@dptr,a
   00D9 E4                  476 	clr	a
   00DA 3B                  477 	addc	a,r3
   00DB A3                  478 	inc	dptr
   00DC F0                  479 	movx	@dptr,a
   00DD A3                  480 	inc	dptr
   00DE EC                  481 	mov	a,r4
   00DF F0                  482 	movx	@dptr,a
   00E0 A6 06               483 	mov	@r0,ar6
                            484 ;	_setjmp.c:421: *((unsigned char __data *) lsp - 1) = *buf++;
   00E2 18                  485 	dec	r0
   00E3 90s00r05            486 	mov	dptr,#_longjmp_buf_1_1
   00E6 E0                  487 	movx	a,@dptr
   00E7 FA                  488 	mov	r2,a
   00E8 A3                  489 	inc	dptr
   00E9 E0                  490 	movx	a,@dptr
   00EA FB                  491 	mov	r3,a
   00EB A3                  492 	inc	dptr
   00EC E0                  493 	movx	a,@dptr
   00ED FC                  494 	mov	r4,a
   00EE 8A 82               495 	mov	dpl,r2
   00F0 8B 83               496 	mov	dph,r3
   00F2 8C F0               497 	mov	b,r4
   00F4 12s00r00            498 	lcall	__gptrget
   00F7 FE                  499 	mov	r6,a
   00F8 90s00r05            500 	mov	dptr,#_longjmp_buf_1_1
   00FB 74 01               501 	mov	a,#0x01
   00FD 2A                  502 	add	a,r2
   00FE F0                  503 	movx	@dptr,a
   00FF E4                  504 	clr	a
   0100 3B                  505 	addc	a,r3
   0101 A3                  506 	inc	dptr
   0102 F0                  507 	movx	@dptr,a
   0103 A3                  508 	inc	dptr
   0104 EC                  509 	mov	a,r4
   0105 F0                  510 	movx	@dptr,a
   0106 A6 06               511 	mov	@r0,ar6
                            512 ;	_setjmp.c:425: SP = lsp;
   0108 8D 81               513 	mov	_SP,r5
                            514 ;	_setjmp.c:426: return rv;
   010A 90s00r03            515 	mov	dptr,#_longjmp_PARM_2
   010D E0                  516 	movx	a,@dptr
   010E FA                  517 	mov	r2,a
   010F A3                  518 	inc	dptr
   0110 E0                  519 	movx	a,@dptr
   0111 8A 82               520 	mov	dpl,r2
   0113 F5 83               521 	mov	dph,a
   0115 22                  522 	ret
                            523 	.area CSEG    (CODE)
                            524 	.area CONST   (CODE)
                            525 	.area XINIT   (CODE)
                            526 	.area CABS    (ABS,CODE)
