                              1 ;--------------------------------------------------------
                              2 ; File Created by SDCC : free open source ANSI-C Compiler
                              3 ; Version 3.0.1 #6227 (Oct  2 2015) (Linux)
                              4 ; This file was generated Fri Oct  2 17:15:28 2015
                              5 ;--------------------------------------------------------
                              6 	.module _strncat
                              7 	.optsdcc -mmcs51 --model-large
                              8 	
                              9 ;--------------------------------------------------------
                             10 ; Public variables in this module
                             11 ;--------------------------------------------------------
                             12 	.globl _strncat_PARM_3
                             13 	.globl _strncat_PARM_2
                             14 	.globl _strncat
                             15 ;--------------------------------------------------------
                             16 ; special function registers
                             17 ;--------------------------------------------------------
                             18 	.area RSEG    (ABS,DATA)
   0000                      19 	.org 0x0000
                             20 ;--------------------------------------------------------
                             21 ; special function bits
                             22 ;--------------------------------------------------------
                             23 	.area RSEG    (ABS,DATA)
   0000                      24 	.org 0x0000
                             25 ;--------------------------------------------------------
                             26 ; overlayable register banks
                             27 ;--------------------------------------------------------
                             28 	.area REG_BANK_0	(REL,OVR,DATA)
   0000                      29 	.ds 8
                             30 ;--------------------------------------------------------
                             31 ; internal ram data
                             32 ;--------------------------------------------------------
                             33 	.area DSEG    (DATA)
                             34 ;--------------------------------------------------------
                             35 ; overlayable items in internal ram 
                             36 ;--------------------------------------------------------
                             37 	.area	OSEG    (OVR,DATA)
   0000                      38 _strncat_sloc0_1_0::
   0000                      39 	.ds 2
                             40 ;--------------------------------------------------------
                             41 ; indirectly addressable internal ram data
                             42 ;--------------------------------------------------------
                             43 	.area ISEG    (DATA)
                             44 ;--------------------------------------------------------
                             45 ; absolute internal ram data
                             46 ;--------------------------------------------------------
                             47 	.area IABS    (ABS,DATA)
                             48 	.area IABS    (ABS,DATA)
                             49 ;--------------------------------------------------------
                             50 ; bit data
                             51 ;--------------------------------------------------------
                             52 	.area BSEG    (BIT)
                             53 ;--------------------------------------------------------
                             54 ; paged external ram data
                             55 ;--------------------------------------------------------
                             56 	.area PSEG    (PAG,XDATA)
                             57 ;--------------------------------------------------------
                             58 ; external ram data
                             59 ;--------------------------------------------------------
                             60 	.area XSEG    (XDATA)
   0000                      61 _strncat_PARM_2:
   0000                      62 	.ds 3
   0003                      63 _strncat_PARM_3:
   0003                      64 	.ds 2
   0005                      65 _strncat_front_1_1:
   0005                      66 	.ds 3
   0008                      67 _strncat_start_1_1:
   0008                      68 	.ds 3
                             69 ;--------------------------------------------------------
                             70 ; absolute external ram data
                             71 ;--------------------------------------------------------
                             72 	.area XABS    (ABS,XDATA)
                             73 ;--------------------------------------------------------
                             74 ; external initialized ram data
                             75 ;--------------------------------------------------------
                             76 	.area XISEG   (XDATA)
                             77 	.area HOME    (CODE)
                             78 	.area GSINIT0 (CODE)
                             79 	.area GSINIT1 (CODE)
                             80 	.area GSINIT2 (CODE)
                             81 	.area GSINIT3 (CODE)
                             82 	.area GSINIT4 (CODE)
                             83 	.area GSINIT5 (CODE)
                             84 	.area GSINIT  (CODE)
                             85 	.area GSFINAL (CODE)
                             86 	.area CSEG    (CODE)
                             87 ;--------------------------------------------------------
                             88 ; global & static initialisations
                             89 ;--------------------------------------------------------
                             90 	.area HOME    (CODE)
                             91 	.area GSINIT  (CODE)
                             92 	.area GSFINAL (CODE)
                             93 	.area GSINIT  (CODE)
                             94 ;--------------------------------------------------------
                             95 ; Home
                             96 ;--------------------------------------------------------
                             97 	.area HOME    (CODE)
                             98 	.area HOME    (CODE)
                             99 ;--------------------------------------------------------
                            100 ; code
                            101 ;--------------------------------------------------------
                            102 	.area CSEG    (CODE)
                            103 ;------------------------------------------------------------
                            104 ;Allocation info for local variables in function 'strncat'
                            105 ;------------------------------------------------------------
                            106 ;back                      Allocated with name '_strncat_PARM_2'
                            107 ;count                     Allocated with name '_strncat_PARM_3'
                            108 ;front                     Allocated with name '_strncat_front_1_1'
                            109 ;start                     Allocated with name '_strncat_start_1_1'
                            110 ;sloc0                     Allocated with name '_strncat_sloc0_1_0'
                            111 ;------------------------------------------------------------
                            112 ;	_strncat.c:31: char * strncat (
                            113 ;	-----------------------------------------
                            114 ;	 function strncat
                            115 ;	-----------------------------------------
   0000                     116 _strncat:
                    0002    117 	ar2 = 0x02
                    0003    118 	ar3 = 0x03
                    0004    119 	ar4 = 0x04
                    0005    120 	ar5 = 0x05
                    0006    121 	ar6 = 0x06
                    0007    122 	ar7 = 0x07
                    0000    123 	ar0 = 0x00
                    0001    124 	ar1 = 0x01
   0000 AA F0               125 	mov	r2,b
   0002 AB 83               126 	mov	r3,dph
   0004 E5 82               127 	mov	a,dpl
   0006 90s00r05            128 	mov	dptr,#_strncat_front_1_1
   0009 F0                  129 	movx	@dptr,a
   000A A3                  130 	inc	dptr
   000B EB                  131 	mov	a,r3
   000C F0                  132 	movx	@dptr,a
   000D A3                  133 	inc	dptr
   000E EA                  134 	mov	a,r2
   000F F0                  135 	movx	@dptr,a
                            136 ;	_strncat.c:37: char *start = front;
   0010 90s00r05            137 	mov	dptr,#_strncat_front_1_1
   0013 E0                  138 	movx	a,@dptr
   0014 FA                  139 	mov	r2,a
   0015 A3                  140 	inc	dptr
   0016 E0                  141 	movx	a,@dptr
   0017 FB                  142 	mov	r3,a
   0018 A3                  143 	inc	dptr
   0019 E0                  144 	movx	a,@dptr
   001A FC                  145 	mov	r4,a
   001B 90s00r08            146 	mov	dptr,#_strncat_start_1_1
   001E EA                  147 	mov	a,r2
   001F F0                  148 	movx	@dptr,a
   0020 A3                  149 	inc	dptr
   0021 EB                  150 	mov	a,r3
   0022 F0                  151 	movx	@dptr,a
   0023 A3                  152 	inc	dptr
   0024 EC                  153 	mov	a,r4
   0025 F0                  154 	movx	@dptr,a
                            155 ;	_strncat.c:39: while (*front++);
   0026                     156 00101$:
   0026 8A 82               157 	mov	dpl,r2
   0028 8B 83               158 	mov	dph,r3
   002A 8C F0               159 	mov	b,r4
   002C 12s00r00            160 	lcall	__gptrget
   002F FD                  161 	mov	r5,a
   0030 A3                  162 	inc	dptr
   0031 AA 82               163 	mov	r2,dpl
   0033 AB 83               164 	mov	r3,dph
   0035 90s00r05            165 	mov	dptr,#_strncat_front_1_1
   0038 EA                  166 	mov	a,r2
   0039 F0                  167 	movx	@dptr,a
   003A A3                  168 	inc	dptr
   003B EB                  169 	mov	a,r3
   003C F0                  170 	movx	@dptr,a
   003D A3                  171 	inc	dptr
   003E EC                  172 	mov	a,r4
   003F F0                  173 	movx	@dptr,a
   0040 ED                  174 	mov	a,r5
   0041 70 E3               175 	jnz	00101$
                            176 ;	_strncat.c:41: front--;
   0043 90s00r05            177 	mov	dptr,#_strncat_front_1_1
   0046 EA                  178 	mov	a,r2
   0047 F0                  179 	movx	@dptr,a
   0048 A3                  180 	inc	dptr
   0049 EB                  181 	mov	a,r3
   004A F0                  182 	movx	@dptr,a
   004B A3                  183 	inc	dptr
   004C EC                  184 	mov	a,r4
   004D F0                  185 	movx	@dptr,a
   004E 1A                  186 	dec	r2
   004F BA FF 01            187 	cjne	r2,#0xff,00118$
   0052 1B                  188 	dec	r3
   0053                     189 00118$:
   0053 90s00r05            190 	mov	dptr,#_strncat_front_1_1
   0056 EA                  191 	mov	a,r2
   0057 F0                  192 	movx	@dptr,a
   0058 A3                  193 	inc	dptr
   0059 EB                  194 	mov	a,r3
   005A F0                  195 	movx	@dptr,a
   005B A3                  196 	inc	dptr
   005C EC                  197 	mov	a,r4
   005D F0                  198 	movx	@dptr,a
                            199 ;	_strncat.c:43: while (count--)
   005E 90s00r00            200 	mov	dptr,#_strncat_PARM_2
   0061 E0                  201 	movx	a,@dptr
   0062 FA                  202 	mov	r2,a
   0063 A3                  203 	inc	dptr
   0064 E0                  204 	movx	a,@dptr
   0065 FB                  205 	mov	r3,a
   0066 A3                  206 	inc	dptr
   0067 E0                  207 	movx	a,@dptr
   0068 FC                  208 	mov	r4,a
   0069 90s00r05            209 	mov	dptr,#_strncat_front_1_1
   006C E0                  210 	movx	a,@dptr
   006D FD                  211 	mov	r5,a
   006E A3                  212 	inc	dptr
   006F E0                  213 	movx	a,@dptr
   0070 FE                  214 	mov	r6,a
   0071 A3                  215 	inc	dptr
   0072 E0                  216 	movx	a,@dptr
   0073 FF                  217 	mov	r7,a
   0074 90s00r03            218 	mov	dptr,#_strncat_PARM_3
   0077 E0                  219 	movx	a,@dptr
   0078 F5*00               220 	mov	_strncat_sloc0_1_0,a
   007A A3                  221 	inc	dptr
   007B E0                  222 	movx	a,@dptr
   007C F5*01               223 	mov	(_strncat_sloc0_1_0 + 1),a
   007E                     224 00106$:
   007E A8*00               225 	mov	r0,_strncat_sloc0_1_0
   0080 A9*01               226 	mov	r1,(_strncat_sloc0_1_0 + 1)
   0082 15*00               227 	dec	_strncat_sloc0_1_0
   0084 74 FF               228 	mov	a,#0xff
   0086 B5*00 02            229 	cjne	a,_strncat_sloc0_1_0,00119$
   0089 15*01               230 	dec	(_strncat_sloc0_1_0 + 1)
   008B                     231 00119$:
   008B E8                  232 	mov	a,r0
   008C 49                  233 	orl	a,r1
   008D 60 3E               234 	jz	00108$
                            235 ;	_strncat.c:44: if (!(*front++ = *back++))
   008F 8A 82               236 	mov	dpl,r2
   0091 8B 83               237 	mov	dph,r3
   0093 8C F0               238 	mov	b,r4
   0095 12s00r00            239 	lcall	__gptrget
   0098 F8                  240 	mov	r0,a
   0099 A3                  241 	inc	dptr
   009A AA 82               242 	mov	r2,dpl
   009C AB 83               243 	mov	r3,dph
   009E 8D 82               244 	mov	dpl,r5
   00A0 8E 83               245 	mov	dph,r6
   00A2 8F F0               246 	mov	b,r7
   00A4 E8                  247 	mov	a,r0
   00A5 12s00r00            248 	lcall	__gptrput
   00A8 A3                  249 	inc	dptr
   00A9 AD 82               250 	mov	r5,dpl
   00AB AE 83               251 	mov	r6,dph
   00AD 90s00r05            252 	mov	dptr,#_strncat_front_1_1
   00B0 ED                  253 	mov	a,r5
   00B1 F0                  254 	movx	@dptr,a
   00B2 A3                  255 	inc	dptr
   00B3 EE                  256 	mov	a,r6
   00B4 F0                  257 	movx	@dptr,a
   00B5 A3                  258 	inc	dptr
   00B6 EF                  259 	mov	a,r7
   00B7 F0                  260 	movx	@dptr,a
   00B8 E8                  261 	mov	a,r0
   00B9 70 C3               262 	jnz	00106$
                            263 ;	_strncat.c:45: return(start);
   00BB 90s00r08            264 	mov	dptr,#_strncat_start_1_1
   00BE E0                  265 	movx	a,@dptr
   00BF FA                  266 	mov	r2,a
   00C0 A3                  267 	inc	dptr
   00C1 E0                  268 	movx	a,@dptr
   00C2 FB                  269 	mov	r3,a
   00C3 A3                  270 	inc	dptr
   00C4 E0                  271 	movx	a,@dptr
   00C5 FC                  272 	mov	r4,a
   00C6 8A 82               273 	mov	dpl,r2
   00C8 8B 83               274 	mov	dph,r3
   00CA 8C F0               275 	mov	b,r4
   00CC 22                  276 	ret
   00CD                     277 00108$:
                            278 ;	_strncat.c:47: *front = '\0';
   00CD 90s00r05            279 	mov	dptr,#_strncat_front_1_1
   00D0 E0                  280 	movx	a,@dptr
   00D1 FA                  281 	mov	r2,a
   00D2 A3                  282 	inc	dptr
   00D3 E0                  283 	movx	a,@dptr
   00D4 FB                  284 	mov	r3,a
   00D5 A3                  285 	inc	dptr
   00D6 E0                  286 	movx	a,@dptr
   00D7 FC                  287 	mov	r4,a
   00D8 8A 82               288 	mov	dpl,r2
   00DA 8B 83               289 	mov	dph,r3
   00DC 8C F0               290 	mov	b,r4
   00DE E4                  291 	clr	a
   00DF 12s00r00            292 	lcall	__gptrput
                            293 ;	_strncat.c:48: return(start);
   00E2 90s00r08            294 	mov	dptr,#_strncat_start_1_1
   00E5 E0                  295 	movx	a,@dptr
   00E6 FA                  296 	mov	r2,a
   00E7 A3                  297 	inc	dptr
   00E8 E0                  298 	movx	a,@dptr
   00E9 FB                  299 	mov	r3,a
   00EA A3                  300 	inc	dptr
   00EB E0                  301 	movx	a,@dptr
   00EC FC                  302 	mov	r4,a
   00ED 8A 82               303 	mov	dpl,r2
   00EF 8B 83               304 	mov	dph,r3
   00F1 8C F0               305 	mov	b,r4
   00F3 22                  306 	ret
                            307 	.area CSEG    (CODE)
                            308 	.area CONST   (CODE)
                            309 	.area XINIT   (CODE)
                            310 	.area CABS    (ABS,CODE)
