                              1 ;--------------------------------------------------------
                              2 ; File Created by SDCC : free open source ANSI-C Compiler
                              3 ; Version 3.0.1 #6227 (Oct  2 2015) (Linux)
                              4 ; This file was generated Fri Oct  2 17:15:28 2015
                              5 ;--------------------------------------------------------
                              6 	.module asincosf
                              7 	.optsdcc -mmcs51 --model-large
                              8 	
                              9 ;--------------------------------------------------------
                             10 ; Public variables in this module
                             11 ;--------------------------------------------------------
                             12 	.globl _asincosf
                             13 	.globl _asincosf_PARM_2
                             14 ;--------------------------------------------------------
                             15 ; special function registers
                             16 ;--------------------------------------------------------
                             17 	.area RSEG    (ABS,DATA)
   0000                      18 	.org 0x0000
                             19 ;--------------------------------------------------------
                             20 ; special function bits
                             21 ;--------------------------------------------------------
                             22 	.area RSEG    (ABS,DATA)
   0000                      23 	.org 0x0000
                             24 ;--------------------------------------------------------
                             25 ; overlayable register banks
                             26 ;--------------------------------------------------------
                             27 	.area REG_BANK_0	(REL,OVR,DATA)
   0000                      28 	.ds 8
                             29 ;--------------------------------------------------------
                             30 ; internal ram data
                             31 ;--------------------------------------------------------
                             32 	.area DSEG    (DATA)
   0000                      33 _asincosf_sloc0_1_0:
   0000                      34 	.ds 4
   0004                      35 _asincosf_sloc1_1_0:
   0004                      36 	.ds 4
                             37 ;--------------------------------------------------------
                             38 ; overlayable items in internal ram 
                             39 ;--------------------------------------------------------
                             40 	.area OSEG    (OVR,DATA)
                             41 ;--------------------------------------------------------
                             42 ; indirectly addressable internal ram data
                             43 ;--------------------------------------------------------
                             44 	.area ISEG    (DATA)
                             45 ;--------------------------------------------------------
                             46 ; absolute internal ram data
                             47 ;--------------------------------------------------------
                             48 	.area IABS    (ABS,DATA)
                             49 	.area IABS    (ABS,DATA)
                             50 ;--------------------------------------------------------
                             51 ; bit data
                             52 ;--------------------------------------------------------
                             53 	.area BSEG    (BIT)
   0000                      54 _asincosf_PARM_2:
   0000                      55 	.ds 1
   0001                      56 _asincosf_quartPI_1_1:
   0001                      57 	.ds 1
                             58 ;--------------------------------------------------------
                             59 ; paged external ram data
                             60 ;--------------------------------------------------------
                             61 	.area PSEG    (PAG,XDATA)
                             62 ;--------------------------------------------------------
                             63 ; external ram data
                             64 ;--------------------------------------------------------
                             65 	.area XSEG    (XDATA)
   0000                      66 _asincosf_x_1_1:
   0000                      67 	.ds 4
   0004                      68 _asincosf_y_1_1:
   0004                      69 	.ds 4
   0008                      70 _asincosf_g_1_1:
   0008                      71 	.ds 4
   000C                      72 _asincosf_r_1_1:
   000C                      73 	.ds 4
   0010                      74 _asincosf_a_1_1:
   0010                      75 	.ds 8
   0018                      76 _asincosf_b_1_1:
   0018                      77 	.ds 8
                             78 ;--------------------------------------------------------
                             79 ; absolute external ram data
                             80 ;--------------------------------------------------------
                             81 	.area XABS    (ABS,XDATA)
                             82 ;--------------------------------------------------------
                             83 ; external initialized ram data
                             84 ;--------------------------------------------------------
                             85 	.area XISEG   (XDATA)
                             86 	.area HOME    (CODE)
                             87 	.area GSINIT0 (CODE)
                             88 	.area GSINIT1 (CODE)
                             89 	.area GSINIT2 (CODE)
                             90 	.area GSINIT3 (CODE)
                             91 	.area GSINIT4 (CODE)
                             92 	.area GSINIT5 (CODE)
                             93 	.area GSINIT  (CODE)
                             94 	.area GSFINAL (CODE)
                             95 	.area CSEG    (CODE)
                             96 ;--------------------------------------------------------
                             97 ; global & static initialisations
                             98 ;--------------------------------------------------------
                             99 	.area HOME    (CODE)
                            100 	.area GSINIT  (CODE)
                            101 	.area GSFINAL (CODE)
                            102 	.area GSINIT  (CODE)
                            103 ;------------------------------------------------------------
                            104 ;Allocation info for local variables in function 'asincosf'
                            105 ;------------------------------------------------------------
                            106 ;sloc0                     Allocated with name '_asincosf_sloc0_1_0'
                            107 ;sloc1                     Allocated with name '_asincosf_sloc1_1_0'
                            108 ;x                         Allocated with name '_asincosf_x_1_1'
                            109 ;y                         Allocated with name '_asincosf_y_1_1'
                            110 ;g                         Allocated with name '_asincosf_g_1_1'
                            111 ;r                         Allocated with name '_asincosf_r_1_1'
                            112 ;i                         Allocated with name '_asincosf_i_1_1'
                            113 ;a                         Allocated with name '_asincosf_a_1_1'
                            114 ;b                         Allocated with name '_asincosf_b_1_1'
                            115 ;------------------------------------------------------------
                            116 ;	asincosf.c:53: static const float a[2] = { 0.0, QUART_PI };
   0000 90s00r10            117 	mov	dptr,#_asincosf_a_1_1
   0003 E4                  118 	clr	a
   0004 F0                  119 	movx	@dptr,a
   0005 A3                  120 	inc	dptr
   0006 F0                  121 	movx	@dptr,a
   0007 A3                  122 	inc	dptr
   0008 F0                  123 	movx	@dptr,a
   0009 A3                  124 	inc	dptr
   000A F0                  125 	movx	@dptr,a
   000B 90s00r14            126 	mov	dptr,#(_asincosf_a_1_1 + 0x0004)
   000E 74 DB               127 	mov	a,#0xDB
   0010 F0                  128 	movx	@dptr,a
   0011 A3                  129 	inc	dptr
   0012 74 0F               130 	mov	a,#0x0F
   0014 F0                  131 	movx	@dptr,a
   0015 A3                  132 	inc	dptr
   0016 74 49               133 	mov	a,#0x49
   0018 F0                  134 	movx	@dptr,a
   0019 A3                  135 	inc	dptr
   001A 74 3F               136 	mov	a,#0x3F
   001C F0                  137 	movx	@dptr,a
                            138 ;	asincosf.c:54: static const float b[2] = { HALF_PI, QUART_PI };
   001D 90s00r18            139 	mov	dptr,#_asincosf_b_1_1
   0020 74 DB               140 	mov	a,#0xDB
   0022 F0                  141 	movx	@dptr,a
   0023 A3                  142 	inc	dptr
   0024 74 0F               143 	mov	a,#0x0F
   0026 F0                  144 	movx	@dptr,a
   0027 A3                  145 	inc	dptr
   0028 74 C9               146 	mov	a,#0xC9
   002A F0                  147 	movx	@dptr,a
   002B A3                  148 	inc	dptr
   002C 74 3F               149 	mov	a,#0x3F
   002E F0                  150 	movx	@dptr,a
   002F 90s00r1C            151 	mov	dptr,#(_asincosf_b_1_1 + 0x0004)
   0032 74 DB               152 	mov	a,#0xDB
   0034 F0                  153 	movx	@dptr,a
   0035 A3                  154 	inc	dptr
   0036 74 0F               155 	mov	a,#0x0F
   0038 F0                  156 	movx	@dptr,a
   0039 A3                  157 	inc	dptr
   003A 74 49               158 	mov	a,#0x49
   003C F0                  159 	movx	@dptr,a
   003D A3                  160 	inc	dptr
   003E 74 3F               161 	mov	a,#0x3F
   0040 F0                  162 	movx	@dptr,a
                            163 ;--------------------------------------------------------
                            164 ; Home
                            165 ;--------------------------------------------------------
                            166 	.area HOME    (CODE)
                            167 	.area HOME    (CODE)
                            168 ;--------------------------------------------------------
                            169 ; code
                            170 ;--------------------------------------------------------
                            171 	.area CSEG    (CODE)
                            172 ;------------------------------------------------------------
                            173 ;Allocation info for local variables in function 'asincosf'
                            174 ;------------------------------------------------------------
                            175 ;sloc0                     Allocated with name '_asincosf_sloc0_1_0'
                            176 ;sloc1                     Allocated with name '_asincosf_sloc1_1_0'
                            177 ;x                         Allocated with name '_asincosf_x_1_1'
                            178 ;y                         Allocated with name '_asincosf_y_1_1'
                            179 ;g                         Allocated with name '_asincosf_g_1_1'
                            180 ;r                         Allocated with name '_asincosf_r_1_1'
                            181 ;i                         Allocated with name '_asincosf_i_1_1'
                            182 ;a                         Allocated with name '_asincosf_a_1_1'
                            183 ;b                         Allocated with name '_asincosf_b_1_1'
                            184 ;------------------------------------------------------------
                            185 ;	asincosf.c:47: float asincosf(const float x, const BOOL isacos)
                            186 ;	-----------------------------------------
                            187 ;	 function asincosf
                            188 ;	-----------------------------------------
   0000                     189 _asincosf:
                    0002    190 	ar2 = 0x02
                    0003    191 	ar3 = 0x03
                    0004    192 	ar4 = 0x04
                    0005    193 	ar5 = 0x05
                    0006    194 	ar6 = 0x06
                    0007    195 	ar7 = 0x07
                    0000    196 	ar0 = 0x00
                    0001    197 	ar1 = 0x01
   0000 AA 82               198 	mov	r2,dpl
   0002 AB 83               199 	mov	r3,dph
   0004 AC F0               200 	mov	r4,b
   0006 FD                  201 	mov	r5,a
   0007 90s00r00            202 	mov	dptr,#_asincosf_x_1_1
   000A EA                  203 	mov	a,r2
   000B F0                  204 	movx	@dptr,a
   000C A3                  205 	inc	dptr
   000D EB                  206 	mov	a,r3
   000E F0                  207 	movx	@dptr,a
   000F A3                  208 	inc	dptr
   0010 EC                  209 	mov	a,r4
   0011 F0                  210 	movx	@dptr,a
   0012 A3                  211 	inc	dptr
   0013 ED                  212 	mov	a,r5
   0014 F0                  213 	movx	@dptr,a
                            214 ;	asincosf.c:51: BOOL quartPI = isacos;
   0015 A2*00               215 	mov	c,_asincosf_PARM_2
   0017 92*01               216 	mov	_asincosf_quartPI_1_1,c
                            217 ;	asincosf.c:56: y = fabsf(x);
   0019 90s00r00            218 	mov	dptr,#_asincosf_x_1_1
   001C E0                  219 	movx	a,@dptr
   001D F5*00               220 	mov	_asincosf_sloc0_1_0,a
   001F A3                  221 	inc	dptr
   0020 E0                  222 	movx	a,@dptr
   0021 F5*01               223 	mov	(_asincosf_sloc0_1_0 + 1),a
   0023 A3                  224 	inc	dptr
   0024 E0                  225 	movx	a,@dptr
   0025 F5*02               226 	mov	(_asincosf_sloc0_1_0 + 2),a
   0027 A3                  227 	inc	dptr
   0028 E0                  228 	movx	a,@dptr
   0029 F5*03               229 	mov	(_asincosf_sloc0_1_0 + 3),a
   002B 85*00 82            230 	mov	dpl,_asincosf_sloc0_1_0
   002E 85*01 83            231 	mov	dph,(_asincosf_sloc0_1_0 + 1)
   0031 85*02 F0            232 	mov	b,(_asincosf_sloc0_1_0 + 2)
   0034 12s00r00            233 	lcall	_fabsf
   0037 AE 82               234 	mov	r6,dpl
   0039 AF 83               235 	mov	r7,dph
   003B A8 F0               236 	mov	r0,b
   003D F9                  237 	mov	r1,a
   003E 90s00r04            238 	mov	dptr,#_asincosf_y_1_1
   0041 EE                  239 	mov	a,r6
   0042 F0                  240 	movx	@dptr,a
   0043 A3                  241 	inc	dptr
   0044 EF                  242 	mov	a,r7
   0045 F0                  243 	movx	@dptr,a
   0046 A3                  244 	inc	dptr
   0047 E8                  245 	mov	a,r0
   0048 F0                  246 	movx	@dptr,a
   0049 A3                  247 	inc	dptr
   004A E9                  248 	mov	a,r1
   004B F0                  249 	movx	@dptr,a
                            250 ;	asincosf.c:57: if (y < EPS)
   004C C0 06               251 	push	ar6
   004E C0 07               252 	push	ar7
   0050 C0 00               253 	push	ar0
   0052 C0 01               254 	push	ar1
   0054 E4                  255 	clr	a
   0055 C0 E0               256 	push	acc
   0057 C0 E0               257 	push	acc
   0059 74 80               258 	mov	a,#0x80
   005B C0 E0               259 	push	acc
   005D 74 39               260 	mov	a,#0x39
   005F C0 E0               261 	push	acc
   0061 8E 82               262 	mov	dpl,r6
   0063 8F 83               263 	mov	dph,r7
   0065 88 F0               264 	mov	b,r0
   0067 E9                  265 	mov	a,r1
   0068 12s00r00            266 	lcall	___fslt
   006B AA 82               267 	mov	r2,dpl
   006D E5 81               268 	mov	a,sp
   006F 24 FC               269 	add	a,#0xfc
   0071 F5 81               270 	mov	sp,a
   0073 D0 01               271 	pop	ar1
   0075 D0 00               272 	pop	ar0
   0077 D0 07               273 	pop	ar7
   0079 D0 06               274 	pop	ar6
   007B EA                  275 	mov	a,r2
   007C 60 11               276 	jz	00107$
                            277 ;	asincosf.c:59: r = y;
   007E 90s00r0C            278 	mov	dptr,#_asincosf_r_1_1
   0081 EE                  279 	mov	a,r6
   0082 F0                  280 	movx	@dptr,a
   0083 A3                  281 	inc	dptr
   0084 EF                  282 	mov	a,r7
   0085 F0                  283 	movx	@dptr,a
   0086 A3                  284 	inc	dptr
   0087 E8                  285 	mov	a,r0
   0088 F0                  286 	movx	@dptr,a
   0089 A3                  287 	inc	dptr
   008A E9                  288 	mov	a,r1
   008B F0                  289 	movx	@dptr,a
   008C 02s03r4D            290 	ljmp	00108$
   008F                     291 00107$:
                            292 ;	asincosf.c:63: if (y > 0.5)
   008F C0 06               293 	push	ar6
   0091 C0 07               294 	push	ar7
   0093 C0 00               295 	push	ar0
   0095 C0 01               296 	push	ar1
   0097 E4                  297 	clr	a
   0098 C0 E0               298 	push	acc
   009A C0 E0               299 	push	acc
   009C C0 E0               300 	push	acc
   009E 74 3F               301 	mov	a,#0x3F
   00A0 C0 E0               302 	push	acc
   00A2 8E 82               303 	mov	dpl,r6
   00A4 8F 83               304 	mov	dph,r7
   00A6 88 F0               305 	mov	b,r0
   00A8 E9                  306 	mov	a,r1
   00A9 12s00r00            307 	lcall	___fsgt
   00AC AA 82               308 	mov	r2,dpl
   00AE E5 81               309 	mov	a,sp
   00B0 24 FC               310 	add	a,#0xfc
   00B2 F5 81               311 	mov	sp,a
   00B4 D0 01               312 	pop	ar1
   00B6 D0 00               313 	pop	ar0
   00B8 D0 07               314 	pop	ar7
   00BA D0 06               315 	pop	ar6
   00BC EA                  316 	mov	a,r2
   00BD 70 03               317 	jnz	00126$
   00BF 02s01r8E            318 	ljmp	00104$
   00C2                     319 00126$:
                            320 ;	asincosf.c:65: quartPI = !isacos;
   00C2 B2*01               321 	cpl	_asincosf_quartPI_1_1
                            322 ;	asincosf.c:66: if (y > 1.0)
   00C4 C0 06               323 	push	ar6
   00C6 C0 07               324 	push	ar7
   00C8 C0 00               325 	push	ar0
   00CA C0 01               326 	push	ar1
   00CC E4                  327 	clr	a
   00CD C0 E0               328 	push	acc
   00CF C0 E0               329 	push	acc
   00D1 74 80               330 	mov	a,#0x80
   00D3 C0 E0               331 	push	acc
   00D5 74 3F               332 	mov	a,#0x3F
   00D7 C0 E0               333 	push	acc
   00D9 8E 82               334 	mov	dpl,r6
   00DB 8F 83               335 	mov	dph,r7
   00DD 88 F0               336 	mov	b,r0
   00DF E9                  337 	mov	a,r1
   00E0 12s00r00            338 	lcall	___fsgt
   00E3 AA 82               339 	mov	r2,dpl
   00E5 E5 81               340 	mov	a,sp
   00E7 24 FC               341 	add	a,#0xfc
   00E9 F5 81               342 	mov	sp,a
   00EB D0 01               343 	pop	ar1
   00ED D0 00               344 	pop	ar0
   00EF D0 07               345 	pop	ar7
   00F1 D0 06               346 	pop	ar6
   00F3 EA                  347 	mov	a,r2
   00F4 60 10               348 	jz	00102$
                            349 ;	asincosf.c:68: errno = EDOM;
   00F6 90s00r00            350 	mov	dptr,#_errno
   00F9 74 21               351 	mov	a,#0x21
   00FB F0                  352 	movx	@dptr,a
   00FC A3                  353 	inc	dptr
   00FD E4                  354 	clr	a
   00FE F0                  355 	movx	@dptr,a
                            356 ;	asincosf.c:69: return 0.0;
   00FF 90 00 00            357 	mov	dptr,#(0x00&0x00ff)
   0102 E4                  358 	clr	a
   0103 F5 F0               359 	mov	b,a
   0105 22                  360 	ret
   0106                     361 00102$:
                            362 ;	asincosf.c:71: g = (0.5 - y) + 0.5;
   0106 C0 06               363 	push	ar6
   0108 C0 07               364 	push	ar7
   010A C0 00               365 	push	ar0
   010C C0 01               366 	push	ar1
                            367 ;	asincosf.c:72: g = ldexpf(g, -1);
   010E 90 00 00            368 	mov	dptr,#0x0000
   0111 75 F0 80            369 	mov	b,#0x80
   0114 74 3F               370 	mov	a,#0x3F
   0116 12s00r00            371 	lcall	___fssub
   0119 AA 82               372 	mov	r2,dpl
   011B AB 83               373 	mov	r3,dph
   011D AC F0               374 	mov	r4,b
   011F FD                  375 	mov	r5,a
   0120 E5 81               376 	mov	a,sp
   0122 24 FC               377 	add	a,#0xfc
   0124 F5 81               378 	mov	sp,a
   0126 90s00r00            379 	mov	dptr,#_ldexpf_PARM_2
   0129 74 FF               380 	mov	a,#0xFF
   012B F0                  381 	movx	@dptr,a
   012C A3                  382 	inc	dptr
   012D F0                  383 	movx	@dptr,a
   012E 8A 82               384 	mov	dpl,r2
   0130 8B 83               385 	mov	dph,r3
   0132 8C F0               386 	mov	b,r4
   0134 ED                  387 	mov	a,r5
   0135 12s00r00            388 	lcall	_ldexpf
   0138 AA 82               389 	mov	r2,dpl
   013A AB 83               390 	mov	r3,dph
   013C AC F0               391 	mov	r4,b
   013E FD                  392 	mov	r5,a
   013F 90s00r08            393 	mov	dptr,#_asincosf_g_1_1
   0142 EA                  394 	mov	a,r2
   0143 F0                  395 	movx	@dptr,a
   0144 A3                  396 	inc	dptr
   0145 EB                  397 	mov	a,r3
   0146 F0                  398 	movx	@dptr,a
   0147 A3                  399 	inc	dptr
   0148 EC                  400 	mov	a,r4
   0149 F0                  401 	movx	@dptr,a
   014A A3                  402 	inc	dptr
                            403 ;	asincosf.c:73: y = sqrtf(g);
   014B ED                  404 	mov	a,r5
   014C F0                  405 	movx	@dptr,a
   014D 8A 82               406 	mov	dpl,r2
   014F 8B 83               407 	mov	dph,r3
   0151 8C F0               408 	mov	b,r4
   0153 12s00r00            409 	lcall	_sqrtf
   0156 AA 82               410 	mov	r2,dpl
   0158 AB 83               411 	mov	r3,dph
   015A AC F0               412 	mov	r4,b
   015C FD                  413 	mov	r5,a
                            414 ;	asincosf.c:74: y = -(y + y);
   015D C0 02               415 	push	ar2
   015F C0 03               416 	push	ar3
   0161 C0 04               417 	push	ar4
   0163 C0 05               418 	push	ar5
   0165 8A 82               419 	mov	dpl,r2
   0167 8B 83               420 	mov	dph,r3
   0169 8C F0               421 	mov	b,r4
   016B ED                  422 	mov	a,r5
   016C 12s00r00            423 	lcall	___fsadd
   016F AA 82               424 	mov	r2,dpl
   0171 AB 83               425 	mov	r3,dph
   0173 AC F0               426 	mov	r4,b
   0175 FD                  427 	mov	r5,a
   0176 E5 81               428 	mov	a,sp
   0178 24 FC               429 	add	a,#0xfc
   017A F5 81               430 	mov	sp,a
   017C 90s00r04            431 	mov	dptr,#_asincosf_y_1_1
   017F EA                  432 	mov	a,r2
   0180 F0                  433 	movx	@dptr,a
   0181 A3                  434 	inc	dptr
   0182 EB                  435 	mov	a,r3
   0183 F0                  436 	movx	@dptr,a
   0184 A3                  437 	inc	dptr
   0185 EC                  438 	mov	a,r4
   0186 F0                  439 	movx	@dptr,a
   0187 ED                  440 	mov	a,r5
   0188 B2 E7               441 	cpl	acc.7
   018A A3                  442 	inc	dptr
   018B F0                  443 	movx	@dptr,a
   018C 80 2D               444 	sjmp	00105$
   018E                     445 00104$:
                            446 ;	asincosf.c:78: g = y * y;
   018E C0 06               447 	push	ar6
   0190 C0 07               448 	push	ar7
   0192 C0 00               449 	push	ar0
   0194 C0 01               450 	push	ar1
   0196 8E 82               451 	mov	dpl,r6
   0198 8F 83               452 	mov	dph,r7
   019A 88 F0               453 	mov	b,r0
   019C E9                  454 	mov	a,r1
   019D 12s00r00            455 	lcall	___fsmul
   01A0 AA 82               456 	mov	r2,dpl
   01A2 AB 83               457 	mov	r3,dph
   01A4 AC F0               458 	mov	r4,b
   01A6 FD                  459 	mov	r5,a
   01A7 E5 81               460 	mov	a,sp
   01A9 24 FC               461 	add	a,#0xfc
   01AB F5 81               462 	mov	sp,a
   01AD 90s00r08            463 	mov	dptr,#_asincosf_g_1_1
   01B0 EA                  464 	mov	a,r2
   01B1 F0                  465 	movx	@dptr,a
   01B2 A3                  466 	inc	dptr
   01B3 EB                  467 	mov	a,r3
   01B4 F0                  468 	movx	@dptr,a
   01B5 A3                  469 	inc	dptr
   01B6 EC                  470 	mov	a,r4
   01B7 F0                  471 	movx	@dptr,a
   01B8 A3                  472 	inc	dptr
   01B9 ED                  473 	mov	a,r5
   01BA F0                  474 	movx	@dptr,a
   01BB                     475 00105$:
                            476 ;	asincosf.c:80: r = y + y * ((P(g) * g) / Q(g));
   01BB 90s00r08            477 	mov	dptr,#_asincosf_g_1_1
   01BE E0                  478 	movx	a,@dptr
   01BF FA                  479 	mov	r2,a
   01C0 A3                  480 	inc	dptr
   01C1 E0                  481 	movx	a,@dptr
   01C2 FB                  482 	mov	r3,a
   01C3 A3                  483 	inc	dptr
   01C4 E0                  484 	movx	a,@dptr
   01C5 FC                  485 	mov	r4,a
   01C6 A3                  486 	inc	dptr
   01C7 E0                  487 	movx	a,@dptr
   01C8 FD                  488 	mov	r5,a
   01C9 C0 02               489 	push	ar2
   01CB C0 03               490 	push	ar3
   01CD C0 04               491 	push	ar4
   01CF C0 05               492 	push	ar5
   01D1 C0 02               493 	push	ar2
   01D3 C0 03               494 	push	ar3
   01D5 C0 04               495 	push	ar4
   01D7 C0 05               496 	push	ar5
   01D9 90 20 65            497 	mov	dptr,#0x2065
   01DC 75 F0 01            498 	mov	b,#0x01
   01DF 74 BF               499 	mov	a,#0xBF
   01E1 12s00r00            500 	lcall	___fsmul
   01E4 AE 82               501 	mov	r6,dpl
   01E6 AF 83               502 	mov	r7,dph
   01E8 A8 F0               503 	mov	r0,b
   01EA F9                  504 	mov	r1,a
   01EB E5 81               505 	mov	a,sp
   01ED 24 FC               506 	add	a,#0xfc
   01EF F5 81               507 	mov	sp,a
   01F1 74 6B               508 	mov	a,#0x6B
   01F3 C0 E0               509 	push	acc
   01F5 74 16               510 	mov	a,#0x16
   01F7 C0 E0               511 	push	acc
   01F9 74 6F               512 	mov	a,#0x6F
   01FB C0 E0               513 	push	acc
   01FD 74 3F               514 	mov	a,#0x3F
   01FF C0 E0               515 	push	acc
   0201 8E 82               516 	mov	dpl,r6
   0203 8F 83               517 	mov	dph,r7
   0205 88 F0               518 	mov	b,r0
   0207 E9                  519 	mov	a,r1
   0208 12s00r00            520 	lcall	___fsadd
   020B AE 82               521 	mov	r6,dpl
   020D AF 83               522 	mov	r7,dph
   020F A8 F0               523 	mov	r0,b
   0211 F9                  524 	mov	r1,a
   0212 E5 81               525 	mov	a,sp
   0214 24 FC               526 	add	a,#0xfc
   0216 F5 81               527 	mov	sp,a
   0218 D0 05               528 	pop	ar5
   021A D0 04               529 	pop	ar4
   021C D0 03               530 	pop	ar3
   021E D0 02               531 	pop	ar2
   0220 C0 02               532 	push	ar2
   0222 C0 03               533 	push	ar3
   0224 C0 04               534 	push	ar4
   0226 C0 05               535 	push	ar5
   0228 C0 02               536 	push	ar2
   022A C0 03               537 	push	ar3
   022C C0 04               538 	push	ar4
   022E C0 05               539 	push	ar5
   0230 8E 82               540 	mov	dpl,r6
   0232 8F 83               541 	mov	dph,r7
   0234 88 F0               542 	mov	b,r0
   0236 E9                  543 	mov	a,r1
   0237 12s00r00            544 	lcall	___fsmul
   023A 85 82*04            545 	mov	_asincosf_sloc1_1_0,dpl
   023D 85 83*05            546 	mov	(_asincosf_sloc1_1_0 + 1),dph
   0240 85 F0*06            547 	mov	(_asincosf_sloc1_1_0 + 2),b
   0243 F5*07               548 	mov	(_asincosf_sloc1_1_0 + 3),a
   0245 E5 81               549 	mov	a,sp
   0247 24 FC               550 	add	a,#0xfc
   0249 F5 81               551 	mov	sp,a
   024B D0 05               552 	pop	ar5
   024D D0 04               553 	pop	ar4
   024F D0 03               554 	pop	ar3
   0251 D0 02               555 	pop	ar2
   0253 C0 02               556 	push	ar2
   0255 C0 03               557 	push	ar3
   0257 C0 04               558 	push	ar4
   0259 C0 05               559 	push	ar5
   025B 74 0B               560 	mov	a,#0x0B
   025D C0 E0               561 	push	acc
   025F 74 8D               562 	mov	a,#0x8D
   0261 C0 E0               563 	push	acc
   0263 74 B1               564 	mov	a,#0xB1
   0265 C0 E0               565 	push	acc
   0267 74 C0               566 	mov	a,#0xC0
   0269 C0 E0               567 	push	acc
   026B 8A 82               568 	mov	dpl,r2
   026D 8B 83               569 	mov	dph,r3
   026F 8C F0               570 	mov	b,r4
   0271 ED                  571 	mov	a,r5
   0272 12s00r00            572 	lcall	___fsadd
   0275 AE 82               573 	mov	r6,dpl
   0277 AF 83               574 	mov	r7,dph
   0279 A8 F0               575 	mov	r0,b
   027B F9                  576 	mov	r1,a
   027C E5 81               577 	mov	a,sp
   027E 24 FC               578 	add	a,#0xfc
   0280 F5 81               579 	mov	sp,a
   0282 8E 82               580 	mov	dpl,r6
   0284 8F 83               581 	mov	dph,r7
   0286 88 F0               582 	mov	b,r0
   0288 E9                  583 	mov	a,r1
   0289 12s00r00            584 	lcall	___fsmul
   028C AA 82               585 	mov	r2,dpl
   028E AB 83               586 	mov	r3,dph
   0290 AC F0               587 	mov	r4,b
   0292 FD                  588 	mov	r5,a
   0293 E5 81               589 	mov	a,sp
   0295 24 FC               590 	add	a,#0xfc
   0297 F5 81               591 	mov	sp,a
   0299 74 F0               592 	mov	a,#0xF0
   029B C0 E0               593 	push	acc
   029D 74 50               594 	mov	a,#0x50
   029F C0 E0               595 	push	acc
   02A1 74 B3               596 	mov	a,#0xB3
   02A3 C0 E0               597 	push	acc
   02A5 74 40               598 	mov	a,#0x40
   02A7 C0 E0               599 	push	acc
   02A9 8A 82               600 	mov	dpl,r2
   02AB 8B 83               601 	mov	dph,r3
   02AD 8C F0               602 	mov	b,r4
   02AF ED                  603 	mov	a,r5
   02B0 12s00r00            604 	lcall	___fsadd
   02B3 AA 82               605 	mov	r2,dpl
   02B5 AB 83               606 	mov	r3,dph
   02B7 AC F0               607 	mov	r4,b
   02B9 FD                  608 	mov	r5,a
   02BA E5 81               609 	mov	a,sp
   02BC 24 FC               610 	add	a,#0xfc
   02BE F5 81               611 	mov	sp,a
   02C0 C0 02               612 	push	ar2
   02C2 C0 03               613 	push	ar3
   02C4 C0 04               614 	push	ar4
   02C6 C0 05               615 	push	ar5
   02C8 85*04 82            616 	mov	dpl,_asincosf_sloc1_1_0
   02CB 85*05 83            617 	mov	dph,(_asincosf_sloc1_1_0 + 1)
   02CE 85*06 F0            618 	mov	b,(_asincosf_sloc1_1_0 + 2)
   02D1 E5*07               619 	mov	a,(_asincosf_sloc1_1_0 + 3)
   02D3 12s00r00            620 	lcall	___fsdiv
   02D6 AA 82               621 	mov	r2,dpl
   02D8 AB 83               622 	mov	r3,dph
   02DA AC F0               623 	mov	r4,b
   02DC FD                  624 	mov	r5,a
   02DD E5 81               625 	mov	a,sp
   02DF 24 FC               626 	add	a,#0xfc
   02E1 F5 81               627 	mov	sp,a
   02E3 90s00r04            628 	mov	dptr,#_asincosf_y_1_1
   02E6 E0                  629 	movx	a,@dptr
   02E7 FE                  630 	mov	r6,a
   02E8 A3                  631 	inc	dptr
   02E9 E0                  632 	movx	a,@dptr
   02EA FF                  633 	mov	r7,a
   02EB A3                  634 	inc	dptr
   02EC E0                  635 	movx	a,@dptr
   02ED F8                  636 	mov	r0,a
   02EE A3                  637 	inc	dptr
   02EF E0                  638 	movx	a,@dptr
   02F0 F9                  639 	mov	r1,a
   02F1 C0 06               640 	push	ar6
   02F3 C0 07               641 	push	ar7
   02F5 C0 00               642 	push	ar0
   02F7 C0 01               643 	push	ar1
   02F9 C0 02               644 	push	ar2
   02FB C0 03               645 	push	ar3
   02FD C0 04               646 	push	ar4
   02FF C0 05               647 	push	ar5
   0301 8E 82               648 	mov	dpl,r6
   0303 8F 83               649 	mov	dph,r7
   0305 88 F0               650 	mov	b,r0
   0307 E9                  651 	mov	a,r1
   0308 12s00r00            652 	lcall	___fsmul
   030B AA 82               653 	mov	r2,dpl
   030D AB 83               654 	mov	r3,dph
   030F AC F0               655 	mov	r4,b
   0311 FD                  656 	mov	r5,a
   0312 E5 81               657 	mov	a,sp
   0314 24 FC               658 	add	a,#0xfc
   0316 F5 81               659 	mov	sp,a
   0318 D0 01               660 	pop	ar1
   031A D0 00               661 	pop	ar0
   031C D0 07               662 	pop	ar7
   031E D0 06               663 	pop	ar6
   0320 C0 02               664 	push	ar2
   0322 C0 03               665 	push	ar3
   0324 C0 04               666 	push	ar4
   0326 C0 05               667 	push	ar5
   0328 8E 82               668 	mov	dpl,r6
   032A 8F 83               669 	mov	dph,r7
   032C 88 F0               670 	mov	b,r0
   032E E9                  671 	mov	a,r1
   032F 12s00r00            672 	lcall	___fsadd
   0332 AA 82               673 	mov	r2,dpl
   0334 AB 83               674 	mov	r3,dph
   0336 AC F0               675 	mov	r4,b
   0338 FD                  676 	mov	r5,a
   0339 E5 81               677 	mov	a,sp
   033B 24 FC               678 	add	a,#0xfc
   033D F5 81               679 	mov	sp,a
   033F 90s00r0C            680 	mov	dptr,#_asincosf_r_1_1
   0342 EA                  681 	mov	a,r2
   0343 F0                  682 	movx	@dptr,a
   0344 A3                  683 	inc	dptr
   0345 EB                  684 	mov	a,r3
   0346 F0                  685 	movx	@dptr,a
   0347 A3                  686 	inc	dptr
   0348 EC                  687 	mov	a,r4
   0349 F0                  688 	movx	@dptr,a
   034A A3                  689 	inc	dptr
   034B ED                  690 	mov	a,r5
   034C F0                  691 	movx	@dptr,a
   034D                     692 00108$:
                            693 ;	asincosf.c:82: i = quartPI;
   034D A2*01               694 	mov	c,_asincosf_quartPI_1_1
   034F E4                  695 	clr	a
   0350 33                  696 	rlc	a
   0351 FA                  697 	mov	r2,a
                            698 ;	asincosf.c:83: if (isacos)
   0352 20*00 03            699 	jb	_asincosf_PARM_2,00128$
   0355 02s04r70            700 	ljmp	00115$
   0358                     701 00128$:
                            702 ;	asincosf.c:85: if (x < 0.0)
   0358 C0 02               703 	push	ar2
   035A E4                  704 	clr	a
   035B C0 E0               705 	push	acc
   035D C0 E0               706 	push	acc
   035F C0 E0               707 	push	acc
   0361 C0 E0               708 	push	acc
   0363 85*00 82            709 	mov	dpl,_asincosf_sloc0_1_0
   0366 85*01 83            710 	mov	dph,(_asincosf_sloc0_1_0 + 1)
   0369 85*02 F0            711 	mov	b,(_asincosf_sloc0_1_0 + 2)
   036C E5*03               712 	mov	a,(_asincosf_sloc0_1_0 + 3)
   036E 12s00r00            713 	lcall	___fslt
   0371 AB 82               714 	mov	r3,dpl
   0373 E5 81               715 	mov	a,sp
   0375 24 FC               716 	add	a,#0xfc
   0377 F5 81               717 	mov	sp,a
   0379 D0 02               718 	pop	ar2
   037B EB                  719 	mov	a,r3
   037C 60 79               720 	jz	00110$
                            721 ;	asincosf.c:86: r = (b[i] + r) + b[i];
   037E EA                  722 	mov	a,r2
   037F 2A                  723 	add	a,r2
   0380 25 E0               724 	add	a,acc
   0382 24r18               725 	add	a,#_asincosf_b_1_1
   0384 F5 82               726 	mov	dpl,a
   0386 E4                  727 	clr	a
   0387 34s00               728 	addc	a,#(_asincosf_b_1_1 >> 8)
   0389 F5 83               729 	mov	dph,a
   038B E0                  730 	movx	a,@dptr
   038C F5*04               731 	mov	_asincosf_sloc1_1_0,a
   038E A3                  732 	inc	dptr
   038F E0                  733 	movx	a,@dptr
   0390 F5*05               734 	mov	(_asincosf_sloc1_1_0 + 1),a
   0392 A3                  735 	inc	dptr
   0393 E0                  736 	movx	a,@dptr
   0394 F5*06               737 	mov	(_asincosf_sloc1_1_0 + 2),a
   0396 A3                  738 	inc	dptr
   0397 E0                  739 	movx	a,@dptr
   0398 F5*07               740 	mov	(_asincosf_sloc1_1_0 + 3),a
   039A 90s00r0C            741 	mov	dptr,#_asincosf_r_1_1
   039D E0                  742 	movx	a,@dptr
   039E C0 E0               743 	push	acc
   03A0 A3                  744 	inc	dptr
   03A1 E0                  745 	movx	a,@dptr
   03A2 C0 E0               746 	push	acc
   03A4 A3                  747 	inc	dptr
   03A5 E0                  748 	movx	a,@dptr
   03A6 C0 E0               749 	push	acc
   03A8 A3                  750 	inc	dptr
   03A9 E0                  751 	movx	a,@dptr
   03AA C0 E0               752 	push	acc
   03AC 85*04 82            753 	mov	dpl,_asincosf_sloc1_1_0
   03AF 85*05 83            754 	mov	dph,(_asincosf_sloc1_1_0 + 1)
   03B2 85*06 F0            755 	mov	b,(_asincosf_sloc1_1_0 + 2)
   03B5 E5*07               756 	mov	a,(_asincosf_sloc1_1_0 + 3)
   03B7 12s00r00            757 	lcall	___fsadd
   03BA AF 82               758 	mov	r7,dpl
   03BC A8 83               759 	mov	r0,dph
   03BE A9 F0               760 	mov	r1,b
   03C0 FB                  761 	mov	r3,a
   03C1 E5 81               762 	mov	a,sp
   03C3 24 FC               763 	add	a,#0xfc
   03C5 F5 81               764 	mov	sp,a
   03C7 C0*04               765 	push	_asincosf_sloc1_1_0
   03C9 C0*05               766 	push	(_asincosf_sloc1_1_0 + 1)
   03CB C0*06               767 	push	(_asincosf_sloc1_1_0 + 2)
   03CD C0*07               768 	push	(_asincosf_sloc1_1_0 + 3)
   03CF 8F 82               769 	mov	dpl,r7
   03D1 88 83               770 	mov	dph,r0
   03D3 89 F0               771 	mov	b,r1
   03D5 EB                  772 	mov	a,r3
   03D6 12s00r00            773 	lcall	___fsadd
   03D9 AB 82               774 	mov	r3,dpl
   03DB AC 83               775 	mov	r4,dph
   03DD AD F0               776 	mov	r5,b
   03DF FE                  777 	mov	r6,a
   03E0 E5 81               778 	mov	a,sp
   03E2 24 FC               779 	add	a,#0xfc
   03E4 F5 81               780 	mov	sp,a
   03E6 90s00r0C            781 	mov	dptr,#_asincosf_r_1_1
   03E9 EB                  782 	mov	a,r3
   03EA F0                  783 	movx	@dptr,a
   03EB A3                  784 	inc	dptr
   03EC EC                  785 	mov	a,r4
   03ED F0                  786 	movx	@dptr,a
   03EE A3                  787 	inc	dptr
   03EF ED                  788 	mov	a,r5
   03F0 F0                  789 	movx	@dptr,a
   03F1 A3                  790 	inc	dptr
   03F2 EE                  791 	mov	a,r6
   03F3 F0                  792 	movx	@dptr,a
   03F4 02s05r1E            793 	ljmp	00116$
   03F7                     794 00110$:
                            795 ;	asincosf.c:88: r = (a[i] - r) + a[i];
   03F7 EA                  796 	mov	a,r2
   03F8 2A                  797 	add	a,r2
   03F9 25 E0               798 	add	a,acc
   03FB 24r10               799 	add	a,#_asincosf_a_1_1
   03FD F5 82               800 	mov	dpl,a
   03FF E4                  801 	clr	a
   0400 34s00               802 	addc	a,#(_asincosf_a_1_1 >> 8)
   0402 F5 83               803 	mov	dph,a
   0404 E0                  804 	movx	a,@dptr
   0405 F5*04               805 	mov	_asincosf_sloc1_1_0,a
   0407 A3                  806 	inc	dptr
   0408 E0                  807 	movx	a,@dptr
   0409 F5*05               808 	mov	(_asincosf_sloc1_1_0 + 1),a
   040B A3                  809 	inc	dptr
   040C E0                  810 	movx	a,@dptr
   040D F5*06               811 	mov	(_asincosf_sloc1_1_0 + 2),a
   040F A3                  812 	inc	dptr
   0410 E0                  813 	movx	a,@dptr
   0411 F5*07               814 	mov	(_asincosf_sloc1_1_0 + 3),a
   0413 90s00r0C            815 	mov	dptr,#_asincosf_r_1_1
   0416 E0                  816 	movx	a,@dptr
   0417 C0 E0               817 	push	acc
   0419 A3                  818 	inc	dptr
   041A E0                  819 	movx	a,@dptr
   041B C0 E0               820 	push	acc
   041D A3                  821 	inc	dptr
   041E E0                  822 	movx	a,@dptr
   041F C0 E0               823 	push	acc
   0421 A3                  824 	inc	dptr
   0422 E0                  825 	movx	a,@dptr
   0423 C0 E0               826 	push	acc
   0425 85*04 82            827 	mov	dpl,_asincosf_sloc1_1_0
   0428 85*05 83            828 	mov	dph,(_asincosf_sloc1_1_0 + 1)
   042B 85*06 F0            829 	mov	b,(_asincosf_sloc1_1_0 + 2)
   042E E5*07               830 	mov	a,(_asincosf_sloc1_1_0 + 3)
   0430 12s00r00            831 	lcall	___fssub
   0433 AF 82               832 	mov	r7,dpl
   0435 A8 83               833 	mov	r0,dph
   0437 A9 F0               834 	mov	r1,b
   0439 FB                  835 	mov	r3,a
   043A E5 81               836 	mov	a,sp
   043C 24 FC               837 	add	a,#0xfc
   043E F5 81               838 	mov	sp,a
   0440 C0*04               839 	push	_asincosf_sloc1_1_0
   0442 C0*05               840 	push	(_asincosf_sloc1_1_0 + 1)
   0444 C0*06               841 	push	(_asincosf_sloc1_1_0 + 2)
   0446 C0*07               842 	push	(_asincosf_sloc1_1_0 + 3)
   0448 8F 82               843 	mov	dpl,r7
   044A 88 83               844 	mov	dph,r0
   044C 89 F0               845 	mov	b,r1
   044E EB                  846 	mov	a,r3
   044F 12s00r00            847 	lcall	___fsadd
   0452 AB 82               848 	mov	r3,dpl
   0454 AC 83               849 	mov	r4,dph
   0456 AD F0               850 	mov	r5,b
   0458 FE                  851 	mov	r6,a
   0459 E5 81               852 	mov	a,sp
   045B 24 FC               853 	add	a,#0xfc
   045D F5 81               854 	mov	sp,a
   045F 90s00r0C            855 	mov	dptr,#_asincosf_r_1_1
   0462 EB                  856 	mov	a,r3
   0463 F0                  857 	movx	@dptr,a
   0464 A3                  858 	inc	dptr
   0465 EC                  859 	mov	a,r4
   0466 F0                  860 	movx	@dptr,a
   0467 A3                  861 	inc	dptr
   0468 ED                  862 	mov	a,r5
   0469 F0                  863 	movx	@dptr,a
   046A A3                  864 	inc	dptr
   046B EE                  865 	mov	a,r6
   046C F0                  866 	movx	@dptr,a
   046D 02s05r1E            867 	ljmp	00116$
   0470                     868 00115$:
                            869 ;	asincosf.c:92: r = (a[i] + r) + a[i];
   0470 EA                  870 	mov	a,r2
   0471 2A                  871 	add	a,r2
   0472 25 E0               872 	add	a,acc
   0474 24r10               873 	add	a,#_asincosf_a_1_1
   0476 F5 82               874 	mov	dpl,a
   0478 E4                  875 	clr	a
   0479 34s00               876 	addc	a,#(_asincosf_a_1_1 >> 8)
   047B F5 83               877 	mov	dph,a
   047D E0                  878 	movx	a,@dptr
   047E FA                  879 	mov	r2,a
   047F A3                  880 	inc	dptr
   0480 E0                  881 	movx	a,@dptr
   0481 FB                  882 	mov	r3,a
   0482 A3                  883 	inc	dptr
   0483 E0                  884 	movx	a,@dptr
   0484 FC                  885 	mov	r4,a
   0485 A3                  886 	inc	dptr
   0486 E0                  887 	movx	a,@dptr
   0487 FD                  888 	mov	r5,a
   0488 C0 02               889 	push	ar2
   048A C0 03               890 	push	ar3
   048C C0 04               891 	push	ar4
   048E C0 05               892 	push	ar5
   0490 90s00r0C            893 	mov	dptr,#_asincosf_r_1_1
   0493 E0                  894 	movx	a,@dptr
   0494 C0 E0               895 	push	acc
   0496 A3                  896 	inc	dptr
   0497 E0                  897 	movx	a,@dptr
   0498 C0 E0               898 	push	acc
   049A A3                  899 	inc	dptr
   049B E0                  900 	movx	a,@dptr
   049C C0 E0               901 	push	acc
   049E A3                  902 	inc	dptr
   049F E0                  903 	movx	a,@dptr
   04A0 C0 E0               904 	push	acc
   04A2 8A 82               905 	mov	dpl,r2
   04A4 8B 83               906 	mov	dph,r3
   04A6 8C F0               907 	mov	b,r4
   04A8 ED                  908 	mov	a,r5
   04A9 12s00r00            909 	lcall	___fsadd
   04AC AE 82               910 	mov	r6,dpl
   04AE AF 83               911 	mov	r7,dph
   04B0 A8 F0               912 	mov	r0,b
   04B2 F9                  913 	mov	r1,a
   04B3 E5 81               914 	mov	a,sp
   04B5 24 FC               915 	add	a,#0xfc
   04B7 F5 81               916 	mov	sp,a
   04B9 8E 82               917 	mov	dpl,r6
   04BB 8F 83               918 	mov	dph,r7
   04BD 88 F0               919 	mov	b,r0
   04BF E9                  920 	mov	a,r1
   04C0 12s00r00            921 	lcall	___fsadd
   04C3 AA 82               922 	mov	r2,dpl
   04C5 AB 83               923 	mov	r3,dph
   04C7 AC F0               924 	mov	r4,b
   04C9 FD                  925 	mov	r5,a
   04CA E5 81               926 	mov	a,sp
   04CC 24 FC               927 	add	a,#0xfc
   04CE F5 81               928 	mov	sp,a
   04D0 90s00r0C            929 	mov	dptr,#_asincosf_r_1_1
   04D3 EA                  930 	mov	a,r2
   04D4 F0                  931 	movx	@dptr,a
   04D5 A3                  932 	inc	dptr
   04D6 EB                  933 	mov	a,r3
   04D7 F0                  934 	movx	@dptr,a
   04D8 A3                  935 	inc	dptr
   04D9 EC                  936 	mov	a,r4
   04DA F0                  937 	movx	@dptr,a
   04DB A3                  938 	inc	dptr
   04DC ED                  939 	mov	a,r5
   04DD F0                  940 	movx	@dptr,a
                            941 ;	asincosf.c:93: if (x < 0.0)
   04DE E4                  942 	clr	a
   04DF C0 E0               943 	push	acc
   04E1 C0 E0               944 	push	acc
   04E3 C0 E0               945 	push	acc
   04E5 C0 E0               946 	push	acc
   04E7 85*00 82            947 	mov	dpl,_asincosf_sloc0_1_0
   04EA 85*01 83            948 	mov	dph,(_asincosf_sloc0_1_0 + 1)
   04ED 85*02 F0            949 	mov	b,(_asincosf_sloc0_1_0 + 2)
   04F0 E5*03               950 	mov	a,(_asincosf_sloc0_1_0 + 3)
   04F2 12s00r00            951 	lcall	___fslt
   04F5 AA 82               952 	mov	r2,dpl
   04F7 E5 81               953 	mov	a,sp
   04F9 24 FC               954 	add	a,#0xfc
   04FB F5 81               955 	mov	sp,a
   04FD EA                  956 	mov	a,r2
   04FE 60 1E               957 	jz	00116$
                            958 ;	asincosf.c:94: r = -r;
   0500 90s00r0C            959 	mov	dptr,#_asincosf_r_1_1
   0503 E0                  960 	movx	a,@dptr
   0504 FA                  961 	mov	r2,a
   0505 A3                  962 	inc	dptr
   0506 E0                  963 	movx	a,@dptr
   0507 FB                  964 	mov	r3,a
   0508 A3                  965 	inc	dptr
   0509 E0                  966 	movx	a,@dptr
   050A FC                  967 	mov	r4,a
   050B A3                  968 	inc	dptr
   050C E0                  969 	movx	a,@dptr
   050D FD                  970 	mov	r5,a
   050E 90s00r0C            971 	mov	dptr,#_asincosf_r_1_1
   0511 EA                  972 	mov	a,r2
   0512 F0                  973 	movx	@dptr,a
   0513 A3                  974 	inc	dptr
   0514 EB                  975 	mov	a,r3
   0515 F0                  976 	movx	@dptr,a
   0516 A3                  977 	inc	dptr
   0517 EC                  978 	mov	a,r4
   0518 F0                  979 	movx	@dptr,a
   0519 ED                  980 	mov	a,r5
   051A B2 E7               981 	cpl	acc.7
   051C A3                  982 	inc	dptr
   051D F0                  983 	movx	@dptr,a
   051E                     984 00116$:
                            985 ;	asincosf.c:96: return r;
   051E 90s00r0C            986 	mov	dptr,#_asincosf_r_1_1
   0521 E0                  987 	movx	a,@dptr
   0522 FA                  988 	mov	r2,a
   0523 A3                  989 	inc	dptr
   0524 E0                  990 	movx	a,@dptr
   0525 FB                  991 	mov	r3,a
   0526 A3                  992 	inc	dptr
   0527 E0                  993 	movx	a,@dptr
   0528 FC                  994 	mov	r4,a
   0529 A3                  995 	inc	dptr
   052A E0                  996 	movx	a,@dptr
   052B 8A 82               997 	mov	dpl,r2
   052D 8B 83               998 	mov	dph,r3
   052F 8C F0               999 	mov	b,r4
   0531 22                 1000 	ret
                           1001 	.area CSEG    (CODE)
                           1002 	.area CONST   (CODE)
                           1003 	.area XINIT   (CODE)
                           1004 	.area CABS    (ABS,CODE)
