This file contains any messages produced by compilers while
running configure, to aid debugging if configure makes a mistake.

It was created by configure, which was
generated by GNU Autoconf 2.60.  Invocation command line was

  $ ./configure --prefix=/usr/local docdir=${datarootdir}/doc/${PACKAGE} --cache-file=/dev/null --srcdir=.

## --------- ##
## Platform. ##
## --------- ##

hostname = jose-K45VD
uname -m = x86_64
uname -r = 3.13.0-63-generic
uname -s = Linux
uname -v = #103-Ubuntu SMP Fri Aug 14 21:42:59 UTC 2015

/usr/bin/uname -p = unknown
/bin/uname -X     = unknown

/bin/arch              = unknown
/usr/bin/arch -k       = unknown
/usr/convex/getsysinfo = unknown
/usr/bin/hostinfo      = unknown
/bin/machine           = unknown
/usr/bin/oslevel       = unknown
/bin/universe          = unknown

PATH: /home/jose/activator-1.3.5-minimal
PATH: /home/jose/play-2.2.6
PATH: /usr/local/heroku/bin
PATH: /usr/local/sbin
PATH: /usr/local/bin
PATH: /usr/sbin
PATH: /usr/bin
PATH: /sbin
PATH: /bin
PATH: /usr/games
PATH: /usr/local/games
PATH: /usr/lib/jvm/java-8-oracle/bin
PATH: /usr/lib/jvm/java-8-oracle/db/bin
PATH: /usr/lib/jvm/java-8-oracle/jre/bin
PATH: /opt/Xilinx/14.7/ISE_DS/ISE/bin/lin64


## ----------- ##
## Core tests. ##
## ----------- ##

configure:1707: checking for gcc
configure:1723: found /usr/bin/gcc
configure:1734: result: gcc
configure:1972: checking for C compiler version
configure:1979: gcc --version >&5
gcc (Ubuntu 4.9.2-0ubuntu1~14.04) 4.9.2
Copyright (C) 2014 Free Software Foundation, Inc.
This is free software; see the source for copying conditions.  There is NO
warranty; not even for MERCHANTABILITY or FITNESS FOR A PARTICULAR PURPOSE.

configure:1982: $? = 0
configure:1989: gcc -v >&5
Using built-in specs.
COLLECT_GCC=gcc
COLLECT_LTO_WRAPPER=/usr/lib/gcc/x86_64-linux-gnu/4.9/lto-wrapper
Target: x86_64-linux-gnu
Configured with: ../src/configure -v --with-pkgversion='Ubuntu 4.9.2-0ubuntu1~14.04' --with-bugurl=file:///usr/share/doc/gcc-4.9/README.Bugs --enable-languages=c,c++,java,go,d,fortran,objc,obj-c++ --prefix=/usr --program-suffix=-4.9 --enable-shared --enable-linker-build-id --libexecdir=/usr/lib --without-included-gettext --enable-threads=posix --with-gxx-include-dir=/usr/include/c++/4.9 --libdir=/usr/lib --enable-nls --with-sysroot=/ --enable-clocale=gnu --enable-libstdcxx-debug --enable-libstdcxx-time=yes --enable-gnu-unique-object --disable-vtable-verify --enable-plugin --with-system-zlib --disable-browser-plugin --enable-java-awt=gtk --enable-gtk-cairo --with-java-home=/usr/lib/jvm/java-1.5.0-gcj-4.9-amd64/jre --enable-java-home --with-jvm-root-dir=/usr/lib/jvm/java-1.5.0-gcj-4.9-amd64 --with-jvm-jar-dir=/usr/lib/jvm-exports/java-1.5.0-gcj-4.9-amd64 --with-arch-directory=amd64 --with-ecj-jar=/usr/share/java/eclipse-ecj.jar --enable-objc-gc --enable-multiarch --disable-werror --with-arch-32=i686 --with-abi=m64 --with-multilib-list=m32,m64,mx32 --enable-multilib --with-tune=generic --enable-checking=release --build=x86_64-linux-gnu --host=x86_64-linux-gnu --target=x86_64-linux-gnu
Thread model: posix
gcc version 4.9.2 (Ubuntu 4.9.2-0ubuntu1~14.04) 
configure:1992: $? = 0
configure:1999: gcc -V >&5
gcc: error: unrecognized command line option '-V'
gcc: fatal error: no input files
compilation terminated.
configure:2002: $? = 4
configure:2025: checking for C compiler default output file name
configure:2052: gcc    conftest.c  >&5
configure:2055: $? = 0
configure:2101: result: a.out
configure:2106: checking whether the C compiler works
configure:2116: ./a.out
configure:2119: $? = 0
configure:2136: result: yes
configure:2143: checking whether we are cross compiling
configure:2145: result: no
configure:2148: checking for suffix of executables
configure:2155: gcc -o conftest    conftest.c  >&5
configure:2158: $? = 0
configure:2182: result: 
configure:2188: checking for suffix of object files
configure:2214: gcc -c   conftest.c >&5
configure:2217: $? = 0
configure:2240: result: o
configure:2244: checking whether we are using the GNU C compiler
configure:2273: gcc -c   conftest.c >&5
configure:2279: $? = 0
configure:2286: test -z "$ac_c_werror_flag" || test ! -s conftest.err
configure:2289: $? = 0
configure:2296: test -s conftest.o
configure:2299: $? = 0
configure:2313: result: yes
configure:2318: checking whether gcc accepts -g
configure:2348: gcc -c -g  conftest.c >&5
configure:2354: $? = 0
configure:2361: test -z "$ac_c_werror_flag" || test ! -s conftest.err
configure:2364: $? = 0
configure:2371: test -s conftest.o
configure:2374: $? = 0
configure:2504: result: yes
configure:2521: checking for gcc option to accept ISO C89
configure:2595: gcc  -c -g -O2  conftest.c >&5
configure:2601: $? = 0
configure:2608: test -z "$ac_c_werror_flag" || test ! -s conftest.err
configure:2611: $? = 0
configure:2618: test -s conftest.o
configure:2621: $? = 0
configure:2641: result: none needed
configure:2666: checking how to run the C preprocessor
configure:2706: gcc -E  conftest.c
configure:2712: $? = 0
configure:2750: gcc -E  conftest.c
conftest.c:8:28: fatal error: ac_nonexistent.h: No such file or directory
 #include <ac_nonexistent.h>
                            ^
compilation terminated.
configure:2756: $? = 1
configure: failed program was:
| /* confdefs.h.  */
| #define PACKAGE_NAME ""
| #define PACKAGE_TARNAME ""
| #define PACKAGE_VERSION ""
| #define PACKAGE_STRING ""
| #define PACKAGE_BUGREPORT ""
| /* end confdefs.h.  */
| #include <ac_nonexistent.h>
configure:2796: result: gcc -E
configure:2825: gcc -E  conftest.c
configure:2831: $? = 0
configure:2869: gcc -E  conftest.c
conftest.c:8:28: fatal error: ac_nonexistent.h: No such file or directory
 #include <ac_nonexistent.h>
                            ^
compilation terminated.
configure:2875: $? = 1
configure: failed program was:
| /* confdefs.h.  */
| #define PACKAGE_NAME ""
| #define PACKAGE_TARNAME ""
| #define PACKAGE_VERSION ""
| #define PACKAGE_STRING ""
| #define PACKAGE_BUGREPORT ""
| /* end confdefs.h.  */
| #include <ac_nonexistent.h>
configure:2920: checking for grep that handles long lines and -e
configure:2994: result: /bin/grep
configure:2999: checking for egrep
configure:3077: result: /bin/grep -E
configure:3082: checking for ANSI C header files
configure:3112: gcc -c -g -O2  conftest.c >&5
configure:3118: $? = 0
configure:3125: test -z "$ac_c_werror_flag" || test ! -s conftest.err
configure:3128: $? = 0
configure:3135: test -s conftest.o
configure:3138: $? = 0
configure:3234: gcc -o conftest -g -O2   conftest.c  >&5
configure:3237: $? = 0
configure:3243: ./conftest
configure:3246: $? = 0
configure:3263: result: yes
configure:3287: checking for sys/types.h
configure:3308: gcc -c -g -O2  conftest.c >&5
configure:3314: $? = 0
configure:3321: test -z "$ac_c_werror_flag" || test ! -s conftest.err
configure:3324: $? = 0
configure:3331: test -s conftest.o
configure:3334: $? = 0
configure:3347: result: yes
configure:3287: checking for sys/stat.h
configure:3308: gcc -c -g -O2  conftest.c >&5
configure:3314: $? = 0
configure:3321: test -z "$ac_c_werror_flag" || test ! -s conftest.err
configure:3324: $? = 0
configure:3331: test -s conftest.o
configure:3334: $? = 0
configure:3347: result: yes
configure:3287: checking for stdlib.h
configure:3308: gcc -c -g -O2  conftest.c >&5
configure:3314: $? = 0
configure:3321: test -z "$ac_c_werror_flag" || test ! -s conftest.err
configure:3324: $? = 0
configure:3331: test -s conftest.o
configure:3334: $? = 0
configure:3347: result: yes
configure:3287: checking for string.h
configure:3308: gcc -c -g -O2  conftest.c >&5
configure:3314: $? = 0
configure:3321: test -z "$ac_c_werror_flag" || test ! -s conftest.err
configure:3324: $? = 0
configure:3331: test -s conftest.o
configure:3334: $? = 0
configure:3347: result: yes
configure:3287: checking for memory.h
configure:3308: gcc -c -g -O2  conftest.c >&5
configure:3314: $? = 0
configure:3321: test -z "$ac_c_werror_flag" || test ! -s conftest.err
configure:3324: $? = 0
configure:3331: test -s conftest.o
configure:3334: $? = 0
configure:3347: result: yes
configure:3287: checking for strings.h
configure:3308: gcc -c -g -O2  conftest.c >&5
configure:3314: $? = 0
configure:3321: test -z "$ac_c_werror_flag" || test ! -s conftest.err
configure:3324: $? = 0
configure:3331: test -s conftest.o
configure:3334: $? = 0
configure:3347: result: yes
configure:3287: checking for inttypes.h
configure:3308: gcc -c -g -O2  conftest.c >&5
configure:3314: $? = 0
configure:3321: test -z "$ac_c_werror_flag" || test ! -s conftest.err
configure:3324: $? = 0
configure:3331: test -s conftest.o
configure:3334: $? = 0
configure:3347: result: yes
configure:3287: checking for stdint.h
configure:3308: gcc -c -g -O2  conftest.c >&5
configure:3314: $? = 0
configure:3321: test -z "$ac_c_werror_flag" || test ! -s conftest.err
configure:3324: $? = 0
configure:3331: test -s conftest.o
configure:3334: $? = 0
configure:3347: result: yes
configure:3287: checking for unistd.h
configure:3308: gcc -c -g -O2  conftest.c >&5
configure:3314: $? = 0
configure:3321: test -z "$ac_c_werror_flag" || test ! -s conftest.err
configure:3324: $? = 0
configure:3331: test -s conftest.o
configure:3334: $? = 0
configure:3347: result: yes
configure:3359: checking for char
configure:3389: gcc -c -g -O2  conftest.c >&5
configure:3395: $? = 0
configure:3402: test -z "$ac_c_werror_flag" || test ! -s conftest.err
configure:3405: $? = 0
configure:3412: test -s conftest.o
configure:3415: $? = 0
configure:3427: result: yes
configure:3430: checking size of char
configure:3818: gcc -o conftest -g -O2   conftest.c  >&5
configure:3821: $? = 0
configure:3827: ./conftest
configure:3830: $? = 0
configure:3852: result: 1
configure:3859: checking for short
configure:3889: gcc -c -g -O2  conftest.c >&5
configure:3895: $? = 0
configure:3902: test -z "$ac_c_werror_flag" || test ! -s conftest.err
configure:3905: $? = 0
configure:3912: test -s conftest.o
configure:3915: $? = 0
configure:3927: result: yes
configure:3930: checking size of short
configure:4318: gcc -o conftest -g -O2   conftest.c  >&5
configure:4321: $? = 0
configure:4327: ./conftest
configure:4330: $? = 0
configure:4352: result: 2
configure:4359: checking for int
configure:4389: gcc -c -g -O2  conftest.c >&5
configure:4395: $? = 0
configure:4402: test -z "$ac_c_werror_flag" || test ! -s conftest.err
configure:4405: $? = 0
configure:4412: test -s conftest.o
configure:4415: $? = 0
configure:4427: result: yes
configure:4430: checking size of int
configure:4818: gcc -o conftest -g -O2   conftest.c  >&5
configure:4821: $? = 0
configure:4827: ./conftest
configure:4830: $? = 0
configure:4852: result: 4
configure:4859: checking for long
configure:4889: gcc -c -g -O2  conftest.c >&5
configure:4895: $? = 0
configure:4902: test -z "$ac_c_werror_flag" || test ! -s conftest.err
configure:4905: $? = 0
configure:4912: test -s conftest.o
configure:4915: $? = 0
configure:4927: result: yes
configure:4930: checking size of long
configure:5318: gcc -o conftest -g -O2   conftest.c  >&5
configure:5321: $? = 0
configure:5327: ./conftest
configure:5330: $? = 0
configure:5352: result: 8
configure:5359: checking for long long
configure:5389: gcc -c -g -O2  conftest.c >&5
configure:5395: $? = 0
configure:5402: test -z "$ac_c_werror_flag" || test ! -s conftest.err
configure:5405: $? = 0
configure:5412: test -s conftest.o
configure:5415: $? = 0
configure:5427: result: yes
configure:5430: checking size of long long
configure:5818: gcc -o conftest -g -O2   conftest.c  >&5
configure:5821: $? = 0
configure:5827: ./conftest
configure:5830: $? = 0
configure:5852: result: 8
configure:5885: checking type name for byte
configure:5888: result: char
configure:5890: checking type name for word
configure:5893: result: short
configure:6006: creating ./config.status

## ---------------------- ##
## Running config.status. ##
## ---------------------- ##

This file was extended by config.status, which was
generated by GNU Autoconf 2.60.  Invocation command line was

  CONFIG_FILES    = 
  CONFIG_HEADERS  = 
  CONFIG_LINKS    = 
  CONFIG_COMMANDS = 
  $ ./config.status 

on jose-K45VD

config.status:578: creating Makefile
config.status:578: creating config.h
config.status:798: config.h is unchanged

## ---------------- ##
## Cache variables. ##
## ---------------- ##

ac_cv_c_compiler_gnu=yes
ac_cv_env_CC_set=
ac_cv_env_CC_value=
ac_cv_env_CFLAGS_set=
ac_cv_env_CFLAGS_value=
ac_cv_env_CPPFLAGS_set=
ac_cv_env_CPPFLAGS_value=
ac_cv_env_CPP_set=
ac_cv_env_CPP_value=
ac_cv_env_LDFLAGS_set=
ac_cv_env_LDFLAGS_value=
ac_cv_env_build_alias_set=
ac_cv_env_build_alias_value=
ac_cv_env_host_alias_set=
ac_cv_env_host_alias_value=
ac_cv_env_target_alias_set=
ac_cv_env_target_alias_value=
ac_cv_header_inttypes_h=yes
ac_cv_header_memory_h=yes
ac_cv_header_stdc=yes
ac_cv_header_stdint_h=yes
ac_cv_header_stdlib_h=yes
ac_cv_header_string_h=yes
ac_cv_header_strings_h=yes
ac_cv_header_sys_stat_h=yes
ac_cv_header_sys_types_h=yes
ac_cv_header_unistd_h=yes
ac_cv_objext=o
ac_cv_path_EGREP='/bin/grep -E'
ac_cv_path_GREP=/bin/grep
ac_cv_prog_CPP='gcc -E'
ac_cv_prog_ac_ct_CC=gcc
ac_cv_prog_cc_c89=
ac_cv_prog_cc_g=yes
ac_cv_sizeof_char=1
ac_cv_sizeof_int=4
ac_cv_sizeof_long=8
ac_cv_sizeof_long_long=8
ac_cv_sizeof_short=2
ac_cv_type_char=yes
ac_cv_type_int=yes
ac_cv_type_long=yes
ac_cv_type_long_long=yes
ac_cv_type_short=yes

## ----------------- ##
## Output variables. ##
## ----------------- ##

CC='gcc'
CFLAGS='-g -O2'
CPP='gcc -E'
CPPFLAGS=''
DEFS='-DHAVE_CONFIG_H'
ECHO_C=''
ECHO_N='-n'
ECHO_T=''
EGREP='/bin/grep -E'
EXEEXT=''
GREP='/bin/grep'
LDFLAGS=''
LIBOBJS=''
LIBS=''
LTLIBOBJS=''
OBJEXT='o'
PACKAGE_BUGREPORT=''
PACKAGE_NAME=''
PACKAGE_STRING=''
PACKAGE_TARNAME=''
PACKAGE_VERSION=''
PATH_SEPARATOR=':'
SHELL='/bin/bash'
ac_ct_CC='gcc'
bindir='${exec_prefix}/bin'
build_alias=''
datadir='${datarootdir}'
datarootdir='${prefix}/share'
docdir='${datarootdir}/doc/${PACKAGE}'
dvidir='${docdir}'
exec_prefix='${prefix}'
host_alias=''
htmldir='${docdir}'
includedir='${prefix}/include'
infodir='${datarootdir}/info'
libdir='${exec_prefix}/lib'
libexecdir='${exec_prefix}/libexec'
localedir='${datarootdir}/locale'
localstatedir='${prefix}/var'
mandir='${datarootdir}/man'
oldincludedir='/usr/include'
pdfdir='${docdir}'
prefix='/usr/local'
program_transform_name='s,x,x,'
psdir='${docdir}'
sbindir='${exec_prefix}/sbin'
sharedstatedir='${prefix}/com'
sysconfdir='${prefix}/etc'
target_alias=''

## ----------- ##
## confdefs.h. ##
## ----------- ##

#define PACKAGE_NAME ""
#define PACKAGE_TARNAME ""
#define PACKAGE_VERSION ""
#define PACKAGE_STRING ""
#define PACKAGE_BUGREPORT ""
#define STDC_HEADERS 1
#define HAVE_SYS_TYPES_H 1
#define HAVE_SYS_STAT_H 1
#define HAVE_STDLIB_H 1
#define HAVE_STRING_H 1
#define HAVE_MEMORY_H 1
#define HAVE_STRINGS_H 1
#define HAVE_INTTYPES_H 1
#define HAVE_STDINT_H 1
#define HAVE_UNISTD_H 1
#define SIZEOF_CHAR 1
#define SIZEOF_SHORT 2
#define SIZEOF_INT 4
#define SIZEOF_LONG 8
#define SIZEOF_LONG_LONG 8
#define TYPE_BYTE char
#define TYPE_WORD short

configure: exit 0
