                              1 ;--------------------------------------------------------
                              2 ; File Created by SDCC : free open source ANSI-C Compiler
                              3 ; Version 3.0.1 #6227 (Oct  2 2015) (Linux)
                              4 ; This file was generated Fri Oct  2 17:15:22 2015
                              5 ;--------------------------------------------------------
                              6 	.module _heap
                              7 	.optsdcc -mhc08
                              8 	
                              9 	.area HOME (CODE)
                             10 	.area GSINIT0 (CODE)
                             11 	.area GSINIT (CODE)
                             12 	.area GSFINAL (CODE)
                             13 	.area CSEG (CODE)
                             14 	.area XINIT
                             15 	.area CONST   (CODE)
                             16 	.area DSEG
                             17 	.area OSEG    (OVR)
                             18 	.area BSEG
                             19 	.area XSEG
                             20 	.area XISEG
                             21 ;--------------------------------------------------------
                             22 ; Public variables in this module
                             23 ;--------------------------------------------------------
                             24 	.globl __sdcc_heap_size
                             25 	.globl __sdcc_heap
                             26 ;--------------------------------------------------------
                             27 ;  ram data
                             28 ;--------------------------------------------------------
                             29 	.area DSEG
                             30 ;--------------------------------------------------------
                             31 ; overlayable items in  ram 
                             32 ;--------------------------------------------------------
                             33 	.area OSEG    (OVR)
                             34 ;--------------------------------------------------------
                             35 ; absolute external ram data
                             36 ;--------------------------------------------------------
                             37 	.area XABS    (ABS)
                             38 ;--------------------------------------------------------
                             39 ; external initialized ram data
                             40 ;--------------------------------------------------------
                             41 	.area XISEG
                             42 ;--------------------------------------------------------
                             43 ; extended address mode data
                             44 ;--------------------------------------------------------
                             45 	.area XSEG
   0000                      46 __sdcc_heap::
   0000                      47 	.ds 1024
                             48 ;--------------------------------------------------------
                             49 ; global & static initialisations
                             50 ;--------------------------------------------------------
                             51 	.area HOME (CODE)
                             52 	.area GSINIT (CODE)
                             53 	.area GSFINAL (CODE)
                             54 	.area GSINIT (CODE)
                             55 ;--------------------------------------------------------
                             56 ; Home
                             57 ;--------------------------------------------------------
                             58 	.area HOME (CODE)
                             59 	.area HOME (CODE)
                             60 ;--------------------------------------------------------
                             61 ; code
                             62 ;--------------------------------------------------------
                             63 	.area CSEG (CODE)
                             64 	.area CSEG (CODE)
                             65 	.area CONST   (CODE)
   0000                      66 __sdcc_heap_size:
   0000 04 00                67 	.dw #0x0400
                             68 	.area XINIT
                             69 	.area CABS    (ABS,CODE)
