                              1 ;--------------------------------------------------------
                              2 ; File Created by SDCC : free open source ANSI-C Compiler
                              3 ; Version 3.0.1 #6227 (Oct  2 2015) (Linux)
                              4 ; This file was generated Fri Oct  2 17:15:21 2015
                              5 ;--------------------------------------------------------
                              6 	.module _ispunct
                              7 	.optsdcc -mhc08
                              8 	
                              9 	.area HOME (CODE)
                             10 	.area GSINIT0 (CODE)
                             11 	.area GSINIT (CODE)
                             12 	.area GSFINAL (CODE)
                             13 	.area CSEG (CODE)
                             14 	.area XINIT
                             15 	.area CONST   (CODE)
                             16 	.area DSEG
                             17 	.area OSEG    (OVR)
                             18 	.area BSEG
                             19 	.area XSEG
                             20 	.area XISEG
                             21 ;--------------------------------------------------------
                             22 ; Public variables in this module
                             23 ;--------------------------------------------------------
                             24 	.globl _ispunct
                             25 ;--------------------------------------------------------
                             26 ;  ram data
                             27 ;--------------------------------------------------------
                             28 	.area DSEG
                             29 ;--------------------------------------------------------
                             30 ; overlayable items in  ram 
                             31 ;--------------------------------------------------------
                             32 	.area OSEG    (OVR)
                             33 ;--------------------------------------------------------
                             34 ; absolute external ram data
                             35 ;--------------------------------------------------------
                             36 	.area XABS    (ABS)
                             37 ;--------------------------------------------------------
                             38 ; external initialized ram data
                             39 ;--------------------------------------------------------
                             40 	.area XISEG
                             41 ;--------------------------------------------------------
                             42 ; extended address mode data
                             43 ;--------------------------------------------------------
                             44 	.area XSEG
   0000                      45 _ispunct_c_1_1:
   0000                      46 	.ds 1
                             47 ;--------------------------------------------------------
                             48 ; global & static initialisations
                             49 ;--------------------------------------------------------
                             50 	.area HOME (CODE)
                             51 	.area GSINIT (CODE)
                             52 	.area GSFINAL (CODE)
                             53 	.area GSINIT (CODE)
                             54 ;--------------------------------------------------------
                             55 ; Home
                             56 ;--------------------------------------------------------
                             57 	.area HOME (CODE)
                             58 	.area HOME (CODE)
                             59 ;--------------------------------------------------------
                             60 ; code
                             61 ;--------------------------------------------------------
                             62 	.area CSEG (CODE)
                             63 ;------------------------------------------------------------
                             64 ;Allocation info for local variables in function 'ispunct'
                             65 ;------------------------------------------------------------
                             66 ;c                         Allocated with name '_ispunct_c_1_1'
                             67 ;------------------------------------------------------------
                             68 ;../_ispunct.c:31: char ispunct (unsigned char c)
                             69 ;	-----------------------------------------
                             70 ;	 function ispunct
                             71 ;	-----------------------------------------
   0000                      72 _ispunct:
   0000 C7s00r00             73 	sta	_ispunct_c_1_1
                             74 ;../_ispunct.c:33: if ( isprint (c) &&
   0003 C6s00r00             75 	lda	_ispunct_c_1_1
   0006 CDs00r00             76 	jsr	_isprint
   0009 4D                   77 	tsta
   000A 27 27                78 	beq	00102$
   000C                      79 00114$:
                             80 ;../_ispunct.c:34: !islower(c) &&
   000C C6s00r00             81 	lda	_ispunct_c_1_1
   000F CDs00r00             82 	jsr	_islower
   0012 4D                   83 	tsta
   0013 26 1E                84 	bne	00102$
   0015                      85 00115$:
                             86 ;../_ispunct.c:35: !isupper(c) &&
   0015 C6s00r00             87 	lda	_ispunct_c_1_1
   0018 CDs00r00             88 	jsr	_isupper
   001B 4D                   89 	tsta
   001C 26 15                90 	bne	00102$
   001E                      91 00116$:
                             92 ;../_ispunct.c:36: !isspace(c) &&
   001E C6s00r00             93 	lda	_ispunct_c_1_1
   0021 CDs00r00             94 	jsr	_isspace
   0024 4D                   95 	tsta
   0025 26 0C                96 	bne	00102$
   0027                      97 00117$:
                             98 ;../_ispunct.c:37: !isdigit(c) )
   0027 C6s00r00             99 	lda	_ispunct_c_1_1
   002A CDs00r00            100 	jsr	_isdigit
   002D 4D                  101 	tsta
   002E 26 03               102 	bne	00102$
   0030                     103 00118$:
                            104 ;../_ispunct.c:38: return 1;
   0030 A6 01               105 	lda	#0x01
   0032 81                  106 	rts
   0033                     107 00102$:
                            108 ;../_ispunct.c:39: return 0;
   0033 4F                  109 	clra
   0034                     110 00107$:
   0034 81                  111 	rts
                            112 	.area CSEG (CODE)
                            113 	.area CONST   (CODE)
                            114 	.area XINIT
                            115 	.area CABS    (ABS,CODE)
