                              1 ;--------------------------------------------------------
                              2 ; File Created by SDCC : free open source ANSI-C Compiler
                              3 ; Version 3.0.1 #6227 (Oct  2 2015) (Linux)
                              4 ; This file was generated Fri Oct  2 17:15:21 2015
                              5 ;--------------------------------------------------------
                              6 	.module _mulint
                              7 	.optsdcc -mhc08
                              8 	
                              9 	.area HOME (CODE)
                             10 	.area GSINIT0 (CODE)
                             11 	.area GSINIT (CODE)
                             12 	.area GSFINAL (CODE)
                             13 	.area CSEG (CODE)
                             14 	.area XINIT
                             15 	.area CONST   (CODE)
                             16 	.area DSEG
                             17 	.area OSEG    (OVR)
                             18 	.area BSEG
                             19 	.area XSEG
                             20 	.area XISEG
                             21 ;--------------------------------------------------------
                             22 ; Public variables in this module
                             23 ;--------------------------------------------------------
                             24 	.globl __mulint_PARM_2
                             25 	.globl __mulint
                             26 ;--------------------------------------------------------
                             27 ;  ram data
                             28 ;--------------------------------------------------------
                             29 	.area DSEG
                             30 ;--------------------------------------------------------
                             31 ; overlayable items in  ram 
                             32 ;--------------------------------------------------------
                             33 	.area OSEG    (OVR)
                             34 ;--------------------------------------------------------
                             35 ; absolute external ram data
                             36 ;--------------------------------------------------------
                             37 	.area XABS    (ABS)
                             38 ;--------------------------------------------------------
                             39 ; external initialized ram data
                             40 ;--------------------------------------------------------
                             41 	.area XISEG
                             42 ;--------------------------------------------------------
                             43 ; extended address mode data
                             44 ;--------------------------------------------------------
                             45 	.area XSEG
   0000                      46 __mulint_PARM_2:
   0000                      47 	.ds 2
                             48 ;--------------------------------------------------------
                             49 ; global & static initialisations
                             50 ;--------------------------------------------------------
                             51 	.area HOME (CODE)
                             52 	.area GSINIT (CODE)
                             53 	.area GSFINAL (CODE)
                             54 	.area GSINIT (CODE)
                             55 ;--------------------------------------------------------
                             56 ; Home
                             57 ;--------------------------------------------------------
                             58 	.area HOME (CODE)
                             59 	.area HOME (CODE)
                             60 ;--------------------------------------------------------
                             61 ; code
                             62 ;--------------------------------------------------------
                             63 	.area CSEG (CODE)
                             64 ;------------------------------------------------------------
                             65 ;Allocation info for local variables in function '_mulint'
                             66 ;------------------------------------------------------------
                             67 ;b                         Allocated with name '__mulint_PARM_2'
                             68 ;a                         Allocated to registers 
                             69 ;------------------------------------------------------------
                             70 ;_mulint.c:43: _mulint (int a, int b)
                             71 ;	-----------------------------------------
                             72 ;	 function _mulint
                             73 ;	-----------------------------------------
   0000                      74 __mulint:
                             75 	;_mulint.c:73: __endasm;
   0000 A7 FE                76 	    ais #-2
   0002 87                   77 	 psha
   0003 89                   78 	 pshx
   0004 CEs00r01             79 	 ldx __mulint_PARM_2+1
   0007 42                   80 	 mul
   0008 9E E7 04             81 	 sta 4,s
   000B 9E EF 03             82 	 stx 3,s
   000E 9E E6 01             83 	 lda 1,s
   0011 CEs00r01             84 	 ldx __mulint_PARM_2+1
   0014 42                   85 	 mul
   0015 9E EB 03             86 	 add 3,s
   0018 9E E7 03             87 	 sta 3,s
   001B 9E E6 02             88 	 lda 2,s
   001E CEs00r00             89 	 ldx __mulint_PARM_2
   0021 42                   90 	 mul
   0022 9E EB 03             91 	 add 3,s
   0025 9E E7 03             92 	 sta 3,s
   0028 A7 02                93 	 ais #2
   002A 88                   94 	 pulx
   002B 86                   95 	 pula
   002C                      96 00101$:
   002C 81                   97 	rts
                             98 	.area CSEG (CODE)
                             99 	.area CONST   (CODE)
                            100 	.area XINIT
                            101 	.area CABS    (ABS,CODE)
