                              1 ;--------------------------------------------------------
                              2 ; File Created by SDCC : free open source ANSI-C Compiler
                              3 ; Version 3.0.1 #6227 (Oct  2 2015) (Linux)
                              4 ; This file was generated Fri Oct  2 17:15:21 2015
                              5 ;--------------------------------------------------------
                              6 	.module _sint2fs
                              7 	.optsdcc -mhc08
                              8 	
                              9 	.area HOME (CODE)
                             10 	.area GSINIT0 (CODE)
                             11 	.area GSINIT (CODE)
                             12 	.area GSFINAL (CODE)
                             13 	.area CSEG (CODE)
                             14 	.area XINIT
                             15 	.area CONST   (CODE)
                             16 	.area DSEG
                             17 	.area OSEG    (OVR)
                             18 	.area BSEG
                             19 	.area XSEG
                             20 	.area XISEG
                             21 ;--------------------------------------------------------
                             22 ; Public variables in this module
                             23 ;--------------------------------------------------------
                             24 	.globl ___sint2fs
                             25 ;--------------------------------------------------------
                             26 ;  ram data
                             27 ;--------------------------------------------------------
                             28 	.area DSEG
   0000                      29 ___sint2fs_sloc0_1_0:
   0000                      30 	.ds 4
                             31 ;--------------------------------------------------------
                             32 ; overlayable items in  ram 
                             33 ;--------------------------------------------------------
                             34 	.area OSEG    (OVR)
                             35 ;--------------------------------------------------------
                             36 ; absolute external ram data
                             37 ;--------------------------------------------------------
                             38 	.area XABS    (ABS)
                             39 ;--------------------------------------------------------
                             40 ; external initialized ram data
                             41 ;--------------------------------------------------------
                             42 	.area XISEG
                             43 ;--------------------------------------------------------
                             44 ; extended address mode data
                             45 ;--------------------------------------------------------
                             46 	.area XSEG
   0000                      47 ___sint2fs_si_1_1:
   0000                      48 	.ds 2
                             49 ;--------------------------------------------------------
                             50 ; global & static initialisations
                             51 ;--------------------------------------------------------
                             52 	.area HOME (CODE)
                             53 	.area GSINIT (CODE)
                             54 	.area GSFINAL (CODE)
                             55 	.area GSINIT (CODE)
                             56 ;--------------------------------------------------------
                             57 ; Home
                             58 ;--------------------------------------------------------
                             59 	.area HOME (CODE)
                             60 	.area HOME (CODE)
                             61 ;--------------------------------------------------------
                             62 ; code
                             63 ;--------------------------------------------------------
                             64 	.area CSEG (CODE)
                             65 ;------------------------------------------------------------
                             66 ;Allocation info for local variables in function '__sint2fs'
                             67 ;------------------------------------------------------------
                             68 ;sloc0                     Allocated with name '___sint2fs_sloc0_1_0'
                             69 ;si                        Allocated with name '___sint2fs_si_1_1'
                             70 ;------------------------------------------------------------
                             71 ;../_sint2fs.c:54: float __sint2fs (signed int si) {
                             72 ;	-----------------------------------------
                             73 ;	 function __sint2fs
                             74 ;	-----------------------------------------
   0000                      75 ___sint2fs:
   0000 C7s00r01             76 	sta	(___sint2fs_si_1_1 + 1)
   0003 CFs00r00             77 	stx	___sint2fs_si_1_1
                             78 ;../_sint2fs.c:55: return __slong2fs(si);
   0006 C6s00r01             79 	lda	(___sint2fs_si_1_1 + 1)
   0009 C7s00r03             80 	sta	(___slong2fs_PARM_1 + 3)
   000C C6s00r00             81 	lda	___sint2fs_si_1_1
   000F C7s00r02             82 	sta	(___slong2fs_PARM_1 + 2)
   0012 C6s00r00             83 	lda	___sint2fs_si_1_1
   0015 49                   84 	rola	
   0016 4F                   85 	clra	
   0017 A2 00                86 	sbc	#0x00
   0019 C7s00r01             87 	sta	(___slong2fs_PARM_1 + 1)
   001C C7s00r00             88 	sta	___slong2fs_PARM_1
   001F CDs00r00             89 	jsr	___slong2fs
   0022 B7*03                90 	sta	*(___sint2fs_sloc0_1_0 + 3)
   0024 BF*02                91 	stx	*(___sint2fs_sloc0_1_0 + 2)
   0026 4E*00*01             92 	mov	*__ret2,*(___sint2fs_sloc0_1_0 + 1)
   0029 4E*00*00             93 	mov	*__ret3,*___sint2fs_sloc0_1_0
   002C 4E*00*00             94 	mov	*___sint2fs_sloc0_1_0,*__ret3
   002F 4E*01*00             95 	mov	*(___sint2fs_sloc0_1_0 + 1),*__ret2
   0032 BE*02                96 	ldx	*(___sint2fs_sloc0_1_0 + 2)
   0034 B6*03                97 	lda	*(___sint2fs_sloc0_1_0 + 3)
   0036                      98 00101$:
   0036 81                   99 	rts
                            100 	.area CSEG (CODE)
                            101 	.area CONST   (CODE)
                            102 	.area XINIT
                            103 	.area CABS    (ABS,CODE)
