                              1 ;--------------------------------------------------------
                              2 ; File Created by SDCC : free open source ANSI-C Compiler
                              3 ; Version 3.0.1 #6227 (Oct  2 2015) (Linux)
                              4 ; This file was generated Fri Oct  2 17:15:22 2015
                              5 ;--------------------------------------------------------
                              6 	.module _startup
                              7 	.optsdcc -mhc08
                              8 	
                              9 	.area HOME (CODE)
                             10 	.area GSINIT0 (CODE)
                             11 	.area GSINIT (CODE)
                             12 	.area GSFINAL (CODE)
                             13 	.area CSEG (CODE)
                             14 	.area XINIT
                             15 	.area CONST   (CODE)
                             16 	.area DSEG
                             17 	.area OSEG    (OVR)
                             18 	.area BSEG
                             19 	.area XSEG
                             20 	.area XISEG
                             21 ;--------------------------------------------------------
                             22 ; Public variables in this module
                             23 ;--------------------------------------------------------
                             24 	.globl __sdcc_external_startup
                             25 ;--------------------------------------------------------
                             26 ;  ram data
                             27 ;--------------------------------------------------------
                             28 	.area DSEG
                             29 ;--------------------------------------------------------
                             30 ; overlayable items in  ram 
                             31 ;--------------------------------------------------------
                             32 	.area OSEG    (OVR)
                             33 ;--------------------------------------------------------
                             34 ; absolute external ram data
                             35 ;--------------------------------------------------------
                             36 	.area XABS    (ABS)
                             37 ;--------------------------------------------------------
                             38 ; external initialized ram data
                             39 ;--------------------------------------------------------
                             40 	.area XISEG
                             41 ;--------------------------------------------------------
                             42 ; extended address mode data
                             43 ;--------------------------------------------------------
                             44 	.area XSEG
                             45 ;--------------------------------------------------------
                             46 ; global & static initialisations
                             47 ;--------------------------------------------------------
                             48 	.area HOME (CODE)
                             49 	.area GSINIT (CODE)
                             50 	.area GSFINAL (CODE)
                             51 	.area GSINIT (CODE)
                             52 ;--------------------------------------------------------
                             53 ; Home
                             54 ;--------------------------------------------------------
                             55 	.area HOME (CODE)
                             56 	.area HOME (CODE)
                             57 ;--------------------------------------------------------
                             58 ; code
                             59 ;--------------------------------------------------------
                             60 	.area CSEG (CODE)
                             61 ;------------------------------------------------------------
                             62 ;Allocation info for local variables in function '_sdcc_external_startup'
                             63 ;------------------------------------------------------------
                             64 ;------------------------------------------------------------
                             65 ;../_startup.c:52: unsigned char _sdcc_external_startup ()
                             66 ;	-----------------------------------------
                             67 ;	 function _sdcc_external_startup
                             68 ;	-----------------------------------------
   0000                      69 __sdcc_external_startup:
                             70 ;../_startup.c:54: return 0;
   0000 4F                   71 	clra
   0001                      72 00101$:
   0001 81                   73 	rts
                             74 	.area CSEG (CODE)
                             75 	.area CONST   (CODE)
                             76 	.area XINIT
                             77 	.area CABS    (ABS,CODE)
