                              1 ;--------------------------------------------------------
                              2 ; File Created by SDCC : free open source ANSI-C Compiler
                              3 ; Version 3.0.1 #6227 (Oct  2 2015) (Linux)
                              4 ; This file was generated Fri Oct  2 17:15:21 2015
                              5 ;--------------------------------------------------------
                              6 	.module _strcpy
                              7 	.optsdcc -mhc08
                              8 	
                              9 	.area HOME (CODE)
                             10 	.area GSINIT0 (CODE)
                             11 	.area GSINIT (CODE)
                             12 	.area GSFINAL (CODE)
                             13 	.area CSEG (CODE)
                             14 	.area XINIT
                             15 	.area CONST   (CODE)
                             16 	.area DSEG
                             17 	.area OSEG    (OVR)
                             18 	.area BSEG
                             19 	.area XSEG
                             20 	.area XISEG
                             21 ;--------------------------------------------------------
                             22 ; Public variables in this module
                             23 ;--------------------------------------------------------
                             24 	.globl _strcpy_PARM_2
                             25 	.globl _strcpy
                             26 ;--------------------------------------------------------
                             27 ;  ram data
                             28 ;--------------------------------------------------------
                             29 	.area DSEG
                             30 ;--------------------------------------------------------
                             31 ; overlayable items in  ram 
                             32 ;--------------------------------------------------------
                             33 	.area	OSEG    (OVR)
   0000                      34 _strcpy_sloc0_1_0::
   0000                      35 	.ds 2
   0002                      36 _strcpy_sloc1_1_0::
   0002                      37 	.ds 2
   0004                      38 _strcpy_sloc2_1_0::
   0004                      39 	.ds 1
                             40 ;--------------------------------------------------------
                             41 ; absolute external ram data
                             42 ;--------------------------------------------------------
                             43 	.area XABS    (ABS)
                             44 ;--------------------------------------------------------
                             45 ; external initialized ram data
                             46 ;--------------------------------------------------------
                             47 	.area XISEG
                             48 ;--------------------------------------------------------
                             49 ; extended address mode data
                             50 ;--------------------------------------------------------
                             51 	.area XSEG
   0000                      52 _strcpy_PARM_2:
   0000                      53 	.ds 2
   0002                      54 _strcpy_d_1_1:
   0002                      55 	.ds 2
                             56 ;--------------------------------------------------------
                             57 ; global & static initialisations
                             58 ;--------------------------------------------------------
                             59 	.area HOME (CODE)
                             60 	.area GSINIT (CODE)
                             61 	.area GSFINAL (CODE)
                             62 	.area GSINIT (CODE)
                             63 ;--------------------------------------------------------
                             64 ; Home
                             65 ;--------------------------------------------------------
                             66 	.area HOME (CODE)
                             67 	.area HOME (CODE)
                             68 ;--------------------------------------------------------
                             69 ; code
                             70 ;--------------------------------------------------------
                             71 	.area CSEG (CODE)
                             72 ;------------------------------------------------------------
                             73 ;Allocation info for local variables in function 'strcpy'
                             74 ;------------------------------------------------------------
                             75 ;s                         Allocated with name '_strcpy_PARM_2'
                             76 ;d                         Allocated with name '_strcpy_d_1_1'
                             77 ;d1                        Allocated to registers 
                             78 ;sloc0                     Allocated with name '_strcpy_sloc0_1_0'
                             79 ;sloc1                     Allocated with name '_strcpy_sloc1_1_0'
                             80 ;sloc2                     Allocated with name '_strcpy_sloc2_1_0'
                             81 ;------------------------------------------------------------
                             82 ;../_strcpy.c:34: char * strcpy (
                             83 ;	-----------------------------------------
                             84 ;	 function strcpy
                             85 ;	-----------------------------------------
   0000                      86 _strcpy:
   0000 C7s00r03             87 	sta	(_strcpy_d_1_1 + 1)
   0003 CFs00r02             88 	stx	_strcpy_d_1_1
                             89 ;../_strcpy.c:48: while (*d1++ = *s++) ;
   0006 C6s00r00             90 	lda	_strcpy_PARM_2
   0009 B7*00                91 	sta	*_strcpy_sloc0_1_0
   000B C6s00r01             92 	lda	(_strcpy_PARM_2 + 1)
   000E B7*01                93 	sta	*(_strcpy_sloc0_1_0 + 1)
   0010 C6s00r02             94 	lda	_strcpy_d_1_1
   0013 B7*02                95 	sta	*_strcpy_sloc1_1_0
   0015 C6s00r03             96 	lda	(_strcpy_d_1_1 + 1)
   0018 B7*03                97 	sta	*(_strcpy_sloc1_1_0 + 1)
   001A                      98 00101$:
   001A 55*00                99 	ldhx	*_strcpy_sloc0_1_0
   001C F6                  100 	lda	,x
   001D AF 01               101 	aix	#1
   001F B7*04               102 	sta	*_strcpy_sloc2_1_0
   0021 35*00               103 	sthx	*_strcpy_sloc0_1_0
   0023 55*02               104 	ldhx	*_strcpy_sloc1_1_0
   0025 B6*04               105 	lda	*_strcpy_sloc2_1_0
   0027 F7                  106 	sta	,x
   0028 AF 01               107 	aix	#1
   002A 35*02               108 	sthx	*_strcpy_sloc1_1_0
   002C 3D*04               109 	tst	*_strcpy_sloc2_1_0
   002E 26 EA               110 	bne	00101$
   0030                     111 00109$:
                            112 ;../_strcpy.c:50: return d;
   0030 CEs00r02            113 	ldx	_strcpy_d_1_1
   0033 C6s00r03            114 	lda	(_strcpy_d_1_1 + 1)
   0036                     115 00104$:
   0036 81                  116 	rts
                            117 	.area CSEG (CODE)
                            118 	.area CONST   (CODE)
                            119 	.area XINIT
                            120 	.area CABS    (ABS,CODE)
