                              1 ;--------------------------------------------------------
                              2 ; File Created by SDCC : free open source ANSI-C Compiler
                              3 ; Version 3.0.1 #6227 (Oct  2 2015) (Linux)
                              4 ; This file was generated Fri Oct  2 17:15:21 2015
                              5 ;--------------------------------------------------------
                              6 	.module _strchr
                              7 	.optsdcc -mhc08
                              8 	
                              9 	.area HOME (CODE)
                             10 	.area GSINIT0 (CODE)
                             11 	.area GSINIT (CODE)
                             12 	.area GSFINAL (CODE)
                             13 	.area CSEG (CODE)
                             14 	.area XINIT
                             15 	.area CONST   (CODE)
                             16 	.area DSEG
                             17 	.area OSEG    (OVR)
                             18 	.area BSEG
                             19 	.area XSEG
                             20 	.area XISEG
                             21 ;--------------------------------------------------------
                             22 ; Public variables in this module
                             23 ;--------------------------------------------------------
                             24 	.globl _strchr_PARM_2
                             25 	.globl _strchr
                             26 ;--------------------------------------------------------
                             27 ;  ram data
                             28 ;--------------------------------------------------------
                             29 	.area DSEG
                             30 ;--------------------------------------------------------
                             31 ; overlayable items in  ram 
                             32 ;--------------------------------------------------------
                             33 	.area	OSEG    (OVR)
   0000                      34 _strchr_sloc0_1_0::
   0000                      35 	.ds 2
                             36 ;--------------------------------------------------------
                             37 ; absolute external ram data
                             38 ;--------------------------------------------------------
                             39 	.area XABS    (ABS)
                             40 ;--------------------------------------------------------
                             41 ; external initialized ram data
                             42 ;--------------------------------------------------------
                             43 	.area XISEG
                             44 ;--------------------------------------------------------
                             45 ; extended address mode data
                             46 ;--------------------------------------------------------
                             47 	.area XSEG
   0000                      48 _strchr_PARM_2:
   0000                      49 	.ds 1
   0001                      50 _strchr_string_1_1:
   0001                      51 	.ds 2
                             52 ;--------------------------------------------------------
                             53 ; global & static initialisations
                             54 ;--------------------------------------------------------
                             55 	.area HOME (CODE)
                             56 	.area GSINIT (CODE)
                             57 	.area GSFINAL (CODE)
                             58 	.area GSINIT (CODE)
                             59 ;--------------------------------------------------------
                             60 ; Home
                             61 ;--------------------------------------------------------
                             62 	.area HOME (CODE)
                             63 	.area HOME (CODE)
                             64 ;--------------------------------------------------------
                             65 ; code
                             66 ;--------------------------------------------------------
                             67 	.area CSEG (CODE)
                             68 ;------------------------------------------------------------
                             69 ;Allocation info for local variables in function 'strchr'
                             70 ;------------------------------------------------------------
                             71 ;ch                        Allocated with name '_strchr_PARM_2'
                             72 ;string                    Allocated with name '_strchr_string_1_1'
                             73 ;sloc0                     Allocated with name '_strchr_sloc0_1_0'
                             74 ;------------------------------------------------------------
                             75 ;../_strchr.c:31: char * strchr (
                             76 ;	-----------------------------------------
                             77 ;	 function strchr
                             78 ;	-----------------------------------------
   0000                      79 _strchr:
   0000 C7s00r02             80 	sta	(_strchr_string_1_1 + 1)
   0003 CFs00r01             81 	stx	_strchr_string_1_1
                             82 ;../_strchr.c:36: while (*string && *string != ch)
   0006 C6s00r01             83 	lda	_strchr_string_1_1
   0009 B7*00                84 	sta	*_strchr_sloc0_1_0
   000B C6s00r02             85 	lda	(_strchr_string_1_1 + 1)
   000E B7*01                86 	sta	*(_strchr_sloc0_1_0 + 1)
   0010                      87 00102$:
   0010 55*00                88 	ldhx	*_strchr_sloc0_1_0
   0012 F6                   89 	lda	,x
   0013 27 10                90 	beq	00104$
   0015                      91 00114$:
   0015 55*00                92 	ldhx	*_strchr_sloc0_1_0
   0017 F6                   93 	lda	,x
   0018 C1s00r00             94 	cmp	_strchr_PARM_2
   001B 27 08                95 	beq	00104$
   001D                      96 00115$:
                             97 ;../_strchr.c:37: string++;
   001D 55*00                98 	ldhx	*_strchr_sloc0_1_0
   001F AF 01                99 	aix	#1
   0021 35*00               100 	sthx	*_strchr_sloc0_1_0
   0023 20 EB               101 	bra	00102$
   0025                     102 00104$:
                            103 ;../_strchr.c:39: if (*string == ch)
   0025 55*00               104 	ldhx	*_strchr_sloc0_1_0
   0027 F6                  105 	lda	,x
   0028 C1s00r00            106 	cmp	_strchr_PARM_2
   002B 26 05               107 	bne	00106$
   002D                     108 00116$:
                            109 ;../_strchr.c:40: return(string);
   002D BE*00               110 	ldx	*_strchr_sloc0_1_0
   002F B6*01               111 	lda	*(_strchr_sloc0_1_0 + 1)
   0031 81                  112 	rts
   0032                     113 00106$:
                            114 ;../_strchr.c:41: return ( NULL );
   0032 5F                  115 	clrx
   0033 4F                  116 	clra
   0034                     117 00107$:
   0034 81                  118 	rts
                            119 	.area CSEG (CODE)
                            120 	.area CONST   (CODE)
                            121 	.area XINIT
                            122 	.area CABS    (ABS,CODE)
