                              1 ;--------------------------------------------------------
                              2 ; File Created by SDCC : free open source ANSI-C Compiler
                              3 ; Version 3.0.1 #6227 (Oct  2 2015) (Linux)
                              4 ; This file was generated Fri Oct  2 17:15:21 2015
                              5 ;--------------------------------------------------------
                              6 	.module _uchar2fs
                              7 	.optsdcc -mhc08
                              8 	
                              9 	.area HOME (CODE)
                             10 	.area GSINIT0 (CODE)
                             11 	.area GSINIT (CODE)
                             12 	.area GSFINAL (CODE)
                             13 	.area CSEG (CODE)
                             14 	.area XINIT
                             15 	.area CONST   (CODE)
                             16 	.area DSEG
                             17 	.area OSEG    (OVR)
                             18 	.area BSEG
                             19 	.area XSEG
                             20 	.area XISEG
                             21 ;--------------------------------------------------------
                             22 ; Public variables in this module
                             23 ;--------------------------------------------------------
                             24 	.globl ___uchar2fs
                             25 ;--------------------------------------------------------
                             26 ;  ram data
                             27 ;--------------------------------------------------------
                             28 	.area DSEG
   0000                      29 ___uchar2fs_sloc0_1_0:
   0000                      30 	.ds 4
                             31 ;--------------------------------------------------------
                             32 ; overlayable items in  ram 
                             33 ;--------------------------------------------------------
                             34 	.area OSEG    (OVR)
                             35 ;--------------------------------------------------------
                             36 ; absolute external ram data
                             37 ;--------------------------------------------------------
                             38 	.area XABS    (ABS)
                             39 ;--------------------------------------------------------
                             40 ; external initialized ram data
                             41 ;--------------------------------------------------------
                             42 	.area XISEG
                             43 ;--------------------------------------------------------
                             44 ; extended address mode data
                             45 ;--------------------------------------------------------
                             46 	.area XSEG
                             47 ;--------------------------------------------------------
                             48 ; global & static initialisations
                             49 ;--------------------------------------------------------
                             50 	.area HOME (CODE)
                             51 	.area GSINIT (CODE)
                             52 	.area GSFINAL (CODE)
                             53 	.area GSINIT (CODE)
                             54 ;--------------------------------------------------------
                             55 ; Home
                             56 ;--------------------------------------------------------
                             57 	.area HOME (CODE)
                             58 	.area HOME (CODE)
                             59 ;--------------------------------------------------------
                             60 ; code
                             61 ;--------------------------------------------------------
                             62 	.area CSEG (CODE)
                             63 ;------------------------------------------------------------
                             64 ;Allocation info for local variables in function '__uchar2fs'
                             65 ;------------------------------------------------------------
                             66 ;sloc0                     Allocated with name '___uchar2fs_sloc0_1_0'
                             67 ;uc                        Allocated to registers 
                             68 ;------------------------------------------------------------
                             69 ;../_uchar2fs.c:55: float __uchar2fs (unsigned char uc) {
                             70 ;	-----------------------------------------
                             71 ;	 function __uchar2fs
                             72 ;	-----------------------------------------
   0000                      73 ___uchar2fs:
                             74 ;../_uchar2fs.c:56: return __ulong2fs(uc);
   0000 C7s00r03             75 	sta	(___ulong2fs_PARM_1 + 3)
   0003 5F                   76 	clrx
   0004 CFs00r02             77 	stx	(___ulong2fs_PARM_1 + 2)
   0007 5F                   78 	clrx
   0008 CFs00r01             79 	stx	(___ulong2fs_PARM_1 + 1)
   000B 5F                   80 	clrx
   000C CFs00r00             81 	stx	___ulong2fs_PARM_1
   000F CDs00r00             82 	jsr	___ulong2fs
   0012 B7*03                83 	sta	*(___uchar2fs_sloc0_1_0 + 3)
   0014 BF*02                84 	stx	*(___uchar2fs_sloc0_1_0 + 2)
   0016 4E*00*01             85 	mov	*__ret2,*(___uchar2fs_sloc0_1_0 + 1)
   0019 4E*00*00             86 	mov	*__ret3,*___uchar2fs_sloc0_1_0
   001C 4E*00*00             87 	mov	*___uchar2fs_sloc0_1_0,*__ret3
   001F 4E*01*00             88 	mov	*(___uchar2fs_sloc0_1_0 + 1),*__ret2
   0022 BE*02                89 	ldx	*(___uchar2fs_sloc0_1_0 + 2)
   0024 B6*03                90 	lda	*(___uchar2fs_sloc0_1_0 + 3)
   0026                      91 00101$:
   0026 81                   92 	rts
                             93 	.area CSEG (CODE)
                             94 	.area CONST   (CODE)
                             95 	.area XINIT
                             96 	.area CABS    (ABS,CODE)
