                              1 ;--------------------------------------------------------
                              2 ; File Created by SDCC : free open source ANSI-C Compiler
                              3 ; Version 3.0.1 #6227 (Oct  2 2015) (Linux)
                              4 ; This file was generated Fri Oct  2 17:15:21 2015
                              5 ;--------------------------------------------------------
                              6 	.module _uint2fs
                              7 	.optsdcc -mhc08
                              8 	
                              9 	.area HOME (CODE)
                             10 	.area GSINIT0 (CODE)
                             11 	.area GSINIT (CODE)
                             12 	.area GSFINAL (CODE)
                             13 	.area CSEG (CODE)
                             14 	.area XINIT
                             15 	.area CONST   (CODE)
                             16 	.area DSEG
                             17 	.area OSEG    (OVR)
                             18 	.area BSEG
                             19 	.area XSEG
                             20 	.area XISEG
                             21 ;--------------------------------------------------------
                             22 ; Public variables in this module
                             23 ;--------------------------------------------------------
                             24 	.globl ___uint2fs
                             25 ;--------------------------------------------------------
                             26 ;  ram data
                             27 ;--------------------------------------------------------
                             28 	.area DSEG
   0000                      29 ___uint2fs_sloc0_1_0:
   0000                      30 	.ds 4
                             31 ;--------------------------------------------------------
                             32 ; overlayable items in  ram 
                             33 ;--------------------------------------------------------
                             34 	.area OSEG    (OVR)
                             35 ;--------------------------------------------------------
                             36 ; absolute external ram data
                             37 ;--------------------------------------------------------
                             38 	.area XABS    (ABS)
                             39 ;--------------------------------------------------------
                             40 ; external initialized ram data
                             41 ;--------------------------------------------------------
                             42 	.area XISEG
                             43 ;--------------------------------------------------------
                             44 ; extended address mode data
                             45 ;--------------------------------------------------------
                             46 	.area XSEG
   0000                      47 ___uint2fs_ui_1_1:
   0000                      48 	.ds 2
                             49 ;--------------------------------------------------------
                             50 ; global & static initialisations
                             51 ;--------------------------------------------------------
                             52 	.area HOME (CODE)
                             53 	.area GSINIT (CODE)
                             54 	.area GSFINAL (CODE)
                             55 	.area GSINIT (CODE)
                             56 ;--------------------------------------------------------
                             57 ; Home
                             58 ;--------------------------------------------------------
                             59 	.area HOME (CODE)
                             60 	.area HOME (CODE)
                             61 ;--------------------------------------------------------
                             62 ; code
                             63 ;--------------------------------------------------------
                             64 	.area CSEG (CODE)
                             65 ;------------------------------------------------------------
                             66 ;Allocation info for local variables in function '__uint2fs'
                             67 ;------------------------------------------------------------
                             68 ;sloc0                     Allocated with name '___uint2fs_sloc0_1_0'
                             69 ;ui                        Allocated with name '___uint2fs_ui_1_1'
                             70 ;------------------------------------------------------------
                             71 ;../_uint2fs.c:54: float __uint2fs (unsigned int ui) {
                             72 ;	-----------------------------------------
                             73 ;	 function __uint2fs
                             74 ;	-----------------------------------------
   0000                      75 ___uint2fs:
   0000 C7s00r01             76 	sta	(___uint2fs_ui_1_1 + 1)
   0003 CFs00r00             77 	stx	___uint2fs_ui_1_1
                             78 ;../_uint2fs.c:55: return __ulong2fs(ui);
   0006 C6s00r01             79 	lda	(___uint2fs_ui_1_1 + 1)
   0009 C7s00r03             80 	sta	(___ulong2fs_PARM_1 + 3)
   000C C6s00r00             81 	lda	___uint2fs_ui_1_1
   000F C7s00r02             82 	sta	(___ulong2fs_PARM_1 + 2)
   0012 4F                   83 	clra
   0013 C7s00r01             84 	sta	(___ulong2fs_PARM_1 + 1)
   0016 C7s00r00             85 	sta	___ulong2fs_PARM_1
   0019 CDs00r00             86 	jsr	___ulong2fs
   001C B7*03                87 	sta	*(___uint2fs_sloc0_1_0 + 3)
   001E BF*02                88 	stx	*(___uint2fs_sloc0_1_0 + 2)
   0020 4E*00*01             89 	mov	*__ret2,*(___uint2fs_sloc0_1_0 + 1)
   0023 4E*00*00             90 	mov	*__ret3,*___uint2fs_sloc0_1_0
   0026 4E*00*00             91 	mov	*___uint2fs_sloc0_1_0,*__ret3
   0029 4E*01*00             92 	mov	*(___uint2fs_sloc0_1_0 + 1),*__ret2
   002C BE*02                93 	ldx	*(___uint2fs_sloc0_1_0 + 2)
   002E B6*03                94 	lda	*(___uint2fs_sloc0_1_0 + 3)
   0030                      95 00101$:
   0030 81                   96 	rts
                             97 	.area CSEG (CODE)
                             98 	.area CONST   (CODE)
                             99 	.area XINIT
                            100 	.area CABS    (ABS,CODE)
