                              1 ;--------------------------------------------------------
                              2 ; File Created by SDCC : free open source ANSI-C Compiler
                              3 ; Version 3.0.1 #6227 (Oct  2 2015) (Linux)
                              4 ; This file was generated Fri Oct  2 17:15:22 2015
                              5 ;--------------------------------------------------------
                              6 	.module assert
                              7 	.optsdcc -mhc08
                              8 	
                              9 	.area HOME (CODE)
                             10 	.area GSINIT0 (CODE)
                             11 	.area GSINIT (CODE)
                             12 	.area GSFINAL (CODE)
                             13 	.area CSEG (CODE)
                             14 	.area XINIT
                             15 	.area CONST   (CODE)
                             16 	.area DSEG
                             17 	.area OSEG    (OVR)
                             18 	.area BSEG
                             19 	.area XSEG
                             20 	.area XISEG
                             21 ;--------------------------------------------------------
                             22 ; Public variables in this module
                             23 ;--------------------------------------------------------
                             24 	.globl __assert
                             25 	.globl __assert_PARM_3
                             26 	.globl __assert_PARM_2
                             27 ;--------------------------------------------------------
                             28 ;  ram data
                             29 ;--------------------------------------------------------
                             30 	.area DSEG
                             31 ;--------------------------------------------------------
                             32 ; overlayable items in  ram 
                             33 ;--------------------------------------------------------
                             34 	.area OSEG    (OVR)
                             35 ;--------------------------------------------------------
                             36 ; absolute external ram data
                             37 ;--------------------------------------------------------
                             38 	.area XABS    (ABS)
                             39 ;--------------------------------------------------------
                             40 ; external initialized ram data
                             41 ;--------------------------------------------------------
                             42 	.area XISEG
                             43 ;--------------------------------------------------------
                             44 ; extended address mode data
                             45 ;--------------------------------------------------------
                             46 	.area XSEG
   0000                      47 __assert_PARM_2:
   0000                      48 	.ds 2
   0002                      49 __assert_PARM_3:
   0002                      50 	.ds 2
   0004                      51 __assert_expr_1_1:
   0004                      52 	.ds 2
                             53 ;--------------------------------------------------------
                             54 ; global & static initialisations
                             55 ;--------------------------------------------------------
                             56 	.area HOME (CODE)
                             57 	.area GSINIT (CODE)
                             58 	.area GSFINAL (CODE)
                             59 	.area GSINIT (CODE)
                             60 ;--------------------------------------------------------
                             61 ; Home
                             62 ;--------------------------------------------------------
                             63 	.area HOME (CODE)
                             64 	.area HOME (CODE)
                             65 ;--------------------------------------------------------
                             66 ; code
                             67 ;--------------------------------------------------------
                             68 	.area CSEG (CODE)
                             69 ;------------------------------------------------------------
                             70 ;Allocation info for local variables in function '_assert'
                             71 ;------------------------------------------------------------
                             72 ;filename                  Allocated with name '__assert_PARM_2'
                             73 ;linenumber                Allocated with name '__assert_PARM_3'
                             74 ;expr                      Allocated with name '__assert_expr_1_1'
                             75 ;------------------------------------------------------------
                             76 ;../assert.c:32: void _assert(char *expr, const char *filename, unsigned int linenumber)
                             77 ;	-----------------------------------------
                             78 ;	 function _assert
                             79 ;	-----------------------------------------
   0000                      80 __assert:
   0000 C7s00r05             81 	sta	(__assert_expr_1_1 + 1)
   0003 CFs00r04             82 	stx	__assert_expr_1_1
                             83 ;../assert.c:34: printf("Assert(%s) failed at line %u in file %s.\n",
   0006 C6s00r01             84 	lda	(__assert_PARM_2 + 1)
   0009 87                   85 	psha
   000A C6s00r00             86 	lda	__assert_PARM_2
   000D 87                   87 	psha
   000E C6s00r03             88 	lda	(__assert_PARM_3 + 1)
   0011 87                   89 	psha
   0012 C6s00r02             90 	lda	__assert_PARM_3
   0015 87                   91 	psha
   0016 C6s00r05             92 	lda	(__assert_expr_1_1 + 1)
   0019 87                   93 	psha
   001A C6s00r04             94 	lda	__assert_expr_1_1
   001D 87                   95 	psha
   001E 45s00r00             96 	ldhx	#__str_0
   0021 89                   97 	pshx
   0022 8B                   98 	pshh
   0023 CDs00r00             99 	jsr	_printf
   0026 A7 08               100 	ais	#8
                            101 ;../assert.c:36: while(1);
   0028                     102 00102$:
   0028 20 FE               103 	bra	00102$
   002A                     104 00104$:
   002A 81                  105 	rts
                            106 	.area CSEG (CODE)
                            107 	.area CONST   (CODE)
   0000                     108 __str_0:
   0000 41 73 73 65 72 74   109 	.ascii "Assert(%s) failed at line %u in file %s."
        28 25 73 29 20 66
        61 69 6C 65 64 20
        61 74 20 6C 69 6E
        65 20 25 75 20 69
        6E 20 66 69 6C 65
        20 25 73 2E
   0028 0A                  110 	.db 0x0A
   0029 00                  111 	.db 0x00
                            112 	.area XINIT
                            113 	.area CABS    (ABS,CODE)
