                              1 ;--------------------------------------------------------
                              2 ; File Created by SDCC : free open source ANSI-C Compiler
                              3 ; Version 3.0.1 #6227 (Oct  2 2015) (Linux)
                              4 ; This file was generated Fri Oct  2 17:18:17 2015
                              5 ;--------------------------------------------------------
                              6 	.module _divulong
                              7 	.optsdcc -mz80
                              8 	
                              9 ;--------------------------------------------------------
                             10 ; Public variables in this module
                             11 ;--------------------------------------------------------
                             12 	.globl __divulong
                             13 ;--------------------------------------------------------
                             14 ; special function registers
                             15 ;--------------------------------------------------------
                             16 ;--------------------------------------------------------
                             17 ;  ram data
                             18 ;--------------------------------------------------------
                             19 	.area _DATA
                             20 ;--------------------------------------------------------
                             21 ; overlayable items in  ram 
                             22 ;--------------------------------------------------------
                             23 	.area _OVERLAY
                             24 ;--------------------------------------------------------
                             25 ; external initialized ram data
                             26 ;--------------------------------------------------------
                             27 ;--------------------------------------------------------
                             28 ; global & static initialisations
                             29 ;--------------------------------------------------------
                             30 	.area _HOME
                             31 	.area _GSINIT
                             32 	.area _GSFINAL
                             33 	.area _GSINIT
                             34 ;--------------------------------------------------------
                             35 ; Home
                             36 ;--------------------------------------------------------
                             37 	.area _HOME
                             38 	.area _HOME
                             39 ;--------------------------------------------------------
                             40 ; code
                             41 ;--------------------------------------------------------
                             42 	.area _CODE
                             43 ;../_divulong.c:331: _divulong (unsigned long x, unsigned long y)
                             44 ;	---------------------------------
                             45 ; Function _divulong
                             46 ; ---------------------------------
   0000                      47 __divulong_start::
   0000                      48 __divulong:
   0000 DD E5                49 	push	ix
   0002 DD 21 00 00          50 	ld	ix,#0
   0006 DD 39                51 	add	ix,sp
   0008 21 FA FF             52 	ld	hl,#-6
   000B 39                   53 	add	hl,sp
   000C F9                   54 	ld	sp,hl
                             55 ;../_divulong.c:333: unsigned long reste = 0L;
   000D AF                   56 	xor	a,a
   000E DD 77 FC             57 	ld	-4 (ix),a
   0011 DD 77 FD             58 	ld	-3 (ix),a
   0014 DD 77 FE             59 	ld	-2 (ix),a
   0017 DD 77 FF             60 	ld	-1 (ix),a
                             61 ;../_divulong.c:337: do
   001A DD 36 FB 20          62 	ld	-5 (ix),#0x20
   001E                      63 00105$:
                             64 ;../_divulong.c:340: c = MSB_SET(x);
   001E DD 7E 07             65 	ld	a,7 (ix)
   0021 CB 07                66 	rlc	a
   0023 E6 01                67 	and	a,#0x01
   0025 DD 77 FA             68 	ld	-6 (ix),a
                             69 ;../_divulong.c:341: x <<= 1;
   0028 3E 01                70 	ld	a,#0x01
   002A F5                   71 	push	af
   002B 33                   72 	inc	sp
   002C DD 6E 06             73 	ld	l,6 (ix)
   002F DD 66 07             74 	ld	h,7 (ix)
   0032 E5                   75 	push	hl
   0033 DD 6E 04             76 	ld	l,4 (ix)
   0036 DD 66 05             77 	ld	h,5 (ix)
   0039 E5                   78 	push	hl
   003A CDr00s00             79 	call	__rlulong_rrx_s
   003D F1                   80 	pop	af
   003E F1                   81 	pop	af
   003F 33                   82 	inc	sp
   0040 DD 75 04             83 	ld	4 (ix), l
   0043 DD 74 05             84 	ld	5 (ix), h
   0046 DD 73 06             85 	ld	6 (ix),e
   0049 DD 72 07             86 	ld	7 (ix),d
                             87 ;../_divulong.c:342: reste <<= 1;
   004C 3E 01                88 	ld	a,#0x01
   004E F5                   89 	push	af
   004F 33                   90 	inc	sp
   0050 DD 6E FE             91 	ld	l,-2 (ix)
   0053 DD 66 FF             92 	ld	h,-1 (ix)
   0056 E5                   93 	push	hl
   0057 DD 6E FC             94 	ld	l,-4 (ix)
   005A DD 66 FD             95 	ld	h,-3 (ix)
   005D E5                   96 	push	hl
   005E CDr00s00             97 	call	__rlulong_rrx_s
   0061 F1                   98 	pop	af
   0062 F1                   99 	pop	af
   0063 33                  100 	inc	sp
   0064 DD 75 FC            101 	ld	-4 (ix), l
   0067 DD 74 FD            102 	ld	-3 (ix), h
   006A DD 73 FE            103 	ld	-2 (ix),e
   006D DD 72 FF            104 	ld	-1 (ix),d
                            105 ;../_divulong.c:343: if (c)
   0070 DD CB FA 46         106 	bit	0,-6 (ix)
   0074 28 08               107 	jr	Z,00102$
                            108 ;../_divulong.c:344: reste |= 1L;
   0076 DD 7E FC            109 	ld	a,-4 (ix)
   0079 CB C7               110 	set	0, a
   007B DD 77 FC            111 	ld	-4 (ix),a
   007E                     112 00102$:
                            113 ;../_divulong.c:346: if (reste >= y)
   007E DD 7E FC            114 	ld	a,-4 (ix)
   0081 DD 96 08            115 	sub	a, 8 (ix)
   0084 DD 7E FD            116 	ld	a,-3 (ix)
   0087 DD 9E 09            117 	sbc	a, 9 (ix)
   008A DD 7E FE            118 	ld	a,-2 (ix)
   008D DD 9E 0A            119 	sbc	a, 10 (ix)
   0090 DD 7E FF            120 	ld	a,-1 (ix)
   0093 DD 9E 0B            121 	sbc	a, 11 (ix)
   0096 38 2C               122 	jr	C,00106$
                            123 ;../_divulong.c:348: reste -= y;
   0098 DD 7E FC            124 	ld	a,-4 (ix)
   009B DD 96 08            125 	sub	a,8 (ix)
   009E DD 77 FC            126 	ld	-4 (ix),a
   00A1 DD 7E FD            127 	ld	a,-3 (ix)
   00A4 DD 9E 09            128 	sbc	a,9 (ix)
   00A7 DD 77 FD            129 	ld	-3 (ix),a
   00AA DD 7E FE            130 	ld	a,-2 (ix)
   00AD DD 9E 0A            131 	sbc	a,10 (ix)
   00B0 DD 77 FE            132 	ld	-2 (ix),a
   00B3 DD 7E FF            133 	ld	a,-1 (ix)
   00B6 DD 9E 0B            134 	sbc	a,11 (ix)
   00B9 DD 77 FF            135 	ld	-1 (ix),a
                            136 ;../_divulong.c:350: x |= 1L;
   00BC DD 7E 04            137 	ld	a,4 (ix)
   00BF CB C7               138 	set	0, a
   00C1 DD 77 04            139 	ld	4 (ix),a
   00C4                     140 00106$:
                            141 ;../_divulong.c:353: while (--count);
   00C4 DD 35 FB            142 	dec	-5 (ix)
   00C7 C2r1Es00            143 	jp	NZ,00105$
                            144 ;../_divulong.c:354: return x;
   00CA DD 6E 04            145 	ld	l,4 (ix)
   00CD DD 66 05            146 	ld	h,5 (ix)
   00D0 DD 5E 06            147 	ld	e,6 (ix)
   00D3 DD 56 07            148 	ld	d,7 (ix)
   00D6 DD F9               149 	ld	sp,ix
   00D8 DD E1               150 	pop	ix
   00DA C9                  151 	ret
   00DB                     152 __divulong_end::
                            153 	.area _CODE
                            154 	.area _CABS
