                              1 ;--------------------------------------------------------
                              2 ; File Created by SDCC : free open source ANSI-C Compiler
                              3 ; Version 3.0.1 #6227 (Oct  2 2015) (Linux)
                              4 ; This file was generated Fri Oct  2 17:18:16 2015
                              5 ;--------------------------------------------------------
                              6 	.module _fs2sint
                              7 	.optsdcc -mz80
                              8 	
                              9 ;--------------------------------------------------------
                             10 ; Public variables in this module
                             11 ;--------------------------------------------------------
                             12 	.globl ___fs2sint
                             13 ;--------------------------------------------------------
                             14 ; special function registers
                             15 ;--------------------------------------------------------
                             16 ;--------------------------------------------------------
                             17 ;  ram data
                             18 ;--------------------------------------------------------
                             19 	.area _DATA
                             20 ;--------------------------------------------------------
                             21 ; overlayable items in  ram 
                             22 ;--------------------------------------------------------
                             23 	.area _OVERLAY
                             24 ;--------------------------------------------------------
                             25 ; external initialized ram data
                             26 ;--------------------------------------------------------
                             27 ;--------------------------------------------------------
                             28 ; global & static initialisations
                             29 ;--------------------------------------------------------
                             30 	.area _HOME
                             31 	.area _GSINIT
                             32 	.area _GSFINAL
                             33 	.area _GSINIT
                             34 ;--------------------------------------------------------
                             35 ; Home
                             36 ;--------------------------------------------------------
                             37 	.area _HOME
                             38 ;../_fs2sint.c:81: signed int __fs2sint (float f)
                             39 ;	---------------------------------
                             40 ; Function __fs2sint
                             41 ; ---------------------------------
   0000                      42 ___fs2sint_start::
   0000                      43 ___fs2sint:
   0000 DD E5                44 	push	ix
   0002 DD 21 00 00          45 	ld	ix,#0
   0006 DD 39                46 	add	ix,sp
                             47 ;../_fs2sint.c:83: signed long sl=__fs2slong(f);
   0008 DD 6E 06             48 	ld	l,6 (ix)
   000B DD 66 07             49 	ld	h,7 (ix)
   000E E5                   50 	push	hl
   000F DD 6E 04             51 	ld	l,4 (ix)
   0012 DD 66 05             52 	ld	h,5 (ix)
   0015 E5                   53 	push	hl
   0016 CDr00s00             54 	call	___fs2slong
   0019 F1                   55 	pop	af
   001A F1                   56 	pop	af
   001B 44                   57 	ld	b,h
   001C 4D                   58 	ld	c,l
                             59 ;../_fs2sint.c:84: if (sl>=INT_MAX)
   001D 79                   60 	ld	a,c
   001E D6 FF                61 	sub	a, #0xFF
   0020 78                   62 	ld	a,b
   0021 DE 7F                63 	sbc	a, #0x7F
   0023 7B                   64 	ld	a,e
   0024 DE 00                65 	sbc	a, #0x00
   0026 7A                   66 	ld	a,d
   0027 DE 00                67 	sbc	a, #0x00
   0029 E2r2Es00             68 	jp	PO, 00109$
   002C EE 80                69 	xor	a, #0x80
   002E                      70 00109$:
   002E FAr36s00             71 	jp	M,00102$
                             72 ;../_fs2sint.c:85: return INT_MAX;
   0031 21 FF 7F             73 	ld	hl,#0x7FFF
   0034 18 1B                74 	jr	00105$
   0036                      75 00102$:
                             76 ;../_fs2sint.c:86: if (sl<=INT_MIN)
   0036 3E 00                77 	ld	a,#0x00
   0038 91                   78 	sub	a, c
   0039 3E 80                79 	ld	a,#0x80
   003B 98                   80 	sbc	a, b
   003C 3E FF                81 	ld	a,#0xFF
   003E 9B                   82 	sbc	a, e
   003F 3E FF                83 	ld	a,#0xFF
   0041 9A                   84 	sbc	a, d
   0042 E2r47s00             85 	jp	PO, 00110$
   0045 EE 80                86 	xor	a, #0x80
   0047                      87 00110$:
   0047 FAr4Fs00             88 	jp	M,00104$
                             89 ;../_fs2sint.c:87: return -INT_MIN;
   004A 21 00 80             90 	ld	hl,#0xFFFF8000
   004D 18 02                91 	jr	00105$
   004F                      92 00104$:
                             93 ;../_fs2sint.c:88: return sl;
   004F 69                   94 	ld	l,c
   0050 60                   95 	ld	h,b
   0051                      96 00105$:
   0051 DD E1                97 	pop	ix
   0053 C9                   98 	ret
   0054                      99 ___fs2sint_end::
                            100 	.area _HOME
                            101 ;--------------------------------------------------------
                            102 ; code
                            103 ;--------------------------------------------------------
                            104 	.area _CODE
                            105 	.area _CODE
                            106 	.area _CABS
