                              1 ;--------------------------------------------------------
                              2 ; File Created by SDCC : free open source ANSI-C Compiler
                              3 ; Version 3.0.1 #6227 (Oct  2 2015) (Linux)
                              4 ; This file was generated Fri Oct  2 17:18:16 2015
                              5 ;--------------------------------------------------------
                              6 	.module _fssub
                              7 	.optsdcc -mz80
                              8 	
                              9 ;--------------------------------------------------------
                             10 ; Public variables in this module
                             11 ;--------------------------------------------------------
                             12 	.globl ___fssub
                             13 ;--------------------------------------------------------
                             14 ; special function registers
                             15 ;--------------------------------------------------------
                             16 ;--------------------------------------------------------
                             17 ;  ram data
                             18 ;--------------------------------------------------------
                             19 	.area _DATA
                             20 ;--------------------------------------------------------
                             21 ; overlayable items in  ram 
                             22 ;--------------------------------------------------------
                             23 	.area _OVERLAY
                             24 ;--------------------------------------------------------
                             25 ; external initialized ram data
                             26 ;--------------------------------------------------------
                             27 ;--------------------------------------------------------
                             28 ; global & static initialisations
                             29 ;--------------------------------------------------------
                             30 	.area _HOME
                             31 	.area _GSINIT
                             32 	.area _GSFINAL
                             33 	.area _GSINIT
                             34 ;--------------------------------------------------------
                             35 ; Home
                             36 ;--------------------------------------------------------
                             37 	.area _HOME
                             38 ;../_fssub.c:73: float __fssub (float a1, float a2)
                             39 ;	---------------------------------
                             40 ; Function __fssub
                             41 ; ---------------------------------
   0000                      42 ___fssub_start::
   0000                      43 ___fssub:
   0000 DD E5                44 	push	ix
   0002 DD 21 00 00          45 	ld	ix,#0
   0006 DD 39                46 	add	ix,sp
                             47 ;../_fssub.c:75: float neg = -a1;
   0008 DD 7E 07             48 	ld	a,7 (ix)
   000B EE 80                49 	xor	a,#0x80
   000D 57                   50 	ld	d,a
   000E DD 4E 04             51 	ld	c,4 (ix)
   0011 DD 46 05             52 	ld	b,5 (ix)
   0014 DD 5E 06             53 	ld	e,6 (ix)
                             54 ;../_fssub.c:76: return -(neg + a2);
   0017 DD 6E 0A             55 	ld	l,10 (ix)
   001A DD 66 0B             56 	ld	h,11 (ix)
   001D E5                   57 	push	hl
   001E DD 6E 08             58 	ld	l,8 (ix)
   0021 DD 66 09             59 	ld	h,9 (ix)
   0024 E5                   60 	push	hl
   0025 D5                   61 	push	de
   0026 C5                   62 	push	bc
   0027 CDr00s00             63 	call	___fsadd
   002A F1                   64 	pop	af
   002B F1                   65 	pop	af
   002C F1                   66 	pop	af
   002D F1                   67 	pop	af
   002E 44                   68 	ld	b,h
   002F 4D                   69 	ld	c,l
   0030 7A                   70 	ld	a,d
   0031 EE 80                71 	xor	a,#0x80
   0033 57                   72 	ld	d,a
   0034 69                   73 	ld	l,c
   0035 60                   74 	ld	h,b
   0036 DD E1                75 	pop	ix
   0038 C9                   76 	ret
   0039                      77 ___fssub_end::
                             78 	.area _HOME
                             79 ;--------------------------------------------------------
                             80 ; code
                             81 ;--------------------------------------------------------
                             82 	.area _CODE
                             83 	.area _CODE
                             84 	.area _CABS
