                              1 ;--------------------------------------------------------
                              2 ; File Created by SDCC : free open source ANSI-C Compiler
                              3 ; Version 3.0.1 #6227 (Oct  2 2015) (Linux)
                              4 ; This file was generated Fri Oct  2 17:18:17 2015
                              5 ;--------------------------------------------------------
                              6 	.module _iscntrl
                              7 	.optsdcc -mz80
                              8 	
                              9 ;--------------------------------------------------------
                             10 ; Public variables in this module
                             11 ;--------------------------------------------------------
                             12 	.globl _iscntrl
                             13 ;--------------------------------------------------------
                             14 ; special function registers
                             15 ;--------------------------------------------------------
                             16 ;--------------------------------------------------------
                             17 ;  ram data
                             18 ;--------------------------------------------------------
                             19 	.area _DATA
                             20 ;--------------------------------------------------------
                             21 ; overlayable items in  ram 
                             22 ;--------------------------------------------------------
                             23 	.area _OVERLAY
                             24 ;--------------------------------------------------------
                             25 ; external initialized ram data
                             26 ;--------------------------------------------------------
                             27 ;--------------------------------------------------------
                             28 ; global & static initialisations
                             29 ;--------------------------------------------------------
                             30 	.area _HOME
                             31 	.area _GSINIT
                             32 	.area _GSFINAL
                             33 	.area _GSINIT
                             34 ;--------------------------------------------------------
                             35 ; Home
                             36 ;--------------------------------------------------------
                             37 	.area _HOME
                             38 	.area _HOME
                             39 ;--------------------------------------------------------
                             40 ; code
                             41 ;--------------------------------------------------------
                             42 	.area _CODE
                             43 ;../_iscntrl.c:31: char iscntrl (unsigned char c)
                             44 ;	---------------------------------
                             45 ; Function iscntrl
                             46 ; ---------------------------------
   0000                      47 _iscntrl_start::
   0000                      48 _iscntrl:
   0000 DD E5                49 	push	ix
   0002 DD 21 00 00          50 	ld	ix,#0
   0006 DD 39                51 	add	ix,sp
                             52 ;../_iscntrl.c:33: if  ( c <= 0x1F || c == 0x7f )
   0008 3E 1F                53 	ld	a,#0x1F
   000A DD 96 04             54 	sub	a, 4 (ix)
   000D 30 07                55 	jr	NC,00101$
   000F DD 7E 04             56 	ld	a,4 (ix)
   0012 D6 7F                57 	sub	a,#0x7F
   0014 20 04                58 	jr	NZ,00102$
   0016                      59 00101$:
                             60 ;../_iscntrl.c:34: return 1;
   0016 2E 01                61 	ld	l,#0x01
   0018 18 02                62 	jr	00104$
   001A                      63 00102$:
                             64 ;../_iscntrl.c:35: return 0;
   001A 2E 00                65 	ld	l,#0x00
   001C                      66 00104$:
   001C DD E1                67 	pop	ix
   001E C9                   68 	ret
   001F                      69 _iscntrl_end::
                             70 	.area _CODE
                             71 	.area _CABS
