                              1 ;--------------------------------------------------------
                              2 ; File Created by SDCC : free open source ANSI-C Compiler
                              3 ; Version 3.0.1 #6227 (Oct  2 2015) (Linux)
                              4 ; This file was generated Fri Oct  2 17:18:17 2015
                              5 ;--------------------------------------------------------
                              6 	.module _islower
                              7 	.optsdcc -mz80
                              8 	
                              9 ;--------------------------------------------------------
                             10 ; Public variables in this module
                             11 ;--------------------------------------------------------
                             12 	.globl _islower
                             13 ;--------------------------------------------------------
                             14 ; special function registers
                             15 ;--------------------------------------------------------
                             16 ;--------------------------------------------------------
                             17 ;  ram data
                             18 ;--------------------------------------------------------
                             19 	.area _DATA
                             20 ;--------------------------------------------------------
                             21 ; overlayable items in  ram 
                             22 ;--------------------------------------------------------
                             23 	.area _OVERLAY
                             24 ;--------------------------------------------------------
                             25 ; external initialized ram data
                             26 ;--------------------------------------------------------
                             27 ;--------------------------------------------------------
                             28 ; global & static initialisations
                             29 ;--------------------------------------------------------
                             30 	.area _HOME
                             31 	.area _GSINIT
                             32 	.area _GSFINAL
                             33 	.area _GSINIT
                             34 ;--------------------------------------------------------
                             35 ; Home
                             36 ;--------------------------------------------------------
                             37 	.area _HOME
                             38 	.area _HOME
                             39 ;--------------------------------------------------------
                             40 ; code
                             41 ;--------------------------------------------------------
                             42 	.area _CODE
                             43 ;../_islower.c:33: char islower (unsigned char c)
                             44 ;	---------------------------------
                             45 ; Function islower
                             46 ; ---------------------------------
   0000                      47 _islower_start::
   0000                      48 _islower:
   0000 DD E5                49 	push	ix
   0002 DD 21 00 00          50 	ld	ix,#0
   0006 DD 39                51 	add	ix,sp
                             52 ;../_islower.c:35: if  ( c >= UC('a') && c <= UC('z') )
   0008 DD 7E 04             53 	ld	a,4 (ix)
   000B D6 61                54 	sub	a, #0x61
   000D 38 0B                55 	jr	C,00102$
   000F 3E 7A                56 	ld	a,#0x7A
   0011 DD 96 04             57 	sub	a, 4 (ix)
   0014 38 04                58 	jr	C,00102$
                             59 ;../_islower.c:36: return 1;
   0016 2E 01                60 	ld	l,#0x01
   0018 18 02                61 	jr	00104$
   001A                      62 00102$:
                             63 ;../_islower.c:37: return 0;
   001A 2E 00                64 	ld	l,#0x00
   001C                      65 00104$:
   001C DD E1                66 	pop	ix
   001E C9                   67 	ret
   001F                      68 _islower_end::
                             69 	.area _CODE
                             70 	.area _CABS
