                              1 ;--------------------------------------------------------
                              2 ; File Created by SDCC : free open source ANSI-C Compiler
                              3 ; Version 3.0.1 #6227 (Oct  2 2015) (Linux)
                              4 ; This file was generated Fri Oct  2 17:18:17 2015
                              5 ;--------------------------------------------------------
                              6 	.module _isspace
                              7 	.optsdcc -mz80
                              8 	
                              9 ;--------------------------------------------------------
                             10 ; Public variables in this module
                             11 ;--------------------------------------------------------
                             12 	.globl _isspace
                             13 ;--------------------------------------------------------
                             14 ; special function registers
                             15 ;--------------------------------------------------------
                             16 ;--------------------------------------------------------
                             17 ;  ram data
                             18 ;--------------------------------------------------------
                             19 	.area _DATA
                             20 ;--------------------------------------------------------
                             21 ; overlayable items in  ram 
                             22 ;--------------------------------------------------------
                             23 	.area _OVERLAY
                             24 ;--------------------------------------------------------
                             25 ; external initialized ram data
                             26 ;--------------------------------------------------------
                             27 ;--------------------------------------------------------
                             28 ; global & static initialisations
                             29 ;--------------------------------------------------------
                             30 	.area _HOME
                             31 	.area _GSINIT
                             32 	.area _GSFINAL
                             33 	.area _GSINIT
                             34 ;--------------------------------------------------------
                             35 ; Home
                             36 ;--------------------------------------------------------
                             37 	.area _HOME
                             38 	.area _HOME
                             39 ;--------------------------------------------------------
                             40 ; code
                             41 ;--------------------------------------------------------
                             42 	.area _CODE
                             43 ;../_isspace.c:33: char isspace (unsigned char c)
                             44 ;	---------------------------------
                             45 ; Function isspace
                             46 ; ---------------------------------
   0000                      47 _isspace_start::
   0000                      48 _isspace:
   0000 DD E5                49 	push	ix
   0002 DD 21 00 00          50 	ld	ix,#0
   0006 DD 39                51 	add	ix,sp
                             52 ;../_isspace.c:35: if ( c == UC(' ')  ||
   0008 DD 7E 04             53 	ld	a,4 (ix)
   000B D6 20                54 	sub	a,#0x20
   000D 28 23                55 	jr	Z,00101$
                             56 ;../_isspace.c:36: c == UC('\f') ||
   000F DD 7E 04             57 	ld	a,4 (ix)
   0012 D6 0C                58 	sub	a,#0x0C
   0014 28 1C                59 	jr	Z,00101$
                             60 ;../_isspace.c:37: c == UC('\n') ||
   0016 DD 7E 04             61 	ld	a,4 (ix)
   0019 D6 0A                62 	sub	a,#0x0A
   001B 28 15                63 	jr	Z,00101$
                             64 ;../_isspace.c:38: c == UC('\r') ||
   001D DD 7E 04             65 	ld	a,4 (ix)
   0020 D6 0D                66 	sub	a,#0x0D
   0022 28 0E                67 	jr	Z,00101$
                             68 ;../_isspace.c:39: c == UC('\t') ||
   0024 DD 7E 04             69 	ld	a,4 (ix)
   0027 D6 09                70 	sub	a,#0x09
   0029 28 07                71 	jr	Z,00101$
                             72 ;../_isspace.c:40: c == UC('\v') )
   002B DD 7E 04             73 	ld	a,4 (ix)
   002E D6 0B                74 	sub	a,#0x0B
   0030 20 04                75 	jr	NZ,00102$
   0032                      76 00101$:
                             77 ;../_isspace.c:41: return 1;
   0032 2E 01                78 	ld	l,#0x01
   0034 18 02                79 	jr	00108$
   0036                      80 00102$:
                             81 ;../_isspace.c:42: return 0;
   0036 2E 00                82 	ld	l,#0x00
   0038                      83 00108$:
   0038 DD E1                84 	pop	ix
   003A C9                   85 	ret
   003B                      86 _isspace_end::
                             87 	.area _CODE
                             88 	.area _CABS
