                              1 ;--------------------------------------------------------
                              2 ; File Created by SDCC : free open source ANSI-C Compiler
                              3 ; Version 3.0.1 #6227 (Oct  2 2015) (Linux)
                              4 ; This file was generated Fri Oct  2 17:18:17 2015
                              5 ;--------------------------------------------------------
                              6 	.module _isxdigit
                              7 	.optsdcc -mz80
                              8 	
                              9 ;--------------------------------------------------------
                             10 ; Public variables in this module
                             11 ;--------------------------------------------------------
                             12 	.globl _isxdigit
                             13 ;--------------------------------------------------------
                             14 ; special function registers
                             15 ;--------------------------------------------------------
                             16 ;--------------------------------------------------------
                             17 ;  ram data
                             18 ;--------------------------------------------------------
                             19 	.area _DATA
                             20 ;--------------------------------------------------------
                             21 ; overlayable items in  ram 
                             22 ;--------------------------------------------------------
                             23 	.area _OVERLAY
                             24 ;--------------------------------------------------------
                             25 ; external initialized ram data
                             26 ;--------------------------------------------------------
                             27 ;--------------------------------------------------------
                             28 ; global & static initialisations
                             29 ;--------------------------------------------------------
                             30 	.area _HOME
                             31 	.area _GSINIT
                             32 	.area _GSFINAL
                             33 	.area _GSINIT
                             34 ;--------------------------------------------------------
                             35 ; Home
                             36 ;--------------------------------------------------------
                             37 	.area _HOME
                             38 	.area _HOME
                             39 ;--------------------------------------------------------
                             40 ; code
                             41 ;--------------------------------------------------------
                             42 	.area _CODE
                             43 ;../_isxdigit.c:33: char isxdigit (unsigned char c)
                             44 ;	---------------------------------
                             45 ; Function isxdigit
                             46 ; ---------------------------------
   0000                      47 _isxdigit_start::
   0000                      48 _isxdigit:
   0000 DD E5                49 	push	ix
   0002 DD 21 00 00          50 	ld	ix,#0
   0006 DD 39                51 	add	ix,sp
                             52 ;../_isxdigit.c:35: if ( ( c >= UC('0') && c <= UC('9')) ||
   0008 DD 7E 04             53 	ld	a,4 (ix)
   000B D6 30                54 	sub	a, #0x30
   000D 38 07                55 	jr	C,00105$
   000F 3E 39                56 	ld	a,#0x39
   0011 DD 96 04             57 	sub	a, 4 (ix)
   0014 30 1C                58 	jr	NC,00101$
   0016                      59 00105$:
                             60 ;../_isxdigit.c:36: ( c >= UC('a') && c <= UC('f')) ||
   0016 DD 7E 04             61 	ld	a,4 (ix)
   0019 D6 61                62 	sub	a, #0x61
   001B 38 07                63 	jr	C,00107$
   001D 3E 66                64 	ld	a,#0x66
   001F DD 96 04             65 	sub	a, 4 (ix)
   0022 30 0E                66 	jr	NC,00101$
   0024                      67 00107$:
                             68 ;../_isxdigit.c:37: ( c >= UC('A') && c <= UC('F')) )
   0024 DD 7E 04             69 	ld	a,4 (ix)
   0027 D6 41                70 	sub	a, #0x41
   0029 38 0B                71 	jr	C,00102$
   002B 3E 46                72 	ld	a,#0x46
   002D DD 96 04             73 	sub	a, 4 (ix)
   0030 38 04                74 	jr	C,00102$
   0032                      75 00101$:
                             76 ;../_isxdigit.c:38: return 1;
   0032 2E 01                77 	ld	l,#0x01
   0034 18 02                78 	jr	00108$
   0036                      79 00102$:
                             80 ;../_isxdigit.c:39: return 0;
   0036 2E 00                81 	ld	l,#0x00
   0038                      82 00108$:
   0038 DD E1                83 	pop	ix
   003A C9                   84 	ret
   003B                      85 _isxdigit_end::
                             86 	.area _CODE
                             87 	.area _CABS
