                              1 ;--------------------------------------------------------
                              2 ; File Created by SDCC : free open source ANSI-C Compiler
                              3 ; Version 3.0.1 #6227 (Oct  2 2015) (Linux)
                              4 ; This file was generated Fri Oct  2 17:18:18 2015
                              5 ;--------------------------------------------------------
                              6 	.module _startup
                              7 	.optsdcc -mz80
                              8 	
                              9 ;--------------------------------------------------------
                             10 ; Public variables in this module
                             11 ;--------------------------------------------------------
                             12 	.globl __sdcc_external_startup
                             13 ;--------------------------------------------------------
                             14 ; special function registers
                             15 ;--------------------------------------------------------
                             16 ;--------------------------------------------------------
                             17 ;  ram data
                             18 ;--------------------------------------------------------
                             19 	.area _DATA
                             20 ;--------------------------------------------------------
                             21 ; overlayable items in  ram 
                             22 ;--------------------------------------------------------
                             23 	.area _OVERLAY
                             24 ;--------------------------------------------------------
                             25 ; external initialized ram data
                             26 ;--------------------------------------------------------
                             27 ;--------------------------------------------------------
                             28 ; global & static initialisations
                             29 ;--------------------------------------------------------
                             30 	.area _HOME
                             31 	.area _GSINIT
                             32 	.area _GSFINAL
                             33 	.area _GSINIT
                             34 ;--------------------------------------------------------
                             35 ; Home
                             36 ;--------------------------------------------------------
                             37 	.area _HOME
                             38 ;../_startup.c:45: unsigned char _sdcc_external_startup (void) __nonbanked
                             39 ;	---------------------------------
                             40 ; Function _sdcc_external_startup
                             41 ; ---------------------------------
   0000                      42 __sdcc_external_startup_start::
   0000                      43 __sdcc_external_startup:
                             44 ;../_startup.c:47: return 0;
   0000 2E 00                45 	ld	l,#0x00
   0002 C9                   46 	ret
   0003                      47 __sdcc_external_startup_end::
                             48 	.area _HOME
                             49 ;--------------------------------------------------------
                             50 ; code
                             51 ;--------------------------------------------------------
                             52 	.area _CODE
                             53 	.area _CODE
                             54 	.area _CABS
