                              1 ;--------------------------------------------------------
                              2 ; File Created by SDCC : free open source ANSI-C Compiler
                              3 ; Version 3.0.1 #6227 (Oct  2 2015) (Linux)
                              4 ; This file was generated Fri Oct  2 17:18:17 2015
                              5 ;--------------------------------------------------------
                              6 	.module _strchr
                              7 	.optsdcc -mz80
                              8 	
                              9 ;--------------------------------------------------------
                             10 ; Public variables in this module
                             11 ;--------------------------------------------------------
                             12 	.globl _strchr
                             13 ;--------------------------------------------------------
                             14 ; special function registers
                             15 ;--------------------------------------------------------
                             16 ;--------------------------------------------------------
                             17 ;  ram data
                             18 ;--------------------------------------------------------
                             19 	.area _DATA
                             20 ;--------------------------------------------------------
                             21 ; overlayable items in  ram 
                             22 ;--------------------------------------------------------
                             23 	.area _OVERLAY
                             24 ;--------------------------------------------------------
                             25 ; external initialized ram data
                             26 ;--------------------------------------------------------
                             27 ;--------------------------------------------------------
                             28 ; global & static initialisations
                             29 ;--------------------------------------------------------
                             30 	.area _HOME
                             31 	.area _GSINIT
                             32 	.area _GSFINAL
                             33 	.area _GSINIT
                             34 ;--------------------------------------------------------
                             35 ; Home
                             36 ;--------------------------------------------------------
                             37 	.area _HOME
                             38 	.area _HOME
                             39 ;--------------------------------------------------------
                             40 ; code
                             41 ;--------------------------------------------------------
                             42 	.area _CODE
                             43 ;../_strchr.c:31: char * strchr (
                             44 ;	---------------------------------
                             45 ; Function strchr
                             46 ; ---------------------------------
   0000                      47 _strchr_start::
   0000                      48 _strchr:
   0000 DD E5                49 	push	ix
   0002 DD 21 00 00          50 	ld	ix,#0
   0006 DD 39                51 	add	ix,sp
                             52 ;../_strchr.c:36: while (*string && *string != ch)
   0008 DD 4E 04             53 	ld	c,4 (ix)
   000B DD 46 05             54 	ld	b,5 (ix)
   000E                      55 00102$:
   000E 0A                   56 	ld	a,(bc)
   000F B7                   57 	or	a,a
   0010 28 08                58 	jr	Z,00104$
   0012 DD 96 06             59 	sub	a,6 (ix)
   0015 28 03                60 	jr	Z,00104$
                             61 ;../_strchr.c:37: string++;
   0017 03                   62 	inc	bc
   0018 18 F4                63 	jr	00102$
   001A                      64 00104$:
                             65 ;../_strchr.c:39: if (*string == ch)
   001A 0A                   66 	ld	a,(bc)
   001B DD 96 06             67 	sub	a,6 (ix)
   001E 20 04                68 	jr	NZ,00106$
                             69 ;../_strchr.c:40: return(string);
   0020 69                   70 	ld	l,c
   0021 60                   71 	ld	h,b
   0022 18 03                72 	jr	00107$
   0024                      73 00106$:
                             74 ;../_strchr.c:41: return ( NULL );
   0024 21 00 00             75 	ld	hl,#0x0000
   0027                      76 00107$:
   0027 DD E1                77 	pop	ix
   0029 C9                   78 	ret
   002A                      79 _strchr_end::
                             80 	.area _CODE
                             81 	.area _CABS
