                              1 ;--------------------------------------------------------
                              2 ; File Created by SDCC : free open source ANSI-C Compiler
                              3 ; Version 3.0.1 #6227 (Oct  2 2015) (Linux)
                              4 ; This file was generated Fri Oct  2 17:18:17 2015
                              5 ;--------------------------------------------------------
                              6 	.module _strncat
                              7 	.optsdcc -mz80
                              8 	
                              9 ;--------------------------------------------------------
                             10 ; Public variables in this module
                             11 ;--------------------------------------------------------
                             12 	.globl _strncat
                             13 ;--------------------------------------------------------
                             14 ; special function registers
                             15 ;--------------------------------------------------------
                             16 ;--------------------------------------------------------
                             17 ;  ram data
                             18 ;--------------------------------------------------------
                             19 	.area _DATA
                             20 ;--------------------------------------------------------
                             21 ; overlayable items in  ram 
                             22 ;--------------------------------------------------------
                             23 	.area _OVERLAY
                             24 ;--------------------------------------------------------
                             25 ; external initialized ram data
                             26 ;--------------------------------------------------------
                             27 ;--------------------------------------------------------
                             28 ; global & static initialisations
                             29 ;--------------------------------------------------------
                             30 	.area _HOME
                             31 	.area _GSINIT
                             32 	.area _GSFINAL
                             33 	.area _GSINIT
                             34 ;--------------------------------------------------------
                             35 ; Home
                             36 ;--------------------------------------------------------
                             37 	.area _HOME
                             38 	.area _HOME
                             39 ;--------------------------------------------------------
                             40 ; code
                             41 ;--------------------------------------------------------
                             42 	.area _CODE
                             43 ;../_strncat.c:31: char * strncat (
                             44 ;	---------------------------------
                             45 ; Function strncat
                             46 ; ---------------------------------
   0000                      47 _strncat_start::
   0000                      48 _strncat:
   0000 DD E5                49 	push	ix
   0002 DD 21 00 00          50 	ld	ix,#0
   0006 DD 39                51 	add	ix,sp
   0008 21 FA FF             52 	ld	hl,#-6
   000B 39                   53 	add	hl,sp
   000C F9                   54 	ld	sp,hl
                             55 ;../_strncat.c:37: char *start = front;
   000D DD 7E 04             56 	ld	a,4 (ix)
   0010 DD 77 FE             57 	ld	-2 (ix),a
   0013 DD 7E 05             58 	ld	a,5 (ix)
   0016 DD 77 FF             59 	ld	-1 (ix),a
                             60 ;../_strncat.c:39: while (*front++);
   0019 DD 5E FE             61 	ld	e,-2 (ix)
   001C DD 56 FF             62 	ld	d,-1 (ix)
   001F                      63 00101$:
   001F 1A                   64 	ld	a,(de)
   0020 13                   65 	inc	de
   0021 B7                   66 	or	a,a
   0022 20 FB                67 	jr	NZ,00101$
                             68 ;../_strncat.c:41: front--;
   0024 7B                   69 	ld	a,e
   0025 C6 FF                70 	add	a,#0xFF
   0027 DD 77 04             71 	ld	4 (ix),a
   002A 7A                   72 	ld	a,d
   002B CE FF                73 	adc	a,#0xFF
   002D DD 77 05             74 	ld	5 (ix),a
                             75 ;../_strncat.c:43: while (count--)
   0030 DD 5E 06             76 	ld	e,6 (ix)
   0033 DD 56 07             77 	ld	d,7 (ix)
   0036 DD 7E 04             78 	ld	a,4 (ix)
   0039 DD 77 FC             79 	ld	-4 (ix),a
   003C DD 7E 05             80 	ld	a,5 (ix)
   003F DD 77 FD             81 	ld	-3 (ix),a
   0042 DD 7E 08             82 	ld	a,8 (ix)
   0045 DD 77 FA             83 	ld	-6 (ix),a
   0048 DD 7E 09             84 	ld	a,9 (ix)
   004B DD 77 FB             85 	ld	-5 (ix),a
   004E                      86 00106$:
   004E DD 6E FA             87 	ld	l,-6 (ix)
   0051 DD 66 FB             88 	ld	h,-5 (ix)
   0054 DD 6E FA             89 	ld	l,-6 (ix)
   0057 DD 66 FB             90 	ld	h,-5 (ix)
   005A 2B                   91 	dec	hl
   005B DD 75 FA             92 	ld	-6 (ix),l
   005E DD 74 FB             93 	ld	-5 (ix),h
   0061 7D                   94 	ld	a,l
   0062 B4                   95 	or	a,h
   0063 28 2A                96 	jr	Z,00108$
                             97 ;../_strncat.c:44: if (!(*front++ = *back++))
   0065 1A                   98 	ld	a,(de)
   0066 4F                   99 	ld	c,a
   0067 13                  100 	inc	de
   0068 DD 6E FC            101 	ld	l,-4 (ix)
   006B DD 66 FD            102 	ld	h,-3 (ix)
   006E 71                  103 	ld	(hl),c
   006F DD 34 FC            104 	inc	-4 (ix)
   0072 20 03               105 	jr	NZ,00117$
   0074 DD 34 FD            106 	inc	-3 (ix)
   0077                     107 00117$:
   0077 DD 7E FC            108 	ld	a,-4 (ix)
   007A DD 77 04            109 	ld	4 (ix),a
   007D DD 7E FD            110 	ld	a,-3 (ix)
   0080 DD 77 05            111 	ld	5 (ix),a
   0083 AF                  112 	xor	a,a
   0084 B1                  113 	or	a,c
   0085 20 C7               114 	jr	NZ,00106$
                            115 ;../_strncat.c:45: return(start);
   0087 DD 6E FE            116 	ld	l,-2 (ix)
   008A DD 66 FF            117 	ld	h,-1 (ix)
   008D 18 0E               118 	jr	00109$
   008F                     119 00108$:
                            120 ;../_strncat.c:47: *front = '\0';
   008F DD 6E 04            121 	ld	l,4 (ix)
   0092 DD 66 05            122 	ld	h,5 (ix)
   0095 36 00               123 	ld	(hl),#0x00
                            124 ;../_strncat.c:48: return(start);
   0097 DD 6E FE            125 	ld	l,-2 (ix)
   009A DD 66 FF            126 	ld	h,-1 (ix)
   009D                     127 00109$:
   009D DD F9               128 	ld	sp,ix
   009F DD E1               129 	pop	ix
   00A1 C9                  130 	ret
   00A2                     131 _strncat_end::
                            132 	.area _CODE
                            133 	.area _CABS
