                              1 ;--------------------------------------------------------
                              2 ; File Created by SDCC : free open source ANSI-C Compiler
                              3 ; Version 3.0.1 #6227 (Oct  2 2015) (Linux)
                              4 ; This file was generated Fri Oct  2 17:18:16 2015
                              5 ;--------------------------------------------------------
                              6 	.module _uint2fs
                              7 	.optsdcc -mz80
                              8 	
                              9 ;--------------------------------------------------------
                             10 ; Public variables in this module
                             11 ;--------------------------------------------------------
                             12 	.globl ___uint2fs
                             13 ;--------------------------------------------------------
                             14 ; special function registers
                             15 ;--------------------------------------------------------
                             16 ;--------------------------------------------------------
                             17 ;  ram data
                             18 ;--------------------------------------------------------
                             19 	.area _DATA
                             20 ;--------------------------------------------------------
                             21 ; overlayable items in  ram 
                             22 ;--------------------------------------------------------
                             23 	.area _OVERLAY
                             24 ;--------------------------------------------------------
                             25 ; external initialized ram data
                             26 ;--------------------------------------------------------
                             27 ;--------------------------------------------------------
                             28 ; global & static initialisations
                             29 ;--------------------------------------------------------
                             30 	.area _HOME
                             31 	.area _GSINIT
                             32 	.area _GSFINAL
                             33 	.area _GSINIT
                             34 ;--------------------------------------------------------
                             35 ; Home
                             36 ;--------------------------------------------------------
                             37 	.area _HOME
                             38 ;../_uint2fs.c:54: float __uint2fs (unsigned int ui) {
                             39 ;	---------------------------------
                             40 ; Function __uint2fs
                             41 ; ---------------------------------
   0000                      42 ___uint2fs_start::
   0000                      43 ___uint2fs:
   0000 DD E5                44 	push	ix
   0002 DD 21 00 00          45 	ld	ix,#0
   0006 DD 39                46 	add	ix,sp
                             47 ;../_uint2fs.c:55: return __ulong2fs(ui);
   0008 DD 4E 04             48 	ld	c,4 (ix)
   000B DD 46 05             49 	ld	b,5 (ix)
   000E 21 00 00             50 	ld	hl,#0x0000
   0011 E5                   51 	push	hl
   0012 C5                   52 	push	bc
   0013 CDr00s00             53 	call	___ulong2fs
   0016 F1                   54 	pop	af
   0017 F1                   55 	pop	af
   0018 DD E1                56 	pop	ix
   001A C9                   57 	ret
   001B                      58 ___uint2fs_end::
                             59 	.area _HOME
                             60 ;--------------------------------------------------------
                             61 ; code
                             62 ;--------------------------------------------------------
                             63 	.area _CODE
                             64 	.area _CODE
                             65 	.area _CABS
