                              1 ;--------------------------------------------------------
                              2 ; File Created by SDCC : free open source ANSI-C Compiler
                              3 ; Version 3.0.1 #6227 (Oct  2 2015) (Linux)
                              4 ; This file was generated Fri Oct  2 17:18:17 2015
                              5 ;--------------------------------------------------------
                              6 	.module labs
                              7 	.optsdcc -mz80
                              8 	
                              9 ;--------------------------------------------------------
                             10 ; Public variables in this module
                             11 ;--------------------------------------------------------
                             12 	.globl _labs
                             13 ;--------------------------------------------------------
                             14 ; special function registers
                             15 ;--------------------------------------------------------
                             16 ;--------------------------------------------------------
                             17 ;  ram data
                             18 ;--------------------------------------------------------
                             19 	.area _DATA
                             20 ;--------------------------------------------------------
                             21 ; overlayable items in  ram 
                             22 ;--------------------------------------------------------
                             23 	.area _OVERLAY
                             24 ;--------------------------------------------------------
                             25 ; external initialized ram data
                             26 ;--------------------------------------------------------
                             27 ;--------------------------------------------------------
                             28 ; global & static initialisations
                             29 ;--------------------------------------------------------
                             30 	.area _HOME
                             31 	.area _GSINIT
                             32 	.area _GSFINAL
                             33 	.area _GSINIT
                             34 ;--------------------------------------------------------
                             35 ; Home
                             36 ;--------------------------------------------------------
                             37 	.area _HOME
                             38 	.area _HOME
                             39 ;--------------------------------------------------------
                             40 ; code
                             41 ;--------------------------------------------------------
                             42 	.area _CODE
                             43 ;../labs.c:63: long int labs(long int j)
                             44 ;	---------------------------------
                             45 ; Function labs
                             46 ; ---------------------------------
   0000                      47 _labs_start::
   0000                      48 _labs:
   0000 DD E5                49 	push	ix
   0002 DD 21 00 00          50 	ld	ix,#0
   0006 DD 39                51 	add	ix,sp
                             52 ;../labs.c:65: return (j < 0) ? -j : j;
   0008 DD CB 07 7E          53 	bit	7,7 (ix)
   000C 28 19                54 	jr	Z,00103$
   000E AF                   55 	xor	a,a
   000F DD 9E 04             56 	sbc	a,4 (ix)
   0012 4F                   57 	ld	c,a
   0013 3E 00                58 	ld	a,#0x00
   0015 DD 9E 05             59 	sbc	a,5 (ix)
   0018 47                   60 	ld	b,a
   0019 3E 00                61 	ld	a,#0x00
   001B DD 9E 06             62 	sbc	a,6 (ix)
   001E 5F                   63 	ld	e,a
   001F 3E 00                64 	ld	a,#0x00
   0021 DD 9E 07             65 	sbc	a,7 (ix)
   0024 57                   66 	ld	d,a
   0025 18 0C                67 	jr	00104$
   0027                      68 00103$:
   0027 DD 4E 04             69 	ld	c,4 (ix)
   002A DD 46 05             70 	ld	b,5 (ix)
   002D DD 5E 06             71 	ld	e,6 (ix)
   0030 DD 56 07             72 	ld	d,7 (ix)
   0033                      73 00104$:
   0033 69                   74 	ld	l,c
   0034 60                   75 	ld	h,b
   0035 DD E1                76 	pop	ix
   0037 C9                   77 	ret
   0038                      78 _labs_end::
                             79 	.area _CODE
                             80 	.area _CABS
