                              1 ;--------------------------------------------------------
                              2 ; File Created by SDCC : free open source ANSI-C Compiler
                              3 ; Version 3.0.1 #6227 (Oct  2 2015) (Linux)
                              4 ; This file was generated Fri Oct  2 17:18:17 2015
                              5 ;--------------------------------------------------------
                              6 	.module log10f
                              7 	.optsdcc -mz80
                              8 	
                              9 ;--------------------------------------------------------
                             10 ; Public variables in this module
                             11 ;--------------------------------------------------------
                             12 	.globl _log10f
                             13 ;--------------------------------------------------------
                             14 ; special function registers
                             15 ;--------------------------------------------------------
                             16 ;--------------------------------------------------------
                             17 ;  ram data
                             18 ;--------------------------------------------------------
                             19 	.area _DATA
                             20 ;--------------------------------------------------------
                             21 ; overlayable items in  ram 
                             22 ;--------------------------------------------------------
                             23 	.area _OVERLAY
                             24 ;--------------------------------------------------------
                             25 ; external initialized ram data
                             26 ;--------------------------------------------------------
                             27 ;--------------------------------------------------------
                             28 ; global & static initialisations
                             29 ;--------------------------------------------------------
                             30 	.area _HOME
                             31 	.area _GSINIT
                             32 	.area _GSFINAL
                             33 	.area _GSINIT
                             34 ;--------------------------------------------------------
                             35 ; Home
                             36 ;--------------------------------------------------------
                             37 	.area _HOME
                             38 	.area _HOME
                             39 ;--------------------------------------------------------
                             40 ; code
                             41 ;--------------------------------------------------------
                             42 	.area _CODE
                             43 ;../log10f.c:34: float log10f(const float x) _FLOAT_FUNC_REENTRANT
                             44 ;	---------------------------------
                             45 ; Function log10f
                             46 ; ---------------------------------
   0000                      47 _log10f_start::
   0000                      48 _log10f:
   0000 DD E5                49 	push	ix
   0002 DD 21 00 00          50 	ld	ix,#0
   0006 DD 39                51 	add	ix,sp
                             52 ;../log10f.c:36: return logf(x)*0.4342944819;
   0008 DD 6E 06             53 	ld	l,6 (ix)
   000B DD 66 07             54 	ld	h,7 (ix)
   000E E5                   55 	push	hl
   000F DD 6E 04             56 	ld	l,4 (ix)
   0012 DD 66 05             57 	ld	h,5 (ix)
   0015 E5                   58 	push	hl
   0016 CDr00s00             59 	call	_logf
   0019 F1                   60 	pop	af
   001A F1                   61 	pop	af
   001B 44                   62 	ld	b,h
   001C 4D                   63 	ld	c,l
   001D D5                   64 	push	de
   001E C5                   65 	push	bc
   001F 21 DE 3E             66 	ld	hl,#0x3EDE
   0022 E5                   67 	push	hl
   0023 21 D9 5B             68 	ld	hl,#0x5BD9
   0026 E5                   69 	push	hl
   0027 CDr00s00             70 	call	___fsmul
   002A F1                   71 	pop	af
   002B F1                   72 	pop	af
   002C F1                   73 	pop	af
   002D F1                   74 	pop	af
   002E DD E1                75 	pop	ix
   0030 C9                   76 	ret
   0031                      77 _log10f_end::
                             78 	.area _CODE
                             79 	.area _CABS
