                              1 ;--------------------------------------------------------
                              2 ; File Created by SDCC : free open source ANSI-C Compiler
                              3 ; Version 3.0.1 #6227 (Oct  2 2015) (Linux)
                              4 ; This file was generated Fri Oct  2 17:18:17 2015
                              5 ;--------------------------------------------------------
                              6 	.module sincoshf
                              7 	.optsdcc -mz80
                              8 	
                              9 ;--------------------------------------------------------
                             10 ; Public variables in this module
                             11 ;--------------------------------------------------------
                             12 	.globl _sincoshf
                             13 ;--------------------------------------------------------
                             14 ; special function registers
                             15 ;--------------------------------------------------------
                             16 ;--------------------------------------------------------
                             17 ;  ram data
                             18 ;--------------------------------------------------------
                             19 	.area _DATA
                             20 ;--------------------------------------------------------
                             21 ; overlayable items in  ram 
                             22 ;--------------------------------------------------------
                             23 	.area _OVERLAY
                             24 ;--------------------------------------------------------
                             25 ; external initialized ram data
                             26 ;--------------------------------------------------------
                             27 ;--------------------------------------------------------
                             28 ; global & static initialisations
                             29 ;--------------------------------------------------------
                             30 	.area _HOME
                             31 	.area _GSINIT
                             32 	.area _GSFINAL
                             33 	.area _GSINIT
                             34 ;--------------------------------------------------------
                             35 ; Home
                             36 ;--------------------------------------------------------
                             37 	.area _HOME
                             38 	.area _HOME
                             39 ;--------------------------------------------------------
                             40 ; code
                             41 ;--------------------------------------------------------
                             42 	.area _CODE
                             43 ;../sincoshf.c:53: float sincoshf(const float x, const int iscosh)
                             44 ;	---------------------------------
                             45 ; Function sincoshf
                             46 ; ---------------------------------
   0000                      47 _sincoshf_start::
   0000                      48 _sincoshf:
   0000 DD E5                49 	push	ix
   0002 DD 21 00 00          50 	ld	ix,#0
   0006 DD 39                51 	add	ix,sp
   0008 21 EF FF             52 	ld	hl,#-17
   000B 39                   53 	add	hl,sp
   000C F9                   54 	ld	sp,hl
                             55 ;../sincoshf.c:58: if (x<0.0) { y=-x; sign=1; }
   000D 21 00 00             56 	ld	hl,#0x0000
   0010 E5                   57 	push	hl
   0011 21 00 00             58 	ld	hl,#0x0000
   0014 E5                   59 	push	hl
   0015 DD 6E 06             60 	ld	l,6 (ix)
   0018 DD 66 07             61 	ld	h,7 (ix)
   001B E5                   62 	push	hl
   001C DD 6E 04             63 	ld	l,4 (ix)
   001F DD 66 05             64 	ld	h,5 (ix)
   0022 E5                   65 	push	hl
   0023 CDr00s00             66 	call	___fslt
   0026 F1                   67 	pop	af
   0027 F1                   68 	pop	af
   0028 F1                   69 	pop	af
   0029 F1                   70 	pop	af
   002A AF                   71 	xor	a,a
   002B B5                   72 	or	a,l
   002C 28 21                73 	jr	Z,00102$
   002E DD 7E 07             74 	ld	a,7 (ix)
   0031 EE 80                75 	xor	a,#0x80
   0033 57                   76 	ld	d,a
   0034 DD 4E 04             77 	ld	c,4 (ix)
   0037 DD 46 05             78 	ld	b,5 (ix)
   003A DD 5E 06             79 	ld	e,6 (ix)
   003D DD 71 FC             80 	ld	-4 (ix),c
   0040 DD 70 FD             81 	ld	-3 (ix),b
   0043 DD 73 FE             82 	ld	-2 (ix),e
   0046 DD 72 FF             83 	ld	-1 (ix),d
   0049 DD 36 F3 01          84 	ld	-13 (ix),#0x01
   004D 18 1C                85 	jr	00103$
   004F                      86 00102$:
                             87 ;../sincoshf.c:59: else { y=x;  sign=0; }
   004F DD 7E 04             88 	ld	a,4 (ix)
   0052 DD 77 FC             89 	ld	-4 (ix),a
   0055 DD 7E 05             90 	ld	a,5 (ix)
   0058 DD 77 FD             91 	ld	-3 (ix),a
   005B DD 7E 06             92 	ld	a,6 (ix)
   005E DD 77 FE             93 	ld	-2 (ix),a
   0061 DD 7E 07             94 	ld	a,7 (ix)
   0064 DD 77 FF             95 	ld	-1 (ix),a
   0067 DD 36 F3 00          96 	ld	-13 (ix),#0x00
   006B                      97 00103$:
                             98 ;../sincoshf.c:61: if ((y>1.0) || iscosh)
   006B 21 80 3F             99 	ld	hl,#0x3F80
   006E E5                  100 	push	hl
   006F 21 00 00            101 	ld	hl,#0x0000
   0072 E5                  102 	push	hl
   0073 DD 6E FE            103 	ld	l,-2 (ix)
   0076 DD 66 FF            104 	ld	h,-1 (ix)
   0079 E5                  105 	push	hl
   007A DD 6E FC            106 	ld	l,-4 (ix)
   007D DD 66 FD            107 	ld	h,-3 (ix)
   0080 E5                  108 	push	hl
   0081 CDr00s00            109 	call	___fsgt
   0084 F1                  110 	pop	af
   0085 F1                  111 	pop	af
   0086 F1                  112 	pop	af
   0087 F1                  113 	pop	af
   0088 AF                  114 	xor	a,a
   0089 B5                  115 	or	a,l
   008A 20 09               116 	jr	NZ,00117$
   008C DD 7E 08            117 	ld	a,8 (ix)
   008F DD B6 09            118 	or	a,9 (ix)
   0092 CAr30s02            119 	jp	Z,00118$
   0095                     120 00117$:
                            121 ;../sincoshf.c:63: if(y>YBAR)
   0095 21 10 41            122 	ld	hl,#0x4110
   0098 E5                  123 	push	hl
   0099 21 00 00            124 	ld	hl,#0x0000
   009C E5                  125 	push	hl
   009D DD 6E FE            126 	ld	l,-2 (ix)
   00A0 DD 66 FF            127 	ld	h,-1 (ix)
   00A3 E5                  128 	push	hl
   00A4 DD 6E FC            129 	ld	l,-4 (ix)
   00A7 DD 66 FD            130 	ld	h,-3 (ix)
   00AA E5                  131 	push	hl
   00AB CDr00s00            132 	call	___fsgt
   00AE F1                  133 	pop	af
   00AF F1                  134 	pop	af
   00B0 F1                  135 	pop	af
   00B1 F1                  136 	pop	af
   00B2 AF                  137 	xor	a,a
   00B3 B5                  138 	or	a,l
   00B4 CAr84s01            139 	jp	Z,00110$
                            140 ;../sincoshf.c:65: w=y-K1;
   00B7 21 31 3F            141 	ld	hl,#0x3F31
   00BA E5                  142 	push	hl
   00BB 21 00 73            143 	ld	hl,#0x7300
   00BE E5                  144 	push	hl
   00BF DD 6E FE            145 	ld	l,-2 (ix)
   00C2 DD 66 FF            146 	ld	h,-1 (ix)
   00C5 E5                  147 	push	hl
   00C6 DD 6E FC            148 	ld	l,-4 (ix)
   00C9 DD 66 FD            149 	ld	h,-3 (ix)
   00CC E5                  150 	push	hl
   00CD CDr00s00            151 	call	___fssub
   00D0 F1                  152 	pop	af
   00D1 F1                  153 	pop	af
   00D2 F1                  154 	pop	af
   00D3 F1                  155 	pop	af
   00D4 DD 75 F8            156 	ld	-8 (ix), l
   00D7 DD 74 F9            157 	ld	-7 (ix), h
   00DA DD 73 FA            158 	ld	-6 (ix),e
   00DD DD 72 FB            159 	ld	-5 (ix),d
                            160 ;../sincoshf.c:66: if (w>WMAX)
   00E0 21 33 42            161 	ld	hl,#0x4233
   00E3 E5                  162 	push	hl
   00E4 21 CF BD            163 	ld	hl,#0xBDCF
   00E7 E5                  164 	push	hl
   00E8 DD 6E FA            165 	ld	l,-6 (ix)
   00EB DD 66 FB            166 	ld	h,-5 (ix)
   00EE E5                  167 	push	hl
   00EF DD 6E F8            168 	ld	l,-8 (ix)
   00F2 DD 66 F9            169 	ld	h,-7 (ix)
   00F5 E5                  170 	push	hl
   00F6 CDr00s00            171 	call	___fsgt
   00F9 F1                  172 	pop	af
   00FA F1                  173 	pop	af
   00FB F1                  174 	pop	af
   00FC F1                  175 	pop	af
   00FD AF                  176 	xor	a,a
   00FE B5                  177 	or	a,l
   00FF 28 1F               178 	jr	Z,00105$
                            179 ;../sincoshf.c:68: errno=ERANGE;
   0101 FD 21r00s00         180 	ld	iy,#_errno
   0105 FD 36 00 22         181 	ld	0 (iy),#0x22
   0109 FD 36 01 00         182 	ld	1 (iy),#0x00
                            183 ;../sincoshf.c:69: z=HUGE_VALF;
   010D DD 36 F4 FF         184 	ld	-12 (ix),#0xFF
   0111 DD 36 F5 FF         185 	ld	-11 (ix),#0xFF
   0115 DD 36 F6 7F         186 	ld	-10 (ix),#0x7F
   0119 DD 36 F7 7F         187 	ld	-9 (ix),#0x7F
   011D C3r1Es02            188 	jp	00111$
   0120                     189 00105$:
                            190 ;../sincoshf.c:73: z=expf(w);
   0120 DD 6E FA            191 	ld	l,-6 (ix)
   0123 DD 66 FB            192 	ld	h,-5 (ix)
   0126 E5                  193 	push	hl
   0127 DD 6E F8            194 	ld	l,-8 (ix)
   012A DD 66 F9            195 	ld	h,-7 (ix)
   012D E5                  196 	push	hl
   012E CDr00s00            197 	call	_expf
   0131 F1                  198 	pop	af
   0132 F1                  199 	pop	af
   0133 DD 75 F4            200 	ld	-12 (ix), l
   0136 DD 74 F5            201 	ld	-11 (ix), h
   0139 DD 73 F6            202 	ld	-10 (ix),e
   013C DD 72 F7            203 	ld	-9 (ix),d
                            204 ;../sincoshf.c:74: z+=K3*z;
   013F DD 6E F6            205 	ld	l,-10 (ix)
   0142 DD 66 F7            206 	ld	h,-9 (ix)
   0145 E5                  207 	push	hl
   0146 DD 6E F4            208 	ld	l,-12 (ix)
   0149 DD 66 F5            209 	ld	h,-11 (ix)
   014C E5                  210 	push	hl
   014D 21 68 37            211 	ld	hl,#0x3768
   0150 E5                  212 	push	hl
   0151 21 97 08            213 	ld	hl,#0x0897
   0154 E5                  214 	push	hl
   0155 CDr00s00            215 	call	___fsmul
   0158 F1                  216 	pop	af
   0159 F1                  217 	pop	af
   015A F1                  218 	pop	af
   015B F1                  219 	pop	af
   015C 44                  220 	ld	b,h
   015D 4D                  221 	ld	c,l
   015E D5                  222 	push	de
   015F C5                  223 	push	bc
   0160 DD 6E F6            224 	ld	l,-10 (ix)
   0163 DD 66 F7            225 	ld	h,-9 (ix)
   0166 E5                  226 	push	hl
   0167 DD 6E F4            227 	ld	l,-12 (ix)
   016A DD 66 F5            228 	ld	h,-11 (ix)
   016D E5                  229 	push	hl
   016E CDr00s00            230 	call	___fsadd
   0171 F1                  231 	pop	af
   0172 F1                  232 	pop	af
   0173 F1                  233 	pop	af
   0174 F1                  234 	pop	af
   0175 DD 75 F4            235 	ld	-12 (ix), l
   0178 DD 74 F5            236 	ld	-11 (ix), h
   017B DD 73 F6            237 	ld	-10 (ix),e
   017E DD 72 F7            238 	ld	-9 (ix),d
   0181 C3r1Es02            239 	jp	00111$
   0184                     240 00110$:
                            241 ;../sincoshf.c:79: z=expf(y);
   0184 DD 6E FE            242 	ld	l,-2 (ix)
   0187 DD 66 FF            243 	ld	h,-1 (ix)
   018A E5                  244 	push	hl
   018B DD 6E FC            245 	ld	l,-4 (ix)
   018E DD 66 FD            246 	ld	h,-3 (ix)
   0191 E5                  247 	push	hl
   0192 CDr00s00            248 	call	_expf
   0195 F1                  249 	pop	af
   0196 F1                  250 	pop	af
   0197 DD 75 F4            251 	ld	-12 (ix), l
   019A DD 74 F5            252 	ld	-11 (ix), h
   019D DD 73 F6            253 	ld	-10 (ix),e
   01A0 DD 72 F7            254 	ld	-9 (ix),d
                            255 ;../sincoshf.c:80: w=1.0/z;
   01A3 DD 6E F6            256 	ld	l,-10 (ix)
   01A6 DD 66 F7            257 	ld	h,-9 (ix)
   01A9 E5                  258 	push	hl
   01AA DD 6E F4            259 	ld	l,-12 (ix)
   01AD DD 66 F5            260 	ld	h,-11 (ix)
   01B0 E5                  261 	push	hl
   01B1 21 80 3F            262 	ld	hl,#0x3F80
   01B4 E5                  263 	push	hl
   01B5 21 00 00            264 	ld	hl,#0x0000
   01B8 E5                  265 	push	hl
   01B9 CDr00s00            266 	call	___fsdiv
   01BC F1                  267 	pop	af
   01BD F1                  268 	pop	af
   01BE F1                  269 	pop	af
   01BF F1                  270 	pop	af
   01C0 DD 75 F8            271 	ld	-8 (ix), l
   01C3 DD 74 F9            272 	ld	-7 (ix), h
   01C6 DD 73 FA            273 	ld	-6 (ix),e
   01C9 DD 72 FB            274 	ld	-5 (ix),d
                            275 ;../sincoshf.c:81: if(!iscosh) w=-w;
   01CC DD 7E 08            276 	ld	a,8 (ix)
   01CF DD B6 09            277 	or	a,9 (ix)
   01D2 20 08               278 	jr	NZ,00108$
   01D4 DD 7E FB            279 	ld	a,-5 (ix)
   01D7 EE 80               280 	xor	a,#0x80
   01D9 DD 77 FB            281 	ld	-5 (ix),a
   01DC                     282 00108$:
                            283 ;../sincoshf.c:82: z=(z+w)*0.5;
   01DC DD 6E FA            284 	ld	l,-6 (ix)
   01DF DD 66 FB            285 	ld	h,-5 (ix)
   01E2 E5                  286 	push	hl
   01E3 DD 6E F8            287 	ld	l,-8 (ix)
   01E6 DD 66 F9            288 	ld	h,-7 (ix)
   01E9 E5                  289 	push	hl
   01EA DD 6E F6            290 	ld	l,-10 (ix)
   01ED DD 66 F7            291 	ld	h,-9 (ix)
   01F0 E5                  292 	push	hl
   01F1 DD 6E F4            293 	ld	l,-12 (ix)
   01F4 DD 66 F5            294 	ld	h,-11 (ix)
   01F7 E5                  295 	push	hl
   01F8 CDr00s00            296 	call	___fsadd
   01FB F1                  297 	pop	af
   01FC F1                  298 	pop	af
   01FD F1                  299 	pop	af
   01FE F1                  300 	pop	af
   01FF 44                  301 	ld	b,h
   0200 4D                  302 	ld	c,l
   0201 D5                  303 	push	de
   0202 C5                  304 	push	bc
   0203 21 00 3F            305 	ld	hl,#0x3F00
   0206 E5                  306 	push	hl
   0207 21 00 00            307 	ld	hl,#0x0000
   020A E5                  308 	push	hl
   020B CDr00s00            309 	call	___fsmul
   020E F1                  310 	pop	af
   020F F1                  311 	pop	af
   0210 F1                  312 	pop	af
   0211 F1                  313 	pop	af
   0212 DD 75 F4            314 	ld	-12 (ix), l
   0215 DD 74 F5            315 	ld	-11 (ix), h
   0218 DD 73 F6            316 	ld	-10 (ix),e
   021B DD 72 F7            317 	ld	-9 (ix),d
   021E                     318 00111$:
                            319 ;../sincoshf.c:84: if(sign) z=-z;
   021E DD CB F3 46         320 	bit	0,-13 (ix)
   0222 CAr7As03            321 	jp	Z,00119$
   0225 DD 7E F7            322 	ld	a,-9 (ix)
   0228 EE 80               323 	xor	a,#0x80
   022A DD 77 F7            324 	ld	-9 (ix),a
   022D C3r7As03            325 	jp	00119$
   0230                     326 00118$:
                            327 ;../sincoshf.c:88: if (y<EPS)
   0230 21 80 39            328 	ld	hl,#0x3980
   0233 E5                  329 	push	hl
   0234 21 00 00            330 	ld	hl,#0x0000
   0237 E5                  331 	push	hl
   0238 DD 6E FE            332 	ld	l,-2 (ix)
   023B DD 66 FF            333 	ld	h,-1 (ix)
   023E E5                  334 	push	hl
   023F DD 6E FC            335 	ld	l,-4 (ix)
   0242 DD 66 FD            336 	ld	h,-3 (ix)
   0245 E5                  337 	push	hl
   0246 CDr00s00            338 	call	___fslt
   0249 F1                  339 	pop	af
   024A F1                  340 	pop	af
   024B F1                  341 	pop	af
   024C F1                  342 	pop	af
   024D AF                  343 	xor	a,a
   024E B5                  344 	or	a,l
   024F 28 1B               345 	jr	Z,00115$
                            346 ;../sincoshf.c:89: z=x;
   0251 DD 7E 04            347 	ld	a,4 (ix)
   0254 DD 77 F4            348 	ld	-12 (ix),a
   0257 DD 7E 05            349 	ld	a,5 (ix)
   025A DD 77 F5            350 	ld	-11 (ix),a
   025D DD 7E 06            351 	ld	a,6 (ix)
   0260 DD 77 F6            352 	ld	-10 (ix),a
   0263 DD 7E 07            353 	ld	a,7 (ix)
   0266 DD 77 F7            354 	ld	-9 (ix),a
   0269 C3r7As03            355 	jp	00119$
   026C                     356 00115$:
                            357 ;../sincoshf.c:92: z=x*x;
   026C DD 6E 06            358 	ld	l,6 (ix)
   026F DD 66 07            359 	ld	h,7 (ix)
   0272 E5                  360 	push	hl
   0273 DD 6E 04            361 	ld	l,4 (ix)
   0276 DD 66 05            362 	ld	h,5 (ix)
   0279 E5                  363 	push	hl
   027A DD 6E 06            364 	ld	l,6 (ix)
   027D DD 66 07            365 	ld	h,7 (ix)
   0280 E5                  366 	push	hl
   0281 DD 6E 04            367 	ld	l,4 (ix)
   0284 DD 66 05            368 	ld	h,5 (ix)
   0287 E5                  369 	push	hl
   0288 CDr00s00            370 	call	___fsmul
   028B F1                  371 	pop	af
   028C F1                  372 	pop	af
   028D F1                  373 	pop	af
   028E F1                  374 	pop	af
   028F DD 75 F4            375 	ld	-12 (ix), l
   0292 DD 74 F5            376 	ld	-11 (ix), h
   0295 DD 73 F6            377 	ld	-10 (ix),e
   0298 DD 72 F7            378 	ld	-9 (ix),d
                            379 ;../sincoshf.c:93: z=x+x*z*P(z)/Q(z);
   029B DD 6E F6            380 	ld	l,-10 (ix)
   029E DD 66 F7            381 	ld	h,-9 (ix)
   02A1 E5                  382 	push	hl
   02A2 DD 6E F4            383 	ld	l,-12 (ix)
   02A5 DD 66 F5            384 	ld	h,-11 (ix)
   02A8 E5                  385 	push	hl
   02A9 DD 6E 06            386 	ld	l,6 (ix)
   02AC DD 66 07            387 	ld	h,7 (ix)
   02AF E5                  388 	push	hl
   02B0 DD 6E 04            389 	ld	l,4 (ix)
   02B3 DD 66 05            390 	ld	h,5 (ix)
   02B6 E5                  391 	push	hl
   02B7 CDr00s00            392 	call	___fsmul
   02BA F1                  393 	pop	af
   02BB F1                  394 	pop	af
   02BC F1                  395 	pop	af
   02BD F1                  396 	pop	af
   02BE DD 72 F2            397 	ld	-14 (ix),d
   02C1 DD 73 F1            398 	ld	-15 (ix),e
   02C4 DD 74 F0            399 	ld	-16 (ix),h
   02C7 DD 75 EF            400 	ld	-17 (ix),l
   02CA DD 6E F6            401 	ld	l,-10 (ix)
   02CD DD 66 F7            402 	ld	h,-9 (ix)
   02D0 E5                  403 	push	hl
   02D1 DD 6E F4            404 	ld	l,-12 (ix)
   02D4 DD 66 F5            405 	ld	h,-11 (ix)
   02D7 E5                  406 	push	hl
   02D8 21 42 BE            407 	ld	hl,#0xBE42
   02DB E5                  408 	push	hl
   02DC 21 EA E6            409 	ld	hl,#0xE6EA
   02DF E5                  410 	push	hl
   02E0 CDr00s00            411 	call	___fsmul
   02E3 F1                  412 	pop	af
   02E4 F1                  413 	pop	af
   02E5 F1                  414 	pop	af
   02E6 F1                  415 	pop	af
   02E7 44                  416 	ld	b,h
   02E8 4D                  417 	ld	c,l
   02E9 21 E4 C0            418 	ld	hl,#0xC0E4
   02EC E5                  419 	push	hl
   02ED 21 F0 69            420 	ld	hl,#0x69F0
   02F0 E5                  421 	push	hl
   02F1 D5                  422 	push	de
   02F2 C5                  423 	push	bc
   02F3 CDr00s00            424 	call	___fsadd
   02F6 F1                  425 	pop	af
   02F7 F1                  426 	pop	af
   02F8 F1                  427 	pop	af
   02F9 F1                  428 	pop	af
   02FA 44                  429 	ld	b,h
   02FB 4D                  430 	ld	c,l
   02FC D5                  431 	push	de
   02FD C5                  432 	push	bc
   02FE DD 6E F1            433 	ld	l,-15 (ix)
   0301 DD 66 F2            434 	ld	h,-14 (ix)
   0304 E5                  435 	push	hl
   0305 DD 6E EF            436 	ld	l,-17 (ix)
   0308 DD 66 F0            437 	ld	h,-16 (ix)
   030B E5                  438 	push	hl
   030C CDr00s00            439 	call	___fsmul
   030F F1                  440 	pop	af
   0310 F1                  441 	pop	af
   0311 F1                  442 	pop	af
   0312 F1                  443 	pop	af
   0313 DD 72 F2            444 	ld	-14 (ix),d
   0316 DD 73 F1            445 	ld	-15 (ix),e
   0319 DD 74 F0            446 	ld	-16 (ix),h
   031C DD 75 EF            447 	ld	-17 (ix),l
   031F 21 2B C2            448 	ld	hl,#0xC22B
   0322 E5                  449 	push	hl
   0323 21 93 4F            450 	ld	hl,#0x4F93
   0326 E5                  451 	push	hl
   0327 DD 6E F6            452 	ld	l,-10 (ix)
   032A DD 66 F7            453 	ld	h,-9 (ix)
   032D E5                  454 	push	hl
   032E DD 6E F4            455 	ld	l,-12 (ix)
   0331 DD 66 F5            456 	ld	h,-11 (ix)
   0334 E5                  457 	push	hl
   0335 CDr00s00            458 	call	___fsadd
   0338 F1                  459 	pop	af
   0339 F1                  460 	pop	af
   033A F1                  461 	pop	af
   033B F1                  462 	pop	af
   033C 44                  463 	ld	b,h
   033D 4D                  464 	ld	c,l
   033E D5                  465 	push	de
   033F C5                  466 	push	bc
   0340 DD 6E F1            467 	ld	l,-15 (ix)
   0343 DD 66 F2            468 	ld	h,-14 (ix)
   0346 E5                  469 	push	hl
   0347 DD 6E EF            470 	ld	l,-17 (ix)
   034A DD 66 F0            471 	ld	h,-16 (ix)
   034D E5                  472 	push	hl
   034E CDr00s00            473 	call	___fsdiv
   0351 F1                  474 	pop	af
   0352 F1                  475 	pop	af
   0353 F1                  476 	pop	af
   0354 F1                  477 	pop	af
   0355 44                  478 	ld	b,h
   0356 4D                  479 	ld	c,l
   0357 D5                  480 	push	de
   0358 C5                  481 	push	bc
   0359 DD 6E 06            482 	ld	l,6 (ix)
   035C DD 66 07            483 	ld	h,7 (ix)
   035F E5                  484 	push	hl
   0360 DD 6E 04            485 	ld	l,4 (ix)
   0363 DD 66 05            486 	ld	h,5 (ix)
   0366 E5                  487 	push	hl
   0367 CDr00s00            488 	call	___fsadd
   036A F1                  489 	pop	af
   036B F1                  490 	pop	af
   036C F1                  491 	pop	af
   036D F1                  492 	pop	af
   036E DD 75 F4            493 	ld	-12 (ix), l
   0371 DD 74 F5            494 	ld	-11 (ix), h
   0374 DD 73 F6            495 	ld	-10 (ix),e
   0377 DD 72 F7            496 	ld	-9 (ix),d
   037A                     497 00119$:
                            498 ;../sincoshf.c:96: return z;
   037A DD 6E F4            499 	ld	l,-12 (ix)
   037D DD 66 F5            500 	ld	h,-11 (ix)
   0380 DD 5E F6            501 	ld	e,-10 (ix)
   0383 DD 56 F7            502 	ld	d,-9 (ix)
   0386 DD F9               503 	ld	sp,ix
   0388 DD E1               504 	pop	ix
   038A C9                  505 	ret
   038B                     506 _sincoshf_end::
                            507 	.area _CODE
                            508 	.area _CABS
