                              1 ;--------------------------------------------------------
                              2 ; File Created by SDCC : free open source ANSI-C Compiler
                              3 ; Version 3.0.1 #6227 (Oct  2 2015) (Linux)
                              4 ; This file was generated Fri Oct  2 17:18:17 2015
                              5 ;--------------------------------------------------------
                              6 	.module sinf
                              7 	.optsdcc -mz80
                              8 	
                              9 ;--------------------------------------------------------
                             10 ; Public variables in this module
                             11 ;--------------------------------------------------------
                             12 	.globl _sinf
                             13 ;--------------------------------------------------------
                             14 ; special function registers
                             15 ;--------------------------------------------------------
                             16 ;--------------------------------------------------------
                             17 ;  ram data
                             18 ;--------------------------------------------------------
                             19 	.area _DATA
                             20 ;--------------------------------------------------------
                             21 ; overlayable items in  ram 
                             22 ;--------------------------------------------------------
                             23 	.area _OVERLAY
                             24 ;--------------------------------------------------------
                             25 ; external initialized ram data
                             26 ;--------------------------------------------------------
                             27 ;--------------------------------------------------------
                             28 ; global & static initialisations
                             29 ;--------------------------------------------------------
                             30 	.area _HOME
                             31 	.area _GSINIT
                             32 	.area _GSFINAL
                             33 	.area _GSINIT
                             34 ;--------------------------------------------------------
                             35 ; Home
                             36 ;--------------------------------------------------------
                             37 	.area _HOME
                             38 	.area _HOME
                             39 ;--------------------------------------------------------
                             40 ; code
                             41 ;--------------------------------------------------------
                             42 	.area _CODE
                             43 ;../sinf.c:36: float sinf(const float x) _FLOAT_FUNC_REENTRANT
                             44 ;	---------------------------------
                             45 ; Function sinf
                             46 ; ---------------------------------
   0000                      47 _sinf_start::
   0000                      48 _sinf:
   0000 DD E5                49 	push	ix
   0002 DD 21 00 00          50 	ld	ix,#0
   0006 DD 39                51 	add	ix,sp
                             52 ;../sinf.c:38: if (x==0.0) return 0.0;
   0008 DD 7E 04             53 	ld	a,4 (ix)
   000B DD B6 05             54 	or	a,5 (ix)
   000E DD B6 06             55 	or	a,6 (ix)
   0011 DD B6 07             56 	or	a,7 (ix)
   0014 20 07                57 	jr	NZ,00102$
   0016 21 00 00             58 	ld	hl,#0x0000
   0019 5D                   59 	ld	e,l
   001A 54                   60 	ld	d,h
   001B 18 18                61 	jr	00103$
   001D                      62 00102$:
                             63 ;../sinf.c:39: return sincosf(x, 0);
   001D 3E 00                64 	ld	a,#0x00
   001F F5                   65 	push	af
   0020 33                   66 	inc	sp
   0021 DD 6E 06             67 	ld	l,6 (ix)
   0024 DD 66 07             68 	ld	h,7 (ix)
   0027 E5                   69 	push	hl
   0028 DD 6E 04             70 	ld	l,4 (ix)
   002B DD 66 05             71 	ld	h,5 (ix)
   002E E5                   72 	push	hl
   002F CDr00s00             73 	call	_sincosf
   0032 F1                   74 	pop	af
   0033 F1                   75 	pop	af
   0034 33                   76 	inc	sp
   0035                      77 00103$:
   0035 DD E1                78 	pop	ix
   0037 C9                   79 	ret
   0038                      80 _sinf_end::
                             81 	.area _CODE
                             82 	.area _CABS
