This file contains any messages produced by compilers while
running configure, to aid debugging if configure makes a mistake.

It was created by configure, which was
generated by GNU Autoconf 2.60.  Invocation command line was

  $ ./configure --prefix=/usr/local docdir=${datarootdir}/doc/${PACKAGE} --cache-file=/dev/null --srcdir=.

## --------- ##
## Platform. ##
## --------- ##

hostname = jose-K45VD
uname -m = x86_64
uname -r = 3.13.0-63-generic
uname -s = Linux
uname -v = #103-Ubuntu SMP Fri Aug 14 21:42:59 UTC 2015

/usr/bin/uname -p = unknown
/bin/uname -X     = unknown

/bin/arch              = unknown
/usr/bin/arch -k       = unknown
/usr/convex/getsysinfo = unknown
/usr/bin/hostinfo      = unknown
/bin/machine           = unknown
/usr/bin/oslevel       = unknown
/bin/universe          = unknown

PATH: /home/jose/activator-1.3.5-minimal
PATH: /home/jose/play-2.2.6
PATH: /usr/local/heroku/bin
PATH: /usr/local/sbin
PATH: /usr/local/bin
PATH: /usr/sbin
PATH: /usr/bin
PATH: /sbin
PATH: /bin
PATH: /usr/games
PATH: /usr/local/games
PATH: /usr/lib/jvm/java-8-oracle/bin
PATH: /usr/lib/jvm/java-8-oracle/db/bin
PATH: /usr/lib/jvm/java-8-oracle/jre/bin
PATH: /opt/Xilinx/14.7/ISE_DS/ISE/bin/lin64


## ----------- ##
## Core tests. ##
## ----------- ##

configure:1611: checking for gpasm
configure:1627: found /usr/bin/gpasm
configure:1639: result: gpasm
configure:1649: checking for gplink
configure:1665: found /usr/bin/gplink
configure:1677: result: gplink
configure:1687: checking for gplib
configure:1703: found /usr/bin/gplib
configure:1715: result: gplib
configure:1726: checking for rm
configure:1742: found /bin/rm
configure:1754: result: rm -f
configure:1764: checking for cp
configure:1780: found /bin/cp
configure:1792: result: cp
configure:1802: checking for mv
configure:1818: found /bin/mv
configure:1830: result: mv
configure:1840: checking for ls
configure:1856: found /bin/ls
configure:1868: result: ls
configure:1878: checking for sed
configure:1894: found /bin/sed
configure:1906: result: sed
configure:1914: checking for grep that handles long lines and -e
configure:1988: result: /bin/grep
configure:1993: checking for egrep
configure:2071: result: /bin/grep -E
configure:2078: checking for mkdir
configure:2094: found /bin/mkdir
configure:2106: result: mkdir -p
configure:2116: checking for rmdir
configure:2132: found /bin/rmdir
configure:2144: result: rmdir
configure:2153: checking whether make sets $(MAKE)
configure:2174: result: yes
configure:2324: creating ./config.status

## ---------------------- ##
## Running config.status. ##
## ---------------------- ##

This file was extended by config.status, which was
generated by GNU Autoconf 2.60.  Invocation command line was

  CONFIG_FILES    = 
  CONFIG_HEADERS  = 
  CONFIG_LINKS    = 
  CONFIG_COMMANDS = 
  $ ./config.status 

on jose-K45VD

config.status:568: creating Makefile
config.status:568: creating Makefile.common
config.status:568: creating libdev/Makefile
config.status:568: creating libsdcc/Makefile
config.status:568: creating libm/Makefile

## ---------------- ##
## Cache variables. ##
## ---------------- ##

ac_cv_env_build_alias_set=
ac_cv_env_build_alias_value=
ac_cv_env_host_alias_set=
ac_cv_env_host_alias_value=
ac_cv_env_target_alias_set=
ac_cv_env_target_alias_value=
ac_cv_path_EGREP='/bin/grep -E'
ac_cv_path_GREP=/bin/grep
ac_cv_prog_CP=cp
ac_cv_prog_GPASM=gpasm
ac_cv_prog_GPLIB=gplib
ac_cv_prog_GPLINK=gplink
ac_cv_prog_LS=ls
ac_cv_prog_MKDIR='mkdir -p'
ac_cv_prog_MV=mv
ac_cv_prog_RM='rm -f'
ac_cv_prog_RMDIR=rmdir
ac_cv_prog_SED=sed
ac_cv_prog_make_make_set=yes

## ----------------- ##
## Output variables. ##
## ----------------- ##

CP='cp'
DEFS='-DPACKAGE_NAME=\"\" -DPACKAGE_TARNAME=\"\" -DPACKAGE_VERSION=\"\" -DPACKAGE_STRING=\"\" -DPACKAGE_BUGREPORT=\"\"'
ECHO_C=''
ECHO_N='-n'
ECHO_T=''
EGREP='/bin/grep -E'
GPASM='gpasm'
GPLIB='gplib'
GPLINK='gplink'
GREP='/bin/grep'
LIBOBJS=''
LIBS=''
LS='ls'
LTLIBOBJS=''
MKDIR='mkdir -p'
MV='mv'
PACKAGE_BUGREPORT=''
PACKAGE_NAME=''
PACKAGE_STRING=''
PACKAGE_TARNAME=''
PACKAGE_VERSION=''
PATH_SEPARATOR=':'
RM='rm -f'
RMDIR='rmdir'
SED='sed'
SET_MAKE=''
SHELL='/bin/bash'
bindir='${exec_prefix}/bin'
build_alias=''
datadir='${datarootdir}'
datarootdir='${prefix}/share'
docdir='${datarootdir}/doc/${PACKAGE}'
dvidir='${docdir}'
exec_prefix='${prefix}'
host_alias=''
htmldir='${docdir}'
includedir='${prefix}/include'
infodir='${datarootdir}/info'
libdir='${exec_prefix}/lib'
libexecdir='${exec_prefix}/libexec'
localedir='${datarootdir}/locale'
localstatedir='${prefix}/var'
mandir='${datarootdir}/man'
oldincludedir='/usr/include'
pdfdir='${docdir}'
prefix='/usr/local'
program_transform_name='s,x,x,'
psdir='${docdir}'
sbindir='${exec_prefix}/sbin'
sharedstatedir='${prefix}/com'
sysconfdir='${prefix}/etc'
target_alias=''

## ----------- ##
## confdefs.h. ##
## ----------- ##

#define PACKAGE_NAME ""
#define PACKAGE_TARNAME ""
#define PACKAGE_VERSION ""
#define PACKAGE_STRING ""
#define PACKAGE_BUGREPORT ""

configure: exit 0
